#
# There is insufficient memory for the Java Runtime Environment to continue.
# Native memory allocation (malloc) failed to allocate 1059992 bytes. Error detail: Chunk::new
# Possible reasons:
#   The system is out of physical RAM or swap space
#   This process is running with CompressedOops enabled, and the Java Heap may be blocking the growth of the native heap
# Possible solutions:
#   Reduce memory load on the system
#   Increase physical memory or swap space
#   Check if swap backing store is full
#   Decrease Java heap size (-Xmx/-Xms)
#   Decrease number of Java threads
#   Decrease Java thread stack sizes (-Xss)
#   Set larger code cache with -XX:ReservedCodeCacheSize=
#   JVM is running with Zero Based Compressed Oops mode in which the Java heap is
#     placed in the first 32GB address space. The Java Heap base address is the
#     maximum limit for the native heap growth. Please use -XX:HeapBaseMinAddress
#     to set the Java Heap base and to place the Java Heap above 32GB virtual address.
# This output file may be truncated or incomplete.
#
#  Out of Memory Error (arena.cpp:186), pid=7116, tid=34012
#
# JRE version: Java(TM) SE Runtime Environment (25.0.1+8) (build 25.0.1+8-LTS-27)
# Java VM: Java HotSpot(TM) 64-Bit Server VM (25.0.1+8-LTS-27, mixed mode, sharing, tiered, compressed oops, compressed class ptrs, g1 gc, windows-amd64)
# No core dump will be written. Minidumps are not enabled by default on client versions of Windows
#

---------------  S U M M A R Y ------------

Command Line: --module-path=C:\Users\yarde\OneDrive\שולחן העבודה\שיטות\Ex-06_ClientServerGUI_FX\javafx-sdk-25.0.1\lib --add-modules=javafx.controls,javafx.fxml --enable-native-access=javafx.graphics -Dfile.encoding=UTF-8 -Dstdout.encoding=UTF-8 -Dstderr.encoding=UTF-8 -XX:+ShowCodeDetailsInExceptionMessages ServerGUI.ServerUI

Host: 12th Gen Intel(R) Core(TM) i7-12700H, 20 cores, 15G,  Windows 11 , 64 bit Build 26100 (10.0.26100.7309)
Time: Fri Jan 16 20:36:22 2026 elapsed time: 15.774114 seconds (0d 0h 0m 15s)

---------------  T H R E A D  ---------------

Current thread (0x000001d4e3750080):  JavaThread "C2 CompilerThread0" daemon [_thread_in_native, id=34012, stack(0x00000079cc700000,0x00000079cc800000) (1024K)]


Current CompileTask:
C2:15774 4710       4       com.sun.javafx.image.impl.BaseByteToByteConverter$ByteAnyToSameConverter::doConvert (39 bytes)

Stack: [0x00000079cc700000,0x00000079cc800000]
Native frames: (J=compiled Java code, j=interpreted, Vv=VM code, C=native code)
V  [jvm.dll+0x7a6b59]  (no source info available)
V  [jvm.dll+0x77290d]  (no source info available)
V  [jvm.dll+0x966153]  (no source info available)
V  [jvm.dll+0x968751]  (no source info available)
V  [jvm.dll+0x968e53]  (no source info available)
V  [jvm.dll+0x2fc756]  (no source info available)
V  [jvm.dll+0x111b26]  (no source info available)
V  [jvm.dll+0x111e4e]  (no source info available)
V  [jvm.dll+0x1a0a22]  (no source info available)
V  [jvm.dll+0x3b53c2]  (no source info available)
V  [jvm.dll+0x7ac4ef]  (no source info available)
V  [jvm.dll+0x2c0ac7]  (no source info available)
V  [jvm.dll+0x2bfa8f]  (no source info available)
V  [jvm.dll+0x237b60]  (no source info available)
V  [jvm.dll+0x2cfb56]  (no source info available)
V  [jvm.dll+0x2cddd5]  (no source info available)
V  [jvm.dll+0x48e6d1]  (no source info available)
V  [jvm.dll+0x906a0d]  (no source info available)
V  [jvm.dll+0x7a5135]  (no source info available)
C  [ucrtbase.dll+0x37b0]  (no source info available)
C  [KERNEL32.DLL+0x2e8d7]  (no source info available)
C  [ntdll.dll+0x8c53c]  (no source info available)

Lock stack of current Java thread (top to bottom):


---------------  P R O C E S S  ---------------

Threads class SMR info:
_java_thread_list=0x000001d4f2cf5270, length=22, elements={
0x000001d4c0496380, 0x000001d4e07338d0, 0x000001d4e0736280, 0x000001d4e07399c0,
0x000001d4e073a800, 0x000001d4e0745e80, 0x000001d4e0746640, 0x000001d4e3750080,
0x000001d4e3750890, 0x000001d4e38b0a30, 0x000001d4e81ae550, 0x000001d4e3ac7d10,
0x000001d4e8def780, 0x000001d4e8df1f50, 0x000001d4e96f6340, 0x000001d4e9700330,
0x000001d4e959da10, 0x000001d4f3176ca0, 0x000001d4f31764d0, 0x000001d4f3174d60,
0x000001d4e91ea650, 0x000001d4e917d110
}

Java Threads: ( => current thread )
  0x000001d4c0496380 JavaThread "main"                              [_thread_blocked, id=32716, stack(0x00000079cb800000,0x00000079cb900000) (1024K)]
  0x000001d4e07338d0 JavaThread "Reference Handler"          daemon [_thread_blocked, id=40316, stack(0x00000079cc100000,0x00000079cc200000) (1024K)]
  0x000001d4e0736280 JavaThread "Finalizer"                  daemon [_thread_blocked, id=32424, stack(0x00000079cc200000,0x00000079cc300000) (1024K)]
  0x000001d4e07399c0 JavaThread "Signal Dispatcher"          daemon [_thread_blocked, id=29844, stack(0x00000079cc300000,0x00000079cc400000) (1024K)]
  0x000001d4e073a800 JavaThread "Attach Listener"            daemon [_thread_blocked, id=38824, stack(0x00000079cc400000,0x00000079cc500000) (1024K)]
  0x000001d4e0745e80 JavaThread "Service Thread"             daemon [_thread_blocked, id=5516, stack(0x00000079cc500000,0x00000079cc600000) (1024K)]
  0x000001d4e0746640 JavaThread "Monitor Deflation Thread"   daemon [_thread_blocked, id=24948, stack(0x00000079cc600000,0x00000079cc700000) (1024K)]
=>0x000001d4e3750080 JavaThread "C2 CompilerThread0"         daemon [_thread_in_native, id=34012, stack(0x00000079cc700000,0x00000079cc800000) (1024K)]
  0x000001d4e3750890 JavaThread "C1 CompilerThread0"         daemon [_thread_blocked, id=27664, stack(0x00000079cc800000,0x00000079cc900000) (1024K)]
  0x000001d4e38b0a30 JavaThread "Common-Cleaner"             daemon [_thread_blocked, id=27448, stack(0x00000079cca00000,0x00000079ccb00000) (1024K)]
  0x000001d4e81ae550 JavaThread "Notification Thread"        daemon [_thread_blocked, id=15152, stack(0x00000079cd100000,0x00000079cd200000) (1024K)]
  0x000001d4e3ac7d10 JavaThread "QuantumRenderer-0"          daemon [_thread_blocked, id=38980, stack(0x00000079cd200000,0x00000079cd300000) (1024K)]
  0x000001d4e8def780 JavaThread "InvokeLaterDispatcher"      daemon [_thread_blocked, id=32740, stack(0x00000079ccd00000,0x00000079cce00000) (1024K)]
  0x000001d4e8df1f50 JavaThread "JavaFX Application Thread"         [_thread_in_native, id=39112, stack(0x00000079cce00000,0x00000079ccf00000) (1024K)]
  0x000001d4e96f6340 JavaThread "JavaFX-Launcher"                   [_thread_blocked, id=43468, stack(0x00000079cdc00000,0x00000079cdd00000) (1024K)]
  0x000001d4e9700330 JavaThread "Thread-2"                   daemon [_thread_in_native, id=9088, stack(0x00000079cdb00000,0x00000079cdc00000) (1024K)]
  0x000001d4e959da10 JavaThread "Prism Font Disposer"        daemon [_thread_blocked, id=46760, stack(0x00000079ce400000,0x00000079ce500000) (1024K)]
  0x000001d4f3176ca0 JavaThread "Cleaner-0"                  daemon [_thread_blocked, id=9360, stack(0x00000079ce300000,0x00000079ce400000) (1024K)]
  0x000001d4f31764d0 JavaThread "Thread-4"                          [_thread_in_native, id=51156, stack(0x00000079ce600000,0x00000079ce700000) (1024K)]
  0x000001d4f3174d60 JavaThread "mysql-cj-abandoned-connection-cleanup" daemon [_thread_blocked, id=28572, stack(0x00000079ce200000,0x00000079ce300000) (1024K)]
  0x000001d4e91ea650 JavaThread "HikariPool-1 housekeeper"   daemon [_thread_blocked, id=15332, stack(0x00000079cf100000,0x00000079cf200000) (1024K)]
  0x000001d4e917d110 JavaThread "C1 CompilerThread1"         daemon [_thread_blocked, id=46564, stack(0x00000079cc900000,0x00000079cca00000) (1024K)]
Total: 22

Other Threads:
  0x000001d4e0720a00 VMThread "VM Thread"                           [id=50792, stack(0x00000079cc000000,0x00000079cc100000) (1024K)]
  0x000001d4e05dcec0 WatcherThread "VM Periodic Task Thread"        [id=37220, stack(0x00000079cbf00000,0x00000079cc000000) (1024K)]
  0x000001d4c2a890c0 WorkerThread "GC Thread#0"                     [id=44964, stack(0x00000079cba00000,0x00000079cbb00000) (1024K)]
  0x000001d4e071d640 WorkerThread "GC Thread#1"                     [id=41744, stack(0x00000079cdd00000,0x00000079cde00000) (1024K)]
  0x000001d4e071da90 WorkerThread "GC Thread#2"                     [id=19580, stack(0x00000079cde00000,0x00000079cdf00000) (1024K)]
  0x000001d4e07205b0 WorkerThread "GC Thread#3"                     [id=47680, stack(0x00000079cdf00000,0x00000079ce000000) (1024K)]
  0x000001d4e071dee0 WorkerThread "GC Thread#4"                     [id=8876, stack(0x00000079ce000000,0x00000079ce100000) (1024K)]
  0x000001d4e071fd10 WorkerThread "GC Thread#5"                     [id=41364, stack(0x00000079ce100000,0x00000079ce200000) (1024K)]
  0x000001d4e919d8f0 WorkerThread "GC Thread#6"                     [id=44812, stack(0x00000079ce800000,0x00000079ce900000) (1024K)]
  0x000001d4e919b670 WorkerThread "GC Thread#7"                     [id=39592, stack(0x00000079ce900000,0x00000079cea00000) (1024K)]
  0x000001d4e919a0e0 WorkerThread "GC Thread#8"                     [id=27628, stack(0x00000079cea00000,0x00000079ceb00000) (1024K)]
  0x000001d4e919c7b0 WorkerThread "GC Thread#9"                     [id=15284, stack(0x00000079ceb00000,0x00000079cec00000) (1024K)]
  0x000001d4e919bf10 WorkerThread "GC Thread#10"                    [id=3672, stack(0x00000079cec00000,0x00000079ced00000) (1024K)]
  0x000001d4e0557f50 ConcurrentGCThread "G1 Main Marker"            [id=40072, stack(0x00000079cbb00000,0x00000079cbc00000) (1024K)]
  0x000001d4c2a9cc20 WorkerThread "G1 Conc#0"                       [id=21140, stack(0x00000079cbc00000,0x00000079cbd00000) (1024K)]
  0x000001d4e919a980 WorkerThread "G1 Conc#1"                       [id=5280, stack(0x00000079ced00000,0x00000079cee00000) (1024K)]
  0x000001d4e919dd40 WorkerThread "G1 Conc#2"                       [id=44416, stack(0x00000079cee00000,0x00000079cef00000) (1024K)]
  0x000001d4e919e190 WorkerThread "G1 Conc#3"                       [id=45616, stack(0x00000079cef00000,0x00000079cf000000) (1024K)]
  0x000001d4e05cdba0 ConcurrentGCThread "G1 Refine#0"               [id=43884, stack(0x00000079cbd00000,0x00000079cbe00000) (1024K)]
  0x000001d4e05ce560 ConcurrentGCThread "G1 Service"                [id=39120, stack(0x00000079cbe00000,0x00000079cbf00000) (1024K)]
Total: 20

Threads with active compile tasks:
C2 CompilerThread0  17324 4710       4       com.sun.javafx.image.impl.BaseByteToByteConverter$ByteAnyToSameConverter::doConvert (39 bytes)
Total: 1

VM state: not at safepoint (normal execution)

VM Mutex/Monitor currently owned by a thread: None

Heap address: 0x0000000704400000, size: 4028 MB, Compressed Oops mode: Zero based, Oop shift amount: 3

CDS archive(s) mapped at: [0x0000000096000000-0x0000000096dd0000-0x0000000096dd0000), size 14483456, SharedBaseAddress: 0x0000000096000000, ArchiveRelocationMode: 1.
Compressed class space mapped at: 0x0000000097000000-0x00000000d7000000, reserved size: 1073741824
UseCompressedClassPointers 1, UseCompactObjectHeaders 0
Narrow klass pointer bits 32, Max shift 3
Narrow klass base: 0x0000000096000000, Narrow klass shift: 0
Encoding Range: [0x0000000096000000 - 0x0000000196000000), (4294967296 bytes)
Klass Range:    [0x0000000096010000 - 0x00000000d7000000), (1090453504 bytes)
Klass ID Range:  [65536 - 1090519033) (1090453497)
Protection zone: [0x0000000096000000 - 0x0000000096010000), (65536 bytes)

GC Precious Log:
 CardTable entry size: 512
 Card Set container configuration: InlinePtr #cards 4 size 8 Array Of Cards #cards 16 size 48 Howl #buckets 8 coarsen threshold 3686 Howl Bitmap #cards 512 size 80 coarsen threshold 460 Card regions per heap region 1 cards per card region 4096
 CPUs: 20 total, 20 available
 Memory: 16108M
 Large Page Support: Disabled
 NUMA Support: Disabled
 Compressed Oops: Enabled (Zero based)
 Heap Region Size: 2M
 Heap Min Capacity: 8M
 Heap Initial Capacity: 252M
 Heap Max Capacity: 4028M
 Pre-touch: Disabled
 Parallel Workers: 15
 Concurrent Workers: 4
 Concurrent Refinement Workers: 15
 Periodic GC: Disabled

Heap:
 garbage-first heap   total reserved 4124672K, committed 61440K, used 30811K [0x0000000704400000, 0x0000000800000000)
  region size 2048K, 15 young (30720K), 7 survivors (14336K)

Heap Regions: E=young(eden), S=young(survivor), O=old, HS=humongous(starts), HC=humongous(continues), CS=collection set, F=free, TAMS=top-at-mark-start, PB=parsable bottom
|   0|0x0000000704400000, 0x0000000704400000, 0x0000000704600000|  0%| F|  |TAMS 0x0000000704400000| PB 0x0000000704400000| Untracked |  0
|   1|0x0000000704600000, 0x0000000704800000, 0x0000000704800000|100%|HS|  |TAMS 0x0000000704600000| PB 0x0000000704600000| Complete |  0
|   2|0x0000000704800000, 0x0000000704800000, 0x0000000704a00000|  0%| F|  |TAMS 0x0000000704800000| PB 0x0000000704800000| Untracked |  0
|   3|0x0000000704a00000, 0x0000000704a00000, 0x0000000704c00000|  0%| F|  |TAMS 0x0000000704a00000| PB 0x0000000704a00000| Untracked |  0
|   4|0x0000000704c00000, 0x0000000704c00000, 0x0000000704e00000|  0%| F|  |TAMS 0x0000000704c00000| PB 0x0000000704c00000| Untracked |  0
|   5|0x0000000704e00000, 0x0000000704e00000, 0x0000000705000000|  0%| F|  |TAMS 0x0000000704e00000| PB 0x0000000704e00000| Untracked |  0
|   6|0x0000000705000000, 0x0000000705000000, 0x0000000705200000|  0%| F|  |TAMS 0x0000000705000000| PB 0x0000000705000000| Untracked |  0
|   7|0x0000000705200000, 0x0000000705200000, 0x0000000705400000|  0%| F|  |TAMS 0x0000000705200000| PB 0x0000000705200000| Untracked |  0
|   8|0x0000000705400000, 0x0000000705400000, 0x0000000705600000|  0%| F|  |TAMS 0x0000000705400000| PB 0x0000000705400000| Untracked |  0
|   9|0x0000000705600000, 0x0000000705600000, 0x0000000705800000|  0%| F|  |TAMS 0x0000000705600000| PB 0x0000000705600000| Untracked |  0
|  10|0x0000000705800000, 0x0000000705800000, 0x0000000705a00000|  0%| F|  |TAMS 0x0000000705800000| PB 0x0000000705800000| Untracked |  0
|  11|0x0000000705a00000, 0x0000000705a00000, 0x0000000705c00000|  0%| F|  |TAMS 0x0000000705a00000| PB 0x0000000705a00000| Untracked |  0
|  12|0x0000000705c00000, 0x0000000705c00000, 0x0000000705e00000|  0%| F|  |TAMS 0x0000000705c00000| PB 0x0000000705c00000| Untracked |  0
|  13|0x0000000705e00000, 0x0000000705e00000, 0x0000000706000000|  0%| F|  |TAMS 0x0000000705e00000| PB 0x0000000705e00000| Untracked |  0
|  14|0x0000000706000000, 0x0000000706100000, 0x0000000706200000| 50%| E|  |TAMS 0x0000000706000000| PB 0x0000000706000000| Complete |  0
|  15|0x0000000706200000, 0x0000000706400000, 0x0000000706400000|100%| E|CS|TAMS 0x0000000706200000| PB 0x0000000706200000| Complete |  0
|  16|0x0000000706400000, 0x0000000706600000, 0x0000000706600000|100%| E|CS|TAMS 0x0000000706400000| PB 0x0000000706400000| Complete |  0
|  17|0x0000000706600000, 0x0000000706800000, 0x0000000706800000|100%| E|CS|TAMS 0x0000000706600000| PB 0x0000000706600000| Complete |  0
|  18|0x0000000706800000, 0x0000000706a00000, 0x0000000706a00000|100%| E|CS|TAMS 0x0000000706800000| PB 0x0000000706800000| Complete |  0
|  19|0x0000000706a00000, 0x0000000706c00000, 0x0000000706c00000|100%| E|CS|TAMS 0x0000000706a00000| PB 0x0000000706a00000| Complete |  0
|  20|0x0000000706c00000, 0x0000000706e00000, 0x0000000706e00000|100%| E|CS|TAMS 0x0000000706c00000| PB 0x0000000706c00000| Complete |  0
|  73|0x000000070d600000, 0x000000070d6f1680, 0x000000070d800000| 47%| S|CS|TAMS 0x000000070d600000| PB 0x000000070d600000| Complete |  0
|  74|0x000000070d800000, 0x000000070da00000, 0x000000070da00000|100%| S|CS|TAMS 0x000000070d800000| PB 0x000000070d800000| Complete |  0
|  75|0x000000070da00000, 0x000000070dc00000, 0x000000070dc00000|100%| S|CS|TAMS 0x000000070da00000| PB 0x000000070da00000| Complete |  0
|  76|0x000000070dc00000, 0x000000070de00000, 0x000000070de00000|100%| S|CS|TAMS 0x000000070dc00000| PB 0x000000070dc00000| Complete |  0
|  77|0x000000070de00000, 0x000000070e000000, 0x000000070e000000|100%| S|CS|TAMS 0x000000070de00000| PB 0x000000070de00000| Complete |  0
|  78|0x000000070e000000, 0x000000070e200000, 0x000000070e200000|100%| S|CS|TAMS 0x000000070e000000| PB 0x000000070e000000| Complete |  0
|  79|0x000000070e200000, 0x000000070e400000, 0x000000070e400000|100%| S|CS|TAMS 0x000000070e200000| PB 0x000000070e200000| Complete |  0
| 125|0x0000000713e00000, 0x0000000714000000, 0x0000000714000000|100%| E|CS|TAMS 0x0000000713e00000| PB 0x0000000713e00000| Complete |  0
|2013|0x00000007ffe00000, 0x00000007fff256a0, 0x0000000800000000| 57%| O|Cm|TAMS 0x00000007ffe00000| PB 0x00000007ffe00000| Complete |  0

Card table byte_map: [0x000001d4dbd80000,0x000001d4dc560000] _byte_map_base: 0x000001d4d855e000

Marking Bits: (CMBitMap*) 0x000001d4c2a89700
 Bits: [0x000001d4dc560000, 0x000001d4e0450000)

Polling page: 0x000001d4c0ba0000

Metaspace:
Metaspace        used 24353K, committed 24704K, reserved 1114112K
 class space     used 3128K, committed 3264K, reserved 1048576K

Usage:
  Non-class:     20.73 MB used.
      Class:      3.06 MB used.
       Both:     23.78 MB used.

Virtual space:
  Non-class space:       64.00 MB reserved,      20.94 MB ( 33%) committed,  1 nodes.
      Class space:        1.00 GB reserved,       3.19 MB ( <1%) committed,  1 nodes.
             Both:        1.06 GB reserved,      24.12 MB (  2%) committed. 

Chunk freelists:
   Non-Class:  10.30 MB
       Class:  12.76 MB
        Both:  23.06 MB

MaxMetaspaceSize: unlimited
CompressedClassSpaceSize: 1.00 GB
Initial GC threshold: 21.00 MB
Current GC threshold: 35.25 MB
CDS: on
 - commit_granule_bytes: 65536.
 - commit_granule_words: 8192.
 - virtual_space_node_default_size: 8388608.
 - enlarge_chunks_in_place: 1.
UseCompressedClassPointers 1, UseCompactObjectHeaders 0
Narrow klass pointer bits 32, Max shift 3
Narrow klass base: 0x0000000096000000, Narrow klass shift: 0
Encoding Range: [0x0000000096000000 - 0x0000000196000000), (4294967296 bytes)
Klass Range:    [0x0000000096010000 - 0x00000000d7000000), (1090453504 bytes)
Klass ID Range:  [65536 - 1090519033) (1090453497)
Protection zone: [0x0000000096000000 - 0x0000000096010000), (65536 bytes)


Internal statistics:

num_allocs_failed_limit: 3.
num_arena_births: 286.
num_arena_deaths: 0.
num_vsnodes_births: 2.
num_vsnodes_deaths: 0.
num_space_committed: 386.
num_space_uncommitted: 0.
num_chunks_returned_to_freelist: 3.
num_chunks_taken_from_freelist: 1062.
num_chunk_merges: 3.
num_chunk_splits: 760.
num_chunks_enlarged: 607.
num_inconsistent_stats: 0.

CodeHeap 'non-profiled nmethods': size=119232Kb used=1814Kb max_used=1814Kb free=117417Kb
 bounds [0x000001d4d2f60000, 0x000001d4d31d0000, 0x000001d4da3d0000]
CodeHeap 'profiled nmethods': size=119104Kb used=7863Kb max_used=7863Kb free=111240Kb
 bounds [0x000001d4cb3d0000, 0x000001d4cbb80000, 0x000001d4d2820000]
CodeHeap 'non-nmethods': size=7424Kb used=2340Kb max_used=3490Kb free=5083Kb
 bounds [0x000001d4d2820000, 0x000001d4d2b90000, 0x000001d4d2f60000]
CodeCache: size=245760Kb, used=12017Kb, max_used=13167Kb, free=233740Kb
 total_blobs=5635, nmethods=4731, adapters=803, full_count=0
Compilation: enabled, stopped_count=0, restarted_count=0

Compilation events (20 events):
Event: 14.449 Thread 0x000001d4e3750080 4707       4       jdk.internal.loader.URLClassPath$FileLoader::findResource (17 bytes)
Event: 14.450 Thread 0x000001d4e3750080 nmethod 4707 0x000001d4d3123888 code [0x000001d4d3123980, 0x000001d4d3123a58]
Event: 14.750 Thread 0x000001d4e3750890 4708       1       com.sun.prism.impl.BaseContext::getAssociatedScreen (5 bytes)
Event: 14.750 Thread 0x000001d4e3750890 nmethod 4708 0x000001d4d3123b88 code [0x000001d4d3123c80, 0x000001d4d3123d48]
Event: 14.750 Thread 0x000001d4e3750080 4709       4       java.lang.StrictMath::ceil (10 bytes)
Event: 14.751 Thread 0x000001d4e3750080 nmethod 4709 0x000001d4d3123e88 code [0x000001d4d3123fa0, 0x000001d4d3124088]
Event: 14.751 Thread 0x000001d4e3750080 4710       4       com.sun.javafx.image.impl.BaseByteToByteConverter$ByteAnyToSameConverter::doConvert (39 bytes)
Event: 14.751 Thread 0x000001d4e3750890 4711       3       com.sun.javafx.geom.Rectangle::<init> (10 bytes)
Event: 14.751 Thread 0x000001d4e3750890 nmethod 4711 0x000001d4cbb76308 code [0x000001d4cbb76400, 0x000001d4cbb765b0]
Event: 14.751 Thread 0x000001d4e3750890 4712       3       com.sun.javafx.geom.Rectangle::intersectWith (182 bytes)
Event: 14.752 Thread 0x000001d4e3750890 nmethod 4712 0x000001d4cbb76608 code [0x000001d4cbb76700, 0x000001d4cbb76a48]
Event: 14.760 Thread 0x000001d4e3750890 4714       1       javafx.scene.layout.BorderStroke::getWidths (5 bytes)
Event: 14.760 Thread 0x000001d4e3750890 nmethod 4714 0x000001d4d3124188 code [0x000001d4d3124280, 0x000001d4d3124348]
Event: 14.760 Thread 0x000001d4e3750890 4715       1       javafx.scene.layout.BorderStroke::getTopStyle (5 bytes)
Event: 14.760 Thread 0x000001d4e3750890 nmethod 4715 0x000001d4d3124488 code [0x000001d4d3124580, 0x000001d4d3124648]
Event: 14.760 Thread 0x000001d4e3750890 4716       1       javafx.scene.layout.BorderWidths::isTopAsPercentage (5 bytes)
Event: 14.760 Thread 0x000001d4e3750890 nmethod 4716 0x000001d4d3124788 code [0x000001d4d3124880, 0x000001d4d3124948]
Event: 14.760 Thread 0x000001d4e3750890 4717       1       javafx.scene.layout.BorderStroke::getTopStroke (5 bytes)
Event: 14.760 Thread 0x000001d4e3750890 nmethod 4717 0x000001d4d3124a88 code [0x000001d4d3124b80, 0x000001d4d3124c48]
Event: 15.241 Thread 0x000001d4e3750890 4718       3       javafx.beans.property.BooleanPropertyBase::invalidated (1 bytes)

GC Heap Usage History (4 events):
Event: 1.616 {heap Before GC invocations=0 (full 0):
 garbage-first heap   total reserved 4124672K, committed 260096K, used 48277K [0x0000000704400000, 0x0000000800000000)
  region size 2048K, 24 young (49152K), 0 survivors (0K)
}
Event: 1.621 {heap After GC invocations=1 (full 0):
 garbage-first heap   total reserved 4124672K, committed 260096K, used 6229K [0x0000000704400000, 0x0000000800000000)
  region size 2048K, 3 young (6144K), 3 survivors (6144K)
}
Event: 4.514 {heap Before GC invocations=1 (full 0):
 garbage-first heap   total reserved 4124672K, committed 260096K, used 94293K [0x0000000704400000, 0x0000000800000000)
  region size 2048K, 46 young (94208K), 3 survivors (6144K)
}
Event: 4.521 {heap After GC invocations=2 (full 0):
 garbage-first heap   total reserved 4124672K, committed 260096K, used 16475K [0x0000000704400000, 0x0000000800000000)
  region size 2048K, 7 young (14336K), 7 survivors (14336K)
}

Metaspace Usage History (4 events):
Event: 1.616 {metaspace Before GC invocations=0 (full 0):
 Metaspace       used 7331K, committed 7488K, reserved 1114112K
  class space    used 647K, committed 704K, reserved 1048576K
}
Event: 1.621 {metaspace After GC invocations=1 (full 0):
 Metaspace       used 7331K, committed 7488K, reserved 1114112K
  class space    used 647K, committed 704K, reserved 1048576K
}
Event: 4.514 {metaspace Before GC invocations=1 (full 0):
 Metaspace       used 21227K, committed 21504K, reserved 1114112K
  class space    used 2841K, committed 3008K, reserved 1048576K
}
Event: 4.521 {metaspace After GC invocations=2 (full 0):
 Metaspace       used 21227K, committed 21504K, reserved 1114112K
  class space    used 2841K, committed 3008K, reserved 1048576K
}

Dll operation events (20 events):
Event: 0.436 Loaded shared library C:\Users\yarde\OneDrive\שולחן העבודה\שיטות\Ex-06_ClientServerGUI_FX\javafx-sdk-25.0.1\bin\api-ms-win-crt-math-l1-1-0.dll
Event: 0.440 Loaded shared library C:\Users\yarde\OneDrive\שולחן העבודה\שיטות\Ex-06_ClientServerGUI_FX\javafx-sdk-25.0.1\bin\api-ms-win-crt-multibyte-l1-1-0.dll
Event: 0.443 Loaded shared library C:\Users\yarde\OneDrive\שולחן העבודה\שיטות\Ex-06_ClientServerGUI_FX\javafx-sdk-25.0.1\bin\api-ms-win-crt-private-l1-1-0.dll
Event: 0.446 Loaded shared library C:\Users\yarde\OneDrive\שולחן העבודה\שיטות\Ex-06_ClientServerGUI_FX\javafx-sdk-25.0.1\bin\api-ms-win-crt-process-l1-1-0.dll
Event: 0.450 Loaded shared library C:\Users\yarde\OneDrive\שולחן העבודה\שיטות\Ex-06_ClientServerGUI_FX\javafx-sdk-25.0.1\bin\api-ms-win-crt-runtime-l1-1-0.dll
Event: 0.453 Loaded shared library C:\Users\yarde\OneDrive\שולחן העבודה\שיטות\Ex-06_ClientServerGUI_FX\javafx-sdk-25.0.1\bin\api-ms-win-crt-stdio-l1-1-0.dll
Event: 0.457 Loaded shared library C:\Users\yarde\OneDrive\שולחן העבודה\שיטות\Ex-06_ClientServerGUI_FX\javafx-sdk-25.0.1\bin\api-ms-win-crt-string-l1-1-0.dll
Event: 0.461 Loaded shared library C:\Users\yarde\OneDrive\שולחן העבודה\שיטות\Ex-06_ClientServerGUI_FX\javafx-sdk-25.0.1\bin\api-ms-win-crt-time-l1-1-0.dll
Event: 0.464 Loaded shared library C:\Users\yarde\OneDrive\שולחן העבודה\שיטות\Ex-06_ClientServerGUI_FX\javafx-sdk-25.0.1\bin\api-ms-win-crt-utility-l1-1-0.dll
Event: 0.468 Loaded shared library C:\Users\yarde\OneDrive\שולחן העבודה\שיטות\Ex-06_ClientServerGUI_FX\javafx-sdk-25.0.1\bin\ucrtbase.dll
Event: 0.473 Loaded shared library C:\Users\yarde\OneDrive\שולחן העבודה\שיטות\Ex-06_ClientServerGUI_FX\javafx-sdk-25.0.1\bin\vcruntime140.dll
Event: 0.476 Loaded shared library C:\Users\yarde\OneDrive\שולחן העבודה\שיטות\Ex-06_ClientServerGUI_FX\javafx-sdk-25.0.1\bin\vcruntime140_1.dll
Event: 0.479 Loaded shared library C:\Users\yarde\OneDrive\שולחן העבודה\שיטות\Ex-06_ClientServerGUI_FX\javafx-sdk-25.0.1\bin\msvcp140.dll
Event: 0.483 Loaded shared library C:\Users\yarde\OneDrive\שולחן העבודה\שיטות\Ex-06_ClientServerGUI_FX\javafx-sdk-25.0.1\bin\msvcp140_1.dll
Event: 0.486 Loaded shared library C:\Users\yarde\OneDrive\שולחן העבודה\שיטות\Ex-06_ClientServerGUI_FX\javafx-sdk-25.0.1\bin\msvcp140_2.dll
Event: 0.556 Loaded shared library C:\Users\yarde\OneDrive\שולחן העבודה\שיטות\Ex-06_ClientServerGUI_FX\javafx-sdk-25.0.1\bin\prism_d3d.dll
Event: 0.752 Loaded shared library C:\Users\yarde\OneDrive\שולחן העבודה\שיטות\Ex-06_ClientServerGUI_FX\javafx-sdk-25.0.1\bin\glass.dll
Event: 0.951 Loaded shared library C:\Program Files\Java\jdk-25\bin\jimage.dll
Event: 1.681 Loaded shared library C:\Users\yarde\OneDrive\שולחן העבודה\שיטות\Ex-06_ClientServerGUI_FX\javafx-sdk-25.0.1\bin\javafx_font.dll
Event: 4.391 Loaded shared library C:\Program Files\Java\jdk-25\bin\extnet.dll

Deoptimization events (20 events):
Event: 4.587 Thread 0x000001d4f31764d0 DEOPT PACKING pc=0x000001d4d30edbbc sp=0x00000079ce6fbd40
Event: 4.587 Thread 0x000001d4f31764d0 DEOPT UNPACKING pc=0x000001d4d2940002 sp=0x00000079ce6fbcc8 mode 2
Event: 4.676 Thread 0x000001d4f31764d0 Uncommon trap: trap_request=0xffffffde fr.pc=0x000001d4d2faaf04 relative=0x0000000000000084
Event: 4.676 Thread 0x000001d4f31764d0 Uncommon trap: reason=class_check action=maybe_recompile pc=0x000001d4d2faaf04 method=java.util.HashSet.add(Ljava/lang/Object;)Z @ 8 c2
Event: 4.676 Thread 0x000001d4f31764d0 DEOPT PACKING pc=0x000001d4d2faaf04 sp=0x00000079ce6fd730
Event: 4.676 Thread 0x000001d4f31764d0 DEOPT UNPACKING pc=0x000001d4d2940002 sp=0x00000079ce6fd6c0 mode 2
Event: 4.676 Thread 0x000001d4f31764d0 Uncommon trap: trap_request=0xffffffde fr.pc=0x000001d4d2faaf04 relative=0x0000000000000084
Event: 4.676 Thread 0x000001d4f31764d0 Uncommon trap: reason=class_check action=maybe_recompile pc=0x000001d4d2faaf04 method=java.util.HashSet.add(Ljava/lang/Object;)Z @ 8 c2
Event: 4.676 Thread 0x000001d4f31764d0 DEOPT PACKING pc=0x000001d4d2faaf04 sp=0x00000079ce6fd730
Event: 4.676 Thread 0x000001d4f31764d0 DEOPT UNPACKING pc=0x000001d4d2940002 sp=0x00000079ce6fd6c0 mode 2
Event: 4.681 Thread 0x000001d4f31764d0 Uncommon trap: trap_request=0xffffff45 fr.pc=0x000001d4d30021e0 relative=0x0000000000000060
Event: 4.681 Thread 0x000001d4f31764d0 Uncommon trap: reason=unstable_if action=reinterpret pc=0x000001d4d30021e0 method=java.lang.invoke.VarHandle.checkAccessModeThenIsDirect(Ljava/lang/invoke/VarHandle$AccessDescriptor;)Z @ 4 c2
Event: 4.681 Thread 0x000001d4f31764d0 DEOPT PACKING pc=0x000001d4d30021e0 sp=0x00000079ce6fd890
Event: 4.681 Thread 0x000001d4f31764d0 DEOPT UNPACKING pc=0x000001d4d2940002 sp=0x00000079ce6fd830 mode 2
Event: 4.681 Thread 0x000001d4f31764d0 Uncommon trap: trap_request=0xffffff4c fr.pc=0x000001d4d30b22ec relative=0x000000000000006c
Event: 4.681 Thread 0x000001d4f31764d0 Uncommon trap: reason=speculate_null_assert action=make_not_entrant pc=0x000001d4d30b22ec method=jdk.internal.misc.Unsafe.putIntUnaligned(Ljava/lang/Object;JIZ)V @ 10 c2
Event: 4.681 Thread 0x000001d4f31764d0 DEOPT PACKING pc=0x000001d4d30b22ec sp=0x00000079ce6fd7e0
Event: 4.681 Thread 0x000001d4f31764d0 DEOPT UNPACKING pc=0x000001d4d2940002 sp=0x00000079ce6fd770 mode 2
Event: 14.751 Thread 0x000001d4e3ac7d10 DEOPT PACKING pc=0x000001d4cb9f8c45 sp=0x00000079cd2fd2e0
Event: 14.751 Thread 0x000001d4e3ac7d10 DEOPT UNPACKING pc=0x000001d4d2871702 sp=0x00000079cd2fc780 mode 0

Classes loaded (20 events):
Event: 4.712 Loading class java/time/zone/ZoneOffsetTransitionRule$TimeDefinition
Event: 4.712 Loading class java/time/zone/ZoneOffsetTransitionRule$TimeDefinition done
Event: 4.713 Loading class java/time/zone/ZoneOffsetTransition
Event: 4.713 Loading class java/time/zone/ZoneOffsetTransition done
Event: 4.713 Loading class java/time/Year
Event: 4.713 Loading class java/time/Year done
Event: 4.726 Loading class java/util/concurrent/ScheduledThreadPoolExecutor$ScheduledFutureTask
Event: 4.726 Loading class java/util/concurrent/ScheduledThreadPoolExecutor$ScheduledFutureTask done
Event: 4.728 Loading class java/util/concurrent/ThreadPoolExecutor$CallerRunsPolicy
Event: 4.728 Loading class java/util/concurrent/ThreadPoolExecutor$CallerRunsPolicy done
Event: 4.729 Loading class java/util/concurrent/atomic/AtomicReferenceFieldUpdater
Event: 4.729 Loading class java/util/concurrent/atomic/AtomicReferenceFieldUpdater done
Event: 4.729 Loading class java/util/concurrent/atomic/AtomicReferenceFieldUpdater$AtomicReferenceFieldUpdaterImpl
Event: 4.729 Loading class java/util/concurrent/atomic/AtomicReferenceFieldUpdater$AtomicReferenceFieldUpdaterImpl done
Event: 4.737 Loading class java/time/temporal/TemporalAdjusters
Event: 4.737 Loading class java/time/temporal/TemporalAdjusters done
Event: 4.838 Loading class jdk/internal/event/ThreadSleepEvent
Event: 4.838 Loading class jdk/internal/event/ThreadSleepEvent done
Event: 5.237 Loading class java/net/SocketTimeoutException
Event: 5.237 Loading class java/net/SocketTimeoutException done

Classes unloaded (0 events):
No events

Classes redefined (0 events):
No events

Internal exceptions (20 events):
Event: 3.078 Thread 0x000001d4e3ac7d10 Exception <a 'java/lang/NoSuchMethodError'{0x000000070f0c6f60}: 'java.lang.Object java.lang.invoke.DirectMethodHandle$Holder.invokeStatic(java.lang.Object, long, java.lang.Object)'> (0x000000070f0c6f60) 
thrown [s\open\src\hotspot\share\interpreter\linkResolver.cpp, line 804]
Event: 3.078 Thread 0x000001d4e3ac7d10 Exception <a 'java/lang/NoSuchMethodError'{0x000000070f0cf340}: 'java.lang.Object java.lang.invoke.DirectMethodHandle$Holder.invokeStaticInit(java.lang.Object, long, java.lang.Object)'> (0x000000070f0cf340) 
thrown [s\open\src\hotspot\share\interpreter\linkResolver.cpp, line 804]
Event: 3.078 Thread 0x000001d4e3ac7d10 Exception <a 'java/lang/NoSuchMethodError'{0x000000070f0d7d60}: 'java.lang.Object java.lang.invoke.DirectMethodHandle$Holder.invokeStaticInit(java.lang.Object, long)'> (0x000000070f0d7d60) 
thrown [s\open\src\hotspot\share\interpreter\linkResolver.cpp, line 804]
Event: 3.091 Thread 0x000001d4e3ac7d10 Exception <a 'java/lang/NoSuchMethodError'{0x000000070f17c220}: 'long java.lang.invoke.DirectMethodHandle$Holder.invokeStaticInit(java.lang.Object, long, long, long, long)'> (0x000000070f17c220) 
thrown [s\open\src\hotspot\share\interpreter\linkResolver.cpp, line 804]
Event: 3.091 Thread 0x000001d4e3ac7d10 Exception <a 'java/lang/NoSuchMethodError'{0x000000070f184b90}: 'java.lang.Object java.lang.invoke.DirectMethodHandle$Holder.invokeInterface(java.lang.Object, java.lang.Object, long, long)'> (0x000000070f184b90) 
thrown [s\open\src\hotspot\share\interpreter\linkResolver.cpp, line 804]
Event: 3.092 Thread 0x000001d4e3ac7d10 Exception <a 'java/lang/NoSuchMethodError'{0x000000070f19d168}: 'void java.lang.invoke.DirectMethodHandle$Holder.invokeStaticInit(java.lang.Object, java.lang.Object, long, java.lang.Object)'> (0x000000070f19d168) 
thrown [s\open\src\hotspot\share\interpreter\linkResolver.cpp, line 804]
Event: 3.092 Thread 0x000001d4e3ac7d10 Exception <a 'java/lang/NoSuchMethodError'{0x000000070f1a59a0}: 'long java.lang.invoke.DirectMethodHandle$Holder.invokeStatic(java.lang.Object, long, long)'> (0x000000070f1a59a0) 
thrown [s\open\src\hotspot\share\interpreter\linkResolver.cpp, line 804]
Event: 4.421 Thread 0x000001d4f31764d0 Exception <a 'java/lang/NoSuchMethodError'{0x000000070eaa54b0}: 'java.lang.Object java.lang.invoke.DirectMethodHandle$Holder.invokeVirtual(java.lang.Object, java.lang.Object, java.lang.Object)'> (0x000000070eaa54b0) 
thrown [s\open\src\hotspot\share\interpreter\linkResolver.cpp, line 804]
Event: 4.425 Thread 0x000001d4f31764d0 Exception <a 'java/lang/NoSuchMethodError'{0x000000070eaca5b0}: 'int java.lang.invoke.Invokers$Holder.invokeExact_MT(java.lang.Object, java.lang.Object)'> (0x000000070eaca5b0) 
thrown [s\open\src\hotspot\share\interpreter\linkResolver.cpp, line 804]
Event: 4.425 Thread 0x000001d4f31764d0 Exception <a 'java/lang/NoSuchMethodError'{0x000000070ead2958}: 'void java.lang.invoke.Invokers$Holder.invokeExact_MT(java.lang.Object, int, java.lang.Object)'> (0x000000070ead2958) 
thrown [s\open\src\hotspot\share\interpreter\linkResolver.cpp, line 804]
Event: 4.426 Thread 0x000001d4f31764d0 Exception <a 'java/lang/NoSuchMethodError'{0x000000070eaddb80}: 'long java.lang.invoke.DirectMethodHandle$Holder.invokeSpecial(java.lang.Object, java.lang.Object, java.lang.Object)'> (0x000000070eaddb80) 
thrown [s\open\src\hotspot\share\interpreter\linkResolver.cpp, line 804]
Event: 4.426 Thread 0x000001d4f31764d0 Exception <a 'java/lang/NoSuchMethodError'{0x000000070eae5c00}: 'long java.lang.invoke.DelegatingMethodHandle$Holder.reinvoke_L(java.lang.Object, java.lang.Object)'> (0x000000070eae5c00) 
thrown [s\open\src\hotspot\share\interpreter\linkResolver.cpp, line 804]
Event: 4.427 Thread 0x000001d4f31764d0 Exception <a 'java/lang/NoSuchMethodError'{0x000000070eafdd50}: 'void java.lang.invoke.DelegatingMethodHandle$Holder.reinvoke_L(java.lang.Object, java.lang.Object, long)'> (0x000000070eafdd50) 
thrown [s\open\src\hotspot\share\interpreter\linkResolver.cpp, line 804]
Event: 4.427 Thread 0x000001d4f31764d0 Exception <a 'java/lang/NoSuchMethodError'{0x000000070eb0de38}: 'long java.lang.invoke.Invokers$Holder.invokeExact_MT(java.lang.Object, java.lang.Object, java.lang.Object)'> (0x000000070eb0de38) 
thrown [s\open\src\hotspot\share\interpreter\linkResolver.cpp, line 804]
Event: 4.427 Thread 0x000001d4f31764d0 Exception <a 'java/lang/NoSuchMethodError'{0x000000070eb16030}: 'void java.lang.invoke.Invokers$Holder.invokeExact_MT(java.lang.Object, java.lang.Object, long, java.lang.Object)'> (0x000000070eb16030) 
thrown [s\open\src\hotspot\share\interpreter\linkResolver.cpp, line 804]
Event: 4.428 Thread 0x000001d4f31764d0 Exception <a 'java/lang/NoSuchMethodError'{0x000000070eb294a0}: 'int java.lang.invoke.Invokers$Holder.invokeExact_MT(java.lang.Object, java.lang.Object, java.lang.Object)'> (0x000000070eb294a0) 
thrown [s\open\src\hotspot\share\interpreter\linkResolver.cpp, line 804]
Event: 4.429 Thread 0x000001d4f31764d0 Exception <a 'java/lang/NoSuchMethodError'{0x000000070eb315e8}: 'void java.lang.invoke.Invokers$Holder.invokeExact_MT(java.lang.Object, java.lang.Object, int, java.lang.Object)'> (0x000000070eb315e8) 
thrown [s\open\src\hotspot\share\interpreter\linkResolver.cpp, line 804]
Event: 4.717 Thread 0x000001d4f31764d0 Exception <a 'java/lang/NoSuchMethodError'{0x00000007064e0b50}: 'void java.lang.invoke.DirectMethodHandle$Holder.invokeInterface(java.lang.Object, java.lang.Object, java.lang.Object, java.lang.Object)'> (0x00000007064e0b50) 
thrown [s\open\src\hotspot\share\interpreter\linkResolver.cpp, line 804]
Event: 4.738 Thread 0x000001d4e8df1f50 Exception <a 'java/lang/NoSuchMethodError'{0x0000000713f94238}: 'java.lang.Object java.lang.invoke.DirectMethodHandle$Holder.invokeStatic(java.lang.Object, int, java.lang.Object)'> (0x0000000713f94238) 
thrown [s\open\src\hotspot\share\interpreter\linkResolver.cpp, line 804]
Event: 4.830 Thread 0x000001d4e91ea650 Exception <a 'java/lang/NoSuchMethodError'{0x0000000706575de8}: 'int java.lang.invoke.DirectMethodHandle$Holder.invokeStatic(java.lang.Object, int, java.lang.Object)'> (0x0000000706575de8) 
thrown [s\open\src\hotspot\share\interpreter\linkResolver.cpp, line 804]

VM Operations (20 events):
Event: 2.191 Executing non-safepoint VM operation: HandshakeAllThreads (Deoptimize)
Event: 2.191 Executing non-safepoint VM operation: HandshakeAllThreads (Deoptimize) done
Event: 2.191 Executing non-safepoint VM operation: HandshakeAllThreads (Deoptimize)
Event: 2.191 Executing non-safepoint VM operation: HandshakeAllThreads (Deoptimize) done
Event: 2.337 Executing non-safepoint VM operation: HandshakeAllThreads (Deoptimize)
Event: 2.337 Executing non-safepoint VM operation: HandshakeAllThreads (Deoptimize) done
Event: 4.376 Executing non-safepoint VM operation: HandshakeAllThreads (Deoptimize)
Event: 4.376 Executing non-safepoint VM operation: HandshakeAllThreads (Deoptimize) done
Event: 4.411 Executing non-safepoint VM operation: HandshakeAllThreads (Deoptimize)
Event: 4.411 Executing non-safepoint VM operation: HandshakeAllThreads (Deoptimize) done
Event: 4.514 Executing safepoint VM operation: CollectForMetadataAllocation (Metadata GC Threshold)
Event: 4.521 Executing safepoint VM operation: CollectForMetadataAllocation (Metadata GC Threshold) done
Event: 4.526 Executing safepoint VM operation: G1PauseRemark
Event: 4.527 Executing safepoint VM operation: G1PauseRemark done
Event: 4.528 Executing safepoint VM operation: G1PauseCleanup
Event: 4.531 Executing safepoint VM operation: G1PauseCleanup done
Event: 4.646 Executing non-safepoint VM operation: HandshakeAllThreads (Deoptimize)
Event: 4.646 Executing non-safepoint VM operation: HandshakeAllThreads (Deoptimize) done
Event: 4.674 Executing non-safepoint VM operation: HandshakeAllThreads (Deoptimize)
Event: 4.674 Executing non-safepoint VM operation: HandshakeAllThreads (Deoptimize) done

Memory protections (0 events):
No events

Nmethod flushes (0 events):
No events

Events (20 events):
Event: 2.950 Thread 0x000001d4e917c900 Thread exited: 0x000001d4e917c900
Event: 2.950 Thread 0x000001d4e917b8e0 Thread exited: 0x000001d4e917b8e0
Event: 2.950 Thread 0x000001d4e917d920 Thread exited: 0x000001d4e917d920
Event: 2.964 Thread 0x000001d4e37eeb10 Thread added: 0x000001d4e917d110
Event: 3.059 Thread 0x000001d4e3ac7d10 Thread added: 0x000001d4f3176ca0
Event: 3.392 Thread 0x000001d4e917d110 Thread exited: 0x000001d4e917d110
Event: 4.369 Thread 0x000001d4e8df1f50 Thread added: 0x000001d4f3175d00
Event: 4.376 Thread 0x000001d4e38c93f0 Thread added: 0x000001d4e917d110
Event: 4.395 Thread 0x000001d4f3175d00 Thread added: 0x000001d4f31764d0
Event: 4.395 Thread 0x000001d4f3175d00 Thread exited: 0x000001d4f3175d00
Event: 4.445 Thread 0x000001d4f31764d0 Thread added: 0x000001d4f3174d60
Event: 4.480 Thread 0x000001d4e38c93f0 Thread added: 0x000001d4e917a0b0
Event: 4.727 Thread 0x000001d4f31764d0 Thread added: 0x000001d4e91ea650
Event: 4.831 Thread 0x000001d4e91ea650 Thread added: 0x000001d4e91eb5f0
Event: 5.008 Thread 0x000001d4e917a0b0 Thread exited: 0x000001d4e917a0b0
Event: 5.009 Thread 0x000001d4e917d110 Thread exited: 0x000001d4e917d110
Event: 8.251 Thread 0x000001d4e3911df0 Thread exited: 0x000001d4e3911df0
Event: 9.750 Thread 0x000001d4e38c93f0 Thread exited: 0x000001d4e38c93f0
Event: 9.881 Thread 0x000001d4e91eb5f0 Thread exited: 0x000001d4e91eb5f0
Event: 13.259 Thread 0x000001d4e37eeb10 Thread exited: 0x000001d4e37eeb10


Dynamic libraries:
0x00007ff70c2b0000 - 0x00007ff70c2c0000 	C:\Program Files\Java\jdk-25\bin\javaw.exe
0x00007fff5db00000 - 0x00007fff5dd67000 	C:\WINDOWS\SYSTEM32\ntdll.dll
0x00007fff1dc40000 - 0x00007fff1dc60000 	C:\Program Files\Avast Software\Avast\aswhook.dll
0x00007fff5d280000 - 0x00007fff5d349000 	C:\WINDOWS\System32\KERNEL32.DLL
0x00007fff5af30000 - 0x00007fff5b31f000 	C:\WINDOWS\System32\KERNELBASE.dll
0x00007fff5b330000 - 0x00007fff5b47b000 	C:\WINDOWS\System32\ucrtbase.dll
0x00007fff4d130000 - 0x00007fff4d147000 	C:\Program Files\Java\jdk-25\bin\jli.dll
0x00007fff5c740000 - 0x00007fff5c905000 	C:\WINDOWS\System32\USER32.dll
0x00007fff5ace0000 - 0x00007fff5ad07000 	C:\WINDOWS\System32\win32u.dll
0x00007fff5d510000 - 0x00007fff5d53b000 	C:\WINDOWS\System32\GDI32.dll
0x00007fff5b770000 - 0x00007fff5b89c000 	C:\WINDOWS\System32\gdi32full.dll
0x00007fff5b6c0000 - 0x00007fff5b763000 	C:\WINDOWS\System32\msvcp_win.dll
0x00007fff42b80000 - 0x00007fff42b9e000 	C:\Program Files\Java\jdk-25\bin\VCRUNTIME140.dll
0x00007fff2f740000 - 0x00007fff2f9d3000 	C:\WINDOWS\WinSxS\amd64_microsoft.windows.common-controls_6595b64144ccf1df_6.0.26100.7309_none_3e05feeae336a044\COMCTL32.dll
0x00007fff5b8a0000 - 0x00007fff5b949000 	C:\WINDOWS\System32\msvcrt.dll
0x00007fff5c080000 - 0x00007fff5c0b1000 	C:\WINDOWS\System32\IMM32.DLL
0x00007fff22ba0000 - 0x00007fff22cfc000 	C:\Program Files (x86)\Citrix\ICA Client\ctxapclient64.dll
0x00007fff5c0d0000 - 0x00007fff5c455000 	C:\WINDOWS\System32\combase.dll
0x00007fff5d670000 - 0x00007fff5d788000 	C:\WINDOWS\System32\RPCRT4.dll
0x00007fff4f150000 - 0x00007fff4f15b000 	C:\WINDOWS\SYSTEM32\VERSION.dll
0x00007fff5ab40000 - 0x00007fff5ab6a000 	C:\WINDOWS\SYSTEM32\bcrypt.dll
0x00007fff5b950000 - 0x00007fff5b9f6000 	C:\WINDOWS\System32\sechost.dll
0x00007fff5d980000 - 0x00007fff5da34000 	C:\WINDOWS\System32\ADVAPI32.dll
0x00007fff59b20000 - 0x00007fff59b56000 	C:\WINDOWS\SYSTEM32\ntmarta.dll
0x000001d4c20f0000 - 0x000001d4c2195000 	C:\WINDOWS\System32\bcryptprimitives.dll
0x00007fff50480000 - 0x00007fff5048c000 	C:\Program Files\Java\jdk-25\bin\vcruntime140_1.dll
0x00007fff16580000 - 0x00007fff1660d000 	C:\Program Files\Java\jdk-25\bin\msvcp140.dll
0x00007ffeab660000 - 0x00007ffeac4bf000 	C:\Program Files\Java\jdk-25\bin\server\jvm.dll
0x00007fff5da40000 - 0x00007fff5dab4000 	C:\WINDOWS\System32\WS2_32.dll
0x00007fff5aab0000 - 0x00007fff5ab0e000 	C:\WINDOWS\SYSTEM32\POWRPROF.dll
0x00007fff4d1a0000 - 0x00007fff4d1d5000 	C:\WINDOWS\SYSTEM32\WINMM.dll
0x00007fff5aa90000 - 0x00007fff5aaa4000 	C:\WINDOWS\SYSTEM32\UMPDC.dll
0x00007fff59a00000 - 0x00007fff59a1b000 	C:\WINDOWS\SYSTEM32\kernel.appcore.dll
0x00007fff4ef80000 - 0x00007fff4ef8a000 	C:\Program Files\Java\jdk-25\bin\jimage.dll
0x00007fff58160000 - 0x00007fff583a2000 	C:\WINDOWS\SYSTEM32\DBGHELP.DLL
0x00007fff5c5e0000 - 0x00007fff5c6b6000 	C:\WINDOWS\System32\OLEAUT32.dll
0x00007fff467c0000 - 0x00007fff467fc000 	C:\WINDOWS\SYSTEM32\dbgcore.DLL
0x00007fff42860000 - 0x00007fff4287f000 	C:\Program Files\Java\jdk-25\bin\java.dll
0x00007fff5d7e0000 - 0x00007fff5d977000 	C:\WINDOWS\System32\ole32.dll
0x000001d4c21a0000 - 0x000001d4c28f3000 	C:\WINDOWS\System32\SHELL32.dll
0x000001d4cb260000 - 0x000001d4cb3ca000 	C:\WINDOWS\System32\wintypes.dll
0x00007fff58820000 - 0x00007fff5907e000 	C:\WINDOWS\SYSTEM32\windows.storage.dll
0x00007fff5bf20000 - 0x00007fff5c015000 	C:\WINDOWS\System32\SHCORE.dll
0x00007fff5d600000 - 0x00007fff5d666000 	C:\WINDOWS\System32\shlwapi.dll
0x00007fff5ab70000 - 0x00007fff5ab99000 	C:\WINDOWS\SYSTEM32\profapi.dll
0x00007fff42840000 - 0x00007fff42852000 	C:\Program Files\Java\jdk-25\bin\net.dll
0x00007fff59f70000 - 0x00007fff59fdb000 	C:\WINDOWS\system32\mswsock.dll
0x00007fff42550000 - 0x00007fff42566000 	C:\Program Files\Java\jdk-25\bin\nio.dll
0x00007fff407d0000 - 0x00007fff407e7000 	C:\Program Files\Java\jdk-25\bin\zip.dll
0x000001d4c2920000 - 0x000001d4c2924000 	C:\Users\yarde\OneDrive\שולחן העבודה\שיטות\Ex-06_ClientServerGUI_FX\javafx-sdk-25.0.1\bin\api-ms-win-core-console-l1-1-0.dll
0x000001d4c2930000 - 0x000001d4c2934000 	C:\Users\yarde\OneDrive\שולחן העבודה\שיטות\Ex-06_ClientServerGUI_FX\javafx-sdk-25.0.1\bin\api-ms-win-core-console-l1-2-0.dll
0x000001d4c2940000 - 0x000001d4c2944000 	C:\Users\yarde\OneDrive\שולחן העבודה\שיטות\Ex-06_ClientServerGUI_FX\javafx-sdk-25.0.1\bin\api-ms-win-core-datetime-l1-1-0.dll
0x000001d4c2950000 - 0x000001d4c2954000 	C:\Users\yarde\OneDrive\שולחן העבודה\שיטות\Ex-06_ClientServerGUI_FX\javafx-sdk-25.0.1\bin\api-ms-win-core-debug-l1-1-0.dll
0x000001d4c2960000 - 0x000001d4c2964000 	C:\Users\yarde\OneDrive\שולחן העבודה\שיטות\Ex-06_ClientServerGUI_FX\javafx-sdk-25.0.1\bin\api-ms-win-core-errorhandling-l1-1-0.dll
0x000001d4c2970000 - 0x000001d4c2975000 	C:\Users\yarde\OneDrive\שולחן העבודה\שיטות\Ex-06_ClientServerGUI_FX\javafx-sdk-25.0.1\bin\api-ms-win-core-file-l1-1-0.dll
0x000001d4c2980000 - 0x000001d4c2984000 	C:\Users\yarde\OneDrive\שולחן העבודה\שיטות\Ex-06_ClientServerGUI_FX\javafx-sdk-25.0.1\bin\api-ms-win-core-file-l1-2-0.dll
0x000001d4c2990000 - 0x000001d4c2994000 	C:\Users\yarde\OneDrive\שולחן העבודה\שיטות\Ex-06_ClientServerGUI_FX\javafx-sdk-25.0.1\bin\api-ms-win-core-file-l2-1-0.dll
0x000001d4e3cb0000 - 0x000001d4e3cb4000 	C:\Users\yarde\OneDrive\שולחן העבודה\שיטות\Ex-06_ClientServerGUI_FX\javafx-sdk-25.0.1\bin\api-ms-win-core-handle-l1-1-0.dll
0x000001d4e3cc0000 - 0x000001d4e3cc4000 	C:\Users\yarde\OneDrive\שולחן העבודה\שיטות\Ex-06_ClientServerGUI_FX\javafx-sdk-25.0.1\bin\api-ms-win-core-heap-l1-1-0.dll
0x000001d4e3cd0000 - 0x000001d4e3cd4000 	C:\Users\yarde\OneDrive\שולחן העבודה\שיטות\Ex-06_ClientServerGUI_FX\javafx-sdk-25.0.1\bin\api-ms-win-core-interlocked-l1-1-0.dll
0x000001d4e3ce0000 - 0x000001d4e3ce4000 	C:\Users\yarde\OneDrive\שולחן העבודה\שיטות\Ex-06_ClientServerGUI_FX\javafx-sdk-25.0.1\bin\api-ms-win-core-libraryloader-l1-1-0.dll
0x000001d4e3cf0000 - 0x000001d4e3cf4000 	C:\Users\yarde\OneDrive\שולחן העבודה\שיטות\Ex-06_ClientServerGUI_FX\javafx-sdk-25.0.1\bin\api-ms-win-core-localization-l1-2-0.dll
0x000001d4e3d00000 - 0x000001d4e3d04000 	C:\Users\yarde\OneDrive\שולחן העבודה\שיטות\Ex-06_ClientServerGUI_FX\javafx-sdk-25.0.1\bin\api-ms-win-core-memory-l1-1-0.dll
0x000001d4e3f70000 - 0x000001d4e3f74000 	C:\Users\yarde\OneDrive\שולחן העבודה\שיטות\Ex-06_ClientServerGUI_FX\javafx-sdk-25.0.1\bin\api-ms-win-core-namedpipe-l1-1-0.dll
0x000001d4e3f80000 - 0x000001d4e3f84000 	C:\Users\yarde\OneDrive\שולחן העבודה\שיטות\Ex-06_ClientServerGUI_FX\javafx-sdk-25.0.1\bin\api-ms-win-core-processenvironment-l1-1-0.dll
0x000001d4e3f90000 - 0x000001d4e3f94000 	C:\Users\yarde\OneDrive\שולחן העבודה\שיטות\Ex-06_ClientServerGUI_FX\javafx-sdk-25.0.1\bin\api-ms-win-core-processthreads-l1-1-0.dll
0x000001d4e3fa0000 - 0x000001d4e3fa4000 	C:\Users\yarde\OneDrive\שולחן העבודה\שיטות\Ex-06_ClientServerGUI_FX\javafx-sdk-25.0.1\bin\api-ms-win-core-processthreads-l1-1-1.dll
0x000001d4e3fb0000 - 0x000001d4e3fb4000 	C:\Users\yarde\OneDrive\שולחן העבודה\שיטות\Ex-06_ClientServerGUI_FX\javafx-sdk-25.0.1\bin\api-ms-win-core-profile-l1-1-0.dll
0x000001d4e3e40000 - 0x000001d4e3e44000 	C:\Users\yarde\OneDrive\שולחן העבודה\שיטות\Ex-06_ClientServerGUI_FX\javafx-sdk-25.0.1\bin\api-ms-win-core-rtlsupport-l1-1-0.dll
0x000001d4e3e50000 - 0x000001d4e3e54000 	C:\Users\yarde\OneDrive\שולחן העבודה\שיטות\Ex-06_ClientServerGUI_FX\javafx-sdk-25.0.1\bin\api-ms-win-core-string-l1-1-0.dll
0x000001d4e3e60000 - 0x000001d4e3e64000 	C:\Users\yarde\OneDrive\שולחן העבודה\שיטות\Ex-06_ClientServerGUI_FX\javafx-sdk-25.0.1\bin\api-ms-win-core-synch-l1-1-0.dll
0x000001d4e3e70000 - 0x000001d4e3e74000 	C:\Users\yarde\OneDrive\שולחן העבודה\שיטות\Ex-06_ClientServerGUI_FX\javafx-sdk-25.0.1\bin\api-ms-win-core-synch-l1-2-0.dll
0x000001d4e3e80000 - 0x000001d4e3e84000 	C:\Users\yarde\OneDrive\שולחן העבודה\שיטות\Ex-06_ClientServerGUI_FX\javafx-sdk-25.0.1\bin\api-ms-win-core-sysinfo-l1-1-0.dll
0x000001d4e3e90000 - 0x000001d4e3e94000 	C:\Users\yarde\OneDrive\שולחן העבודה\שיטות\Ex-06_ClientServerGUI_FX\javafx-sdk-25.0.1\bin\api-ms-win-core-timezone-l1-1-0.dll
0x000001d4e3ea0000 - 0x000001d4e3ea4000 	C:\Users\yarde\OneDrive\שולחן העבודה\שיטות\Ex-06_ClientServerGUI_FX\javafx-sdk-25.0.1\bin\api-ms-win-core-util-l1-1-0.dll
0x000001d4e3eb0000 - 0x000001d4e3eb4000 	C:\Users\yarde\OneDrive\שולחן העבודה\שיטות\Ex-06_ClientServerGUI_FX\javafx-sdk-25.0.1\bin\api-ms-win-crt-conio-l1-1-0.dll
0x000001d4e3ec0000 - 0x000001d4e3ec5000 	C:\Users\yarde\OneDrive\שולחן העבודה\שיטות\Ex-06_ClientServerGUI_FX\javafx-sdk-25.0.1\bin\api-ms-win-crt-convert-l1-1-0.dll
0x000001d4e3d10000 - 0x000001d4e3d14000 	C:\Users\yarde\OneDrive\שולחן העבודה\שיטות\Ex-06_ClientServerGUI_FX\javafx-sdk-25.0.1\bin\api-ms-win-crt-environment-l1-1-0.dll
0x000001d4e3d20000 - 0x000001d4e3d24000 	C:\Users\yarde\OneDrive\שולחן העבודה\שיטות\Ex-06_ClientServerGUI_FX\javafx-sdk-25.0.1\bin\api-ms-win-crt-filesystem-l1-1-0.dll
0x000001d4e3d30000 - 0x000001d4e3d34000 	C:\Users\yarde\OneDrive\שולחן העבודה\שיטות\Ex-06_ClientServerGUI_FX\javafx-sdk-25.0.1\bin\api-ms-win-crt-heap-l1-1-0.dll
0x000001d4e3d40000 - 0x000001d4e3d44000 	C:\Users\yarde\OneDrive\שולחן העבודה\שיטות\Ex-06_ClientServerGUI_FX\javafx-sdk-25.0.1\bin\api-ms-win-crt-locale-l1-1-0.dll
0x000001d4e3d50000 - 0x000001d4e3d56000 	C:\Users\yarde\OneDrive\שולחן העבודה\שיטות\Ex-06_ClientServerGUI_FX\javafx-sdk-25.0.1\bin\api-ms-win-crt-math-l1-1-0.dll
0x000001d4e3d60000 - 0x000001d4e3d66000 	C:\Users\yarde\OneDrive\שולחן העבודה\שיטות\Ex-06_ClientServerGUI_FX\javafx-sdk-25.0.1\bin\api-ms-win-crt-multibyte-l1-1-0.dll
0x000001d4e3d70000 - 0x000001d4e3d81000 	C:\Users\yarde\OneDrive\שולחן העבודה\שיטות\Ex-06_ClientServerGUI_FX\javafx-sdk-25.0.1\bin\api-ms-win-crt-private-l1-1-0.dll
0x000001d4e3d90000 - 0x000001d4e3d94000 	C:\Users\yarde\OneDrive\שולחן העבודה\שיטות\Ex-06_ClientServerGUI_FX\javafx-sdk-25.0.1\bin\api-ms-win-crt-process-l1-1-0.dll
0x000001d4e3da0000 - 0x000001d4e3da5000 	C:\Users\yarde\OneDrive\שולחן העבודה\שיטות\Ex-06_ClientServerGUI_FX\javafx-sdk-25.0.1\bin\api-ms-win-crt-runtime-l1-1-0.dll
0x000001d4e3db0000 - 0x000001d4e3db5000 	C:\Users\yarde\OneDrive\שולחן העבודה\שיטות\Ex-06_ClientServerGUI_FX\javafx-sdk-25.0.1\bin\api-ms-win-crt-stdio-l1-1-0.dll
0x000001d4e3dc0000 - 0x000001d4e3dc5000 	C:\Users\yarde\OneDrive\שולחן העבודה\שיטות\Ex-06_ClientServerGUI_FX\javafx-sdk-25.0.1\bin\api-ms-win-crt-string-l1-1-0.dll
0x000001d4e3dd0000 - 0x000001d4e3dd4000 	C:\Users\yarde\OneDrive\שולחן העבודה\שיטות\Ex-06_ClientServerGUI_FX\javafx-sdk-25.0.1\bin\api-ms-win-crt-time-l1-1-0.dll
0x000001d4e3de0000 - 0x000001d4e3de4000 	C:\Users\yarde\OneDrive\שולחן העבודה\שיטות\Ex-06_ClientServerGUI_FX\javafx-sdk-25.0.1\bin\api-ms-win-crt-utility-l1-1-0.dll
0x00007fff0f180000 - 0x00007fff0f291000 	C:\Users\yarde\OneDrive\שולחן העבודה\שיטות\Ex-06_ClientServerGUI_FX\javafx-sdk-25.0.1\bin\ucrtbase.dll
0x00007fff3fd00000 - 0x00007fff3fd1e000 	C:\Users\yarde\OneDrive\שולחן העבודה\שיטות\Ex-06_ClientServerGUI_FX\javafx-sdk-25.0.1\bin\vcruntime140.dll
0x00007fff4ee10000 - 0x00007fff4ee1c000 	C:\Users\yarde\OneDrive\שולחן העבודה\שיטות\Ex-06_ClientServerGUI_FX\javafx-sdk-25.0.1\bin\vcruntime140_1.dll
0x00007fff163e0000 - 0x00007fff1646d000 	C:\Users\yarde\OneDrive\שולחן העבודה\שיטות\Ex-06_ClientServerGUI_FX\javafx-sdk-25.0.1\bin\msvcp140.dll
0x00007fff42c60000 - 0x00007fff42c69000 	C:\Users\yarde\OneDrive\שולחן העבודה\שיטות\Ex-06_ClientServerGUI_FX\javafx-sdk-25.0.1\bin\msvcp140_1.dll
0x00007fff16530000 - 0x00007fff16571000 	C:\Users\yarde\OneDrive\שולחן העבודה\שיטות\Ex-06_ClientServerGUI_FX\javafx-sdk-25.0.1\bin\msvcp140_2.dll
0x00007fff1b8e0000 - 0x00007fff1b910000 	C:\Users\yarde\OneDrive\שולחן העבודה\שיטות\Ex-06_ClientServerGUI_FX\javafx-sdk-25.0.1\bin\prism_d3d.dll
0x00007ffedd840000 - 0x00007ffedd9f3000 	C:\WINDOWS\system32\d3d9.dll
0x00007fff57d50000 - 0x00007fff57d80000 	C:\WINDOWS\SYSTEM32\dwmapi.dll
0x00007fff57b80000 - 0x00007fff57bc4000 	C:\WINDOWS\SYSTEM32\dxcore.dll
0x00007fff57840000 - 0x00007fff578eb000 	C:\WINDOWS\system32\uxtheme.dll
0x00007fff06ce0000 - 0x00007fff06da3000 	C:\WINDOWS\SYSTEM32\d3d9on12.dll
0x00007fff57bd0000 - 0x00007fff57d0b000 	C:\WINDOWS\SYSTEM32\dxgi.dll
0x00007fff20b00000 - 0x00007fff20b23000 	C:\WINDOWS\SYSTEM32\d3d12.dll
0x00007fff5a7c0000 - 0x00007fff5a817000 	C:\WINDOWS\SYSTEM32\cfgmgr32.dll
0x00007ffeab300000 - 0x00007ffeab658000 	C:\WINDOWS\SYSTEM32\D3D12Core.dll
0x00007ffefb9b0000 - 0x00007ffefbab7000 	C:\WINDOWS\System32\DriverStore\FileRepository\iigd_dch.inf_amd64_e7f98e080747a9ea\igd12umd64.dll
0x00007ffeaa3f0000 - 0x00007ffeab2f5000 	C:\WINDOWS\System32\DriverStore\FileRepository\iigd_dch.inf_amd64_e7f98e080747a9ea\igd12um64xel.dll
0x00007fff5b540000 - 0x00007fff5b6b7000 	C:\WINDOWS\System32\CRYPT32.dll
0x00007fff20cc0000 - 0x00007fff20d04000 	C:\WINDOWS\SYSTEM32\ControlLib.dll
0x00007fff5ba00000 - 0x00007fff5be8a000 	C:\WINDOWS\System32\SETUPAPI.dll
0x00007fff5a790000 - 0x00007fff5a7bd000 	C:\WINDOWS\SYSTEM32\DEVOBJ.dll
0x00007fff4ceb0000 - 0x00007fff4cf3b000 	C:\WINDOWS\System32\DriverStore\FileRepository\iigd_dch.inf_amd64_e7f98e080747a9ea\IntelControlLib.dll
0x00007fff5ac50000 - 0x00007fff5acd0000 	C:\WINDOWS\System32\WINTRUST.dll
0x00007fff5a360000 - 0x00007fff5a373000 	C:\WINDOWS\SYSTEM32\MSASN1.dll
0x00007fff54530000 - 0x00007fff54593000 	C:\WINDOWS\SYSTEM32\directxdatabasehelper.dll
0x00007fff4c790000 - 0x00007fff4cbc8000 	C:\WINDOWS\System32\DriverStore\FileRepository\iigd_dch.inf_amd64_e7f98e080747a9ea\igdgmm64.dll
0x00007fff46a40000 - 0x00007fff4a8ed000 	C:\WINDOWS\System32\DriverStore\FileRepository\iigd_dch.inf_amd64_e7f98e080747a9ea\igc64.dll
0x00007ffee8760000 - 0x00007ffee8845000 	C:\WINDOWS\SYSTEM32\D3DSCache.dll
0x00007fff5a020000 - 0x00007fff5a04b000 	C:\WINDOWS\SYSTEM32\USERENV.dll
0x00007ffeaa0f0000 - 0x00007ffeaa3ec000 	C:\WINDOWS\System32\DriverStore\FileRepository\iigd_dch.inf_amd64_e7f98e080747a9ea\igd12dxva64.dll
0x00007fff03270000 - 0x00007fff04453000 	C:\WINDOWS\System32\DriverStore\FileRepository\iigd_dch.inf_amd64_e7f98e080747a9ea\igddxvacommon64.dll
0x00007fff00ee0000 - 0x00007fff02c01000 	C:\WINDOWS\System32\DriverStore\FileRepository\iigd_dch.inf_amd64_e7f98e080747a9ea\media_bin_64.dll
0x00007fff15bd0000 - 0x00007fff15bf7000 	C:\WINDOWS\System32\DriverStore\FileRepository\iigd_dch.inf_amd64_e7f98e080747a9ea\igdinfo64.dll
0x00007fff5a240000 - 0x00007fff5a25b000 	C:\WINDOWS\SYSTEM32\CRYPTSP.dll
0x00007fff59960000 - 0x00007fff5999a000 	C:\WINDOWS\system32\rsaenh.dll
0x00007fff5a230000 - 0x00007fff5a23c000 	C:\WINDOWS\SYSTEM32\CRYPTBASE.dll
0x00007fff086d0000 - 0x00007fff08719000 	C:\Users\yarde\OneDrive\שולחן העבודה\שיטות\Ex-06_ClientServerGUI_FX\javafx-sdk-25.0.1\bin\glass.dll

JVMTI agents: none

dbghelp: loaded successfully - version: 4.0.5 - missing functions: none
symbol engine: initialized successfully - sym options: 0x614 - pdb path: .;C:\Program Files\Java\jdk-25\bin;C:\WINDOWS\SYSTEM32;C:\Program Files\Avast Software\Avast;C:\WINDOWS\WinSxS\amd64_microsoft.windows.common-controls_6595b64144ccf1df_6.0.26100.7309_none_3e05feeae336a044;C:\Program Files (x86)\Citrix\ICA Client;C:\Program Files\Java\jdk-25\bin\server;C:\Users\yarde\OneDrive\שולחן העבודה\שיטות\Ex-06_ClientServerGUI_FX\javafx-sdk-25.0.1\bin;C:\WINDOWS\System32\DriverStore\FileRepository\iigd_dch.inf_amd64_e7f98e080747a9ea;C:\Program Files\Common Files\Microsoft Shared\Ink

VM Arguments:
jvm_args: --module-path=C:\Users\yarde\OneDrive\שולחן העבודה\שיטות\Ex-06_ClientServerGUI_FX\javafx-sdk-25.0.1\lib --add-modules=javafx.controls,javafx.fxml --enable-native-access=javafx.graphics -Dfile.encoding=UTF-8 -Dstdout.encoding=UTF-8 -Dstderr.encoding=UTF-8 -XX:+ShowCodeDetailsInExceptionMessages 
java_command: ServerGUI.ServerUI
java_class_path (initial): C:\Users\yarde\git\Bistro-Project\Assignment2Files\Bistro_server\bin;C:\Users\yarde\git\Bistro-Project\Assignment2Files\DBController\bin;C:\Users\yarde\OneDrive\שולחן העבודה\שיטות\Ex-06_ClientServerGUI_FX\javafx-sdk-25.0.1\lib\javafx.base.jar;C:\Users\yarde\OneDrive\שולחן העבודה\שיטות\Ex-06_ClientServerGUI_FX\javafx-sdk-25.0.1\lib\javafx.controls.jar;C:\Users\yarde\OneDrive\שולחן העבודה\שיטות\Ex-06_ClientServerGUI_FX\javafx-sdk-25.0.1\lib\javafx.fxml.jar;C:\Users\yarde\OneDrive\שולחן העבודה\שיטות\Ex-06_ClientServerGUI_FX\javafx-sdk-25.0.1\lib\javafx.graphics.jar;C:\Users\yarde\OneDrive\שולחן העבודה\שיטות\Ex-06_ClientServerGUI_FX\javafx-sdk-25.0.1\lib\javafx.media.jar;C:\Users\yarde\OneDrive\שולחן העבודה\שיטות\Ex-06_ClientServerGUI_FX\javafx-sdk-25.0.1\lib\javafx.swing.jar;C:\Users\yarde\OneDrive\שולחן העבודה\שיטות\Ex-06_ClientServerGUI_FX\javafx-sdk-25.0.1\lib\javafx.web.jar;C:\Users\yarde\OneDrive\שולחן העבודה\שיטות\Ex-06_ClientServerGUI_FX\javafx-sdk-25.0.1\lib\javafx-swt.jar;C:\Users\yarde\OneDrive\שולחן העבודה\שיטות\Ex-06_ClientServerGUI_FX\javafx-sdk-25.0.1\lib\jdk.jsobject.jar;C:\Users\yarde\OneDrive\שולחן העבודה\שיטות\Ex-06_ClientServerGUI_FX\javafx-sdk-25.0.1\lib\jfx.incubator.input.jar;C:\Users\yarde\OneDrive\שולחן העבודה\שיטות\Ex-06_ClientServerGUI_FX\javafx-sdk-25.0.1\lib\jfx.incubator.richtext.jar;C:\Users\yarde\git\Bistro-Project\Assignment2Files\DBController\lib\mysql-connector-j-9.5.0.jar;C:\Users\yarde\git\Bistro-Project\Assignment2Files\Bistro_Common\bin;C:\Users\yarde\git\Bistro-Project\Assignment2Files\HikariCP-5.1.0.jar;C:\Users\yarde\git\Bistro-Project\Assignment2Files\slf4j-api-2.0.13.jar;C:\Users\yarde\git\Bistro-Project\Assignment2Files\slf4j-simple-2.0.13.jar;C:\Users\yarde\git\Bistro-Project\Assignment2Files\Bistro_Ocsf\bin
Launcher Type: SUN_STANDARD

[Global flags]
     intx CICompilerCount                          = 12                                        {product} {ergonomic}
     uint ConcGCThreads                            = 4                                         {product} {ergonomic}
     uint G1ConcRefinementThreads                  = 15                                        {product} {ergonomic}
   size_t G1HeapRegionSize                         = 2097152                                   {product} {ergonomic}
   size_t InitialHeapSize                          = 264241152                                 {product} {ergonomic}
   size_t MarkStackSize                            = 4194304                                   {product} {ergonomic}
   size_t MarkStackSizeMax                         = 536870912                                 {product} {ergonomic}
   size_t MaxHeapSize                              = 4223664128                                {product} {ergonomic}
   size_t MaxNewSize                               = 2533359616                                {product} {ergonomic}
   size_t MinHeapDeltaBytes                        = 2097152                                   {product} {ergonomic}
   size_t MinHeapSize                              = 8388608                                   {product} {ergonomic}
    uintx NonNMethodCodeHeapSize                   = 7602176                                {pd product} {ergonomic}
    uintx NonProfiledCodeHeapSize                  = 122093568                              {pd product} {ergonomic}
    uintx ProfiledCodeHeapSize                     = 121962496                              {pd product} {ergonomic}
    uintx ReservedCodeCacheSize                    = 251658240                              {pd product} {ergonomic}
     bool SegmentedCodeCache                       = true                                      {product} {ergonomic}
     bool ShowCodeDetailsInExceptionMessages       = true                                   {manageable} {command line}
   size_t SoftMaxHeapSize                          = 4223664128                             {manageable} {ergonomic}
     bool UseCompressedOops                        = true                           {product lp64_product} {ergonomic}
     bool UseG1GC                                  = true                                      {product} {ergonomic}
     bool UseLargePagesIndividualAllocation        = false                                  {pd product} {ergonomic}

Logging:
Log output configuration:
 #0: stdout all=warning uptime,level,tags foldmultilines=false
 #1: stderr all=off uptime,level,tags foldmultilines=false

Release file:
IMPLEMENTOR="Oracle Corporation" 
JAVA_RUNTIME_VERSION="25.0.1+8-LTS-27" 
JAVA_VERSION="25.0.1" 
JAVA_VERSION_DATE="2025-10-21" 
LIBC="default" 
MODULES="java.base java.compiler java.datatransfer java.xml java.prefs java.desktop java.instrument java.logging java.management java.security.sasl java.naming java.rmi java.management.rmi java.net.http java.scripting java.security.jgss java.transaction.xa java.sql java.sql.rowset java.xml.crypto java.se java.smartcardio jdk.accessibility jdk.internal.jvmstat jdk.attach jdk.charsets jdk.internal.opt jdk.zipfs jdk.compiler jdk.crypto.cryptoki jdk.crypto.ec jdk.crypto.mscapi jdk.dynalink jdk.internal.ed jdk.editpad jdk.internal.vm.ci jdk.graal.compiler jdk.graal.compiler.management jdk.hotspot.agent jdk.httpserver jdk.incubator.vector jdk.internal.le jdk.internal.md jdk.jartool jdk.javadoc jdk.jcmd jdk.management jdk.management.agent jdk.jconsole jdk.jdeps jdk.jdwp.agent jdk.jdi jdk.jfr jdk.jlink jdk.jpackage jdk.jshell jdk.jsobject jdk.jstatd jdk.localedata jdk.management.jfr jdk.naming.dns jdk.naming.rmi jdk.net jdk.nio.mapmode jdk.sctp jdk.security.auth jdk.security.jgss jdk.unsupported jdk.unsupported.desktop jdk.xml.dom" 
OS_ARCH="x86_64" 
OS_NAME="Windows" 
SOURCE=".:git:862c85bc42b7 open:git:78770bfaefd2" 

Environment Variables:
JAVA_HOME=C:\Program Files\BellSoft\LibericaJDK-17-Full\
PATH=C:/Users/yarde/.p2/pool/plugins/org.eclipse.justj.openjdk.hotspot.jre.full.win32.x86_64_21.0.6.v20250130-0529/jre/bin/server;C:/Users/yarde/.p2/pool/plugins/org.eclipse.justj.openjdk.hotspot.jre.full.win32.x86_64_21.0.6.v20250130-0529/jre/bin;C:\Program Files\Common Files\Oracle\Java\javapath;C:\Program Files\BellSoft\LibericaJDK-17-Full\bin\;C:\Program Files (x86)\Common Files\Oracle\Java\java8path;C:\Program Files (x86)\Common Files\Oracle\Java\javapath;C:\Windows\system32;C:\Windows;C:\Windows\System32\Wbem;C:\Windows\System32\WindowsPowerShell\v1.0\;C:\Windows\System32\OpenSSH\;C:\Program Files (x86)\NVIDIA Corporation\PhysX\Common;C:\Program Files\NVIDIA Corporation\NVIDIA NvDLISR;C:\WINDOWS\system32;C:\WINDOWS;C:\WINDOWS\System32\Wbem;C:\WINDOWS\System32\WindowsPowerShell\v1.0\;C:\WINDOWS\System32\OpenSSH\;C:\Program Files\Microsoft SQL Server\150\Tools\Binn\;C:\Program Files\Microsoft SQL Server\Client SDK\ODBC\170\Tools\Binn\;C:\Program Files\dotnet\;C:\Program Files (x86)\Windows Kits\10\Windows Performance Toolkit\;C:\Program Files\Git\cmd;C:\Program Files\MySQL\MySQL Shell 8.0\bin\;C:\Users\yarde\AppData\Local\Microsoft\WindowsApps;C:\Users\yarde\AppData\Local\Programs\Microsoft VS Code\bin;C:\Users\yarde\.dotnet\tools;C:\Users\yarde\OneDrive\שולחן העבודה;
USERNAME=yarde
OS=Windows_NT
PROCESSOR_IDENTIFIER=Intel64 Family 6 Model 154 Stepping 3, GenuineIntel
TMP=C:\Users\yarde\AppData\Local\Temp
TEMP=C:\Users\yarde\AppData\Local\Temp




Compilation memory statistics disabled.

Periodic native trim disabled

---------------  S Y S T E M  ---------------

OS:
 Windows 11 , 64 bit Build 26100 (10.0.26100.7309)
OS uptime: 6 days 2:27 hours
Hyper-V role detected

CPU: total 20 (initial active 20) (10 cores per cpu, 2 threads per core) family 6 model 154 stepping 3 microcode 0x41b, cx8, cmov, fxsr, ht, mmx, 3dnowpref, sse, sse2, sse3, ssse3, sse4.1, sse4.2, popcnt, lzcnt, tsc, tscinvbit, avx, avx2, aes, erms, clmul, bmi1, bmi2, adx, sha, fma, vzeroupper, clflush, clflushopt, clwb, hv, serialize, rdtscp, rdpid, fsrm, gfni, f16c, cet_ibt, cet_ss
Processor Information for processor 0
  Max Mhz: 2300, Current Mhz: 1506, Mhz Limit: 2300
Processor Information for processor 1
  Max Mhz: 2300, Current Mhz: 2300, Mhz Limit: 2300
Processor Information for processor 2
  Max Mhz: 2300, Current Mhz: 2300, Mhz Limit: 2300
Processor Information for processor 3
  Max Mhz: 2300, Current Mhz: 2300, Mhz Limit: 2300
Processor Information for processor 4
  Max Mhz: 2300, Current Mhz: 2300, Mhz Limit: 2300
Processor Information for processor 5
  Max Mhz: 2300, Current Mhz: 2300, Mhz Limit: 2300
Processor Information for processor 6
  Max Mhz: 2300, Current Mhz: 1506, Mhz Limit: 2300
Processor Information for processor 7
  Max Mhz: 2300, Current Mhz: 1506, Mhz Limit: 2300
Processor Information for processor 8
  Max Mhz: 2300, Current Mhz: 2300, Mhz Limit: 2300
Processor Information for processor 9
  Max Mhz: 2300, Current Mhz: 2300, Mhz Limit: 2300
Processor Information for processor 10
  Max Mhz: 2300, Current Mhz: 2300, Mhz Limit: 2300
Processor Information for processor 11
  Max Mhz: 2300, Current Mhz: 2300, Mhz Limit: 2300
Processor Information for processor 12
  Max Mhz: 1700, Current Mhz: 1700, Mhz Limit: 1700
Processor Information for processor 13
  Max Mhz: 1700, Current Mhz: 1700, Mhz Limit: 1700
Processor Information for processor 14
  Max Mhz: 1700, Current Mhz: 1500, Mhz Limit: 1700
Processor Information for processor 15
  Max Mhz: 1700, Current Mhz: 1500, Mhz Limit: 1700
Processor Information for processor 16
  Max Mhz: 1700, Current Mhz: 1500, Mhz Limit: 1700
Processor Information for processor 17
  Max Mhz: 1700, Current Mhz: 1700, Mhz Limit: 1700
Processor Information for processor 18
  Max Mhz: 1700, Current Mhz: 1700, Mhz Limit: 1700
Processor Information for processor 19
  Max Mhz: 1700, Current Mhz: 1700, Mhz Limit: 1700

Memory: 4k page, system-wide physical 16108M (1773M free)
TotalPageFile size 65260M (AvailPageFile size 75M)
current process WorkingSet (physical memory assigned to process): 349M, peak: 394M
current process commit charge ("private bytes"): 454M, peak: 623M

vm_info: Java HotSpot(TM) 64-Bit Server VM (25.0.1+8-LTS-27) for windows-amd64 JRE (25.0.1+8-LTS-27), built on 2025-09-25T16:41:16Z with unknown MS VC++:1943

END.
