#
# There is insufficient memory for the Java Runtime Environment to continue.
# Native memory allocation (mmap) failed to map 264241152 bytes. Error detail: G1 virtual space
# Possible reasons:
#   The system is out of physical RAM or swap space
#   This process is running with CompressedOops enabled, and the Java Heap may be blocking the growth of the native heap
# Possible solutions:
#   Reduce memory load on the system
#   Increase physical memory or swap space
#   Check if swap backing store is full
#   Decrease Java heap size (-Xmx/-Xms)
#   Decrease number of Java threads
#   Decrease Java thread stack sizes (-Xss)
#   Set larger code cache with -XX:ReservedCodeCacheSize=
#   JVM is running with Zero Based Compressed Oops mode in which the Java heap is
#     placed in the first 32GB address space. The Java Heap base address is the
#     maximum limit for the native heap growth. Please use -XX:HeapBaseMinAddress
#     to set the Java Heap base and to place the Java Heap above 32GB virtual address.
# This output file may be truncated or incomplete.
#
#  Out of Memory Error (os_windows.cpp:3554), pid=18668, tid=19800
#
# JRE version:  (25.0.1+8) (build )
# Java VM: Java HotSpot(TM) 64-Bit Server VM (25.0.1+8-LTS-27, mixed mode, sharing, tiered, compressed oops, compressed class ptrs, g1 gc, windows-amd64)
# No core dump will be written. Minidumps are not enabled by default on client versions of Windows
#

---------------  S U M M A R Y ------------

Command Line: --module-path=C:\Users\yarde\OneDrive\שולחן העבודה\שיטות\Ex-06_ClientServerGUI_FX\javafx-sdk-25.0.1\lib --add-modules=javafx.controls,javafx.fxml --enable-native-access=javafx.graphics -Dfile.encoding=UTF-8 -Dstdout.encoding=UTF-8 -Dstderr.encoding=UTF-8 -XX:+ShowCodeDetailsInExceptionMessages ServerGUI.ServerUI

Host: 12th Gen Intel(R) Core(TM) i7-12700H, 20 cores, 15G,  Windows 11 , 64 bit Build 26100 (10.0.26100.7309)
Time: Fri Jan 16 20:37:04 2026 elapsed time: 2.026450 seconds (0d 0h 0m 2s)

---------------  T H R E A D  ---------------

Current thread (0x0000020d17e91690):  JavaThread "Unknown thread" [_thread_in_vm, id=19800, stack(0x0000003924800000,0x0000003924900000) (1024K)]

Stack: [0x0000003924800000,0x0000003924900000]
Native frames: (J=compiled Java code, j=interpreted, Vv=VM code, C=native code)
V  [jvm.dll+0x7a6b59]  (no source info available)
V  [jvm.dll+0x77290d]  (no source info available)
V  [jvm.dll+0x966153]  (no source info available)
V  [jvm.dll+0x968751]  (no source info available)
V  [jvm.dll+0x968e53]  (no source info available)
V  [jvm.dll+0x2fc756]  (no source info available)
V  [jvm.dll+0x7a2d85]  (no source info available)
V  [jvm.dll+0x796197]  (no source info available)
V  [jvm.dll+0x3f4698]  (no source info available)
V  [jvm.dll+0x3fc5b6]  (no source info available)
V  [jvm.dll+0x3e8c8e]  (no source info available)
V  [jvm.dll+0x3e8f48]  (no source info available)
V  [jvm.dll+0x3c0045]  (no source info available)
V  [jvm.dll+0x3c0cce]  (no source info available)
V  [jvm.dll+0x92c837]  (no source info available)
V  [jvm.dll+0x458bc2]  (no source info available)
V  [jvm.dll+0x9101e2]  (no source info available)
V  [jvm.dll+0x4f9061]  (no source info available)
V  [jvm.dll+0x4fa8f1]  (no source info available)
C  [jli.dll+0x543e]  (no source info available)
C  [ucrtbase.dll+0x37b0]  (no source info available)
C  [KERNEL32.DLL+0x2e8d7]  (no source info available)
C  [ntdll.dll+0x8c53c]  (no source info available)

Lock stack of current Java thread (top to bottom):


---------------  P R O C E S S  ---------------

Threads class SMR info:
_java_thread_list=0x00007ffeac355308, length=0, elements={
}

Java Threads: ( => current thread )
Total: 0

Other Threads:
  0x0000020d1a5575d0 WorkerThread "GC Thread#0"                     [id=31244, stack(0x0000003924a00000,0x0000003924b00000) (1024K)]
  0x0000020d38033f80 ConcurrentGCThread "G1 Main Marker"            [id=1924, stack(0x0000003924b00000,0x0000003924c00000) (1024K)]
  0x0000020d380349d0 WorkerThread "G1 Conc#0"                       [id=37176, stack(0x0000003924c00000,0x0000003924d00000) (1024K)]

[error occurred during error reporting (printing all threads), id 0xc0000005, EXCEPTION_ACCESS_VIOLATION (0xc0000005) at pc=0x00007ffeaba34c2a]
VM state: not at safepoint (not fully initialized)

VM Mutex/Monitor currently owned by a thread:  ([mutex/lock_event])
[0x00007ffeac3d9668] Heap_lock - owner thread: 0x0000020d17e91690

Heap address: 0x0000000704400000, size: 4028 MB, Compressed Oops mode: Zero based, Oop shift amount: 3

CDS archive(s) mapped at: [0x0000000000000000-0x0000000000000000-0x0000000000000000), size 0, SharedBaseAddress: 0x0000000800000000, ArchiveRelocationMode: 1.
UseCompressedClassPointers 1, UseCompactObjectHeaders 0
Narrow klass pointer bits 32, Max shift 3
Narrow klass base: 0xffffffffffffffff, Narrow klass shift: -1
Encoding Range: [0xffffffffffffffff - 0x000000007fffffff), (2147483648 bytes)
Klass Range:    [0x0000000000000000 - 0x0000000000000000), (0 bytes)
Klass ID Range:  [4294967295 - 0) (1)
No protection zone.

GC Precious Log:
 CardTable entry size: 512
 Card Set container configuration: InlinePtr #cards 4 size 8 Array Of Cards #cards 16 size 48 Howl #buckets 8 coarsen threshold 3686 Howl Bitmap #cards 512 size 80 coarsen threshold 460 Card regions per heap region 1 cards per card region 4096

Heap:
 garbage-first heap   total reserved 4124672K, committed 0K, used 0K [0x0000000704400000, 0x0000000800000000)
  region size 2048K, 0 young (0K), 0 survivors (0K)

Heap Regions: E=young(eden), S=young(survivor), O=old, HS=humongous(starts), HC=humongous(continues), CS=collection set, F=free, TAMS=top-at-mark-start, PB=parsable bottom

Card table byte_map: [0x0000020d33860000,0x0000020d34040000] _byte_map_base: 0x0000020d3003e000

Marking Bits: (CMBitMap*) 0x0000020d1a557c10
 Bits: [0x0000020d34040000, 0x0000020d37f30000)

GC Heap Usage History (0 events):
No events

Metaspace Usage History (0 events):
No events

Dll operation events (1 events):
Event: 0.010 Loaded shared library C:\Program Files\Java\jdk-25\bin\java.dll

Deoptimization events (0 events):
No events

Classes loaded (0 events):
No events

Classes unloaded (0 events):
No events

Classes redefined (0 events):
No events

Internal exceptions (0 events):
No events

VM Operations (0 events):
No events

Memory protections (0 events):
No events

Nmethod flushes (0 events):
No events

Events (0 events):
No events


Dynamic libraries:
0x00007ff70c2b0000 - 0x00007ff70c2c0000 	C:\Program Files\Java\jdk-25\bin\javaw.exe
0x00007fff5db00000 - 0x00007fff5dd67000 	C:\WINDOWS\SYSTEM32\ntdll.dll
0x00007fff1dc40000 - 0x00007fff1dc60000 	C:\Program Files\Avast Software\Avast\aswhook.dll
0x00007fff5d280000 - 0x00007fff5d349000 	C:\WINDOWS\System32\KERNEL32.DLL
0x00007fff5af30000 - 0x00007fff5b31f000 	C:\WINDOWS\System32\KERNELBASE.dll
0x00007fff5b330000 - 0x00007fff5b47b000 	C:\WINDOWS\System32\ucrtbase.dll
0x00007fff55620000 - 0x00007fff55637000 	C:\Program Files\Java\jdk-25\bin\jli.dll
0x00007fff5c740000 - 0x00007fff5c905000 	C:\WINDOWS\System32\USER32.dll
0x00007fff5ace0000 - 0x00007fff5ad07000 	C:\WINDOWS\System32\win32u.dll
0x00007fff5d510000 - 0x00007fff5d53b000 	C:\WINDOWS\System32\GDI32.dll
0x00007fff5b770000 - 0x00007fff5b89c000 	C:\WINDOWS\System32\gdi32full.dll
0x00007fff5b6c0000 - 0x00007fff5b763000 	C:\WINDOWS\System32\msvcp_win.dll
0x00007fff4d130000 - 0x00007fff4d14e000 	C:\Program Files\Java\jdk-25\bin\VCRUNTIME140.dll
0x00007fff2f740000 - 0x00007fff2f9d3000 	C:\WINDOWS\WinSxS\amd64_microsoft.windows.common-controls_6595b64144ccf1df_6.0.26100.7309_none_3e05feeae336a044\COMCTL32.dll
0x00007fff5b8a0000 - 0x00007fff5b949000 	C:\WINDOWS\System32\msvcrt.dll
0x00007fff5c080000 - 0x00007fff5c0b1000 	C:\WINDOWS\System32\IMM32.DLL
0x00007fff22ba0000 - 0x00007fff22cfc000 	C:\Program Files (x86)\Citrix\ICA Client\ctxapclient64.dll
0x00007fff5c0d0000 - 0x00007fff5c455000 	C:\WINDOWS\System32\combase.dll
0x00007fff5d670000 - 0x00007fff5d788000 	C:\WINDOWS\System32\RPCRT4.dll
0x00007fff4f150000 - 0x00007fff4f15b000 	C:\WINDOWS\SYSTEM32\VERSION.dll
0x00007fff5ab40000 - 0x00007fff5ab6a000 	C:\WINDOWS\SYSTEM32\bcrypt.dll
0x00007fff5b950000 - 0x00007fff5b9f6000 	C:\WINDOWS\System32\sechost.dll
0x00007fff5d980000 - 0x00007fff5da34000 	C:\WINDOWS\System32\ADVAPI32.dll
0x00007fff59b20000 - 0x00007fff59b56000 	C:\WINDOWS\SYSTEM32\ntmarta.dll
0x0000020d19bc0000 - 0x0000020d19c65000 	C:\WINDOWS\System32\bcryptprimitives.dll
0x00007fff55610000 - 0x00007fff5561c000 	C:\Program Files\Java\jdk-25\bin\vcruntime140_1.dll
0x00007fff165c0000 - 0x00007fff1664d000 	C:\Program Files\Java\jdk-25\bin\msvcp140.dll
0x00007ffeab660000 - 0x00007ffeac4bf000 	C:\Program Files\Java\jdk-25\bin\server\jvm.dll
0x00007fff5da40000 - 0x00007fff5dab4000 	C:\WINDOWS\System32\WS2_32.dll
0x00007fff5aab0000 - 0x00007fff5ab0e000 	C:\WINDOWS\SYSTEM32\POWRPROF.dll
0x00007fff4d1a0000 - 0x00007fff4d1d5000 	C:\WINDOWS\SYSTEM32\WINMM.dll
0x00007fff5aa90000 - 0x00007fff5aaa4000 	C:\WINDOWS\SYSTEM32\UMPDC.dll
0x00007fff59a00000 - 0x00007fff59a1b000 	C:\WINDOWS\SYSTEM32\kernel.appcore.dll
0x00007fff50480000 - 0x00007fff5048a000 	C:\Program Files\Java\jdk-25\bin\jimage.dll
0x00007fff58160000 - 0x00007fff583a2000 	C:\WINDOWS\SYSTEM32\DBGHELP.DLL
0x00007fff5c5e0000 - 0x00007fff5c6b6000 	C:\WINDOWS\System32\OLEAUT32.dll
0x00007fff467c0000 - 0x00007fff467fc000 	C:\WINDOWS\SYSTEM32\dbgcore.DLL
0x00007fff42b80000 - 0x00007fff42b9f000 	C:\Program Files\Java\jdk-25\bin\java.dll
0x00007fff5d7e0000 - 0x00007fff5d977000 	C:\WINDOWS\System32\ole32.dll
0x0000020d19c70000 - 0x0000020d1a3c3000 	C:\WINDOWS\System32\SHELL32.dll
0x0000020d22d30000 - 0x0000020d22e9a000 	C:\WINDOWS\System32\wintypes.dll

JVMTI agents: none

dbghelp: loaded successfully - version: 4.0.5 - missing functions: none
symbol engine: initialized successfully - sym options: 0x614 - pdb path: .;C:\Program Files\Java\jdk-25\bin;C:\WINDOWS\SYSTEM32;C:\Program Files\Avast Software\Avast;C:\WINDOWS\WinSxS\amd64_microsoft.windows.common-controls_6595b64144ccf1df_6.0.26100.7309_none_3e05feeae336a044;C:\Program Files (x86)\Citrix\ICA Client;C:\Program Files\Java\jdk-25\bin\server

VM Arguments:
jvm_args: --module-path=C:\Users\yarde\OneDrive\שולחן העבודה\שיטות\Ex-06_ClientServerGUI_FX\javafx-sdk-25.0.1\lib --add-modules=javafx.controls,javafx.fxml --enable-native-access=javafx.graphics -Dfile.encoding=UTF-8 -Dstdout.encoding=UTF-8 -Dstderr.encoding=UTF-8 -XX:+ShowCodeDetailsInExceptionMessages 
java_command: ServerGUI.ServerUI
java_class_path (initial): C:\Users\yarde\git\Bistro-Project\Assignment2Files\Bistro_server\bin;C:\Users\yarde\git\Bistro-Project\Assignment2Files\DBController\bin;C:\Users\yarde\OneDrive\שולחן העבודה\שיטות\Ex-06_ClientServerGUI_FX\javafx-sdk-25.0.1\lib\javafx.base.jar;C:\Users\yarde\OneDrive\שולחן העבודה\שיטות\Ex-06_ClientServerGUI_FX\javafx-sdk-25.0.1\lib\javafx.controls.jar;C:\Users\yarde\OneDrive\שולחן העבודה\שיטות\Ex-06_ClientServerGUI_FX\javafx-sdk-25.0.1\lib\javafx.fxml.jar;C:\Users\yarde\OneDrive\שולחן העבודה\שיטות\Ex-06_ClientServerGUI_FX\javafx-sdk-25.0.1\lib\javafx.graphics.jar;C:\Users\yarde\OneDrive\שולחן העבודה\שיטות\Ex-06_ClientServerGUI_FX\javafx-sdk-25.0.1\lib\javafx.media.jar;C:\Users\yarde\OneDrive\שולחן העבודה\שיטות\Ex-06_ClientServerGUI_FX\javafx-sdk-25.0.1\lib\javafx.swing.jar;C:\Users\yarde\OneDrive\שולחן העבודה\שיטות\Ex-06_ClientServerGUI_FX\javafx-sdk-25.0.1\lib\javafx.web.jar;C:\Users\yarde\OneDrive\שולחן העבודה\שיטות\Ex-06_ClientServerGUI_FX\javafx-sdk-25.0.1\lib\javafx-swt.jar;C:\Users\yarde\OneDrive\שולחן העבודה\שיטות\Ex-06_ClientServerGUI_FX\javafx-sdk-25.0.1\lib\jdk.jsobject.jar;C:\Users\yarde\OneDrive\שולחן העבודה\שיטות\Ex-06_ClientServerGUI_FX\javafx-sdk-25.0.1\lib\jfx.incubator.input.jar;C:\Users\yarde\OneDrive\שולחן העבודה\שיטות\Ex-06_ClientServerGUI_FX\javafx-sdk-25.0.1\lib\jfx.incubator.richtext.jar;C:\Users\yarde\git\Bistro-Project\Assignment2Files\DBController\lib\mysql-connector-j-9.5.0.jar;C:\Users\yarde\git\Bistro-Project\Assignment2Files\Bistro_Common\bin;C:\Users\yarde\git\Bistro-Project\Assignment2Files\HikariCP-5.1.0.jar;C:\Users\yarde\git\Bistro-Project\Assignment2Files\slf4j-api-2.0.13.jar;C:\Users\yarde\git\Bistro-Project\Assignment2Files\slf4j-simple-2.0.13.jar;C:\Users\yarde\git\Bistro-Project\Assignment2Files\Bistro_Ocsf\bin
Launcher Type: SUN_STANDARD

[Global flags]
     intx CICompilerCount                          = 12                                        {product} {ergonomic}
     uint ConcGCThreads                            = 4                                         {product} {ergonomic}
     uint G1ConcRefinementThreads                  = 15                                        {product} {ergonomic}
   size_t G1HeapRegionSize                         = 2097152                                   {product} {ergonomic}
   size_t InitialHeapSize                          = 264241152                                 {product} {ergonomic}
   size_t MarkStackSize                            = 4194304                                   {product} {ergonomic}
   size_t MarkStackSizeMax                         = 536870912                                 {product} {ergonomic}
   size_t MaxHeapSize                              = 4223664128                                {product} {ergonomic}
   size_t MinHeapDeltaBytes                        = 2097152                                   {product} {ergonomic}
   size_t MinHeapSize                              = 8388608                                   {product} {ergonomic}
    uintx NonNMethodCodeHeapSize                   = 7602176                                {pd product} {ergonomic}
    uintx NonProfiledCodeHeapSize                  = 122093568                              {pd product} {ergonomic}
    uintx ProfiledCodeHeapSize                     = 121962496                              {pd product} {ergonomic}
    uintx ReservedCodeCacheSize                    = 251658240                              {pd product} {ergonomic}
     bool SegmentedCodeCache                       = true                                      {product} {ergonomic}
     bool ShowCodeDetailsInExceptionMessages       = true                                   {manageable} {command line}
   size_t SoftMaxHeapSize                          = 4223664128                             {manageable} {ergonomic}
     bool UseCompressedOops                        = true                           {product lp64_product} {ergonomic}
     bool UseG1GC                                  = true                                      {product} {ergonomic}
     bool UseLargePagesIndividualAllocation        = false                                  {pd product} {ergonomic}

Logging:
Log output configuration:
 #0: stdout all=warning uptime,level,tags foldmultilines=false
 #1: stderr all=off uptime,level,tags foldmultilines=false

Release file:
<release file has not been read>
Environment Variables:
JAVA_HOME=C:\Program Files\BellSoft\LibericaJDK-17-Full\
PATH=C:/Users/yarde/.p2/pool/plugins/org.eclipse.justj.openjdk.hotspot.jre.full.win32.x86_64_21.0.6.v20250130-0529/jre/bin/server;C:/Users/yarde/.p2/pool/plugins/org.eclipse.justj.openjdk.hotspot.jre.full.win32.x86_64_21.0.6.v20250130-0529/jre/bin;C:\Program Files\Common Files\Oracle\Java\javapath;C:\Program Files\BellSoft\LibericaJDK-17-Full\bin\;C:\Program Files (x86)\Common Files\Oracle\Java\java8path;C:\Program Files (x86)\Common Files\Oracle\Java\javapath;C:\Windows\system32;C:\Windows;C:\Windows\System32\Wbem;C:\Windows\System32\WindowsPowerShell\v1.0\;C:\Windows\System32\OpenSSH\;C:\Program Files (x86)\NVIDIA Corporation\PhysX\Common;C:\Program Files\NVIDIA Corporation\NVIDIA NvDLISR;C:\WINDOWS\system32;C:\WINDOWS;C:\WINDOWS\System32\Wbem;C:\WINDOWS\System32\WindowsPowerShell\v1.0\;C:\WINDOWS\System32\OpenSSH\;C:\Program Files\Microsoft SQL Server\150\Tools\Binn\;C:\Program Files\Microsoft SQL Server\Client SDK\ODBC\170\Tools\Binn\;C:\Program Files\dotnet\;C:\Program Files (x86)\Windows Kits\10\Windows Performance Toolkit\;C:\Program Files\Git\cmd;C:\Program Files\MySQL\MySQL Shell 8.0\bin\;C:\Users\yarde\AppData\Local\Microsoft\WindowsApps;C:\Users\yarde\AppData\Local\Programs\Microsoft VS Code\bin;C:\Users\yarde\.dotnet\tools;C:\Users\yarde\OneDrive\שולחן העבודה;
USERNAME=yarde
OS=Windows_NT
PROCESSOR_IDENTIFIER=Intel64 Family 6 Model 154 Stepping 3, GenuineIntel
TMP=C:\Users\yarde\AppData\Local\Temp
TEMP=C:\Users\yarde\AppData\Local\Temp




Compilation memory statistics disabled.

Periodic native trim disabled

---------------  S Y S T E M  ---------------

OS:
 Windows 11 , 64 bit Build 26100 (10.0.26100.7309)
OS uptime: 6 days 2:27 hours
Hyper-V role detected

CPU: total 20 (initial active 20) (10 cores per cpu, 2 threads per core) family 6 model 154 stepping 3 microcode 0x41b, cx8, cmov, fxsr, ht, mmx, 3dnowpref, sse, sse2, sse3, ssse3, sse4.1, sse4.2, popcnt, lzcnt, tsc, tscinvbit, avx, avx2, aes, erms, clmul, bmi1, bmi2, adx, sha, fma, vzeroupper, clflush, clflushopt, clwb, hv, serialize, rdtscp, rdpid, fsrm, gfni, f16c, cet_ibt, cet_ss
Processor Information for processor 0
  Max Mhz: 2300, Current Mhz: 2300, Mhz Limit: 2300
Processor Information for processor 1
  Max Mhz: 2300, Current Mhz: 2300, Mhz Limit: 2300
Processor Information for processor 2
  Max Mhz: 2300, Current Mhz: 2300, Mhz Limit: 2300
Processor Information for processor 3
  Max Mhz: 2300, Current Mhz: 2300, Mhz Limit: 2300
Processor Information for processor 4
  Max Mhz: 2300, Current Mhz: 2300, Mhz Limit: 2300
Processor Information for processor 5
  Max Mhz: 2300, Current Mhz: 2300, Mhz Limit: 2300
Processor Information for processor 6
  Max Mhz: 2300, Current Mhz: 2300, Mhz Limit: 2300
Processor Information for processor 7
  Max Mhz: 2300, Current Mhz: 2300, Mhz Limit: 2300
Processor Information for processor 8
  Max Mhz: 2300, Current Mhz: 2300, Mhz Limit: 2300
Processor Information for processor 9
  Max Mhz: 2300, Current Mhz: 2300, Mhz Limit: 2300
Processor Information for processor 10
  Max Mhz: 2300, Current Mhz: 2300, Mhz Limit: 2300
Processor Information for processor 11
  Max Mhz: 2300, Current Mhz: 2300, Mhz Limit: 2300
Processor Information for processor 12
  Max Mhz: 1700, Current Mhz: 1500, Mhz Limit: 1700
Processor Information for processor 13
  Max Mhz: 1700, Current Mhz: 1500, Mhz Limit: 1700
Processor Information for processor 14
  Max Mhz: 1700, Current Mhz: 1700, Mhz Limit: 1700
Processor Information for processor 15
  Max Mhz: 1700, Current Mhz: 1700, Mhz Limit: 1700
Processor Information for processor 16
  Max Mhz: 1700, Current Mhz: 1500, Mhz Limit: 1700
Processor Information for processor 17
  Max Mhz: 1700, Current Mhz: 1700, Mhz Limit: 1700
Processor Information for processor 18
  Max Mhz: 1700, Current Mhz: 1500, Mhz Limit: 1700
Processor Information for processor 19
  Max Mhz: 1700, Current Mhz: 1700, Mhz Limit: 1700

Memory: 4k page, system-wide physical 16108M (1554M free)
TotalPageFile size 65260M (AvailPageFile size 236M)
current process WorkingSet (physical memory assigned to process): 16M, peak: 16M
current process commit charge ("private bytes"): 78M, peak: 329M

vm_info: Java HotSpot(TM) 64-Bit Server VM (25.0.1+8-LTS-27) for windows-amd64 JRE (25.0.1+8-LTS-27), built on 2025-09-25T16:41:16Z with unknown MS VC++:1943

END.
