#
# There is insufficient memory for the Java Runtime Environment to continue.
# Native memory allocation (malloc) failed to allocate 497560 bytes. Error detail: Chunk::new
# Possible reasons:
#   The system is out of physical RAM or swap space
#   This process is running with CompressedOops enabled, and the Java Heap may be blocking the growth of the native heap
# Possible solutions:
#   Reduce memory load on the system
#   Increase physical memory or swap space
#   Check if swap backing store is full
#   Decrease Java heap size (-Xmx/-Xms)
#   Decrease number of Java threads
#   Decrease Java thread stack sizes (-Xss)
#   Set larger code cache with -XX:ReservedCodeCacheSize=
#   JVM is running with Zero Based Compressed Oops mode in which the Java heap is
#     placed in the first 32GB address space. The Java Heap base address is the
#     maximum limit for the native heap growth. Please use -XX:HeapBaseMinAddress
#     to set the Java Heap base and to place the Java Heap above 32GB virtual address.
# This output file may be truncated or incomplete.
#
#  Out of Memory Error (arena.cpp:186), pid=35916, tid=14472
#
# JRE version: Java(TM) SE Runtime Environment (25.0.1+8) (build 25.0.1+8-LTS-27)
# Java VM: Java HotSpot(TM) 64-Bit Server VM (25.0.1+8-LTS-27, mixed mode, sharing, tiered, compressed oops, compressed class ptrs, g1 gc, windows-amd64)
# No core dump will be written. Minidumps are not enabled by default on client versions of Windows
#

---------------  S U M M A R Y ------------

Command Line: --module-path=C:\Users\yarde\OneDrive\שולחן העבודה\שיטות\Ex-06_ClientServerGUI_FX\javafx-sdk-25.0.1\lib --add-modules=javafx.controls,javafx.fxml --enable-native-access=javafx.graphics -Dfile.encoding=UTF-8 -Dstdout.encoding=UTF-8 -Dstderr.encoding=UTF-8 -XX:+ShowCodeDetailsInExceptionMessages ServerGUI.ServerUI

Host: 12th Gen Intel(R) Core(TM) i7-12700H, 20 cores, 15G,  Windows 11 , 64 bit Build 26100 (10.0.26100.7309)
Time: Fri Jan 16 20:35:56 2026 elapsed time: 12.793631 seconds (0d 0h 0m 12s)

---------------  T H R E A D  ---------------

Current thread (0x000002636f133950):  JavaThread "C2 CompilerThread0" daemon [_thread_in_native, id=14472, stack(0x000000dcbbd00000,0x000000dcbbe00000) (1024K)]


Current CompileTask:
C2:12793 4607       4       com.sun.javafx.geom.transform.Affine3D::updateState (96 bytes)

Stack: [0x000000dcbbd00000,0x000000dcbbe00000]
Native frames: (J=compiled Java code, j=interpreted, Vv=VM code, C=native code)
V  [jvm.dll+0x7a6b59]  (no source info available)
V  [jvm.dll+0x77290d]  (no source info available)
V  [jvm.dll+0x966153]  (no source info available)
V  [jvm.dll+0x968751]  (no source info available)
V  [jvm.dll+0x968e53]  (no source info available)
V  [jvm.dll+0x2fc756]  (no source info available)
V  [jvm.dll+0x111b26]  (no source info available)
V  [jvm.dll+0x111e4e]  (no source info available)
V  [jvm.dll+0x1a0a22]  (no source info available)
V  [jvm.dll+0x3b53c2]  (no source info available)
V  [jvm.dll+0x7ac4ef]  (no source info available)
V  [jvm.dll+0x2c0ac7]  (no source info available)
V  [jvm.dll+0x2bfa8f]  (no source info available)
V  [jvm.dll+0x237b60]  (no source info available)
V  [jvm.dll+0x2cfb56]  (no source info available)
V  [jvm.dll+0x2cddd5]  (no source info available)
V  [jvm.dll+0x48e6d1]  (no source info available)
V  [jvm.dll+0x906a0d]  (no source info available)
V  [jvm.dll+0x7a5135]  (no source info available)
C  [ucrtbase.dll+0x37b0]  (no source info available)
C  [KERNEL32.DLL+0x2e8d7]  (no source info available)
C  [ntdll.dll+0x8c53c]  (no source info available)

Lock stack of current Java thread (top to bottom):


---------------  P R O C E S S  ---------------

Threads class SMR info:
_java_thread_list=0x00000263745a4b10, length=25, elements={
0x000002634bf22380, 0x000002636f11fcf0, 0x000002636f1204b0, 0x000002636f122c30,
0x000002636f1237f0, 0x000002636f126c90, 0x000002636f12e180, 0x000002636f133950,
0x000002636f134d00, 0x000002636f28b450, 0x000002636fcb3fd0, 0x0000026374330140,
0x0000026374333fc0, 0x000002636f161090, 0x00000263747bf7c0, 0x00000263747bff90,
0x0000026374bab430, 0x00000263747c5580, 0x0000026374adae70, 0x0000026374adf4c0,
0x000002637e2f6b90, 0x000002637494c4f0, 0x000002637494acc0, 0x000002637494cd00,
0x000002637494ed40
}

Java Threads: ( => current thread )
  0x000002634bf22380 JavaThread "main"                              [_thread_blocked, id=18496, stack(0x000000dcbae00000,0x000000dcbaf00000) (1024K)]
  0x000002636f11fcf0 JavaThread "Reference Handler"          daemon [_thread_blocked, id=3056, stack(0x000000dcbb700000,0x000000dcbb800000) (1024K)]
  0x000002636f1204b0 JavaThread "Finalizer"                  daemon [_thread_blocked, id=40988, stack(0x000000dcbb800000,0x000000dcbb900000) (1024K)]
  0x000002636f122c30 JavaThread "Signal Dispatcher"          daemon [_thread_blocked, id=2740, stack(0x000000dcbb900000,0x000000dcbba00000) (1024K)]
  0x000002636f1237f0 JavaThread "Attach Listener"            daemon [_thread_blocked, id=11256, stack(0x000000dcbba00000,0x000000dcbbb00000) (1024K)]
  0x000002636f126c90 JavaThread "Service Thread"             daemon [_thread_blocked, id=10132, stack(0x000000dcbbb00000,0x000000dcbbc00000) (1024K)]
  0x000002636f12e180 JavaThread "Monitor Deflation Thread"   daemon [_thread_blocked, id=30284, stack(0x000000dcbbc00000,0x000000dcbbd00000) (1024K)]
=>0x000002636f133950 JavaThread "C2 CompilerThread0"         daemon [_thread_in_native, id=14472, stack(0x000000dcbbd00000,0x000000dcbbe00000) (1024K)]
  0x000002636f134d00 JavaThread "C1 CompilerThread0"         daemon [_thread_blocked, id=3520, stack(0x000000dcbbe00000,0x000000dcbbf00000) (1024K)]
  0x000002636f28b450 JavaThread "Common-Cleaner"             daemon [_thread_blocked, id=42348, stack(0x000000dcbc000000,0x000000dcbc100000) (1024K)]
  0x000002636fcb3fd0 JavaThread "Notification Thread"        daemon [_thread_blocked, id=21364, stack(0x000000dcbc700000,0x000000dcbc800000) (1024K)]
  0x0000026374330140 JavaThread "QuantumRenderer-0"          daemon [_thread_blocked, id=34096, stack(0x000000dcbc500000,0x000000dcbc600000) (1024K)]
  0x0000026374333fc0 JavaThread "InvokeLaterDispatcher"      daemon [_thread_blocked, id=50740, stack(0x000000dcbc300000,0x000000dcbc400000) (1024K)]
  0x000002636f161090 JavaThread "JavaFX Application Thread"         [_thread_in_native, id=40800, stack(0x000000dcbc400000,0x000000dcbc500000) (1024K)]
  0x00000263747bf7c0 JavaThread "JavaFX-Launcher"                   [_thread_blocked, id=6660, stack(0x000000dcbd200000,0x000000dcbd300000) (1024K)]
  0x00000263747bff90 JavaThread "Thread-2"                   daemon [_thread_in_native, id=3252, stack(0x000000dcbd100000,0x000000dcbd200000) (1024K)]
  0x0000026374bab430 JavaThread "Prism Font Disposer"        daemon [_thread_blocked, id=33560, stack(0x000000dcbd700000,0x000000dcbd800000) (1024K)]
  0x00000263747c5580 JavaThread "Cleaner-0"                  daemon [_thread_blocked, id=30432, stack(0x000000dcbd400000,0x000000dcbd500000) (1024K)]
  0x0000026374adae70 JavaThread "Thread-4"                          [_thread_in_native, id=29240, stack(0x000000dcbd600000,0x000000dcbd700000) (1024K)]
  0x0000026374adf4c0 JavaThread "mysql-cj-abandoned-connection-cleanup" daemon [_thread_blocked, id=47212, stack(0x000000dcbd800000,0x000000dcbd900000) (1024K)]
  0x000002637e2f6b90 JavaThread "HikariPool-1 housekeeper"   daemon [_thread_blocked, id=31380, stack(0x000000dcbe800000,0x000000dcbe900000) (1024K)]
  0x000002637494c4f0 JavaThread "C2 CompilerThread1"         daemon [_thread_blocked, id=6484, stack(0x000000dcbbf00000,0x000000dcbc000000) (1024K)]
  0x000002637494acc0 JavaThread "C1 CompilerThread1"         daemon [_thread_blocked, id=15448, stack(0x000000dcbc100000,0x000000dcbc200000) (1024K)]
  0x000002637494cd00 JavaThread "C1 CompilerThread2"         daemon [_thread_blocked, id=38504, stack(0x000000dcbc200000,0x000000dcbc300000) (1024K)]
  0x000002637494ed40 JavaThread "C1 CompilerThread3"         daemon [_thread_blocked, id=11600, stack(0x000000dcbd300000,0x000000dcbd400000) (1024K)]
Total: 25

Other Threads:
  0x000002636f10cf60 VMThread "VM Thread"                           [id=29288, stack(0x000000dcbb600000,0x000000dcbb700000) (1024K)]
  0x000002636bfc2480 WatcherThread "VM Periodic Task Thread"        [id=49504, stack(0x000000dcbb500000,0x000000dcbb600000) (1024K)]
  0x000002634e405800 WorkerThread "GC Thread#0"                     [id=40888, stack(0x000000dcbb000000,0x000000dcbb100000) (1024K)]
  0x000002637ea86c20 WorkerThread "GC Thread#1"                     [id=37760, stack(0x000000dcbd900000,0x000000dcbda00000) (1024K)]
  0x000002637e4c5aa0 WorkerThread "GC Thread#2"                     [id=49552, stack(0x000000dcbda00000,0x000000dcbdb00000) (1024K)]
  0x000002637da27210 WorkerThread "GC Thread#3"                     [id=34680, stack(0x000000dcbdb00000,0x000000dcbdc00000) (1024K)]
  0x0000026374d1e890 WorkerThread "GC Thread#4"                     [id=50320, stack(0x000000dcbdc00000,0x000000dcbdd00000) (1024K)]
  0x000002637e9f7ac0 WorkerThread "GC Thread#5"                     [id=18948, stack(0x000000dcbdd00000,0x000000dcbde00000) (1024K)]
  0x000002637dde69c0 WorkerThread "GC Thread#6"                     [id=21228, stack(0x000000dcbdf00000,0x000000dcbe000000) (1024K)]
  0x000002637dde6e10 WorkerThread "GC Thread#7"                     [id=9076, stack(0x000000dcbe000000,0x000000dcbe100000) (1024K)]
  0x000002637dde94e0 WorkerThread "GC Thread#8"                     [id=37164, stack(0x000000dcbe100000,0x000000dcbe200000) (1024K)]
  0x000002637dde7260 WorkerThread "GC Thread#9"                     [id=7020, stack(0x000000dcbe200000,0x000000dcbe300000) (1024K)]
  0x000002637dde7f50 WorkerThread "GC Thread#10"                    [id=46560, stack(0x000000dcbe300000,0x000000dcbe400000) (1024K)]
  0x000002636bf33570 ConcurrentGCThread "G1 Main Marker"            [id=45964, stack(0x000000dcbb100000,0x000000dcbb200000) (1024K)]
  0x000002634e41c940 WorkerThread "G1 Conc#0"                       [id=19256, stack(0x000000dcbb200000,0x000000dcbb300000) (1024K)]
  0x000002637f084670 WorkerThread "G1 Conc#1"                       [id=37036, stack(0x000000dcbe400000,0x000000dcbe500000) (1024K)]
  0x000002637f080e60 WorkerThread "G1 Conc#2"                       [id=45976, stack(0x000000dcbe500000,0x000000dcbe600000) (1024K)]
  0x000002637f084ac0 WorkerThread "G1 Conc#3"                       [id=39856, stack(0x000000dcbe600000,0x000000dcbe700000) (1024K)]
  0x000002636bfadc70 ConcurrentGCThread "G1 Refine#0"               [id=26696, stack(0x000000dcbb300000,0x000000dcbb400000) (1024K)]
  0x000002636bfae730 ConcurrentGCThread "G1 Service"                [id=30484, stack(0x000000dcbb400000,0x000000dcbb500000) (1024K)]
Total: 20

Threads with active compile tasks:
C2 CompilerThread0  13216 4607       4       com.sun.javafx.geom.transform.Affine3D::updateState (96 bytes)
Total: 1

VM state: not at safepoint (normal execution)

VM Mutex/Monitor currently owned by a thread: None

Heap address: 0x0000000704400000, size: 4028 MB, Compressed Oops mode: Zero based, Oop shift amount: 3

CDS archive(s) mapped at: [0x000000003e000000-0x000000003edd0000-0x000000003edd0000), size 14483456, SharedBaseAddress: 0x000000003e000000, ArchiveRelocationMode: 1.
Compressed class space mapped at: 0x000000003f000000-0x000000007f000000, reserved size: 1073741824
UseCompressedClassPointers 1, UseCompactObjectHeaders 0
Narrow klass pointer bits 32, Max shift 3
Narrow klass base: 0x000000003e000000, Narrow klass shift: 0
Encoding Range: [0x000000003e000000 - 0x000000013e000000), (4294967296 bytes)
Klass Range:    [0x000000003e010000 - 0x000000007f000000), (1090453504 bytes)
Klass ID Range:  [65536 - 1090519033) (1090453497)
Protection zone: [0x000000003e000000 - 0x000000003e010000), (65536 bytes)

GC Precious Log:
 CardTable entry size: 512
 Card Set container configuration: InlinePtr #cards 4 size 8 Array Of Cards #cards 16 size 48 Howl #buckets 8 coarsen threshold 3686 Howl Bitmap #cards 512 size 80 coarsen threshold 460 Card regions per heap region 1 cards per card region 4096
 CPUs: 20 total, 20 available
 Memory: 16108M
 Large Page Support: Disabled
 NUMA Support: Disabled
 Compressed Oops: Enabled (Zero based)
 Heap Region Size: 2M
 Heap Min Capacity: 8M
 Heap Initial Capacity: 252M
 Heap Max Capacity: 4028M
 Pre-touch: Disabled
 Parallel Workers: 15
 Concurrent Workers: 4
 Concurrent Refinement Workers: 15
 Periodic GC: Disabled

Heap:
 garbage-first heap   total reserved 4124672K, committed 61440K, used 29998K [0x0000000704400000, 0x0000000800000000)
  region size 2048K, 15 young (30720K), 7 survivors (14336K)

Heap Regions: E=young(eden), S=young(survivor), O=old, HS=humongous(starts), HC=humongous(continues), CS=collection set, F=free, TAMS=top-at-mark-start, PB=parsable bottom
|   0|0x0000000704400000, 0x0000000704400000, 0x0000000704600000|  0%| F|  |TAMS 0x0000000704400000| PB 0x0000000704400000| Untracked |  0
|   1|0x0000000704600000, 0x0000000704800000, 0x0000000704800000|100%|HS|  |TAMS 0x0000000704600000| PB 0x0000000704600000| Complete |  0
|   2|0x0000000704800000, 0x0000000704800000, 0x0000000704a00000|  0%| F|  |TAMS 0x0000000704800000| PB 0x0000000704800000| Untracked |  0
|   3|0x0000000704a00000, 0x0000000704a00000, 0x0000000704c00000|  0%| F|  |TAMS 0x0000000704a00000| PB 0x0000000704a00000| Untracked |  0
|   4|0x0000000704c00000, 0x0000000704c00000, 0x0000000704e00000|  0%| F|  |TAMS 0x0000000704c00000| PB 0x0000000704c00000| Untracked |  0
|   5|0x0000000704e00000, 0x0000000704e00000, 0x0000000705000000|  0%| F|  |TAMS 0x0000000704e00000| PB 0x0000000704e00000| Untracked |  0
|   6|0x0000000705000000, 0x0000000705000000, 0x0000000705200000|  0%| F|  |TAMS 0x0000000705000000| PB 0x0000000705000000| Untracked |  0
|   7|0x0000000705200000, 0x0000000705200000, 0x0000000705400000|  0%| F|  |TAMS 0x0000000705200000| PB 0x0000000705200000| Untracked |  0
|   8|0x0000000705400000, 0x0000000705400000, 0x0000000705600000|  0%| F|  |TAMS 0x0000000705400000| PB 0x0000000705400000| Untracked |  0
|   9|0x0000000705600000, 0x0000000705600000, 0x0000000705800000|  0%| F|  |TAMS 0x0000000705600000| PB 0x0000000705600000| Untracked |  0
|  10|0x0000000705800000, 0x0000000705800000, 0x0000000705a00000|  0%| F|  |TAMS 0x0000000705800000| PB 0x0000000705800000| Untracked |  0
|  11|0x0000000705a00000, 0x0000000705a00000, 0x0000000705c00000|  0%| F|  |TAMS 0x0000000705a00000| PB 0x0000000705a00000| Untracked |  0
|  12|0x0000000705c00000, 0x0000000705c00000, 0x0000000705e00000|  0%| F|  |TAMS 0x0000000705c00000| PB 0x0000000705c00000| Untracked |  0
|  13|0x0000000705e00000, 0x0000000705e00000, 0x0000000706000000|  0%| F|  |TAMS 0x0000000705e00000| PB 0x0000000705e00000| Untracked |  0
|  14|0x0000000706000000, 0x00000007061d5458, 0x0000000706200000| 91%| E|  |TAMS 0x0000000706000000| PB 0x0000000706000000| Complete |  0
|  15|0x0000000706200000, 0x0000000706400000, 0x0000000706400000|100%| E|CS|TAMS 0x0000000706200000| PB 0x0000000706200000| Complete |  0
|  16|0x0000000706400000, 0x0000000706600000, 0x0000000706600000|100%| E|CS|TAMS 0x0000000706400000| PB 0x0000000706400000| Complete |  0
|  17|0x0000000706600000, 0x0000000706800000, 0x0000000706800000|100%| E|CS|TAMS 0x0000000706600000| PB 0x0000000706600000| Complete |  0
|  18|0x0000000706800000, 0x0000000706a00000, 0x0000000706a00000|100%| E|CS|TAMS 0x0000000706800000| PB 0x0000000706800000| Complete |  0
|  19|0x0000000706a00000, 0x0000000706c00000, 0x0000000706c00000|100%| E|CS|TAMS 0x0000000706a00000| PB 0x0000000706a00000| Complete |  0
|  20|0x0000000706c00000, 0x0000000706e00000, 0x0000000706e00000|100%| E|CS|TAMS 0x0000000706c00000| PB 0x0000000706c00000| Complete |  0
|  73|0x000000070d600000, 0x000000070d626170, 0x000000070d800000|  7%| S|CS|TAMS 0x000000070d600000| PB 0x000000070d600000| Complete |  0
|  74|0x000000070d800000, 0x000000070da00000, 0x000000070da00000|100%| S|CS|TAMS 0x000000070d800000| PB 0x000000070d800000| Complete |  0
|  75|0x000000070da00000, 0x000000070dc00000, 0x000000070dc00000|100%| S|CS|TAMS 0x000000070da00000| PB 0x000000070da00000| Complete |  0
|  76|0x000000070dc00000, 0x000000070de00000, 0x000000070de00000|100%| S|CS|TAMS 0x000000070dc00000| PB 0x000000070dc00000| Complete |  0
|  77|0x000000070de00000, 0x000000070e000000, 0x000000070e000000|100%| S|CS|TAMS 0x000000070de00000| PB 0x000000070de00000| Complete |  0
|  78|0x000000070e000000, 0x000000070e200000, 0x000000070e200000|100%| S|CS|TAMS 0x000000070e000000| PB 0x000000070e000000| Complete |  0
|  79|0x000000070e200000, 0x000000070e400000, 0x000000070e400000|100%| S|CS|TAMS 0x000000070e200000| PB 0x000000070e200000| Complete |  0
| 125|0x0000000713e00000, 0x0000000714000000, 0x0000000714000000|100%| E|CS|TAMS 0x0000000713e00000| PB 0x0000000713e00000| Complete |  0
|2013|0x00000007ffe00000, 0x00000007fff256a0, 0x0000000800000000| 57%| O|Cm|TAMS 0x00000007ffe00000| PB 0x00000007ffe00000| Complete |  0

Card table byte_map: [0x0000026367720000,0x0000026367f00000] _byte_map_base: 0x0000026363efe000

Marking Bits: (CMBitMap*) 0x000002634e405e40
 Bits: [0x0000026367f00000, 0x000002636bdf0000)

Polling page: 0x000002634beb0000

Metaspace:
Metaspace        used 24326K, committed 24640K, reserved 1114112K
 class space     used 3132K, committed 3264K, reserved 1048576K

Usage:
  Non-class:     20.70 MB used.
      Class:      3.06 MB used.
       Both:     23.76 MB used.

Virtual space:
  Non-class space:       64.00 MB reserved,      20.88 MB ( 33%) committed,  1 nodes.
      Class space:        1.00 GB reserved,       3.19 MB ( <1%) committed,  1 nodes.
             Both:        1.06 GB reserved,      24.06 MB (  2%) committed. 

Chunk freelists:
   Non-Class:  10.19 MB
       Class:  12.76 MB
        Both:  22.95 MB

MaxMetaspaceSize: unlimited
CompressedClassSpaceSize: 1.00 GB
Initial GC threshold: 21.00 MB
Current GC threshold: 35.12 MB
CDS: on
 - commit_granule_bytes: 65536.
 - commit_granule_words: 8192.
 - virtual_space_node_default_size: 8388608.
 - enlarge_chunks_in_place: 1.
UseCompressedClassPointers 1, UseCompactObjectHeaders 0
Narrow klass pointer bits 32, Max shift 3
Narrow klass base: 0x000000003e000000, Narrow klass shift: 0
Encoding Range: [0x000000003e000000 - 0x000000013e000000), (4294967296 bytes)
Klass Range:    [0x000000003e010000 - 0x000000007f000000), (1090453504 bytes)
Klass ID Range:  [65536 - 1090519033) (1090453497)
Protection zone: [0x000000003e000000 - 0x000000003e010000), (65536 bytes)


Internal statistics:

num_allocs_failed_limit: 3.
num_arena_births: 286.
num_arena_deaths: 0.
num_vsnodes_births: 2.
num_vsnodes_deaths: 0.
num_space_committed: 385.
num_space_uncommitted: 0.
num_chunks_returned_to_freelist: 3.
num_chunks_taken_from_freelist: 1064.
num_chunk_merges: 3.
num_chunk_splits: 763.
num_chunks_enlarged: 610.
num_inconsistent_stats: 0.

CodeHeap 'non-profiled nmethods': size=119232Kb used=1809Kb max_used=1809Kb free=117422Kb
 bounds [0x000002635e8e0000, 0x000002635eb50000, 0x0000026365d50000]
CodeHeap 'profiled nmethods': size=119104Kb used=7777Kb max_used=7777Kb free=111326Kb
 bounds [0x0000026356d50000, 0x00000263574f0000, 0x000002635e1a0000]
CodeHeap 'non-nmethods': size=7424Kb used=3465Kb max_used=3530Kb free=3958Kb
 bounds [0x000002635e1a0000, 0x000002635e520000, 0x000002635e8e0000]
CodeCache: size=245760Kb, used=13051Kb, max_used=13116Kb, free=232706Kb
 total_blobs=5539, nmethods=4633, adapters=803, full_count=0
Compilation: enabled, stopped_count=0, restarted_count=0

Compilation events (20 events):
Event: 10.063 Thread 0x000002636f133950 4599       4       java.util.AbstractCollection::addAll (42 bytes)
Event: 10.073 Thread 0x000002636f133950 nmethod 4599 0x000002635eaa1308 code [0x000002635eaa1400, 0x000002635eaa1800]
Event: 10.268 Thread 0x000002636f134d00 4600       3       com.sun.marlin.TransformingPathConsumer2D$CurveClipSplitter::splitCurve (98 bytes)
Event: 10.269 Thread 0x000002636f134d00 nmethod 4600 0x00000263574dba08 code [0x00000263574dbb00, 0x00000263574dbf48]
Event: 10.269 Thread 0x000002636f134d00 4601       3       java.util.ArrayList::fastRemove (44 bytes)
Event: 10.270 Thread 0x000002636f134d00 nmethod 4601 0x00000263574dbf88 code [0x00000263574dc080, 0x00000263574dc450]
Event: 10.270 Thread 0x000002636f134d00 4602       3       java.util.ArrayList::remove (76 bytes)
Event: 10.270 Thread 0x000002636f134d00 nmethod 4602 0x00000263574dc488 code [0x00000263574dc580, 0x00000263574dca38]
Event: 10.281 Thread 0x000002636f133950 4603       4       com.sun.javafx.geom.transform.AffineBase::updateState2D (210 bytes)
Event: 10.284 Thread 0x000002636f133950 nmethod 4603 0x000002635eaa1888 code [0x000002635eaa19a0, 0x000002635eaa1b80]
Event: 10.764 Thread 0x000002636f134d00 4604   !   3       com.sun.scenario.effect.impl.prism.ps.PPSRenderer::validate (156 bytes)
Event: 10.765 Thread 0x000002636f134d00 nmethod 4604 0x00000263574dca88 code [0x00000263574dcb80, 0x00000263574ddb68]
Event: 10.766 Thread 0x000002636f133950 4605       4       com.sun.javafx.geom.transform.Translate2D::getDegree (4 bytes)
Event: 10.766 Thread 0x000002636f133950 nmethod 4605 0x000002635eaa1c08 code [0x000002635eaa1d00, 0x000002635eaa1d80]
Event: 10.767 Thread 0x000002636f134d00 4606       3       com.sun.javafx.geom.transform.GeneralTransform3D::ortho (189 bytes)
Event: 10.767 Thread 0x000002636f134d00 nmethod 4606 0x00000263574ddb88 code [0x00000263574ddcc0, 0x00000263574de038]
Event: 10.767 Thread 0x000002636f133950 4607       4       com.sun.javafx.geom.transform.Affine3D::updateState (96 bytes)
Event: 10.768 Thread 0x000002636f134d00 4608       3       com.sun.javafx.geom.RectBounds::intersectWith (77 bytes)
Event: 10.769 Thread 0x000002636f134d00 nmethod 4608 0x00000263574de088 code [0x00000263574de180, 0x00000263574de748]
Event: 11.262 Thread 0x000002636f134d00 4609       3       java.util.TimSort::sort (229 bytes)

GC Heap Usage History (4 events):
Event: 1.523 {heap Before GC invocations=0 (full 0):
 garbage-first heap   total reserved 4124672K, committed 260096K, used 50325K [0x0000000704400000, 0x0000000800000000)
  region size 2048K, 24 young (49152K), 0 survivors (0K)
}
Event: 1.529 {heap After GC invocations=1 (full 0):
 garbage-first heap   total reserved 4124672K, committed 260096K, used 6245K [0x0000000704400000, 0x0000000800000000)
  region size 2048K, 3 young (6144K), 3 survivors (6144K)
}
Event: 3.977 {heap Before GC invocations=1 (full 0):
 garbage-first heap   total reserved 4124672K, committed 260096K, used 94309K [0x0000000704400000, 0x0000000800000000)
  region size 2048K, 46 young (94208K), 3 survivors (6144K)
}
Event: 3.986 {heap After GC invocations=2 (full 0):
 garbage-first heap   total reserved 4124672K, committed 260096K, used 15662K [0x0000000704400000, 0x0000000800000000)
  region size 2048K, 7 young (14336K), 7 survivors (14336K)
}

Metaspace Usage History (4 events):
Event: 1.523 {metaspace Before GC invocations=0 (full 0):
 Metaspace       used 7320K, committed 7488K, reserved 1114112K
  class space    used 646K, committed 704K, reserved 1048576K
}
Event: 1.529 {metaspace After GC invocations=1 (full 0):
 Metaspace       used 7320K, committed 7488K, reserved 1114112K
  class space    used 646K, committed 704K, reserved 1048576K
}
Event: 3.977 {metaspace Before GC invocations=1 (full 0):
 Metaspace       used 21207K, committed 21504K, reserved 1114112K
  class space    used 2830K, committed 3008K, reserved 1048576K
}
Event: 3.986 {metaspace After GC invocations=2 (full 0):
 Metaspace       used 21207K, committed 21504K, reserved 1114112K
  class space    used 2830K, committed 3008K, reserved 1048576K
}

Dll operation events (20 events):
Event: 0.385 Loaded shared library C:\Users\yarde\OneDrive\שולחן העבודה\שיטות\Ex-06_ClientServerGUI_FX\javafx-sdk-25.0.1\bin\api-ms-win-crt-math-l1-1-0.dll
Event: 0.387 Loaded shared library C:\Users\yarde\OneDrive\שולחן העבודה\שיטות\Ex-06_ClientServerGUI_FX\javafx-sdk-25.0.1\bin\api-ms-win-crt-multibyte-l1-1-0.dll
Event: 0.390 Loaded shared library C:\Users\yarde\OneDrive\שולחן העבודה\שיטות\Ex-06_ClientServerGUI_FX\javafx-sdk-25.0.1\bin\api-ms-win-crt-private-l1-1-0.dll
Event: 0.392 Loaded shared library C:\Users\yarde\OneDrive\שולחן העבודה\שיטות\Ex-06_ClientServerGUI_FX\javafx-sdk-25.0.1\bin\api-ms-win-crt-process-l1-1-0.dll
Event: 0.395 Loaded shared library C:\Users\yarde\OneDrive\שולחן העבודה\שיטות\Ex-06_ClientServerGUI_FX\javafx-sdk-25.0.1\bin\api-ms-win-crt-runtime-l1-1-0.dll
Event: 0.398 Loaded shared library C:\Users\yarde\OneDrive\שולחן העבודה\שיטות\Ex-06_ClientServerGUI_FX\javafx-sdk-25.0.1\bin\api-ms-win-crt-stdio-l1-1-0.dll
Event: 0.401 Loaded shared library C:\Users\yarde\OneDrive\שולחן העבודה\שיטות\Ex-06_ClientServerGUI_FX\javafx-sdk-25.0.1\bin\api-ms-win-crt-string-l1-1-0.dll
Event: 0.403 Loaded shared library C:\Users\yarde\OneDrive\שולחן העבודה\שיטות\Ex-06_ClientServerGUI_FX\javafx-sdk-25.0.1\bin\api-ms-win-crt-time-l1-1-0.dll
Event: 0.406 Loaded shared library C:\Users\yarde\OneDrive\שולחן העבודה\שיטות\Ex-06_ClientServerGUI_FX\javafx-sdk-25.0.1\bin\api-ms-win-crt-utility-l1-1-0.dll
Event: 0.410 Loaded shared library C:\Users\yarde\OneDrive\שולחן העבודה\שיטות\Ex-06_ClientServerGUI_FX\javafx-sdk-25.0.1\bin\ucrtbase.dll
Event: 0.413 Loaded shared library C:\Users\yarde\OneDrive\שולחן העבודה\שיטות\Ex-06_ClientServerGUI_FX\javafx-sdk-25.0.1\bin\vcruntime140.dll
Event: 0.415 Loaded shared library C:\Users\yarde\OneDrive\שולחן העבודה\שיטות\Ex-06_ClientServerGUI_FX\javafx-sdk-25.0.1\bin\vcruntime140_1.dll
Event: 0.419 Loaded shared library C:\Users\yarde\OneDrive\שולחן העבודה\שיטות\Ex-06_ClientServerGUI_FX\javafx-sdk-25.0.1\bin\msvcp140.dll
Event: 0.422 Loaded shared library C:\Users\yarde\OneDrive\שולחן העבודה\שיטות\Ex-06_ClientServerGUI_FX\javafx-sdk-25.0.1\bin\msvcp140_1.dll
Event: 0.424 Loaded shared library C:\Users\yarde\OneDrive\שולחן העבודה\שיטות\Ex-06_ClientServerGUI_FX\javafx-sdk-25.0.1\bin\msvcp140_2.dll
Event: 0.490 Loaded shared library C:\Users\yarde\OneDrive\שולחן העבודה\שיטות\Ex-06_ClientServerGUI_FX\javafx-sdk-25.0.1\bin\prism_d3d.dll
Event: 0.670 Loaded shared library C:\Users\yarde\OneDrive\שולחן העבודה\שיטות\Ex-06_ClientServerGUI_FX\javafx-sdk-25.0.1\bin\glass.dll
Event: 0.856 Loaded shared library C:\Program Files\Java\jdk-25\bin\jimage.dll
Event: 1.579 Loaded shared library C:\Users\yarde\OneDrive\שולחן העבודה\שיטות\Ex-06_ClientServerGUI_FX\javafx-sdk-25.0.1\bin\javafx_font.dll
Event: 3.834 Loaded shared library C:\Program Files\Java\jdk-25\bin\extnet.dll

Deoptimization events (20 events):
Event: 4.150 Thread 0x000002636f161090 Uncommon trap: trap_request=0xffffff45 fr.pc=0x000002635e95d6e8 relative=0x0000000000000468
Event: 4.150 Thread 0x000002636f161090 Uncommon trap: reason=unstable_if action=reinterpret pc=0x000002635e95d6e8 method=java.lang.String.<init>([CIILjava/lang/Void;)V @ 5 c2
Event: 4.150 Thread 0x000002636f161090 DEOPT PACKING pc=0x000002635e95d6e8 sp=0x000000dcbc4fe890
Event: 4.150 Thread 0x000002636f161090 DEOPT UNPACKING pc=0x000002635e2c0002 sp=0x000000dcbc4fe818 mode 2
Event: 4.168 Thread 0x0000026374adae70 Uncommon trap: trap_request=0xffffffde fr.pc=0x000002635e92ab84 relative=0x0000000000000084
Event: 4.168 Thread 0x0000026374adae70 Uncommon trap: reason=class_check action=maybe_recompile pc=0x000002635e92ab84 method=java.util.HashSet.add(Ljava/lang/Object;)Z @ 8 c2
Event: 4.168 Thread 0x0000026374adae70 DEOPT PACKING pc=0x000002635e92ab84 sp=0x000000dcbd6fda30
Event: 4.168 Thread 0x0000026374adae70 DEOPT UNPACKING pc=0x000002635e2c0002 sp=0x000000dcbd6fd9c0 mode 2
Event: 4.168 Thread 0x0000026374adae70 Uncommon trap: trap_request=0xffffffde fr.pc=0x000002635e92ab84 relative=0x0000000000000084
Event: 4.168 Thread 0x0000026374adae70 Uncommon trap: reason=class_check action=maybe_recompile pc=0x000002635e92ab84 method=java.util.HashSet.add(Ljava/lang/Object;)Z @ 8 c2
Event: 4.168 Thread 0x0000026374adae70 DEOPT PACKING pc=0x000002635e92ab84 sp=0x000000dcbd6fda30
Event: 4.168 Thread 0x0000026374adae70 DEOPT UNPACKING pc=0x000002635e2c0002 sp=0x000000dcbd6fd9c0 mode 2
Event: 4.174 Thread 0x0000026374adae70 Uncommon trap: trap_request=0xffffff45 fr.pc=0x000002635e98ace0 relative=0x0000000000000060
Event: 4.174 Thread 0x0000026374adae70 Uncommon trap: reason=unstable_if action=reinterpret pc=0x000002635e98ace0 method=java.lang.invoke.VarHandle.checkAccessModeThenIsDirect(Ljava/lang/invoke/VarHandle$AccessDescriptor;)Z @ 4 c2
Event: 4.174 Thread 0x0000026374adae70 DEOPT PACKING pc=0x000002635e98ace0 sp=0x000000dcbd6fdb90
Event: 4.174 Thread 0x0000026374adae70 DEOPT UNPACKING pc=0x000002635e2c0002 sp=0x000000dcbd6fdb30 mode 2
Event: 4.175 Thread 0x0000026374adae70 Uncommon trap: trap_request=0xffffff4c fr.pc=0x000002635ea36cec relative=0x000000000000006c
Event: 4.175 Thread 0x0000026374adae70 Uncommon trap: reason=speculate_null_assert action=make_not_entrant pc=0x000002635ea36cec method=jdk.internal.misc.Unsafe.putIntUnaligned(Ljava/lang/Object;JIZ)V @ 10 c2
Event: 4.175 Thread 0x0000026374adae70 DEOPT PACKING pc=0x000002635ea36cec sp=0x000000dcbd6fdae0
Event: 4.175 Thread 0x0000026374adae70 DEOPT UNPACKING pc=0x000002635e2c0002 sp=0x000000dcbd6fda70 mode 2

Classes loaded (20 events):
Event: 4.217 Loading class java/time/zone/ZoneOffsetTransitionRule$TimeDefinition
Event: 4.217 Loading class java/time/zone/ZoneOffsetTransitionRule$TimeDefinition done
Event: 4.217 Loading class java/time/zone/ZoneOffsetTransition
Event: 4.217 Loading class java/time/zone/ZoneOffsetTransition done
Event: 4.218 Loading class java/time/Year
Event: 4.218 Loading class java/time/Year done
Event: 4.234 Loading class java/util/concurrent/ScheduledThreadPoolExecutor$ScheduledFutureTask
Event: 4.234 Loading class java/util/concurrent/ScheduledThreadPoolExecutor$ScheduledFutureTask done
Event: 4.236 Loading class java/util/concurrent/ThreadPoolExecutor$CallerRunsPolicy
Event: 4.236 Loading class java/util/concurrent/ThreadPoolExecutor$CallerRunsPolicy done
Event: 4.238 Loading class java/util/concurrent/atomic/AtomicReferenceFieldUpdater
Event: 4.238 Loading class java/util/concurrent/atomic/AtomicReferenceFieldUpdater done
Event: 4.238 Loading class java/util/concurrent/atomic/AtomicReferenceFieldUpdater$AtomicReferenceFieldUpdaterImpl
Event: 4.238 Loading class java/util/concurrent/atomic/AtomicReferenceFieldUpdater$AtomicReferenceFieldUpdaterImpl done
Event: 4.249 Loading class java/time/temporal/TemporalAdjusters
Event: 4.249 Loading class java/time/temporal/TemporalAdjusters done
Event: 4.353 Loading class jdk/internal/event/ThreadSleepEvent
Event: 4.353 Loading class jdk/internal/event/ThreadSleepEvent done
Event: 4.748 Loading class java/net/SocketTimeoutException
Event: 4.749 Loading class java/net/SocketTimeoutException done

Classes unloaded (0 events):
No events

Classes redefined (0 events):
No events

Internal exceptions (20 events):
Event: 3.022 Thread 0x0000026374330140 Exception <a 'java/lang/NoSuchMethodError'{0x000000070ee29dc8}: 'java.lang.Object java.lang.invoke.DirectMethodHandle$Holder.invokeStatic(java.lang.Object, long, java.lang.Object)'> (0x000000070ee29dc8) 
thrown [s\open\src\hotspot\share\interpreter\linkResolver.cpp, line 804]
Event: 3.023 Thread 0x0000026374330140 Exception <a 'java/lang/NoSuchMethodError'{0x000000070ee321a8}: 'java.lang.Object java.lang.invoke.DirectMethodHandle$Holder.invokeStaticInit(java.lang.Object, long, java.lang.Object)'> (0x000000070ee321a8) 
thrown [s\open\src\hotspot\share\interpreter\linkResolver.cpp, line 804]
Event: 3.023 Thread 0x0000026374330140 Exception <a 'java/lang/NoSuchMethodError'{0x000000070ee3abc8}: 'java.lang.Object java.lang.invoke.DirectMethodHandle$Holder.invokeStaticInit(java.lang.Object, long)'> (0x000000070ee3abc8) 
thrown [s\open\src\hotspot\share\interpreter\linkResolver.cpp, line 804]
Event: 3.037 Thread 0x0000026374330140 Exception <a 'java/lang/NoSuchMethodError'{0x000000070eede490}: 'long java.lang.invoke.DirectMethodHandle$Holder.invokeStaticInit(java.lang.Object, long, long, long, long)'> (0x000000070eede490) 
thrown [s\open\src\hotspot\share\interpreter\linkResolver.cpp, line 804]
Event: 3.037 Thread 0x0000026374330140 Exception <a 'java/lang/NoSuchMethodError'{0x000000070eee6e00}: 'java.lang.Object java.lang.invoke.DirectMethodHandle$Holder.invokeInterface(java.lang.Object, java.lang.Object, long, long)'> (0x000000070eee6e00) 
thrown [s\open\src\hotspot\share\interpreter\linkResolver.cpp, line 804]
Event: 3.039 Thread 0x0000026374330140 Exception <a 'java/lang/NoSuchMethodError'{0x000000070eeff3d8}: 'void java.lang.invoke.DirectMethodHandle$Holder.invokeStaticInit(java.lang.Object, java.lang.Object, long, java.lang.Object)'> (0x000000070eeff3d8) 
thrown [s\open\src\hotspot\share\interpreter\linkResolver.cpp, line 804]
Event: 3.039 Thread 0x0000026374330140 Exception <a 'java/lang/NoSuchMethodError'{0x000000070ef07e68}: 'long java.lang.invoke.DirectMethodHandle$Holder.invokeStatic(java.lang.Object, long, long)'> (0x000000070ef07e68) 
thrown [s\open\src\hotspot\share\interpreter\linkResolver.cpp, line 804]
Event: 3.872 Thread 0x0000026374adae70 Exception <a 'java/lang/NoSuchMethodError'{0x000000070e81a1b8}: 'java.lang.Object java.lang.invoke.DirectMethodHandle$Holder.invokeVirtual(java.lang.Object, java.lang.Object, java.lang.Object)'> (0x000000070e81a1b8) 
thrown [s\open\src\hotspot\share\interpreter\linkResolver.cpp, line 804]
Event: 3.877 Thread 0x0000026374adae70 Exception <a 'java/lang/NoSuchMethodError'{0x000000070e83f078}: 'int java.lang.invoke.Invokers$Holder.invokeExact_MT(java.lang.Object, java.lang.Object)'> (0x000000070e83f078) 
thrown [s\open\src\hotspot\share\interpreter\linkResolver.cpp, line 804]
Event: 3.878 Thread 0x0000026374adae70 Exception <a 'java/lang/NoSuchMethodError'{0x000000070e847420}: 'void java.lang.invoke.Invokers$Holder.invokeExact_MT(java.lang.Object, int, java.lang.Object)'> (0x000000070e847420) 
thrown [s\open\src\hotspot\share\interpreter\linkResolver.cpp, line 804]
Event: 3.879 Thread 0x0000026374adae70 Exception <a 'java/lang/NoSuchMethodError'{0x000000070e852648}: 'long java.lang.invoke.DirectMethodHandle$Holder.invokeSpecial(java.lang.Object, java.lang.Object, java.lang.Object)'> (0x000000070e852648) 
thrown [s\open\src\hotspot\share\interpreter\linkResolver.cpp, line 804]
Event: 3.879 Thread 0x0000026374adae70 Exception <a 'java/lang/NoSuchMethodError'{0x000000070e85a6c8}: 'long java.lang.invoke.DelegatingMethodHandle$Holder.reinvoke_L(java.lang.Object, java.lang.Object)'> (0x000000070e85a6c8) 
thrown [s\open\src\hotspot\share\interpreter\linkResolver.cpp, line 804]
Event: 3.880 Thread 0x0000026374adae70 Exception <a 'java/lang/NoSuchMethodError'{0x000000070e872db0}: 'void java.lang.invoke.DelegatingMethodHandle$Holder.reinvoke_L(java.lang.Object, java.lang.Object, long)'> (0x000000070e872db0) 
thrown [s\open\src\hotspot\share\interpreter\linkResolver.cpp, line 804]
Event: 3.880 Thread 0x0000026374adae70 Exception <a 'java/lang/NoSuchMethodError'{0x000000070e882e98}: 'long java.lang.invoke.Invokers$Holder.invokeExact_MT(java.lang.Object, java.lang.Object, java.lang.Object)'> (0x000000070e882e98) 
thrown [s\open\src\hotspot\share\interpreter\linkResolver.cpp, line 804]
Event: 3.880 Thread 0x0000026374adae70 Exception <a 'java/lang/NoSuchMethodError'{0x000000070e88b090}: 'void java.lang.invoke.Invokers$Holder.invokeExact_MT(java.lang.Object, java.lang.Object, long, java.lang.Object)'> (0x000000070e88b090) 
thrown [s\open\src\hotspot\share\interpreter\linkResolver.cpp, line 804]
Event: 3.881 Thread 0x0000026374adae70 Exception <a 'java/lang/NoSuchMethodError'{0x000000070e89e2b8}: 'int java.lang.invoke.Invokers$Holder.invokeExact_MT(java.lang.Object, java.lang.Object, java.lang.Object)'> (0x000000070e89e2b8) 
thrown [s\open\src\hotspot\share\interpreter\linkResolver.cpp, line 804]
Event: 3.882 Thread 0x0000026374adae70 Exception <a 'java/lang/NoSuchMethodError'{0x000000070e8a6400}: 'void java.lang.invoke.Invokers$Holder.invokeExact_MT(java.lang.Object, java.lang.Object, int, java.lang.Object)'> (0x000000070e8a6400) 
thrown [s\open\src\hotspot\share\interpreter\linkResolver.cpp, line 804]
Event: 4.223 Thread 0x0000026374adae70 Exception <a 'java/lang/NoSuchMethodError'{0x0000000706446248}: 'void java.lang.invoke.DirectMethodHandle$Holder.invokeInterface(java.lang.Object, java.lang.Object, java.lang.Object, java.lang.Object)'> (0x0000000706446248) 
thrown [s\open\src\hotspot\share\interpreter\linkResolver.cpp, line 804]
Event: 4.249 Thread 0x000002636f161090 Exception <a 'java/lang/NoSuchMethodError'{0x0000000713f9d1e8}: 'java.lang.Object java.lang.invoke.DirectMethodHandle$Holder.invokeStatic(java.lang.Object, int, java.lang.Object)'> (0x0000000713f9d1e8) 
thrown [s\open\src\hotspot\share\interpreter\linkResolver.cpp, line 804]
Event: 4.340 Thread 0x000002637e2f6b90 Exception <a 'java/lang/NoSuchMethodError'{0x00000007064bea78}: 'int java.lang.invoke.DirectMethodHandle$Holder.invokeStatic(java.lang.Object, int, java.lang.Object)'> (0x00000007064bea78) 
thrown [s\open\src\hotspot\share\interpreter\linkResolver.cpp, line 804]

VM Operations (20 events):
Event: 2.130 Executing non-safepoint VM operation: HandshakeAllThreads (Deoptimize)
Event: 2.130 Executing non-safepoint VM operation: HandshakeAllThreads (Deoptimize) done
Event: 2.130 Executing non-safepoint VM operation: HandshakeAllThreads (Deoptimize)
Event: 2.130 Executing non-safepoint VM operation: HandshakeAllThreads (Deoptimize) done
Event: 2.285 Executing non-safepoint VM operation: HandshakeAllThreads (Deoptimize)
Event: 2.285 Executing non-safepoint VM operation: HandshakeAllThreads (Deoptimize) done
Event: 3.824 Executing non-safepoint VM operation: HandshakeAllThreads (Deoptimize)
Event: 3.825 Executing non-safepoint VM operation: HandshakeAllThreads (Deoptimize) done
Event: 3.861 Executing non-safepoint VM operation: HandshakeAllThreads (Deoptimize)
Event: 3.861 Executing non-safepoint VM operation: HandshakeAllThreads (Deoptimize) done
Event: 3.977 Executing safepoint VM operation: CollectForMetadataAllocation (Metadata GC Threshold)
Event: 3.987 Executing safepoint VM operation: CollectForMetadataAllocation (Metadata GC Threshold) done
Event: 3.991 Executing safepoint VM operation: G1PauseRemark
Event: 3.993 Executing safepoint VM operation: G1PauseRemark done
Event: 3.994 Executing safepoint VM operation: G1PauseCleanup
Event: 3.997 Executing safepoint VM operation: G1PauseCleanup done
Event: 4.132 Executing non-safepoint VM operation: HandshakeAllThreads (Deoptimize)
Event: 4.132 Executing non-safepoint VM operation: HandshakeAllThreads (Deoptimize) done
Event: 4.166 Executing non-safepoint VM operation: HandshakeAllThreads (Deoptimize)
Event: 4.166 Executing non-safepoint VM operation: HandshakeAllThreads (Deoptimize) done

Memory protections (0 events):
No events

Nmethod flushes (0 events):
No events

Events (20 events):
Event: 2.889 Thread 0x000002636f854830 Thread exited: 0x000002636f854830
Event: 2.905 Thread 0x000002636f1fca50 Thread added: 0x0000026374948c80
Event: 3.004 Thread 0x0000026374330140 Thread added: 0x00000263747c5580
Event: 3.378 Thread 0x0000026374948c80 Thread exited: 0x0000026374948c80
Event: 3.820 Thread 0x000002636f161090 Thread added: 0x0000026374adc5e0
Event: 3.832 Thread 0x000002636f2f5530 Thread added: 0x000002637494acc0
Event: 3.839 Thread 0x0000026374adc5e0 Thread added: 0x0000026374adae70
Event: 3.840 Thread 0x0000026374adc5e0 Thread exited: 0x0000026374adc5e0
Event: 3.841 Thread 0x000002637494acc0 Thread added: 0x000002637494c4f0
Event: 3.900 Thread 0x0000026374adae70 Thread added: 0x0000026374adf4c0
Event: 3.953 Thread 0x000002636f1fca50 Thread added: 0x000002637494cd00
Event: 4.235 Thread 0x0000026374adae70 Thread added: 0x000002637e2f6b90
Event: 4.341 Thread 0x000002637e2f6b90 Thread added: 0x000002637e2f8ad0
Event: 4.438 Thread 0x000002637494cd00 Thread exited: 0x000002637494cd00
Event: 4.439 Thread 0x000002637494c4f0 Thread exited: 0x000002637494c4f0
Event: 4.439 Thread 0x000002637494acc0 Thread exited: 0x000002637494acc0
Event: 7.775 Thread 0x000002636f2f5530 Thread exited: 0x000002636f2f5530
Event: 9.390 Thread 0x000002637e2f8ad0 Thread exited: 0x000002637e2f8ad0
Event: 9.761 Thread 0x000002636f2967d0 Thread exited: 0x000002636f2967d0
Event: 9.770 Thread 0x000002636f1fca50 Thread exited: 0x000002636f1fca50


Dynamic libraries:
0x00007ff70c2b0000 - 0x00007ff70c2c0000 	C:\Program Files\Java\jdk-25\bin\javaw.exe
0x00007fff5db00000 - 0x00007fff5dd67000 	C:\WINDOWS\SYSTEM32\ntdll.dll
0x00007fff1dc40000 - 0x00007fff1dc60000 	C:\Program Files\Avast Software\Avast\aswhook.dll
0x00007fff5d280000 - 0x00007fff5d349000 	C:\WINDOWS\System32\KERNEL32.DLL
0x00007fff5af30000 - 0x00007fff5b31f000 	C:\WINDOWS\System32\KERNELBASE.dll
0x00007fff5b330000 - 0x00007fff5b47b000 	C:\WINDOWS\System32\ucrtbase.dll
0x00007fff55620000 - 0x00007fff55637000 	C:\Program Files\Java\jdk-25\bin\jli.dll
0x00007fff5c740000 - 0x00007fff5c905000 	C:\WINDOWS\System32\USER32.dll
0x00007fff5ace0000 - 0x00007fff5ad07000 	C:\WINDOWS\System32\win32u.dll
0x00007fff5d510000 - 0x00007fff5d53b000 	C:\WINDOWS\System32\GDI32.dll
0x00007fff5b770000 - 0x00007fff5b89c000 	C:\WINDOWS\System32\gdi32full.dll
0x00007fff5b6c0000 - 0x00007fff5b763000 	C:\WINDOWS\System32\msvcp_win.dll
0x00007fff4d130000 - 0x00007fff4d14e000 	C:\Program Files\Java\jdk-25\bin\VCRUNTIME140.dll
0x00007fff2f740000 - 0x00007fff2f9d3000 	C:\WINDOWS\WinSxS\amd64_microsoft.windows.common-controls_6595b64144ccf1df_6.0.26100.7309_none_3e05feeae336a044\COMCTL32.dll
0x00007fff5b8a0000 - 0x00007fff5b949000 	C:\WINDOWS\System32\msvcrt.dll
0x00007fff5c080000 - 0x00007fff5c0b1000 	C:\WINDOWS\System32\IMM32.DLL
0x00007fff22ba0000 - 0x00007fff22cfc000 	C:\Program Files (x86)\Citrix\ICA Client\ctxapclient64.dll
0x00007fff5c0d0000 - 0x00007fff5c455000 	C:\WINDOWS\System32\combase.dll
0x00007fff5d670000 - 0x00007fff5d788000 	C:\WINDOWS\System32\RPCRT4.dll
0x00007fff4f150000 - 0x00007fff4f15b000 	C:\WINDOWS\SYSTEM32\VERSION.dll
0x00007fff5ab40000 - 0x00007fff5ab6a000 	C:\WINDOWS\SYSTEM32\bcrypt.dll
0x00007fff5b950000 - 0x00007fff5b9f6000 	C:\WINDOWS\System32\sechost.dll
0x00007fff5d980000 - 0x00007fff5da34000 	C:\WINDOWS\System32\ADVAPI32.dll
0x00007fff59b20000 - 0x00007fff59b56000 	C:\WINDOWS\SYSTEM32\ntmarta.dll
0x000002634c180000 - 0x000002634c225000 	C:\WINDOWS\System32\bcryptprimitives.dll
0x00007fff55610000 - 0x00007fff5561c000 	C:\Program Files\Java\jdk-25\bin\vcruntime140_1.dll
0x00007fff165c0000 - 0x00007fff1664d000 	C:\Program Files\Java\jdk-25\bin\msvcp140.dll
0x00007ffeab660000 - 0x00007ffeac4bf000 	C:\Program Files\Java\jdk-25\bin\server\jvm.dll
0x00007fff5da40000 - 0x00007fff5dab4000 	C:\WINDOWS\System32\WS2_32.dll
0x00007fff5aab0000 - 0x00007fff5ab0e000 	C:\WINDOWS\SYSTEM32\POWRPROF.dll
0x00007fff4d1a0000 - 0x00007fff4d1d5000 	C:\WINDOWS\SYSTEM32\WINMM.dll
0x00007fff5aa90000 - 0x00007fff5aaa4000 	C:\WINDOWS\SYSTEM32\UMPDC.dll
0x00007fff59a00000 - 0x00007fff59a1b000 	C:\WINDOWS\SYSTEM32\kernel.appcore.dll
0x00007fff50480000 - 0x00007fff5048a000 	C:\Program Files\Java\jdk-25\bin\jimage.dll
0x00007fff58160000 - 0x00007fff583a2000 	C:\WINDOWS\SYSTEM32\DBGHELP.DLL
0x00007fff5c5e0000 - 0x00007fff5c6b6000 	C:\WINDOWS\System32\OLEAUT32.dll
0x00007fff467c0000 - 0x00007fff467fc000 	C:\WINDOWS\SYSTEM32\dbgcore.DLL
0x00007fff42b80000 - 0x00007fff42b9f000 	C:\Program Files\Java\jdk-25\bin\java.dll
0x00007fff5d7e0000 - 0x00007fff5d977000 	C:\WINDOWS\System32\ole32.dll
0x000002634db20000 - 0x000002634e273000 	C:\WINDOWS\System32\SHELL32.dll
0x0000026356be0000 - 0x0000026356d4a000 	C:\WINDOWS\System32\wintypes.dll
0x00007fff58820000 - 0x00007fff5907e000 	C:\WINDOWS\SYSTEM32\windows.storage.dll
0x00007fff5bf20000 - 0x00007fff5c015000 	C:\WINDOWS\System32\SHCORE.dll
0x00007fff5d600000 - 0x00007fff5d666000 	C:\WINDOWS\System32\shlwapi.dll
0x00007fff5ab70000 - 0x00007fff5ab99000 	C:\WINDOWS\SYSTEM32\profapi.dll
0x00007fff42860000 - 0x00007fff42872000 	C:\Program Files\Java\jdk-25\bin\net.dll
0x00007fff59f70000 - 0x00007fff59fdb000 	C:\WINDOWS\system32\mswsock.dll
0x00007fff42840000 - 0x00007fff42856000 	C:\Program Files\Java\jdk-25\bin\nio.dll
0x00007fff42550000 - 0x00007fff42567000 	C:\Program Files\Java\jdk-25\bin\zip.dll
0x000002634e280000 - 0x000002634e284000 	C:\Users\yarde\OneDrive\שולחן העבודה\שיטות\Ex-06_ClientServerGUI_FX\javafx-sdk-25.0.1\bin\api-ms-win-core-console-l1-1-0.dll
0x000002634e290000 - 0x000002634e294000 	C:\Users\yarde\OneDrive\שולחן העבודה\שיטות\Ex-06_ClientServerGUI_FX\javafx-sdk-25.0.1\bin\api-ms-win-core-console-l1-2-0.dll
0x000002634e2a0000 - 0x000002634e2a4000 	C:\Users\yarde\OneDrive\שולחן העבודה\שיטות\Ex-06_ClientServerGUI_FX\javafx-sdk-25.0.1\bin\api-ms-win-core-datetime-l1-1-0.dll
0x000002634e2b0000 - 0x000002634e2b4000 	C:\Users\yarde\OneDrive\שולחן העבודה\שיטות\Ex-06_ClientServerGUI_FX\javafx-sdk-25.0.1\bin\api-ms-win-core-debug-l1-1-0.dll
0x000002634e2c0000 - 0x000002634e2c4000 	C:\Users\yarde\OneDrive\שולחן העבודה\שיטות\Ex-06_ClientServerGUI_FX\javafx-sdk-25.0.1\bin\api-ms-win-core-errorhandling-l1-1-0.dll
0x000002634e2d0000 - 0x000002634e2d5000 	C:\Users\yarde\OneDrive\שולחן העבודה\שיטות\Ex-06_ClientServerGUI_FX\javafx-sdk-25.0.1\bin\api-ms-win-core-file-l1-1-0.dll
0x000002634e2e0000 - 0x000002634e2e4000 	C:\Users\yarde\OneDrive\שולחן העבודה\שיטות\Ex-06_ClientServerGUI_FX\javafx-sdk-25.0.1\bin\api-ms-win-core-file-l1-2-0.dll
0x000002634e2f0000 - 0x000002634e2f4000 	C:\Users\yarde\OneDrive\שולחן העבודה\שיטות\Ex-06_ClientServerGUI_FX\javafx-sdk-25.0.1\bin\api-ms-win-core-file-l2-1-0.dll
0x000002634e300000 - 0x000002634e304000 	C:\Users\yarde\OneDrive\שולחן העבודה\שיטות\Ex-06_ClientServerGUI_FX\javafx-sdk-25.0.1\bin\api-ms-win-core-handle-l1-1-0.dll
0x000002634e310000 - 0x000002634e314000 	C:\Users\yarde\OneDrive\שולחן העבודה\שיטות\Ex-06_ClientServerGUI_FX\javafx-sdk-25.0.1\bin\api-ms-win-core-heap-l1-1-0.dll
0x000002636fe60000 - 0x000002636fe64000 	C:\Users\yarde\OneDrive\שולחן העבודה\שיטות\Ex-06_ClientServerGUI_FX\javafx-sdk-25.0.1\bin\api-ms-win-core-interlocked-l1-1-0.dll
0x000002636fe70000 - 0x000002636fe74000 	C:\Users\yarde\OneDrive\שולחן העבודה\שיטות\Ex-06_ClientServerGUI_FX\javafx-sdk-25.0.1\bin\api-ms-win-core-libraryloader-l1-1-0.dll
0x000002636fe80000 - 0x000002636fe84000 	C:\Users\yarde\OneDrive\שולחן העבודה\שיטות\Ex-06_ClientServerGUI_FX\javafx-sdk-25.0.1\bin\api-ms-win-core-localization-l1-2-0.dll
0x000002636fe90000 - 0x000002636fe94000 	C:\Users\yarde\OneDrive\שולחן העבודה\שיטות\Ex-06_ClientServerGUI_FX\javafx-sdk-25.0.1\bin\api-ms-win-core-memory-l1-1-0.dll
0x000002636fea0000 - 0x000002636fea4000 	C:\Users\yarde\OneDrive\שולחן העבודה\שיטות\Ex-06_ClientServerGUI_FX\javafx-sdk-25.0.1\bin\api-ms-win-core-namedpipe-l1-1-0.dll
0x000002636feb0000 - 0x000002636feb4000 	C:\Users\yarde\OneDrive\שולחן העבודה\שיטות\Ex-06_ClientServerGUI_FX\javafx-sdk-25.0.1\bin\api-ms-win-core-processenvironment-l1-1-0.dll
0x000002636fec0000 - 0x000002636fec4000 	C:\Users\yarde\OneDrive\שולחן העבודה\שיטות\Ex-06_ClientServerGUI_FX\javafx-sdk-25.0.1\bin\api-ms-win-core-processthreads-l1-1-0.dll
0x000002636fed0000 - 0x000002636fed4000 	C:\Users\yarde\OneDrive\שולחן העבודה\שיטות\Ex-06_ClientServerGUI_FX\javafx-sdk-25.0.1\bin\api-ms-win-core-processthreads-l1-1-1.dll
0x000002636fee0000 - 0x000002636fee4000 	C:\Users\yarde\OneDrive\שולחן העבודה\שיטות\Ex-06_ClientServerGUI_FX\javafx-sdk-25.0.1\bin\api-ms-win-core-profile-l1-1-0.dll
0x000002636fef0000 - 0x000002636fef4000 	C:\Users\yarde\OneDrive\שולחן העבודה\שיטות\Ex-06_ClientServerGUI_FX\javafx-sdk-25.0.1\bin\api-ms-win-core-rtlsupport-l1-1-0.dll
0x000002636ff00000 - 0x000002636ff04000 	C:\Users\yarde\OneDrive\שולחן העבודה\שיטות\Ex-06_ClientServerGUI_FX\javafx-sdk-25.0.1\bin\api-ms-win-core-string-l1-1-0.dll
0x000002636ff10000 - 0x000002636ff14000 	C:\Users\yarde\OneDrive\שולחן העבודה\שיטות\Ex-06_ClientServerGUI_FX\javafx-sdk-25.0.1\bin\api-ms-win-core-synch-l1-1-0.dll
0x000002636ff20000 - 0x000002636ff24000 	C:\Users\yarde\OneDrive\שולחן העבודה\שיטות\Ex-06_ClientServerGUI_FX\javafx-sdk-25.0.1\bin\api-ms-win-core-synch-l1-2-0.dll
0x000002636ff30000 - 0x000002636ff34000 	C:\Users\yarde\OneDrive\שולחן העבודה\שיטות\Ex-06_ClientServerGUI_FX\javafx-sdk-25.0.1\bin\api-ms-win-core-sysinfo-l1-1-0.dll
0x000002636ff40000 - 0x000002636ff44000 	C:\Users\yarde\OneDrive\שולחן העבודה\שיטות\Ex-06_ClientServerGUI_FX\javafx-sdk-25.0.1\bin\api-ms-win-core-timezone-l1-1-0.dll
0x000002636ff50000 - 0x000002636ff54000 	C:\Users\yarde\OneDrive\שולחן העבודה\שיטות\Ex-06_ClientServerGUI_FX\javafx-sdk-25.0.1\bin\api-ms-win-core-util-l1-1-0.dll
0x000002636ff60000 - 0x000002636ff64000 	C:\Users\yarde\OneDrive\שולחן העבודה\שיטות\Ex-06_ClientServerGUI_FX\javafx-sdk-25.0.1\bin\api-ms-win-crt-conio-l1-1-0.dll
0x000002636ff70000 - 0x000002636ff75000 	C:\Users\yarde\OneDrive\שולחן העבודה\שיטות\Ex-06_ClientServerGUI_FX\javafx-sdk-25.0.1\bin\api-ms-win-crt-convert-l1-1-0.dll
0x000002636ff80000 - 0x000002636ff84000 	C:\Users\yarde\OneDrive\שולחן העבודה\שיטות\Ex-06_ClientServerGUI_FX\javafx-sdk-25.0.1\bin\api-ms-win-crt-environment-l1-1-0.dll
0x000002636ff90000 - 0x000002636ff94000 	C:\Users\yarde\OneDrive\שולחן העבודה\שיטות\Ex-06_ClientServerGUI_FX\javafx-sdk-25.0.1\bin\api-ms-win-crt-filesystem-l1-1-0.dll
0x000002636ffa0000 - 0x000002636ffa4000 	C:\Users\yarde\OneDrive\שולחן העבודה\שיטות\Ex-06_ClientServerGUI_FX\javafx-sdk-25.0.1\bin\api-ms-win-crt-heap-l1-1-0.dll
0x000002636ffb0000 - 0x000002636ffb4000 	C:\Users\yarde\OneDrive\שולחן העבודה\שיטות\Ex-06_ClientServerGUI_FX\javafx-sdk-25.0.1\bin\api-ms-win-crt-locale-l1-1-0.dll
0x000002636ffc0000 - 0x000002636ffc6000 	C:\Users\yarde\OneDrive\שולחן העבודה\שיטות\Ex-06_ClientServerGUI_FX\javafx-sdk-25.0.1\bin\api-ms-win-crt-math-l1-1-0.dll
0x000002636ffd0000 - 0x000002636ffd6000 	C:\Users\yarde\OneDrive\שולחן העבודה\שיטות\Ex-06_ClientServerGUI_FX\javafx-sdk-25.0.1\bin\api-ms-win-crt-multibyte-l1-1-0.dll
0x000002636ffe0000 - 0x000002636fff1000 	C:\Users\yarde\OneDrive\שולחן העבודה\שיטות\Ex-06_ClientServerGUI_FX\javafx-sdk-25.0.1\bin\api-ms-win-crt-private-l1-1-0.dll
0x0000026374fd0000 - 0x0000026374fd4000 	C:\Users\yarde\OneDrive\שולחן העבודה\שיטות\Ex-06_ClientServerGUI_FX\javafx-sdk-25.0.1\bin\api-ms-win-crt-process-l1-1-0.dll
0x0000026374fe0000 - 0x0000026374fe5000 	C:\Users\yarde\OneDrive\שולחן העבודה\שיטות\Ex-06_ClientServerGUI_FX\javafx-sdk-25.0.1\bin\api-ms-win-crt-runtime-l1-1-0.dll
0x0000026374ff0000 - 0x0000026374ff5000 	C:\Users\yarde\OneDrive\שולחן העבודה\שיטות\Ex-06_ClientServerGUI_FX\javafx-sdk-25.0.1\bin\api-ms-win-crt-stdio-l1-1-0.dll
0x0000026375000000 - 0x0000026375005000 	C:\Users\yarde\OneDrive\שולחן העבודה\שיטות\Ex-06_ClientServerGUI_FX\javafx-sdk-25.0.1\bin\api-ms-win-crt-string-l1-1-0.dll
0x0000026375010000 - 0x0000026375014000 	C:\Users\yarde\OneDrive\שולחן העבודה\שיטות\Ex-06_ClientServerGUI_FX\javafx-sdk-25.0.1\bin\api-ms-win-crt-time-l1-1-0.dll
0x0000026375020000 - 0x0000026375024000 	C:\Users\yarde\OneDrive\שולחן העבודה\שיטות\Ex-06_ClientServerGUI_FX\javafx-sdk-25.0.1\bin\api-ms-win-crt-utility-l1-1-0.dll
0x00007fff0f180000 - 0x00007fff0f291000 	C:\Users\yarde\OneDrive\שולחן העבודה\שיטות\Ex-06_ClientServerGUI_FX\javafx-sdk-25.0.1\bin\ucrtbase.dll
0x00007fff407d0000 - 0x00007fff407ee000 	C:\Users\yarde\OneDrive\שולחן העבודה\שיטות\Ex-06_ClientServerGUI_FX\javafx-sdk-25.0.1\bin\vcruntime140.dll
0x00007fff4ef80000 - 0x00007fff4ef8c000 	C:\Users\yarde\OneDrive\שולחן העבודה\שיטות\Ex-06_ClientServerGUI_FX\javafx-sdk-25.0.1\bin\vcruntime140_1.dll
0x00007fff16530000 - 0x00007fff165bd000 	C:\Users\yarde\OneDrive\שולחן העבודה\שיטות\Ex-06_ClientServerGUI_FX\javafx-sdk-25.0.1\bin\msvcp140.dll
0x00007fff4ee10000 - 0x00007fff4ee19000 	C:\Users\yarde\OneDrive\שולחן העבודה\שיטות\Ex-06_ClientServerGUI_FX\javafx-sdk-25.0.1\bin\msvcp140_1.dll
0x00007fff19f00000 - 0x00007fff19f41000 	C:\Users\yarde\OneDrive\שולחן העבודה\שיטות\Ex-06_ClientServerGUI_FX\javafx-sdk-25.0.1\bin\msvcp140_2.dll
0x00007fff3fcf0000 - 0x00007fff3fd20000 	C:\Users\yarde\OneDrive\שולחן העבודה\שיטות\Ex-06_ClientServerGUI_FX\javafx-sdk-25.0.1\bin\prism_d3d.dll
0x00007ffedd840000 - 0x00007ffedd9f3000 	C:\WINDOWS\system32\d3d9.dll
0x00007fff57d50000 - 0x00007fff57d80000 	C:\WINDOWS\SYSTEM32\dwmapi.dll
0x00007fff57b80000 - 0x00007fff57bc4000 	C:\WINDOWS\SYSTEM32\dxcore.dll
0x00007fff57840000 - 0x00007fff578eb000 	C:\WINDOWS\system32\uxtheme.dll
0x00007fff06ce0000 - 0x00007fff06da3000 	C:\WINDOWS\SYSTEM32\d3d9on12.dll
0x00007fff57bd0000 - 0x00007fff57d0b000 	C:\WINDOWS\SYSTEM32\dxgi.dll
0x00007fff20b00000 - 0x00007fff20b23000 	C:\WINDOWS\SYSTEM32\d3d12.dll
0x00007fff5a7c0000 - 0x00007fff5a817000 	C:\WINDOWS\SYSTEM32\cfgmgr32.dll
0x00007ffeab300000 - 0x00007ffeab658000 	C:\WINDOWS\SYSTEM32\D3D12Core.dll
0x00007ffefb9b0000 - 0x00007ffefbab7000 	C:\WINDOWS\System32\DriverStore\FileRepository\iigd_dch.inf_amd64_e7f98e080747a9ea\igd12umd64.dll
0x00007ffeaa3f0000 - 0x00007ffeab2f5000 	C:\WINDOWS\System32\DriverStore\FileRepository\iigd_dch.inf_amd64_e7f98e080747a9ea\igd12um64xel.dll
0x00007fff5b540000 - 0x00007fff5b6b7000 	C:\WINDOWS\System32\CRYPT32.dll
0x00007fff20cc0000 - 0x00007fff20d04000 	C:\WINDOWS\SYSTEM32\ControlLib.dll
0x00007fff5ba00000 - 0x00007fff5be8a000 	C:\WINDOWS\System32\SETUPAPI.dll
0x00007fff5a790000 - 0x00007fff5a7bd000 	C:\WINDOWS\SYSTEM32\DEVOBJ.dll
0x00007fff4ceb0000 - 0x00007fff4cf3b000 	C:\WINDOWS\System32\DriverStore\FileRepository\iigd_dch.inf_amd64_e7f98e080747a9ea\IntelControlLib.dll
0x00007fff5ac50000 - 0x00007fff5acd0000 	C:\WINDOWS\System32\WINTRUST.dll
0x00007fff5a360000 - 0x00007fff5a373000 	C:\WINDOWS\SYSTEM32\MSASN1.dll
0x00007fff54530000 - 0x00007fff54593000 	C:\WINDOWS\SYSTEM32\directxdatabasehelper.dll
0x00007fff4c790000 - 0x00007fff4cbc8000 	C:\WINDOWS\System32\DriverStore\FileRepository\iigd_dch.inf_amd64_e7f98e080747a9ea\igdgmm64.dll
0x00007fff46a40000 - 0x00007fff4a8ed000 	C:\WINDOWS\System32\DriverStore\FileRepository\iigd_dch.inf_amd64_e7f98e080747a9ea\igc64.dll
0x00007ffee8760000 - 0x00007ffee8845000 	C:\WINDOWS\SYSTEM32\D3DSCache.dll
0x00007fff5a020000 - 0x00007fff5a04b000 	C:\WINDOWS\SYSTEM32\USERENV.dll
0x00007ffeaa0f0000 - 0x00007ffeaa3ec000 	C:\WINDOWS\System32\DriverStore\FileRepository\iigd_dch.inf_amd64_e7f98e080747a9ea\igd12dxva64.dll
0x00007fff03270000 - 0x00007fff04453000 	C:\WINDOWS\System32\DriverStore\FileRepository\iigd_dch.inf_amd64_e7f98e080747a9ea\igddxvacommon64.dll
0x00007fff00ee0000 - 0x00007fff02c01000 	C:\WINDOWS\System32\DriverStore\FileRepository\iigd_dch.inf_amd64_e7f98e080747a9ea\media_bin_64.dll
0x00007fff15bd0000 - 0x00007fff15bf7000 	C:\WINDOWS\System32\DriverStore\FileRepository\iigd_dch.inf_amd64_e7f98e080747a9ea\igdinfo64.dll
0x00007fff5a240000 - 0x00007fff5a25b000 	C:\WINDOWS\SYSTEM32\CRYPTSP.dll
0x00007fff59960000 - 0x00007fff5999a000 	C:\WINDOWS\system32\rsaenh.dll
0x00007fff5a230000 - 0x00007fff5a23c000 	C:\WINDOWS\SYSTEM32\CRYPTBASE.dll
0x00007fff16420000 - 0x00007fff16469000 	C:\Users\yarde\OneDrive\שולחן העבודה\שיטות\Ex-06_ClientServerGUI_FX\javafx-sdk-25.0.1\bin\glass.dll

JVMTI agents: none

dbghelp: loaded successfully - version: 4.0.5 - missing functions: none
symbol engine: initialized successfully - sym options: 0x614 - pdb path: .;C:\Program Files\Java\jdk-25\bin;C:\WINDOWS\SYSTEM32;C:\Program Files\Avast Software\Avast;C:\WINDOWS\WinSxS\amd64_microsoft.windows.common-controls_6595b64144ccf1df_6.0.26100.7309_none_3e05feeae336a044;C:\Program Files (x86)\Citrix\ICA Client;C:\Program Files\Java\jdk-25\bin\server;C:\Users\yarde\OneDrive\שולחן העבודה\שיטות\Ex-06_ClientServerGUI_FX\javafx-sdk-25.0.1\bin;C:\WINDOWS\System32\DriverStore\FileRepository\iigd_dch.inf_amd64_e7f98e080747a9ea;C:\Program Files\Common Files\Microsoft Shared\Ink

VM Arguments:
jvm_args: --module-path=C:\Users\yarde\OneDrive\שולחן העבודה\שיטות\Ex-06_ClientServerGUI_FX\javafx-sdk-25.0.1\lib --add-modules=javafx.controls,javafx.fxml --enable-native-access=javafx.graphics -Dfile.encoding=UTF-8 -Dstdout.encoding=UTF-8 -Dstderr.encoding=UTF-8 -XX:+ShowCodeDetailsInExceptionMessages 
java_command: ServerGUI.ServerUI
java_class_path (initial): C:\Users\yarde\git\Bistro-Project\Assignment2Files\Bistro_server\bin;C:\Users\yarde\git\Bistro-Project\Assignment2Files\DBController\bin;C:\Users\yarde\OneDrive\שולחן העבודה\שיטות\Ex-06_ClientServerGUI_FX\javafx-sdk-25.0.1\lib\javafx.base.jar;C:\Users\yarde\OneDrive\שולחן העבודה\שיטות\Ex-06_ClientServerGUI_FX\javafx-sdk-25.0.1\lib\javafx.controls.jar;C:\Users\yarde\OneDrive\שולחן העבודה\שיטות\Ex-06_ClientServerGUI_FX\javafx-sdk-25.0.1\lib\javafx.fxml.jar;C:\Users\yarde\OneDrive\שולחן העבודה\שיטות\Ex-06_ClientServerGUI_FX\javafx-sdk-25.0.1\lib\javafx.graphics.jar;C:\Users\yarde\OneDrive\שולחן העבודה\שיטות\Ex-06_ClientServerGUI_FX\javafx-sdk-25.0.1\lib\javafx.media.jar;C:\Users\yarde\OneDrive\שולחן העבודה\שיטות\Ex-06_ClientServerGUI_FX\javafx-sdk-25.0.1\lib\javafx.swing.jar;C:\Users\yarde\OneDrive\שולחן העבודה\שיטות\Ex-06_ClientServerGUI_FX\javafx-sdk-25.0.1\lib\javafx.web.jar;C:\Users\yarde\OneDrive\שולחן העבודה\שיטות\Ex-06_ClientServerGUI_FX\javafx-sdk-25.0.1\lib\javafx-swt.jar;C:\Users\yarde\OneDrive\שולחן העבודה\שיטות\Ex-06_ClientServerGUI_FX\javafx-sdk-25.0.1\lib\jdk.jsobject.jar;C:\Users\yarde\OneDrive\שולחן העבודה\שיטות\Ex-06_ClientServerGUI_FX\javafx-sdk-25.0.1\lib\jfx.incubator.input.jar;C:\Users\yarde\OneDrive\שולחן העבודה\שיטות\Ex-06_ClientServerGUI_FX\javafx-sdk-25.0.1\lib\jfx.incubator.richtext.jar;C:\Users\yarde\git\Bistro-Project\Assignment2Files\DBController\lib\mysql-connector-j-9.5.0.jar;C:\Users\yarde\git\Bistro-Project\Assignment2Files\Bistro_Common\bin;C:\Users\yarde\git\Bistro-Project\Assignment2Files\HikariCP-5.1.0.jar;C:\Users\yarde\git\Bistro-Project\Assignment2Files\slf4j-api-2.0.13.jar;C:\Users\yarde\git\Bistro-Project\Assignment2Files\slf4j-simple-2.0.13.jar;C:\Users\yarde\git\Bistro-Project\Assignment2Files\Bistro_Ocsf\bin
Launcher Type: SUN_STANDARD

[Global flags]
     intx CICompilerCount                          = 12                                        {product} {ergonomic}
     uint ConcGCThreads                            = 4                                         {product} {ergonomic}
     uint G1ConcRefinementThreads                  = 15                                        {product} {ergonomic}
   size_t G1HeapRegionSize                         = 2097152                                   {product} {ergonomic}
   size_t InitialHeapSize                          = 264241152                                 {product} {ergonomic}
   size_t MarkStackSize                            = 4194304                                   {product} {ergonomic}
   size_t MarkStackSizeMax                         = 536870912                                 {product} {ergonomic}
   size_t MaxHeapSize                              = 4223664128                                {product} {ergonomic}
   size_t MaxNewSize                               = 2533359616                                {product} {ergonomic}
   size_t MinHeapDeltaBytes                        = 2097152                                   {product} {ergonomic}
   size_t MinHeapSize                              = 8388608                                   {product} {ergonomic}
    uintx NonNMethodCodeHeapSize                   = 7602176                                {pd product} {ergonomic}
    uintx NonProfiledCodeHeapSize                  = 122093568                              {pd product} {ergonomic}
    uintx ProfiledCodeHeapSize                     = 121962496                              {pd product} {ergonomic}
    uintx ReservedCodeCacheSize                    = 251658240                              {pd product} {ergonomic}
     bool SegmentedCodeCache                       = true                                      {product} {ergonomic}
     bool ShowCodeDetailsInExceptionMessages       = true                                   {manageable} {command line}
   size_t SoftMaxHeapSize                          = 4223664128                             {manageable} {ergonomic}
     bool UseCompressedOops                        = true                           {product lp64_product} {ergonomic}
     bool UseG1GC                                  = true                                      {product} {ergonomic}
     bool UseLargePagesIndividualAllocation        = false                                  {pd product} {ergonomic}

Logging:
Log output configuration:
 #0: stdout all=warning uptime,level,tags foldmultilines=false
 #1: stderr all=off uptime,level,tags foldmultilines=false

Release file:
IMPLEMENTOR="Oracle Corporation" 
JAVA_RUNTIME_VERSION="25.0.1+8-LTS-27" 
JAVA_VERSION="25.0.1" 
JAVA_VERSION_DATE="2025-10-21" 
LIBC="default" 
MODULES="java.base java.compiler java.datatransfer java.xml java.prefs java.desktop java.instrument java.logging java.management java.security.sasl java.naming java.rmi java.management.rmi java.net.http java.scripting java.security.jgss java.transaction.xa java.sql java.sql.rowset java.xml.crypto java.se java.smartcardio jdk.accessibility jdk.internal.jvmstat jdk.attach jdk.charsets jdk.internal.opt jdk.zipfs jdk.compiler jdk.crypto.cryptoki jdk.crypto.ec jdk.crypto.mscapi jdk.dynalink jdk.internal.ed jdk.editpad jdk.internal.vm.ci jdk.graal.compiler jdk.graal.compiler.management jdk.hotspot.agent jdk.httpserver jdk.incubator.vector jdk.internal.le jdk.internal.md jdk.jartool jdk.javadoc jdk.jcmd jdk.management jdk.management.agent jdk.jconsole jdk.jdeps jdk.jdwp.agent jdk.jdi jdk.jfr jdk.jlink jdk.jpackage jdk.jshell jdk.jsobject jdk.jstatd jdk.localedata jdk.management.jfr jdk.naming.dns jdk.naming.rmi jdk.net jdk.nio.mapmode jdk.sctp jdk.security.auth jdk.security.jgss jdk.unsupported jdk.unsupported.desktop jdk.xml.dom" 
OS_ARCH="x86_64" 
OS_NAME="Windows" 
SOURCE=".:git:862c85bc42b7 open:git:78770bfaefd2" 

Environment Variables:
JAVA_HOME=C:\Program Files\BellSoft\LibericaJDK-17-Full\
PATH=C:/Users/yarde/.p2/pool/plugins/org.eclipse.justj.openjdk.hotspot.jre.full.win32.x86_64_21.0.6.v20250130-0529/jre/bin/server;C:/Users/yarde/.p2/pool/plugins/org.eclipse.justj.openjdk.hotspot.jre.full.win32.x86_64_21.0.6.v20250130-0529/jre/bin;C:\Program Files\Common Files\Oracle\Java\javapath;C:\Program Files\BellSoft\LibericaJDK-17-Full\bin\;C:\Program Files (x86)\Common Files\Oracle\Java\java8path;C:\Program Files (x86)\Common Files\Oracle\Java\javapath;C:\Windows\system32;C:\Windows;C:\Windows\System32\Wbem;C:\Windows\System32\WindowsPowerShell\v1.0\;C:\Windows\System32\OpenSSH\;C:\Program Files (x86)\NVIDIA Corporation\PhysX\Common;C:\Program Files\NVIDIA Corporation\NVIDIA NvDLISR;C:\WINDOWS\system32;C:\WINDOWS;C:\WINDOWS\System32\Wbem;C:\WINDOWS\System32\WindowsPowerShell\v1.0\;C:\WINDOWS\System32\OpenSSH\;C:\Program Files\Microsoft SQL Server\150\Tools\Binn\;C:\Program Files\Microsoft SQL Server\Client SDK\ODBC\170\Tools\Binn\;C:\Program Files\dotnet\;C:\Program Files (x86)\Windows Kits\10\Windows Performance Toolkit\;C:\Program Files\Git\cmd;C:\Program Files\MySQL\MySQL Shell 8.0\bin\;C:\Users\yarde\AppData\Local\Microsoft\WindowsApps;C:\Users\yarde\AppData\Local\Programs\Microsoft VS Code\bin;C:\Users\yarde\.dotnet\tools;C:\Users\yarde\OneDrive\שולחן העבודה;
USERNAME=yarde
OS=Windows_NT
PROCESSOR_IDENTIFIER=Intel64 Family 6 Model 154 Stepping 3, GenuineIntel
TMP=C:\Users\yarde\AppData\Local\Temp
TEMP=C:\Users\yarde\AppData\Local\Temp




Compilation memory statistics disabled.

Periodic native trim disabled

---------------  S Y S T E M  ---------------

OS:
 Windows 11 , 64 bit Build 26100 (10.0.26100.7309)
OS uptime: 6 days 2:26 hours
Hyper-V role detected

CPU: total 20 (initial active 20) (10 cores per cpu, 2 threads per core) family 6 model 154 stepping 3 microcode 0x41b, cx8, cmov, fxsr, ht, mmx, 3dnowpref, sse, sse2, sse3, ssse3, sse4.1, sse4.2, popcnt, lzcnt, tsc, tscinvbit, avx, avx2, aes, erms, clmul, bmi1, bmi2, adx, sha, fma, vzeroupper, clflush, clflushopt, clwb, hv, serialize, rdtscp, rdpid, fsrm, gfni, f16c, cet_ibt, cet_ss
Processor Information for processor 0
  Max Mhz: 2300, Current Mhz: 2300, Mhz Limit: 2300
Processor Information for processor 1
  Max Mhz: 2300, Current Mhz: 1506, Mhz Limit: 2300
Processor Information for processor 2
  Max Mhz: 2300, Current Mhz: 2300, Mhz Limit: 2300
Processor Information for processor 3
  Max Mhz: 2300, Current Mhz: 2300, Mhz Limit: 2300
Processor Information for processor 4
  Max Mhz: 2300, Current Mhz: 2300, Mhz Limit: 2300
Processor Information for processor 5
  Max Mhz: 2300, Current Mhz: 2300, Mhz Limit: 2300
Processor Information for processor 6
  Max Mhz: 2300, Current Mhz: 2300, Mhz Limit: 2300
Processor Information for processor 7
  Max Mhz: 2300, Current Mhz: 2300, Mhz Limit: 2300
Processor Information for processor 8
  Max Mhz: 2300, Current Mhz: 2300, Mhz Limit: 2300
Processor Information for processor 9
  Max Mhz: 2300, Current Mhz: 2300, Mhz Limit: 2300
Processor Information for processor 10
  Max Mhz: 2300, Current Mhz: 2300, Mhz Limit: 2300
Processor Information for processor 11
  Max Mhz: 2300, Current Mhz: 2300, Mhz Limit: 2300
Processor Information for processor 12
  Max Mhz: 1700, Current Mhz: 1700, Mhz Limit: 1700
Processor Information for processor 13
  Max Mhz: 1700, Current Mhz: 1700, Mhz Limit: 1700
Processor Information for processor 14
  Max Mhz: 1700, Current Mhz: 1700, Mhz Limit: 1700
Processor Information for processor 15
  Max Mhz: 1700, Current Mhz: 1700, Mhz Limit: 1700
Processor Information for processor 16
  Max Mhz: 1700, Current Mhz: 1700, Mhz Limit: 1700
Processor Information for processor 17
  Max Mhz: 1700, Current Mhz: 1700, Mhz Limit: 1700
Processor Information for processor 18
  Max Mhz: 1700, Current Mhz: 1700, Mhz Limit: 1700
Processor Information for processor 19
  Max Mhz: 1700, Current Mhz: 1500, Mhz Limit: 1700

Memory: 4k page, system-wide physical 16108M (1783M free)
TotalPageFile size 65260M (AvailPageFile size 19M)
current process WorkingSet (physical memory assigned to process): 350M, peak: 394M
current process commit charge ("private bytes"): 454M, peak: 623M

vm_info: Java HotSpot(TM) 64-Bit Server VM (25.0.1+8-LTS-27) for windows-amd64 JRE (25.0.1+8-LTS-27), built on 2025-09-25T16:41:16Z with unknown MS VC++:1943

END.
