#
# There is insufficient memory for the Java Runtime Environment to continue.
# Native memory allocation (malloc) failed to allocate 259544 bytes. Error detail: Chunk::new
# Possible reasons:
#   The system is out of physical RAM or swap space
#   This process is running with CompressedOops enabled, and the Java Heap may be blocking the growth of the native heap
# Possible solutions:
#   Reduce memory load on the system
#   Increase physical memory or swap space
#   Check if swap backing store is full
#   Decrease Java heap size (-Xmx/-Xms)
#   Decrease number of Java threads
#   Decrease Java thread stack sizes (-Xss)
#   Set larger code cache with -XX:ReservedCodeCacheSize=
#   JVM is running with Zero Based Compressed Oops mode in which the Java heap is
#     placed in the first 32GB address space. The Java Heap base address is the
#     maximum limit for the native heap growth. Please use -XX:HeapBaseMinAddress
#     to set the Java Heap base and to place the Java Heap above 32GB virtual address.
# This output file may be truncated or incomplete.
#
#  Out of Memory Error (arena.cpp:186), pid=35956, tid=32864
#
# JRE version: Java(TM) SE Runtime Environment (25.0.1+8) (build 25.0.1+8-LTS-27)
# Java VM: Java HotSpot(TM) 64-Bit Server VM (25.0.1+8-LTS-27, mixed mode, sharing, tiered, compressed oops, compressed class ptrs, g1 gc, windows-amd64)
# No core dump will be written. Minidumps are not enabled by default on client versions of Windows
#

---------------  S U M M A R Y ------------

Command Line: --module-path=C:\Users\yarde\OneDrive\שולחן העבודה\שיטות\Ex-06_ClientServerGUI_FX\javafx-sdk-25.0.1\lib --add-modules=javafx.controls,javafx.fxml --enable-native-access=javafx.graphics -Dfile.encoding=UTF-8 -Dstdout.encoding=UTF-8 -Dstderr.encoding=UTF-8 -XX:+ShowCodeDetailsInExceptionMessages ServerGUI.ServerUI

Host: 12th Gen Intel(R) Core(TM) i7-12700H, 20 cores, 15G,  Windows 11 , 64 bit Build 26100 (10.0.26100.7309)
Time: Fri Jan 16 20:35:34 2026 elapsed time: 11.430340 seconds (0d 0h 0m 11s)

---------------  T H R E A D  ---------------

Current thread (0x00000271858045d0):  JavaThread "C2 CompilerThread0" daemon [_thread_in_native, id=32864, stack(0x000000fbbf500000,0x000000fbbf600000) (1024K)]


Current CompileTask:
C2:11430 4622   !   4       jdk.internal.loader.URLClassPath$FileLoader::getResource (143 bytes)

Stack: [0x000000fbbf500000,0x000000fbbf600000]
Native frames: (J=compiled Java code, j=interpreted, Vv=VM code, C=native code)
V  [jvm.dll+0x7a6b59]  (no source info available)
V  [jvm.dll+0x77290d]  (no source info available)
V  [jvm.dll+0x966153]  (no source info available)
V  [jvm.dll+0x968751]  (no source info available)
V  [jvm.dll+0x968e53]  (no source info available)
V  [jvm.dll+0x2fc756]  (no source info available)
V  [jvm.dll+0x111b26]  (no source info available)
V  [jvm.dll+0x111e4e]  (no source info available)
V  [jvm.dll+0x381801]  (no source info available)
V  [jvm.dll+0x6b8bd9]  (no source info available)
V  [jvm.dll+0x2c9bfa]  (no source info available)
V  [jvm.dll+0x2c2210]  (no source info available)
V  [jvm.dll+0x2bf995]  (no source info available)
V  [jvm.dll+0x237b60]  (no source info available)
V  [jvm.dll+0x2cfb56]  (no source info available)
V  [jvm.dll+0x2cddd5]  (no source info available)
V  [jvm.dll+0x48e6d1]  (no source info available)
V  [jvm.dll+0x906a0d]  (no source info available)
V  [jvm.dll+0x7a5135]  (no source info available)
C  [ucrtbase.dll+0x37b0]  (no source info available)
C  [KERNEL32.DLL+0x2e8d7]  (no source info available)
C  [ntdll.dll+0x8c53c]  (no source info available)

Lock stack of current Java thread (top to bottom):


---------------  P R O C E S S  ---------------

Threads class SMR info:
_java_thread_list=0x000002718f6a5eb0, length=24, elements={
0x00000271e545fae0, 0x00000271857f02e0, 0x00000271857f0aa0, 0x00000271857fa4b0,
0x00000271857fefd0, 0x0000027185800b70, 0x0000027185801330, 0x00000271858045d0,
0x0000027185808670, 0x00000271857c7fd0, 0x0000027188976dd0, 0x000002718dc11750,
0x0000027188c081f0, 0x000002718ea01790, 0x000002718da2e980, 0x000002718e323b30,
0x000002718e3255c0, 0x000002718f6e7850, 0x000002718e32bfa0, 0x000002718e32ee80,
0x000002718ed1bac0, 0x000002718f65d080, 0x000002718da00380, 0x000002718da023c0
}

Java Threads: ( => current thread )
  0x00000271e545fae0 JavaThread "main"                              [_thread_blocked, id=50660, stack(0x000000fbbe600000,0x000000fbbe700000) (1024K)]
  0x00000271857f02e0 JavaThread "Reference Handler"          daemon [_thread_blocked, id=51176, stack(0x000000fbbef00000,0x000000fbbf000000) (1024K)]
  0x00000271857f0aa0 JavaThread "Finalizer"                  daemon [_thread_blocked, id=16628, stack(0x000000fbbf000000,0x000000fbbf100000) (1024K)]
  0x00000271857fa4b0 JavaThread "Signal Dispatcher"          daemon [_thread_blocked, id=33260, stack(0x000000fbbf100000,0x000000fbbf200000) (1024K)]
  0x00000271857fefd0 JavaThread "Attach Listener"            daemon [_thread_blocked, id=47500, stack(0x000000fbbf200000,0x000000fbbf300000) (1024K)]
  0x0000027185800b70 JavaThread "Service Thread"             daemon [_thread_blocked, id=42596, stack(0x000000fbbf300000,0x000000fbbf400000) (1024K)]
  0x0000027185801330 JavaThread "Monitor Deflation Thread"   daemon [_thread_blocked, id=38568, stack(0x000000fbbf400000,0x000000fbbf500000) (1024K)]
=>0x00000271858045d0 JavaThread "C2 CompilerThread0"         daemon [_thread_in_native, id=32864, stack(0x000000fbbf500000,0x000000fbbf600000) (1024K)]
  0x0000027185808670 JavaThread "C1 CompilerThread0"         daemon [_thread_blocked, id=21780, stack(0x000000fbbf600000,0x000000fbbf700000) (1024K)]
  0x00000271857c7fd0 JavaThread "C1 CompilerThread1"         daemon [_thread_blocked, id=32232, stack(0x000000fbbf700000,0x000000fbbf800000) (1024K)]
  0x0000027188976dd0 JavaThread "Common-Cleaner"             daemon [_thread_blocked, id=23796, stack(0x000000fbbf800000,0x000000fbbf900000) (1024K)]
  0x000002718dc11750 JavaThread "Notification Thread"        daemon [_thread_blocked, id=10972, stack(0x000000fbbff00000,0x000000fbc0000000) (1024K)]
  0x0000027188c081f0 JavaThread "QuantumRenderer-0"          daemon [_thread_blocked, id=15736, stack(0x000000fbbfe00000,0x000000fbbff00000) (1024K)]
  0x000002718ea01790 JavaThread "InvokeLaterDispatcher"      daemon [_thread_blocked, id=28668, stack(0x000000fbbfb00000,0x000000fbbfc00000) (1024K)]
  0x000002718da2e980 JavaThread "JavaFX Application Thread"         [_thread_in_native, id=3424, stack(0x000000fbbfc00000,0x000000fbbfd00000) (1024K)]
  0x000002718e323b30 JavaThread "JavaFX-Launcher"                   [_thread_blocked, id=36156, stack(0x000000fbc0a00000,0x000000fbc0b00000) (1024K)]
  0x000002718e3255c0 JavaThread "Thread-2"                   daemon [_thread_in_native, id=30824, stack(0x000000fbc0900000,0x000000fbc0a00000) (1024K)]
  0x000002718f6e7850 JavaThread "Prism Font Disposer"        daemon [_thread_blocked, id=9352, stack(0x000000fbc1300000,0x000000fbc1400000) (1024K)]
  0x000002718e32bfa0 JavaThread "Cleaner-0"                  daemon [_thread_blocked, id=45456, stack(0x000000fbc0c00000,0x000000fbc0d00000) (1024K)]
  0x000002718e32ee80 JavaThread "Thread-4"                          [_thread_in_native, id=27920, stack(0x000000fbc0d00000,0x000000fbc0e00000) (1024K)]
  0x000002718ed1bac0 JavaThread "mysql-cj-abandoned-connection-cleanup" daemon [_thread_blocked, id=23860, stack(0x000000fbc0b00000,0x000000fbc0c00000) (1024K)]
  0x000002718f65d080 JavaThread "HikariPool-1 housekeeper"   daemon [_thread_blocked, id=49212, stack(0x000000fbc1f00000,0x000000fbc2000000) (1024K)]
  0x000002718da00380 JavaThread "C2 CompilerThread1"         daemon [_thread_blocked, id=31900, stack(0x000000fbbfa00000,0x000000fbbfb00000) (1024K)]
  0x000002718da023c0 JavaThread "C2 CompilerThread2"         daemon [_thread_blocked, id=32440, stack(0x000000fbc1400000,0x000000fbc1500000) (1024K)]
Total: 24

Other Threads:
  0x00000271857de3d0 VMThread "VM Thread"                           [id=16648, stack(0x000000fbbee00000,0x000000fbbef00000) (1024K)]
  0x00000271857c7440 WatcherThread "VM Periodic Task Thread"        [id=43212, stack(0x000000fbbed00000,0x000000fbbee00000) (1024K)]
  0x00000271e7a75820 WorkerThread "GC Thread#0"                     [id=28276, stack(0x000000fbbe800000,0x000000fbbe900000) (1024K)]
  0x000002718dd9a1c0 WorkerThread "GC Thread#1"                     [id=44224, stack(0x000000fbc0e00000,0x000000fbc0f00000) (1024K)]
  0x000002718dd9b300 WorkerThread "GC Thread#2"                     [id=45708, stack(0x000000fbc0f00000,0x000000fbc1000000) (1024K)]
  0x000002718dd9bff0 WorkerThread "GC Thread#3"                     [id=29236, stack(0x000000fbc1000000,0x000000fbc1100000) (1024K)]
  0x000002718dd9cce0 WorkerThread "GC Thread#4"                     [id=16476, stack(0x000000fbc1100000,0x000000fbc1200000) (1024K)]
  0x000002718dd9c890 WorkerThread "GC Thread#5"                     [id=26032, stack(0x000000fbc1200000,0x000000fbc1300000) (1024K)]
  0x000002718ead0eb0 WorkerThread "GC Thread#6"                     [id=16884, stack(0x000000fbc1600000,0x000000fbc1700000) (1024K)]
  0x000002718ead01c0 WorkerThread "GC Thread#7"                     [id=32332, stack(0x000000fbc1700000,0x000000fbc1800000) (1024K)]
  0x000002718ead1300 WorkerThread "GC Thread#8"                     [id=17404, stack(0x000000fbc1800000,0x000000fbc1900000) (1024K)]
  0x000002718ead1750 WorkerThread "GC Thread#9"                     [id=3288, stack(0x000000fbc1900000,0x000000fbc1a00000) (1024K)]
  0x000002718ead1ba0 WorkerThread "GC Thread#10"                    [id=19232, stack(0x000000fbc1a00000,0x000000fbc1b00000) (1024K)]
  0x00000271e7a8e140 ConcurrentGCThread "G1 Main Marker"            [id=11800, stack(0x000000fbbe900000,0x000000fbbea00000) (1024K)]
  0x0000027185613520 WorkerThread "G1 Conc#0"                       [id=29868, stack(0x000000fbbea00000,0x000000fbbeb00000) (1024K)]
  0x000002718eacec30 WorkerThread "G1 Conc#1"                       [id=27504, stack(0x000000fbc1b00000,0x000000fbc1c00000) (1024K)]
  0x0000027198670110 WorkerThread "G1 Conc#2"                       [id=16156, stack(0x000000fbc1c00000,0x000000fbc1d00000) (1024K)]
  0x00000271986716a0 WorkerThread "G1 Conc#3"                       [id=45208, stack(0x000000fbc1d00000,0x000000fbc1e00000) (1024K)]
  0x000002718568bb70 ConcurrentGCThread "G1 Refine#0"               [id=34428, stack(0x000000fbbeb00000,0x000000fbbec00000) (1024K)]
  0x000002718568c630 ConcurrentGCThread "G1 Service"                [id=38700, stack(0x000000fbbec00000,0x000000fbbed00000) (1024K)]
Total: 20

Threads with active compile tasks:
C2 CompilerThread0  13949 4622   !   4       jdk.internal.loader.URLClassPath$FileLoader::getResource (143 bytes)
Total: 1

VM state: not at safepoint (normal execution)

VM Mutex/Monitor currently owned by a thread: None

Heap address: 0x0000000704400000, size: 4028 MB, Compressed Oops mode: Zero based, Oop shift amount: 3

CDS archive(s) mapped at: [0x0000000032000000-0x0000000032dd0000-0x0000000032dd0000), size 14483456, SharedBaseAddress: 0x0000000032000000, ArchiveRelocationMode: 1.
Compressed class space mapped at: 0x0000000033000000-0x0000000073000000, reserved size: 1073741824
UseCompressedClassPointers 1, UseCompactObjectHeaders 0
Narrow klass pointer bits 32, Max shift 3
Narrow klass base: 0x0000000032000000, Narrow klass shift: 0
Encoding Range: [0x0000000032000000 - 0x0000000132000000), (4294967296 bytes)
Klass Range:    [0x0000000032010000 - 0x0000000073000000), (1090453504 bytes)
Klass ID Range:  [65536 - 1090519033) (1090453497)
Protection zone: [0x0000000032000000 - 0x0000000032010000), (65536 bytes)

GC Precious Log:
 CardTable entry size: 512
 Card Set container configuration: InlinePtr #cards 4 size 8 Array Of Cards #cards 16 size 48 Howl #buckets 8 coarsen threshold 3686 Howl Bitmap #cards 512 size 80 coarsen threshold 460 Card regions per heap region 1 cards per card region 4096
 CPUs: 20 total, 20 available
 Memory: 16108M
 Large Page Support: Disabled
 NUMA Support: Disabled
 Compressed Oops: Enabled (Zero based)
 Heap Region Size: 2M
 Heap Min Capacity: 8M
 Heap Initial Capacity: 252M
 Heap Max Capacity: 4028M
 Pre-touch: Disabled
 Parallel Workers: 15
 Concurrent Workers: 4
 Concurrent Refinement Workers: 15
 Periodic GC: Disabled

Heap:
 garbage-first heap   total reserved 4124672K, committed 61440K, used 31377K [0x0000000704400000, 0x0000000800000000)
  region size 2048K, 15 young (30720K), 7 survivors (14336K)

Heap Regions: E=young(eden), S=young(survivor), O=old, HS=humongous(starts), HC=humongous(continues), CS=collection set, F=free, TAMS=top-at-mark-start, PB=parsable bottom
|   0|0x0000000704400000, 0x0000000704400000, 0x0000000704600000|  0%| F|  |TAMS 0x0000000704400000| PB 0x0000000704400000| Untracked |  0
|   1|0x0000000704600000, 0x0000000704800000, 0x0000000704800000|100%|HS|  |TAMS 0x0000000704600000| PB 0x0000000704600000| Complete |  0
|   2|0x0000000704800000, 0x0000000704800000, 0x0000000704a00000|  0%| F|  |TAMS 0x0000000704800000| PB 0x0000000704800000| Untracked |  0
|   3|0x0000000704a00000, 0x0000000704a00000, 0x0000000704c00000|  0%| F|  |TAMS 0x0000000704a00000| PB 0x0000000704a00000| Untracked |  0
|   4|0x0000000704c00000, 0x0000000704c00000, 0x0000000704e00000|  0%| F|  |TAMS 0x0000000704c00000| PB 0x0000000704c00000| Untracked |  0
|   5|0x0000000704e00000, 0x0000000704e00000, 0x0000000705000000|  0%| F|  |TAMS 0x0000000704e00000| PB 0x0000000704e00000| Untracked |  0
|   6|0x0000000705000000, 0x0000000705000000, 0x0000000705200000|  0%| F|  |TAMS 0x0000000705000000| PB 0x0000000705000000| Untracked |  0
|   7|0x0000000705200000, 0x0000000705200000, 0x0000000705400000|  0%| F|  |TAMS 0x0000000705200000| PB 0x0000000705200000| Untracked |  0
|   8|0x0000000705400000, 0x0000000705400000, 0x0000000705600000|  0%| F|  |TAMS 0x0000000705400000| PB 0x0000000705400000| Untracked |  0
|   9|0x0000000705600000, 0x0000000705600000, 0x0000000705800000|  0%| F|  |TAMS 0x0000000705600000| PB 0x0000000705600000| Untracked |  0
|  10|0x0000000705800000, 0x0000000705800000, 0x0000000705a00000|  0%| F|  |TAMS 0x0000000705800000| PB 0x0000000705800000| Untracked |  0
|  11|0x0000000705a00000, 0x0000000705a00000, 0x0000000705c00000|  0%| F|  |TAMS 0x0000000705a00000| PB 0x0000000705a00000| Untracked |  0
|  12|0x0000000705c00000, 0x0000000705c00000, 0x0000000705e00000|  0%| F|  |TAMS 0x0000000705c00000| PB 0x0000000705c00000| Untracked |  0
|  13|0x0000000705e00000, 0x0000000705e00000, 0x0000000706000000|  0%| F|  |TAMS 0x0000000705e00000| PB 0x0000000705e00000| Untracked |  0
|  14|0x0000000706000000, 0x0000000706100000, 0x0000000706200000| 50%| E|  |TAMS 0x0000000706000000| PB 0x0000000706000000| Complete |  0
|  15|0x0000000706200000, 0x0000000706400000, 0x0000000706400000|100%| E|CS|TAMS 0x0000000706200000| PB 0x0000000706200000| Complete |  0
|  16|0x0000000706400000, 0x0000000706600000, 0x0000000706600000|100%| E|CS|TAMS 0x0000000706400000| PB 0x0000000706400000| Complete |  0
|  17|0x0000000706600000, 0x0000000706800000, 0x0000000706800000|100%| E|CS|TAMS 0x0000000706600000| PB 0x0000000706600000| Complete |  0
|  18|0x0000000706800000, 0x0000000706a00000, 0x0000000706a00000|100%| E|CS|TAMS 0x0000000706800000| PB 0x0000000706800000| Complete |  0
|  19|0x0000000706a00000, 0x0000000706c00000, 0x0000000706c00000|100%| E|CS|TAMS 0x0000000706a00000| PB 0x0000000706a00000| Complete |  0
|  20|0x0000000706c00000, 0x0000000706e00000, 0x0000000706e00000|100%| E|CS|TAMS 0x0000000706c00000| PB 0x0000000706c00000| Complete |  0
|  73|0x000000070d600000, 0x000000070d77f0b0, 0x000000070d800000| 74%| S|CS|TAMS 0x000000070d600000| PB 0x000000070d600000| Complete |  0
|  74|0x000000070d800000, 0x000000070da00000, 0x000000070da00000|100%| S|CS|TAMS 0x000000070d800000| PB 0x000000070d800000| Complete |  0
|  75|0x000000070da00000, 0x000000070dc00000, 0x000000070dc00000|100%| S|CS|TAMS 0x000000070da00000| PB 0x000000070da00000| Complete |  0
|  76|0x000000070dc00000, 0x000000070de00000, 0x000000070de00000|100%| S|CS|TAMS 0x000000070dc00000| PB 0x000000070dc00000| Complete |  0
|  77|0x000000070de00000, 0x000000070e000000, 0x000000070e000000|100%| S|CS|TAMS 0x000000070de00000| PB 0x000000070de00000| Complete |  1
|  78|0x000000070e000000, 0x000000070e200000, 0x000000070e200000|100%| S|CS|TAMS 0x000000070e000000| PB 0x000000070e000000| Complete |  0
|  79|0x000000070e200000, 0x000000070e400000, 0x000000070e400000|100%| S|CS|TAMS 0x000000070e200000| PB 0x000000070e200000| Complete |  0
| 125|0x0000000713e00000, 0x0000000714000000, 0x0000000714000000|100%| E|CS|TAMS 0x0000000713e00000| PB 0x0000000713e00000| Complete |  0
|2013|0x00000007ffe00000, 0x00000007fff256a0, 0x0000000800000000| 57%| O|Cm|TAMS 0x00000007ffe00000| PB 0x00000007ffe00000| Complete |  0

Card table byte_map: [0x0000027180e40000,0x0000027181620000] _byte_map_base: 0x000002717d61e000

Marking Bits: (CMBitMap*) 0x00000271e7a75e60
 Bits: [0x0000027181620000, 0x0000027185510000)

Polling page: 0x00000271e57d0000

Metaspace:
Metaspace        used 24351K, committed 24704K, reserved 1114112K
 class space     used 3129K, committed 3264K, reserved 1048576K

Usage:
  Non-class:     20.72 MB used.
      Class:      3.06 MB used.
       Both:     23.78 MB used.

Virtual space:
  Non-class space:       64.00 MB reserved,      20.94 MB ( 33%) committed,  1 nodes.
      Class space:        1.00 GB reserved,       3.19 MB ( <1%) committed,  1 nodes.
             Both:        1.06 GB reserved,      24.12 MB (  2%) committed. 

Chunk freelists:
   Non-Class:  10.30 MB
       Class:  12.76 MB
        Both:  23.06 MB

MaxMetaspaceSize: unlimited
CompressedClassSpaceSize: 1.00 GB
Initial GC threshold: 21.00 MB
Current GC threshold: 35.25 MB
CDS: on
 - commit_granule_bytes: 65536.
 - commit_granule_words: 8192.
 - virtual_space_node_default_size: 8388608.
 - enlarge_chunks_in_place: 1.
UseCompressedClassPointers 1, UseCompactObjectHeaders 0
Narrow klass pointer bits 32, Max shift 3
Narrow klass base: 0x0000000032000000, Narrow klass shift: 0
Encoding Range: [0x0000000032000000 - 0x0000000132000000), (4294967296 bytes)
Klass Range:    [0x0000000032010000 - 0x0000000073000000), (1090453504 bytes)
Klass ID Range:  [65536 - 1090519033) (1090453497)
Protection zone: [0x0000000032000000 - 0x0000000032010000), (65536 bytes)


Internal statistics:

num_allocs_failed_limit: 3.
num_arena_births: 286.
num_arena_deaths: 0.
num_vsnodes_births: 2.
num_vsnodes_deaths: 0.
num_space_committed: 386.
num_space_uncommitted: 0.
num_chunks_returned_to_freelist: 3.
num_chunks_taken_from_freelist: 1059.
num_chunk_merges: 3.
num_chunk_splits: 762.
num_chunks_enlarged: 611.
num_inconsistent_stats: 0.

CodeHeap 'non-profiled nmethods': size=119232Kb used=1878Kb max_used=1878Kb free=117353Kb
 bounds [0x00000271f7f50000, 0x00000271f81c0000, 0x00000271ff3c0000]
CodeHeap 'profiled nmethods': size=119104Kb used=7780Kb max_used=7780Kb free=111323Kb
 bounds [0x00000271f03c0000, 0x00000271f0b60000, 0x00000271f7810000]
CodeHeap 'non-nmethods': size=7424Kb used=2332Kb max_used=3485Kb free=5091Kb
 bounds [0x00000271f7810000, 0x00000271f7b80000, 0x00000271f7f50000]
CodeCache: size=245760Kb, used=11990Kb, max_used=13143Kb, free=233767Kb
 total_blobs=5597, nmethods=4694, adapters=803, full_count=0
Compilation: enabled, stopped_count=0, restarted_count=0

Compilation events (20 events):
Event: 9.373 Thread 0x000002718899e150 nmethod 4630 0x00000271f0b3db08 code [0x00000271f0b3dc20, 0x00000271f0b3ddf0]
Event: 9.373 Thread 0x00000271857c7fd0 nmethod 4628 0x00000271f0b3de08 code [0x00000271f0b3df00, 0x00000271f0b3eb28]
Event: 9.374 Thread 0x0000027185808670 nmethod 4627 0x00000271f0b3eb88 code [0x00000271f0b3eca0, 0x00000271f0b40838]
Event: 9.378 Thread 0x00000271857c7fd0 4631       3       com.sun.scenario.effect.impl.prism.ps.PPSDrawable::getMaxContentWidth (10 bytes)
Event: 9.378 Thread 0x000002718899e150 4632       3       com.sun.scenario.effect.impl.prism.ps.PPSDrawable::getMaxContentHeight (10 bytes)
Event: 9.378 Thread 0x00000271857c7fd0 nmethod 4631 0x00000271f0b40888 code [0x00000271f0b40980, 0x00000271f0b40b60]
Event: 9.378 Thread 0x000002718899e150 nmethod 4632 0x00000271f0b40b88 code [0x00000271f0b40c80, 0x00000271f0b40e60]
Event: 9.380 Thread 0x00000271857c7fd0 4633       3       com.sun.javafx.geom.Shape::accumulate (527 bytes)
Event: 9.382 Thread 0x00000271857c7fd0 nmethod 4633 0x00000271f0b40e88 code [0x00000271f0b40f80, 0x00000271f0b424e0]
Event: 9.382 Thread 0x00000271857c7fd0 4634       3       com.sun.javafx.geom.Path2D::getPathIterator (23 bytes)
Event: 9.382 Thread 0x0000027185808670 4635       3       com.sun.javafx.geom.Path2D$TxIterator::<init> (19 bytes)
Event: 9.382 Thread 0x000002718899e150 4636       3       com.sun.javafx.geom.Path2D$Iterator::<init> (10 bytes)
Event: 9.383 Thread 0x000002718899e150 nmethod 4636 0x00000271f0b42508 code [0x00000271f0b42600, 0x00000271f0b427c0]
Event: 9.383 Thread 0x0000027185808670 nmethod 4635 0x00000271f0b42808 code [0x00000271f0b42900, 0x00000271f0b42bf8]
Event: 9.383 Thread 0x00000271857c7fd0 nmethod 4634 0x00000271f0b42c08 code [0x00000271f0b42d00, 0x00000271f0b43178]
Event: 9.462 Thread 0x00000271857c7fd0 4638       3       java.util.concurrent.LinkedBlockingDeque::linkLast (69 bytes)
Event: 9.462 Thread 0x00000271857c7fd0 nmethod 4638 0x00000271f0b43188 code [0x00000271f0b43280, 0x00000271f0b438d0]
Event: 9.463 Thread 0x0000027185808670 4639   !   3       java.util.concurrent.locks.AbstractQueuedSynchronizer$ConditionObject::await (180 bytes)
Event: 9.855 Thread 0x00000271857c7fd0 4640       1       com.sun.prism.impl.BaseGraphics::setExtraAlpha (6 bytes)
Event: 9.861 Thread 0x000002718899e150 4641       3       com.sun.javafx.geom.Rectangle::isEmpty (20 bytes)

GC Heap Usage History (4 events):
Event: 1.511 {heap Before GC invocations=0 (full 0):
 garbage-first heap   total reserved 4124672K, committed 260096K, used 48277K [0x0000000704400000, 0x0000000800000000)
  region size 2048K, 24 young (49152K), 0 survivors (0K)
}
Event: 1.516 {heap After GC invocations=1 (full 0):
 garbage-first heap   total reserved 4124672K, committed 260096K, used 6453K [0x0000000704400000, 0x0000000800000000)
  region size 2048K, 3 young (6144K), 3 survivors (6144K)
}
Event: 4.002 {heap Before GC invocations=1 (full 0):
 garbage-first heap   total reserved 4124672K, committed 260096K, used 94517K [0x0000000704400000, 0x0000000800000000)
  region size 2048K, 46 young (94208K), 3 survivors (6144K)
}
Event: 4.012 {heap After GC invocations=2 (full 0):
 garbage-first heap   total reserved 4124672K, committed 260096K, used 17041K [0x0000000704400000, 0x0000000800000000)
  region size 2048K, 7 young (14336K), 7 survivors (14336K)
}

Metaspace Usage History (4 events):
Event: 1.511 {metaspace Before GC invocations=0 (full 0):
 Metaspace       used 7507K, committed 7744K, reserved 1114112K
  class space    used 674K, committed 768K, reserved 1048576K
}
Event: 1.516 {metaspace After GC invocations=1 (full 0):
 Metaspace       used 7507K, committed 7744K, reserved 1114112K
  class space    used 674K, committed 768K, reserved 1048576K
}
Event: 4.002 {metaspace Before GC invocations=1 (full 0):
 Metaspace       used 21226K, committed 21504K, reserved 1114112K
  class space    used 2843K, committed 3008K, reserved 1048576K
}
Event: 4.012 {metaspace After GC invocations=2 (full 0):
 Metaspace       used 21226K, committed 21504K, reserved 1114112K
  class space    used 2843K, committed 3008K, reserved 1048576K
}

Dll operation events (20 events):
Event: 0.410 Loaded shared library C:\Users\yarde\OneDrive\שולחן העבודה\שיטות\Ex-06_ClientServerGUI_FX\javafx-sdk-25.0.1\bin\api-ms-win-crt-math-l1-1-0.dll
Event: 0.414 Loaded shared library C:\Users\yarde\OneDrive\שולחן העבודה\שיטות\Ex-06_ClientServerGUI_FX\javafx-sdk-25.0.1\bin\api-ms-win-crt-multibyte-l1-1-0.dll
Event: 0.417 Loaded shared library C:\Users\yarde\OneDrive\שולחן העבודה\שיטות\Ex-06_ClientServerGUI_FX\javafx-sdk-25.0.1\bin\api-ms-win-crt-private-l1-1-0.dll
Event: 0.421 Loaded shared library C:\Users\yarde\OneDrive\שולחן העבודה\שיטות\Ex-06_ClientServerGUI_FX\javafx-sdk-25.0.1\bin\api-ms-win-crt-process-l1-1-0.dll
Event: 0.426 Loaded shared library C:\Users\yarde\OneDrive\שולחן העבודה\שיטות\Ex-06_ClientServerGUI_FX\javafx-sdk-25.0.1\bin\api-ms-win-crt-runtime-l1-1-0.dll
Event: 0.429 Loaded shared library C:\Users\yarde\OneDrive\שולחן העבודה\שיטות\Ex-06_ClientServerGUI_FX\javafx-sdk-25.0.1\bin\api-ms-win-crt-stdio-l1-1-0.dll
Event: 0.432 Loaded shared library C:\Users\yarde\OneDrive\שולחן העבודה\שיטות\Ex-06_ClientServerGUI_FX\javafx-sdk-25.0.1\bin\api-ms-win-crt-string-l1-1-0.dll
Event: 0.436 Loaded shared library C:\Users\yarde\OneDrive\שולחן העבודה\שיטות\Ex-06_ClientServerGUI_FX\javafx-sdk-25.0.1\bin\api-ms-win-crt-time-l1-1-0.dll
Event: 0.439 Loaded shared library C:\Users\yarde\OneDrive\שולחן העבודה\שיטות\Ex-06_ClientServerGUI_FX\javafx-sdk-25.0.1\bin\api-ms-win-crt-utility-l1-1-0.dll
Event: 0.444 Loaded shared library C:\Users\yarde\OneDrive\שולחן העבודה\שיטות\Ex-06_ClientServerGUI_FX\javafx-sdk-25.0.1\bin\ucrtbase.dll
Event: 0.449 Loaded shared library C:\Users\yarde\OneDrive\שולחן העבודה\שיטות\Ex-06_ClientServerGUI_FX\javafx-sdk-25.0.1\bin\vcruntime140.dll
Event: 0.452 Loaded shared library C:\Users\yarde\OneDrive\שולחן העבודה\שיטות\Ex-06_ClientServerGUI_FX\javafx-sdk-25.0.1\bin\vcruntime140_1.dll
Event: 0.456 Loaded shared library C:\Users\yarde\OneDrive\שולחן העבודה\שיטות\Ex-06_ClientServerGUI_FX\javafx-sdk-25.0.1\bin\msvcp140.dll
Event: 0.460 Loaded shared library C:\Users\yarde\OneDrive\שולחן העבודה\שיטות\Ex-06_ClientServerGUI_FX\javafx-sdk-25.0.1\bin\msvcp140_1.dll
Event: 0.463 Loaded shared library C:\Users\yarde\OneDrive\שולחן העבודה\שיטות\Ex-06_ClientServerGUI_FX\javafx-sdk-25.0.1\bin\msvcp140_2.dll
Event: 0.511 Loaded shared library C:\Users\yarde\OneDrive\שולחן העבודה\שיטות\Ex-06_ClientServerGUI_FX\javafx-sdk-25.0.1\bin\prism_d3d.dll
Event: 0.685 Loaded shared library C:\Users\yarde\OneDrive\שולחן העבודה\שיטות\Ex-06_ClientServerGUI_FX\javafx-sdk-25.0.1\bin\glass.dll
Event: 0.856 Loaded shared library C:\Program Files\Java\jdk-25\bin\jimage.dll
Event: 1.560 Loaded shared library C:\Users\yarde\OneDrive\שולחן העבודה\שיטות\Ex-06_ClientServerGUI_FX\javafx-sdk-25.0.1\bin\javafx_font.dll
Event: 3.827 Loaded shared library C:\Program Files\Java\jdk-25\bin\extnet.dll

Deoptimization events (20 events):
Event: 4.127 Thread 0x000002718da2e980 DEOPT PACKING pc=0x00000271f7fd68e8 sp=0x000000fbbfcfe5d0
Event: 4.127 Thread 0x000002718da2e980 DEOPT UNPACKING pc=0x00000271f7930002 sp=0x000000fbbfcfe558 mode 2
Event: 4.160 Thread 0x000002718e32ee80 DEOPT PACKING pc=0x00000271f07c0894 sp=0x000000fbc0dfd000
Event: 4.160 Thread 0x000002718e32ee80 DEOPT UNPACKING pc=0x00000271f7861702 sp=0x000000fbc0dfc4f8 mode 0
Event: 4.221 Thread 0x000002718e32ee80 Uncommon trap: trap_request=0xffffffde fr.pc=0x00000271f7f9f584 relative=0x0000000000000084
Event: 4.221 Thread 0x000002718e32ee80 Uncommon trap: reason=class_check action=maybe_recompile pc=0x00000271f7f9f584 method=java.util.HashSet.add(Ljava/lang/Object;)Z @ 8 c2
Event: 4.221 Thread 0x000002718e32ee80 DEOPT PACKING pc=0x00000271f7f9f584 sp=0x000000fbc0dfd720
Event: 4.221 Thread 0x000002718e32ee80 DEOPT UNPACKING pc=0x00000271f7930002 sp=0x000000fbc0dfd6b0 mode 2
Event: 4.221 Thread 0x000002718e32ee80 Uncommon trap: trap_request=0xffffffde fr.pc=0x00000271f7f9f584 relative=0x0000000000000084
Event: 4.221 Thread 0x000002718e32ee80 Uncommon trap: reason=class_check action=maybe_recompile pc=0x00000271f7f9f584 method=java.util.HashSet.add(Ljava/lang/Object;)Z @ 8 c2
Event: 4.221 Thread 0x000002718e32ee80 DEOPT PACKING pc=0x00000271f7f9f584 sp=0x000000fbc0dfd720
Event: 4.221 Thread 0x000002718e32ee80 DEOPT UNPACKING pc=0x00000271f7930002 sp=0x000000fbc0dfd6b0 mode 2
Event: 4.228 Thread 0x000002718e32ee80 Uncommon trap: trap_request=0xffffff45 fr.pc=0x00000271f80af5e0 relative=0x0000000000000060
Event: 4.228 Thread 0x000002718e32ee80 Uncommon trap: reason=unstable_if action=reinterpret pc=0x00000271f80af5e0 method=java.lang.invoke.VarHandle.checkAccessModeThenIsDirect(Ljava/lang/invoke/VarHandle$AccessDescriptor;)Z @ 4 c2
Event: 4.228 Thread 0x000002718e32ee80 DEOPT PACKING pc=0x00000271f80af5e0 sp=0x000000fbc0dfd880
Event: 4.228 Thread 0x000002718e32ee80 DEOPT UNPACKING pc=0x00000271f7930002 sp=0x000000fbc0dfd820 mode 2
Event: 4.228 Thread 0x000002718e32ee80 Uncommon trap: trap_request=0xffffff4c fr.pc=0x00000271f80b216c relative=0x000000000000006c
Event: 4.228 Thread 0x000002718e32ee80 Uncommon trap: reason=speculate_null_assert action=make_not_entrant pc=0x00000271f80b216c method=jdk.internal.misc.Unsafe.putIntUnaligned(Ljava/lang/Object;JIZ)V @ 10 c2
Event: 4.228 Thread 0x000002718e32ee80 DEOPT PACKING pc=0x00000271f80b216c sp=0x000000fbc0dfd7d0
Event: 4.228 Thread 0x000002718e32ee80 DEOPT UNPACKING pc=0x00000271f7930002 sp=0x000000fbc0dfd760 mode 2

Classes loaded (20 events):
Event: 4.281 Loading class java/time/zone/ZoneOffsetTransitionRule$TimeDefinition
Event: 4.281 Loading class java/time/zone/ZoneOffsetTransitionRule$TimeDefinition done
Event: 4.281 Loading class java/time/zone/ZoneOffsetTransition
Event: 4.281 Loading class java/time/zone/ZoneOffsetTransition done
Event: 4.282 Loading class java/time/Year
Event: 4.283 Loading class java/time/Year done
Event: 4.313 Loading class java/util/concurrent/ScheduledThreadPoolExecutor$ScheduledFutureTask
Event: 4.313 Loading class java/util/concurrent/ScheduledThreadPoolExecutor$ScheduledFutureTask done
Event: 4.316 Loading class java/util/concurrent/ThreadPoolExecutor$CallerRunsPolicy
Event: 4.316 Loading class java/util/concurrent/ThreadPoolExecutor$CallerRunsPolicy done
Event: 4.317 Loading class java/util/concurrent/atomic/AtomicReferenceFieldUpdater
Event: 4.317 Loading class java/util/concurrent/atomic/AtomicReferenceFieldUpdater done
Event: 4.317 Loading class java/util/concurrent/atomic/AtomicReferenceFieldUpdater$AtomicReferenceFieldUpdaterImpl
Event: 4.318 Loading class java/util/concurrent/atomic/AtomicReferenceFieldUpdater$AtomicReferenceFieldUpdaterImpl done
Event: 4.335 Loading class java/time/temporal/TemporalAdjusters
Event: 4.335 Loading class java/time/temporal/TemporalAdjusters done
Event: 4.440 Loading class jdk/internal/event/ThreadSleepEvent
Event: 4.440 Loading class jdk/internal/event/ThreadSleepEvent done
Event: 4.832 Loading class java/net/SocketTimeoutException
Event: 4.832 Loading class java/net/SocketTimeoutException done

Classes unloaded (0 events):
No events

Classes redefined (0 events):
No events

Internal exceptions (20 events):
Event: 2.914 Thread 0x0000027188c081f0 Exception <a 'java/lang/NoSuchMethodError'{0x000000070f024cf0}: 'java.lang.Object java.lang.invoke.DirectMethodHandle$Holder.invokeStatic(java.lang.Object, long, java.lang.Object)'> (0x000000070f024cf0) 
thrown [s\open\src\hotspot\share\interpreter\linkResolver.cpp, line 804]
Event: 2.915 Thread 0x0000027188c081f0 Exception <a 'java/lang/NoSuchMethodError'{0x000000070f02d0d0}: 'java.lang.Object java.lang.invoke.DirectMethodHandle$Holder.invokeStaticInit(java.lang.Object, long, java.lang.Object)'> (0x000000070f02d0d0) 
thrown [s\open\src\hotspot\share\interpreter\linkResolver.cpp, line 804]
Event: 2.915 Thread 0x0000027188c081f0 Exception <a 'java/lang/NoSuchMethodError'{0x000000070f035af0}: 'java.lang.Object java.lang.invoke.DirectMethodHandle$Holder.invokeStaticInit(java.lang.Object, long)'> (0x000000070f035af0) 
thrown [s\open\src\hotspot\share\interpreter\linkResolver.cpp, line 804]
Event: 2.938 Thread 0x0000027188c081f0 Exception <a 'java/lang/NoSuchMethodError'{0x000000070f0d8b08}: 'long java.lang.invoke.DirectMethodHandle$Holder.invokeStaticInit(java.lang.Object, long, long, long, long)'> (0x000000070f0d8b08) 
thrown [s\open\src\hotspot\share\interpreter\linkResolver.cpp, line 804]
Event: 2.938 Thread 0x0000027188c081f0 Exception <a 'java/lang/NoSuchMethodError'{0x000000070f0e1478}: 'java.lang.Object java.lang.invoke.DirectMethodHandle$Holder.invokeInterface(java.lang.Object, java.lang.Object, long, long)'> (0x000000070f0e1478) 
thrown [s\open\src\hotspot\share\interpreter\linkResolver.cpp, line 804]
Event: 2.940 Thread 0x0000027188c081f0 Exception <a 'java/lang/NoSuchMethodError'{0x000000070f0fa940}: 'void java.lang.invoke.DirectMethodHandle$Holder.invokeStaticInit(java.lang.Object, java.lang.Object, long, java.lang.Object)'> (0x000000070f0fa940) 
thrown [s\open\src\hotspot\share\interpreter\linkResolver.cpp, line 804]
Event: 2.941 Thread 0x0000027188c081f0 Exception <a 'java/lang/NoSuchMethodError'{0x000000070f103178}: 'long java.lang.invoke.DirectMethodHandle$Holder.invokeStatic(java.lang.Object, long, long)'> (0x000000070f103178) 
thrown [s\open\src\hotspot\share\interpreter\linkResolver.cpp, line 804]
Event: 3.866 Thread 0x000002718e32ee80 Exception <a 'java/lang/NoSuchMethodError'{0x000000070eaa54b0}: 'java.lang.Object java.lang.invoke.DirectMethodHandle$Holder.invokeVirtual(java.lang.Object, java.lang.Object, java.lang.Object)'> (0x000000070eaa54b0) 
thrown [s\open\src\hotspot\share\interpreter\linkResolver.cpp, line 804]
Event: 3.872 Thread 0x000002718e32ee80 Exception <a 'java/lang/NoSuchMethodError'{0x000000070eaca5e8}: 'int java.lang.invoke.Invokers$Holder.invokeExact_MT(java.lang.Object, java.lang.Object)'> (0x000000070eaca5e8) 
thrown [s\open\src\hotspot\share\interpreter\linkResolver.cpp, line 804]
Event: 3.873 Thread 0x000002718e32ee80 Exception <a 'java/lang/NoSuchMethodError'{0x000000070ead2990}: 'void java.lang.invoke.Invokers$Holder.invokeExact_MT(java.lang.Object, int, java.lang.Object)'> (0x000000070ead2990) 
thrown [s\open\src\hotspot\share\interpreter\linkResolver.cpp, line 804]
Event: 3.874 Thread 0x000002718e32ee80 Exception <a 'java/lang/NoSuchMethodError'{0x000000070eaddbb8}: 'long java.lang.invoke.DirectMethodHandle$Holder.invokeSpecial(java.lang.Object, java.lang.Object, java.lang.Object)'> (0x000000070eaddbb8) 
thrown [s\open\src\hotspot\share\interpreter\linkResolver.cpp, line 804]
Event: 3.874 Thread 0x000002718e32ee80 Exception <a 'java/lang/NoSuchMethodError'{0x000000070eae5c38}: 'long java.lang.invoke.DelegatingMethodHandle$Holder.reinvoke_L(java.lang.Object, java.lang.Object)'> (0x000000070eae5c38) 
thrown [s\open\src\hotspot\share\interpreter\linkResolver.cpp, line 804]
Event: 3.875 Thread 0x000002718e32ee80 Exception <a 'java/lang/NoSuchMethodError'{0x000000070eafdd88}: 'void java.lang.invoke.DelegatingMethodHandle$Holder.reinvoke_L(java.lang.Object, java.lang.Object, long)'> (0x000000070eafdd88) 
thrown [s\open\src\hotspot\share\interpreter\linkResolver.cpp, line 804]
Event: 3.876 Thread 0x000002718e32ee80 Exception <a 'java/lang/NoSuchMethodError'{0x000000070eb0de70}: 'long java.lang.invoke.Invokers$Holder.invokeExact_MT(java.lang.Object, java.lang.Object, java.lang.Object)'> (0x000000070eb0de70) 
thrown [s\open\src\hotspot\share\interpreter\linkResolver.cpp, line 804]
Event: 3.876 Thread 0x000002718e32ee80 Exception <a 'java/lang/NoSuchMethodError'{0x000000070eb16068}: 'void java.lang.invoke.Invokers$Holder.invokeExact_MT(java.lang.Object, java.lang.Object, long, java.lang.Object)'> (0x000000070eb16068) 
thrown [s\open\src\hotspot\share\interpreter\linkResolver.cpp, line 804]
Event: 3.877 Thread 0x000002718e32ee80 Exception <a 'java/lang/NoSuchMethodError'{0x000000070eb294f0}: 'int java.lang.invoke.Invokers$Holder.invokeExact_MT(java.lang.Object, java.lang.Object, java.lang.Object)'> (0x000000070eb294f0) 
thrown [s\open\src\hotspot\share\interpreter\linkResolver.cpp, line 804]
Event: 3.878 Thread 0x000002718e32ee80 Exception <a 'java/lang/NoSuchMethodError'{0x000000070eb31638}: 'void java.lang.invoke.Invokers$Holder.invokeExact_MT(java.lang.Object, java.lang.Object, int, java.lang.Object)'> (0x000000070eb31638) 
thrown [s\open\src\hotspot\share\interpreter\linkResolver.cpp, line 804]
Event: 4.293 Thread 0x000002718e32ee80 Exception <a 'java/lang/NoSuchMethodError'{0x00000007065a06a8}: 'void java.lang.invoke.DirectMethodHandle$Holder.invokeInterface(java.lang.Object, java.lang.Object, java.lang.Object, java.lang.Object)'> (0x00000007065a06a8) 
thrown [s\open\src\hotspot\share\interpreter\linkResolver.cpp, line 804]
Event: 4.336 Thread 0x000002718da2e980 Exception <a 'java/lang/NoSuchMethodError'{0x0000000713fa3270}: 'java.lang.Object java.lang.invoke.DirectMethodHandle$Holder.invokeStatic(java.lang.Object, int, java.lang.Object)'> (0x0000000713fa3270) 
thrown [s\open\src\hotspot\share\interpreter\linkResolver.cpp, line 804]
Event: 4.423 Thread 0x000002718f65d080 Exception <a 'java/lang/NoSuchMethodError'{0x000000070623f338}: 'int java.lang.invoke.DirectMethodHandle$Holder.invokeStatic(java.lang.Object, int, java.lang.Object)'> (0x000000070623f338) 
thrown [s\open\src\hotspot\share\interpreter\linkResolver.cpp, line 804]

VM Operations (20 events):
Event: 2.055 Executing non-safepoint VM operation: HandshakeAllThreads (Deoptimize)
Event: 2.055 Executing non-safepoint VM operation: HandshakeAllThreads (Deoptimize) done
Event: 2.055 Executing non-safepoint VM operation: HandshakeAllThreads (Deoptimize)
Event: 2.055 Executing non-safepoint VM operation: HandshakeAllThreads (Deoptimize) done
Event: 2.193 Executing non-safepoint VM operation: HandshakeAllThreads (Deoptimize)
Event: 2.193 Executing non-safepoint VM operation: HandshakeAllThreads (Deoptimize) done
Event: 3.816 Executing non-safepoint VM operation: HandshakeAllThreads (Deoptimize)
Event: 3.816 Executing non-safepoint VM operation: HandshakeAllThreads (Deoptimize) done
Event: 3.853 Executing non-safepoint VM operation: HandshakeAllThreads (Deoptimize)
Event: 3.853 Executing non-safepoint VM operation: HandshakeAllThreads (Deoptimize) done
Event: 4.002 Executing safepoint VM operation: CollectForMetadataAllocation (Metadata GC Threshold)
Event: 4.012 Executing safepoint VM operation: CollectForMetadataAllocation (Metadata GC Threshold) done
Event: 4.017 Executing safepoint VM operation: G1PauseRemark
Event: 4.020 Executing safepoint VM operation: G1PauseRemark done
Event: 4.021 Executing safepoint VM operation: G1PauseCleanup
Event: 4.022 Executing safepoint VM operation: G1PauseCleanup done
Event: 4.177 Executing non-safepoint VM operation: HandshakeAllThreads (Deoptimize)
Event: 4.177 Executing non-safepoint VM operation: HandshakeAllThreads (Deoptimize) done
Event: 4.217 Executing non-safepoint VM operation: HandshakeAllThreads (Deoptimize)
Event: 4.217 Executing non-safepoint VM operation: HandshakeAllThreads (Deoptimize) done

Memory protections (0 events):
No events

Nmethod flushes (0 events):
No events

Events (20 events):
Event: 2.764 Thread 0x000002718d9fa2c0 Thread exited: 0x000002718d9fa2c0
Event: 2.764 Thread 0x000002718d9fdb30 Thread exited: 0x000002718d9fdb30
Event: 2.764 Thread 0x000002718d9fcb10 Thread exited: 0x000002718d9fcb10
Event: 2.790 Thread 0x00000271857c7fd0 Thread added: 0x000002718d9fcb10
Event: 2.894 Thread 0x0000027188c081f0 Thread added: 0x000002718e32bfa0
Event: 3.189 Thread 0x000002718899e150 Thread added: 0x000002718d9fa2c0
Event: 3.327 Thread 0x000002718d9fa2c0 Thread exited: 0x000002718d9fa2c0
Event: 3.552 Thread 0x000002718d9fcb10 Thread exited: 0x000002718d9fcb10
Event: 3.809 Thread 0x000002718da2e980 Thread added: 0x000002718e3288f0
Event: 3.831 Thread 0x000002718e3288f0 Thread added: 0x000002718e32ee80
Event: 3.832 Thread 0x000002718e3288f0 Thread exited: 0x000002718e3288f0
Event: 3.898 Thread 0x000002718e32ee80 Thread added: 0x000002718ed1bac0
Event: 3.946 Thread 0x00000271889c1850 Thread added: 0x000002718da023c0
Event: 3.955 Thread 0x00000271889c1850 Thread added: 0x000002718da02bd0
Event: 4.314 Thread 0x000002718e32ee80 Thread added: 0x000002718f65d080
Event: 4.426 Thread 0x000002718f65d080 Thread added: 0x000002718f6616d0
Event: 4.531 Thread 0x000002718da02bd0 Thread exited: 0x000002718da02bd0
Event: 4.580 Thread 0x000002718da023c0 Thread exited: 0x000002718da023c0
Event: 6.351 Thread 0x00000271889c1850 Thread exited: 0x00000271889c1850
Event: 9.494 Thread 0x000002718f6616d0 Thread exited: 0x000002718f6616d0


Dynamic libraries:
0x00007ff70c2b0000 - 0x00007ff70c2c0000 	C:\Program Files\Java\jdk-25\bin\javaw.exe
0x00007fff5db00000 - 0x00007fff5dd67000 	C:\WINDOWS\SYSTEM32\ntdll.dll
0x00007fff1dc40000 - 0x00007fff1dc60000 	C:\Program Files\Avast Software\Avast\aswhook.dll
0x00007fff5d280000 - 0x00007fff5d349000 	C:\WINDOWS\System32\KERNEL32.DLL
0x00007fff5af30000 - 0x00007fff5b31f000 	C:\WINDOWS\System32\KERNELBASE.dll
0x00007fff5b330000 - 0x00007fff5b47b000 	C:\WINDOWS\System32\ucrtbase.dll
0x00007fff55620000 - 0x00007fff55637000 	C:\Program Files\Java\jdk-25\bin\jli.dll
0x00007fff5c740000 - 0x00007fff5c905000 	C:\WINDOWS\System32\USER32.dll
0x00007fff5ace0000 - 0x00007fff5ad07000 	C:\WINDOWS\System32\win32u.dll
0x00007fff5d510000 - 0x00007fff5d53b000 	C:\WINDOWS\System32\GDI32.dll
0x00007fff5b770000 - 0x00007fff5b89c000 	C:\WINDOWS\System32\gdi32full.dll
0x00007fff5b6c0000 - 0x00007fff5b763000 	C:\WINDOWS\System32\msvcp_win.dll
0x00007fff4d130000 - 0x00007fff4d14e000 	C:\Program Files\Java\jdk-25\bin\VCRUNTIME140.dll
0x00007fff2f740000 - 0x00007fff2f9d3000 	C:\WINDOWS\WinSxS\amd64_microsoft.windows.common-controls_6595b64144ccf1df_6.0.26100.7309_none_3e05feeae336a044\COMCTL32.dll
0x00007fff5b8a0000 - 0x00007fff5b949000 	C:\WINDOWS\System32\msvcrt.dll
0x00007fff5c080000 - 0x00007fff5c0b1000 	C:\WINDOWS\System32\IMM32.DLL
0x00007fff22ba0000 - 0x00007fff22cfc000 	C:\Program Files (x86)\Citrix\ICA Client\ctxapclient64.dll
0x00007fff5c0d0000 - 0x00007fff5c455000 	C:\WINDOWS\System32\combase.dll
0x00007fff5d670000 - 0x00007fff5d788000 	C:\WINDOWS\System32\RPCRT4.dll
0x00007fff4f150000 - 0x00007fff4f15b000 	C:\WINDOWS\SYSTEM32\VERSION.dll
0x00007fff5ab40000 - 0x00007fff5ab6a000 	C:\WINDOWS\SYSTEM32\bcrypt.dll
0x00007fff5b950000 - 0x00007fff5b9f6000 	C:\WINDOWS\System32\sechost.dll
0x00007fff5d980000 - 0x00007fff5da34000 	C:\WINDOWS\System32\ADVAPI32.dll
0x00007fff59b20000 - 0x00007fff59b56000 	C:\WINDOWS\SYSTEM32\ntmarta.dll
0x00000271e5a10000 - 0x00000271e5ab5000 	C:\WINDOWS\System32\bcryptprimitives.dll
0x00007fff55610000 - 0x00007fff5561c000 	C:\Program Files\Java\jdk-25\bin\vcruntime140_1.dll
0x00007fff165c0000 - 0x00007fff1664d000 	C:\Program Files\Java\jdk-25\bin\msvcp140.dll
0x00007ffeab660000 - 0x00007ffeac4bf000 	C:\Program Files\Java\jdk-25\bin\server\jvm.dll
0x00007fff5da40000 - 0x00007fff5dab4000 	C:\WINDOWS\System32\WS2_32.dll
0x00007fff5aab0000 - 0x00007fff5ab0e000 	C:\WINDOWS\SYSTEM32\POWRPROF.dll
0x00007fff4d1a0000 - 0x00007fff4d1d5000 	C:\WINDOWS\SYSTEM32\WINMM.dll
0x00007fff5aa90000 - 0x00007fff5aaa4000 	C:\WINDOWS\SYSTEM32\UMPDC.dll
0x00007fff59a00000 - 0x00007fff59a1b000 	C:\WINDOWS\SYSTEM32\kernel.appcore.dll
0x00007fff50480000 - 0x00007fff5048a000 	C:\Program Files\Java\jdk-25\bin\jimage.dll
0x00007fff58160000 - 0x00007fff583a2000 	C:\WINDOWS\SYSTEM32\DBGHELP.DLL
0x00007fff5c5e0000 - 0x00007fff5c6b6000 	C:\WINDOWS\System32\OLEAUT32.dll
0x00007fff467c0000 - 0x00007fff467fc000 	C:\WINDOWS\SYSTEM32\dbgcore.DLL
0x00007fff42b80000 - 0x00007fff42b9f000 	C:\Program Files\Java\jdk-25\bin\java.dll
0x00007fff5d7e0000 - 0x00007fff5d977000 	C:\WINDOWS\System32\ole32.dll
0x00000271e7190000 - 0x00000271e78e3000 	C:\WINDOWS\System32\SHELL32.dll
0x00000271f0250000 - 0x00000271f03ba000 	C:\WINDOWS\System32\wintypes.dll
0x00007fff58820000 - 0x00007fff5907e000 	C:\WINDOWS\SYSTEM32\windows.storage.dll
0x00007fff5bf20000 - 0x00007fff5c015000 	C:\WINDOWS\System32\SHCORE.dll
0x00007fff5d600000 - 0x00007fff5d666000 	C:\WINDOWS\System32\shlwapi.dll
0x00007fff5ab70000 - 0x00007fff5ab99000 	C:\WINDOWS\SYSTEM32\profapi.dll
0x00007fff42860000 - 0x00007fff42872000 	C:\Program Files\Java\jdk-25\bin\net.dll
0x00007fff59f70000 - 0x00007fff59fdb000 	C:\WINDOWS\system32\mswsock.dll
0x00007fff42840000 - 0x00007fff42856000 	C:\Program Files\Java\jdk-25\bin\nio.dll
0x00007fff42550000 - 0x00007fff42567000 	C:\Program Files\Java\jdk-25\bin\zip.dll
0x0000027188d70000 - 0x0000027188d74000 	C:\Users\yarde\OneDrive\שולחן העבודה\שיטות\Ex-06_ClientServerGUI_FX\javafx-sdk-25.0.1\bin\api-ms-win-core-console-l1-1-0.dll
0x0000027188d80000 - 0x0000027188d84000 	C:\Users\yarde\OneDrive\שולחן העבודה\שיטות\Ex-06_ClientServerGUI_FX\javafx-sdk-25.0.1\bin\api-ms-win-core-console-l1-2-0.dll
0x0000027188d90000 - 0x0000027188d94000 	C:\Users\yarde\OneDrive\שולחן העבודה\שיטות\Ex-06_ClientServerGUI_FX\javafx-sdk-25.0.1\bin\api-ms-win-core-datetime-l1-1-0.dll
0x0000027188da0000 - 0x0000027188da4000 	C:\Users\yarde\OneDrive\שולחן העבודה\שיטות\Ex-06_ClientServerGUI_FX\javafx-sdk-25.0.1\bin\api-ms-win-core-debug-l1-1-0.dll
0x0000027188db0000 - 0x0000027188db4000 	C:\Users\yarde\OneDrive\שולחן העבודה\שיטות\Ex-06_ClientServerGUI_FX\javafx-sdk-25.0.1\bin\api-ms-win-core-errorhandling-l1-1-0.dll
0x0000027188dc0000 - 0x0000027188dc5000 	C:\Users\yarde\OneDrive\שולחן העבודה\שיטות\Ex-06_ClientServerGUI_FX\javafx-sdk-25.0.1\bin\api-ms-win-core-file-l1-1-0.dll
0x0000027188dd0000 - 0x0000027188dd4000 	C:\Users\yarde\OneDrive\שולחן העבודה\שיטות\Ex-06_ClientServerGUI_FX\javafx-sdk-25.0.1\bin\api-ms-win-core-file-l1-2-0.dll
0x0000027188de0000 - 0x0000027188de4000 	C:\Users\yarde\OneDrive\שולחן העבודה\שיטות\Ex-06_ClientServerGUI_FX\javafx-sdk-25.0.1\bin\api-ms-win-core-file-l2-1-0.dll
0x0000027188df0000 - 0x0000027188df4000 	C:\Users\yarde\OneDrive\שולחן העבודה\שיטות\Ex-06_ClientServerGUI_FX\javafx-sdk-25.0.1\bin\api-ms-win-core-handle-l1-1-0.dll
0x0000027188e00000 - 0x0000027188e04000 	C:\Users\yarde\OneDrive\שולחן העבודה\שיטות\Ex-06_ClientServerGUI_FX\javafx-sdk-25.0.1\bin\api-ms-win-core-heap-l1-1-0.dll
0x0000027188e10000 - 0x0000027188e14000 	C:\Users\yarde\OneDrive\שולחן העבודה\שיטות\Ex-06_ClientServerGUI_FX\javafx-sdk-25.0.1\bin\api-ms-win-core-interlocked-l1-1-0.dll
0x0000027188e20000 - 0x0000027188e24000 	C:\Users\yarde\OneDrive\שולחן העבודה\שיטות\Ex-06_ClientServerGUI_FX\javafx-sdk-25.0.1\bin\api-ms-win-core-libraryloader-l1-1-0.dll
0x0000027188e30000 - 0x0000027188e34000 	C:\Users\yarde\OneDrive\שולחן העבודה\שיטות\Ex-06_ClientServerGUI_FX\javafx-sdk-25.0.1\bin\api-ms-win-core-localization-l1-2-0.dll
0x0000027188e40000 - 0x0000027188e44000 	C:\Users\yarde\OneDrive\שולחן העבודה\שיטות\Ex-06_ClientServerGUI_FX\javafx-sdk-25.0.1\bin\api-ms-win-core-memory-l1-1-0.dll
0x000002718e9a0000 - 0x000002718e9a4000 	C:\Users\yarde\OneDrive\שולחן העבודה\שיטות\Ex-06_ClientServerGUI_FX\javafx-sdk-25.0.1\bin\api-ms-win-core-namedpipe-l1-1-0.dll
0x000002718e9b0000 - 0x000002718e9b4000 	C:\Users\yarde\OneDrive\שולחן העבודה\שיטות\Ex-06_ClientServerGUI_FX\javafx-sdk-25.0.1\bin\api-ms-win-core-processenvironment-l1-1-0.dll
0x0000027188e50000 - 0x0000027188e54000 	C:\Users\yarde\OneDrive\שולחן העבודה\שיטות\Ex-06_ClientServerGUI_FX\javafx-sdk-25.0.1\bin\api-ms-win-core-processthreads-l1-1-0.dll
0x0000027188e60000 - 0x0000027188e64000 	C:\Users\yarde\OneDrive\שולחן העבודה\שיטות\Ex-06_ClientServerGUI_FX\javafx-sdk-25.0.1\bin\api-ms-win-core-processthreads-l1-1-1.dll
0x0000027188e70000 - 0x0000027188e74000 	C:\Users\yarde\OneDrive\שולחן העבודה\שיטות\Ex-06_ClientServerGUI_FX\javafx-sdk-25.0.1\bin\api-ms-win-core-profile-l1-1-0.dll
0x0000027188e80000 - 0x0000027188e84000 	C:\Users\yarde\OneDrive\שולחן העבודה\שיטות\Ex-06_ClientServerGUI_FX\javafx-sdk-25.0.1\bin\api-ms-win-core-rtlsupport-l1-1-0.dll
0x0000027188e90000 - 0x0000027188e94000 	C:\Users\yarde\OneDrive\שולחן העבודה\שיטות\Ex-06_ClientServerGUI_FX\javafx-sdk-25.0.1\bin\api-ms-win-core-string-l1-1-0.dll
0x0000027188ea0000 - 0x0000027188ea4000 	C:\Users\yarde\OneDrive\שולחן העבודה\שיטות\Ex-06_ClientServerGUI_FX\javafx-sdk-25.0.1\bin\api-ms-win-core-synch-l1-1-0.dll
0x0000027188eb0000 - 0x0000027188eb4000 	C:\Users\yarde\OneDrive\שולחן העבודה\שיטות\Ex-06_ClientServerGUI_FX\javafx-sdk-25.0.1\bin\api-ms-win-core-synch-l1-2-0.dll
0x0000027188ec0000 - 0x0000027188ec4000 	C:\Users\yarde\OneDrive\שולחן העבודה\שיטות\Ex-06_ClientServerGUI_FX\javafx-sdk-25.0.1\bin\api-ms-win-core-sysinfo-l1-1-0.dll
0x0000027188ed0000 - 0x0000027188ed4000 	C:\Users\yarde\OneDrive\שולחן העבודה\שיטות\Ex-06_ClientServerGUI_FX\javafx-sdk-25.0.1\bin\api-ms-win-core-timezone-l1-1-0.dll
0x0000027188ee0000 - 0x0000027188ee4000 	C:\Users\yarde\OneDrive\שולחן העבודה\שיטות\Ex-06_ClientServerGUI_FX\javafx-sdk-25.0.1\bin\api-ms-win-core-util-l1-1-0.dll
0x000002718e900000 - 0x000002718e904000 	C:\Users\yarde\OneDrive\שולחן העבודה\שיטות\Ex-06_ClientServerGUI_FX\javafx-sdk-25.0.1\bin\api-ms-win-crt-conio-l1-1-0.dll
0x000002718e910000 - 0x000002718e915000 	C:\Users\yarde\OneDrive\שולחן העבודה\שיטות\Ex-06_ClientServerGUI_FX\javafx-sdk-25.0.1\bin\api-ms-win-crt-convert-l1-1-0.dll
0x000002718e920000 - 0x000002718e924000 	C:\Users\yarde\OneDrive\שולחן העבודה\שיטות\Ex-06_ClientServerGUI_FX\javafx-sdk-25.0.1\bin\api-ms-win-crt-environment-l1-1-0.dll
0x000002718e930000 - 0x000002718e934000 	C:\Users\yarde\OneDrive\שולחן העבודה\שיטות\Ex-06_ClientServerGUI_FX\javafx-sdk-25.0.1\bin\api-ms-win-crt-filesystem-l1-1-0.dll
0x0000027188ef0000 - 0x0000027188ef4000 	C:\Users\yarde\OneDrive\שולחן העבודה\שיטות\Ex-06_ClientServerGUI_FX\javafx-sdk-25.0.1\bin\api-ms-win-crt-heap-l1-1-0.dll
0x0000027188f00000 - 0x0000027188f04000 	C:\Users\yarde\OneDrive\שולחן העבודה\שיטות\Ex-06_ClientServerGUI_FX\javafx-sdk-25.0.1\bin\api-ms-win-crt-locale-l1-1-0.dll
0x0000027188f10000 - 0x0000027188f16000 	C:\Users\yarde\OneDrive\שולחן העבודה\שיטות\Ex-06_ClientServerGUI_FX\javafx-sdk-25.0.1\bin\api-ms-win-crt-math-l1-1-0.dll
0x0000027188f20000 - 0x0000027188f26000 	C:\Users\yarde\OneDrive\שולחן העבודה\שיטות\Ex-06_ClientServerGUI_FX\javafx-sdk-25.0.1\bin\api-ms-win-crt-multibyte-l1-1-0.dll
0x0000027188f30000 - 0x0000027188f41000 	C:\Users\yarde\OneDrive\שולחן העבודה\שיטות\Ex-06_ClientServerGUI_FX\javafx-sdk-25.0.1\bin\api-ms-win-crt-private-l1-1-0.dll
0x0000027188f50000 - 0x0000027188f54000 	C:\Users\yarde\OneDrive\שולחן העבודה\שיטות\Ex-06_ClientServerGUI_FX\javafx-sdk-25.0.1\bin\api-ms-win-crt-process-l1-1-0.dll
0x0000027188f60000 - 0x0000027188f65000 	C:\Users\yarde\OneDrive\שולחן העבודה\שיטות\Ex-06_ClientServerGUI_FX\javafx-sdk-25.0.1\bin\api-ms-win-crt-runtime-l1-1-0.dll
0x0000027188f70000 - 0x0000027188f75000 	C:\Users\yarde\OneDrive\שולחן העבודה\שיטות\Ex-06_ClientServerGUI_FX\javafx-sdk-25.0.1\bin\api-ms-win-crt-stdio-l1-1-0.dll
0x0000027188f80000 - 0x0000027188f85000 	C:\Users\yarde\OneDrive\שולחן העבודה\שיטות\Ex-06_ClientServerGUI_FX\javafx-sdk-25.0.1\bin\api-ms-win-crt-string-l1-1-0.dll
0x0000027188f90000 - 0x0000027188f94000 	C:\Users\yarde\OneDrive\שולחן העבודה\שיטות\Ex-06_ClientServerGUI_FX\javafx-sdk-25.0.1\bin\api-ms-win-crt-time-l1-1-0.dll
0x0000027188fa0000 - 0x0000027188fa4000 	C:\Users\yarde\OneDrive\שולחן העבודה\שיטות\Ex-06_ClientServerGUI_FX\javafx-sdk-25.0.1\bin\api-ms-win-crt-utility-l1-1-0.dll
0x00007fff0f180000 - 0x00007fff0f291000 	C:\Users\yarde\OneDrive\שולחן העבודה\שיטות\Ex-06_ClientServerGUI_FX\javafx-sdk-25.0.1\bin\ucrtbase.dll
0x00007fff407d0000 - 0x00007fff407ee000 	C:\Users\yarde\OneDrive\שולחן העבודה\שיטות\Ex-06_ClientServerGUI_FX\javafx-sdk-25.0.1\bin\vcruntime140.dll
0x00007fff4ef80000 - 0x00007fff4ef8c000 	C:\Users\yarde\OneDrive\שולחן העבודה\שיטות\Ex-06_ClientServerGUI_FX\javafx-sdk-25.0.1\bin\vcruntime140_1.dll
0x00007fff16530000 - 0x00007fff165bd000 	C:\Users\yarde\OneDrive\שולחן העבודה\שיטות\Ex-06_ClientServerGUI_FX\javafx-sdk-25.0.1\bin\msvcp140.dll
0x00007fff4ee10000 - 0x00007fff4ee19000 	C:\Users\yarde\OneDrive\שולחן העבודה\שיטות\Ex-06_ClientServerGUI_FX\javafx-sdk-25.0.1\bin\msvcp140_1.dll
0x00007fff19f00000 - 0x00007fff19f41000 	C:\Users\yarde\OneDrive\שולחן העבודה\שיטות\Ex-06_ClientServerGUI_FX\javafx-sdk-25.0.1\bin\msvcp140_2.dll
0x00007fff3fcf0000 - 0x00007fff3fd20000 	C:\Users\yarde\OneDrive\שולחן העבודה\שיטות\Ex-06_ClientServerGUI_FX\javafx-sdk-25.0.1\bin\prism_d3d.dll
0x00007ffedd840000 - 0x00007ffedd9f3000 	C:\WINDOWS\system32\d3d9.dll
0x00007fff57d50000 - 0x00007fff57d80000 	C:\WINDOWS\SYSTEM32\dwmapi.dll
0x00007fff57b80000 - 0x00007fff57bc4000 	C:\WINDOWS\SYSTEM32\dxcore.dll
0x00007fff57840000 - 0x00007fff578eb000 	C:\WINDOWS\system32\uxtheme.dll
0x00007fff06ce0000 - 0x00007fff06da3000 	C:\WINDOWS\SYSTEM32\d3d9on12.dll
0x00007fff57bd0000 - 0x00007fff57d0b000 	C:\WINDOWS\SYSTEM32\dxgi.dll
0x00007fff20b00000 - 0x00007fff20b23000 	C:\WINDOWS\SYSTEM32\d3d12.dll
0x00007fff5a7c0000 - 0x00007fff5a817000 	C:\WINDOWS\SYSTEM32\cfgmgr32.dll
0x00007ffeab300000 - 0x00007ffeab658000 	C:\WINDOWS\SYSTEM32\D3D12Core.dll
0x00007ffefb9b0000 - 0x00007ffefbab7000 	C:\WINDOWS\System32\DriverStore\FileRepository\iigd_dch.inf_amd64_e7f98e080747a9ea\igd12umd64.dll
0x00007ffeaa3f0000 - 0x00007ffeab2f5000 	C:\WINDOWS\System32\DriverStore\FileRepository\iigd_dch.inf_amd64_e7f98e080747a9ea\igd12um64xel.dll
0x00007fff5b540000 - 0x00007fff5b6b7000 	C:\WINDOWS\System32\CRYPT32.dll
0x00007fff20cc0000 - 0x00007fff20d04000 	C:\WINDOWS\SYSTEM32\ControlLib.dll
0x00007fff5ba00000 - 0x00007fff5be8a000 	C:\WINDOWS\System32\SETUPAPI.dll
0x00007fff5a790000 - 0x00007fff5a7bd000 	C:\WINDOWS\SYSTEM32\DEVOBJ.dll
0x00007fff4ceb0000 - 0x00007fff4cf3b000 	C:\WINDOWS\System32\DriverStore\FileRepository\iigd_dch.inf_amd64_e7f98e080747a9ea\IntelControlLib.dll
0x00007fff5ac50000 - 0x00007fff5acd0000 	C:\WINDOWS\System32\WINTRUST.dll
0x00007fff5a360000 - 0x00007fff5a373000 	C:\WINDOWS\SYSTEM32\MSASN1.dll
0x00007fff54530000 - 0x00007fff54593000 	C:\WINDOWS\SYSTEM32\directxdatabasehelper.dll
0x00007fff4c790000 - 0x00007fff4cbc8000 	C:\WINDOWS\System32\DriverStore\FileRepository\iigd_dch.inf_amd64_e7f98e080747a9ea\igdgmm64.dll
0x00007fff46a40000 - 0x00007fff4a8ed000 	C:\WINDOWS\System32\DriverStore\FileRepository\iigd_dch.inf_amd64_e7f98e080747a9ea\igc64.dll
0x00007ffee8760000 - 0x00007ffee8845000 	C:\WINDOWS\SYSTEM32\D3DSCache.dll
0x00007fff5a020000 - 0x00007fff5a04b000 	C:\WINDOWS\SYSTEM32\USERENV.dll
0x00007ffeaa0f0000 - 0x00007ffeaa3ec000 	C:\WINDOWS\System32\DriverStore\FileRepository\iigd_dch.inf_amd64_e7f98e080747a9ea\igd12dxva64.dll
0x00007fff03270000 - 0x00007fff04453000 	C:\WINDOWS\System32\DriverStore\FileRepository\iigd_dch.inf_amd64_e7f98e080747a9ea\igddxvacommon64.dll
0x00007fff00ee0000 - 0x00007fff02c01000 	C:\WINDOWS\System32\DriverStore\FileRepository\iigd_dch.inf_amd64_e7f98e080747a9ea\media_bin_64.dll
0x00007fff15bd0000 - 0x00007fff15bf7000 	C:\WINDOWS\System32\DriverStore\FileRepository\iigd_dch.inf_amd64_e7f98e080747a9ea\igdinfo64.dll
0x00007fff5a240000 - 0x00007fff5a25b000 	C:\WINDOWS\SYSTEM32\CRYPTSP.dll
0x00007fff59960000 - 0x00007fff5999a000 	C:\WINDOWS\system32\rsaenh.dll
0x00007fff5a230000 - 0x00007fff5a23c000 	C:\WINDOWS\SYSTEM32\CRYPTBASE.dll
0x00007fff16420000 - 0x00007fff16469000 	C:\Users\yarde\OneDrive\שולחן העבודה\שיטות\Ex-06_ClientServerGUI_FX\javafx-sdk-25.0.1\bin\glass.dll

JVMTI agents: none

dbghelp: loaded successfully - version: 4.0.5 - missing functions: none
symbol engine: initialized successfully - sym options: 0x614 - pdb path: .;C:\Program Files\Java\jdk-25\bin;C:\WINDOWS\SYSTEM32;C:\Program Files\Avast Software\Avast;C:\WINDOWS\WinSxS\amd64_microsoft.windows.common-controls_6595b64144ccf1df_6.0.26100.7309_none_3e05feeae336a044;C:\Program Files (x86)\Citrix\ICA Client;C:\Program Files\Java\jdk-25\bin\server;C:\Users\yarde\OneDrive\שולחן העבודה\שיטות\Ex-06_ClientServerGUI_FX\javafx-sdk-25.0.1\bin;C:\WINDOWS\System32\DriverStore\FileRepository\iigd_dch.inf_amd64_e7f98e080747a9ea;C:\Program Files\Common Files\Microsoft Shared\Ink

VM Arguments:
jvm_args: --module-path=C:\Users\yarde\OneDrive\שולחן העבודה\שיטות\Ex-06_ClientServerGUI_FX\javafx-sdk-25.0.1\lib --add-modules=javafx.controls,javafx.fxml --enable-native-access=javafx.graphics -Dfile.encoding=UTF-8 -Dstdout.encoding=UTF-8 -Dstderr.encoding=UTF-8 -XX:+ShowCodeDetailsInExceptionMessages 
java_command: ServerGUI.ServerUI
java_class_path (initial): C:\Users\yarde\git\Bistro-Project\Assignment2Files\Bistro_server\bin;C:\Users\yarde\git\Bistro-Project\Assignment2Files\DBController\bin;C:\Users\yarde\OneDrive\שולחן העבודה\שיטות\Ex-06_ClientServerGUI_FX\javafx-sdk-25.0.1\lib\javafx.base.jar;C:\Users\yarde\OneDrive\שולחן העבודה\שיטות\Ex-06_ClientServerGUI_FX\javafx-sdk-25.0.1\lib\javafx.controls.jar;C:\Users\yarde\OneDrive\שולחן העבודה\שיטות\Ex-06_ClientServerGUI_FX\javafx-sdk-25.0.1\lib\javafx.fxml.jar;C:\Users\yarde\OneDrive\שולחן העבודה\שיטות\Ex-06_ClientServerGUI_FX\javafx-sdk-25.0.1\lib\javafx.graphics.jar;C:\Users\yarde\OneDrive\שולחן העבודה\שיטות\Ex-06_ClientServerGUI_FX\javafx-sdk-25.0.1\lib\javafx.media.jar;C:\Users\yarde\OneDrive\שולחן העבודה\שיטות\Ex-06_ClientServerGUI_FX\javafx-sdk-25.0.1\lib\javafx.swing.jar;C:\Users\yarde\OneDrive\שולחן העבודה\שיטות\Ex-06_ClientServerGUI_FX\javafx-sdk-25.0.1\lib\javafx.web.jar;C:\Users\yarde\OneDrive\שולחן העבודה\שיטות\Ex-06_ClientServerGUI_FX\javafx-sdk-25.0.1\lib\javafx-swt.jar;C:\Users\yarde\OneDrive\שולחן העבודה\שיטות\Ex-06_ClientServerGUI_FX\javafx-sdk-25.0.1\lib\jdk.jsobject.jar;C:\Users\yarde\OneDrive\שולחן העבודה\שיטות\Ex-06_ClientServerGUI_FX\javafx-sdk-25.0.1\lib\jfx.incubator.input.jar;C:\Users\yarde\OneDrive\שולחן העבודה\שיטות\Ex-06_ClientServerGUI_FX\javafx-sdk-25.0.1\lib\jfx.incubator.richtext.jar;C:\Users\yarde\git\Bistro-Project\Assignment2Files\DBController\lib\mysql-connector-j-9.5.0.jar;C:\Users\yarde\git\Bistro-Project\Assignment2Files\Bistro_Common\bin;C:\Users\yarde\git\Bistro-Project\Assignment2Files\HikariCP-5.1.0.jar;C:\Users\yarde\git\Bistro-Project\Assignment2Files\slf4j-api-2.0.13.jar;C:\Users\yarde\git\Bistro-Project\Assignment2Files\slf4j-simple-2.0.13.jar;C:\Users\yarde\git\Bistro-Project\Assignment2Files\Bistro_Ocsf\bin
Launcher Type: SUN_STANDARD

[Global flags]
     intx CICompilerCount                          = 12                                        {product} {ergonomic}
     uint ConcGCThreads                            = 4                                         {product} {ergonomic}
     uint G1ConcRefinementThreads                  = 15                                        {product} {ergonomic}
   size_t G1HeapRegionSize                         = 2097152                                   {product} {ergonomic}
   size_t InitialHeapSize                          = 264241152                                 {product} {ergonomic}
   size_t MarkStackSize                            = 4194304                                   {product} {ergonomic}
   size_t MarkStackSizeMax                         = 536870912                                 {product} {ergonomic}
   size_t MaxHeapSize                              = 4223664128                                {product} {ergonomic}
   size_t MaxNewSize                               = 2533359616                                {product} {ergonomic}
   size_t MinHeapDeltaBytes                        = 2097152                                   {product} {ergonomic}
   size_t MinHeapSize                              = 8388608                                   {product} {ergonomic}
    uintx NonNMethodCodeHeapSize                   = 7602176                                {pd product} {ergonomic}
    uintx NonProfiledCodeHeapSize                  = 122093568                              {pd product} {ergonomic}
    uintx ProfiledCodeHeapSize                     = 121962496                              {pd product} {ergonomic}
    uintx ReservedCodeCacheSize                    = 251658240                              {pd product} {ergonomic}
     bool SegmentedCodeCache                       = true                                      {product} {ergonomic}
     bool ShowCodeDetailsInExceptionMessages       = true                                   {manageable} {command line}
   size_t SoftMaxHeapSize                          = 4223664128                             {manageable} {ergonomic}
     bool UseCompressedOops                        = true                           {product lp64_product} {ergonomic}
     bool UseG1GC                                  = true                                      {product} {ergonomic}
     bool UseLargePagesIndividualAllocation        = false                                  {pd product} {ergonomic}

Logging:
Log output configuration:
 #0: stdout all=warning uptime,level,tags foldmultilines=false
 #1: stderr all=off uptime,level,tags foldmultilines=false

Release file:
IMPLEMENTOR="Oracle Corporation" 
JAVA_RUNTIME_VERSION="25.0.1+8-LTS-27" 
JAVA_VERSION="25.0.1" 
JAVA_VERSION_DATE="2025-10-21" 
LIBC="default" 
MODULES="java.base java.compiler java.datatransfer java.xml java.prefs java.desktop java.instrument java.logging java.management java.security.sasl java.naming java.rmi java.management.rmi java.net.http java.scripting java.security.jgss java.transaction.xa java.sql java.sql.rowset java.xml.crypto java.se java.smartcardio jdk.accessibility jdk.internal.jvmstat jdk.attach jdk.charsets jdk.internal.opt jdk.zipfs jdk.compiler jdk.crypto.cryptoki jdk.crypto.ec jdk.crypto.mscapi jdk.dynalink jdk.internal.ed jdk.editpad jdk.internal.vm.ci jdk.graal.compiler jdk.graal.compiler.management jdk.hotspot.agent jdk.httpserver jdk.incubator.vector jdk.internal.le jdk.internal.md jdk.jartool jdk.javadoc jdk.jcmd jdk.management jdk.management.agent jdk.jconsole jdk.jdeps jdk.jdwp.agent jdk.jdi jdk.jfr jdk.jlink jdk.jpackage jdk.jshell jdk.jsobject jdk.jstatd jdk.localedata jdk.management.jfr jdk.naming.dns jdk.naming.rmi jdk.net jdk.nio.mapmode jdk.sctp jdk.security.auth jdk.security.jgss jdk.unsupported jdk.unsupported.desktop jdk.xml.dom" 
OS_ARCH="x86_64" 
OS_NAME="Windows" 
SOURCE=".:git:862c85bc42b7 open:git:78770bfaefd2" 

Environment Variables:
JAVA_HOME=C:\Program Files\BellSoft\LibericaJDK-17-Full\
PATH=C:/Users/yarde/.p2/pool/plugins/org.eclipse.justj.openjdk.hotspot.jre.full.win32.x86_64_21.0.6.v20250130-0529/jre/bin/server;C:/Users/yarde/.p2/pool/plugins/org.eclipse.justj.openjdk.hotspot.jre.full.win32.x86_64_21.0.6.v20250130-0529/jre/bin;C:\Program Files\Common Files\Oracle\Java\javapath;C:\Program Files\BellSoft\LibericaJDK-17-Full\bin\;C:\Program Files (x86)\Common Files\Oracle\Java\java8path;C:\Program Files (x86)\Common Files\Oracle\Java\javapath;C:\Windows\system32;C:\Windows;C:\Windows\System32\Wbem;C:\Windows\System32\WindowsPowerShell\v1.0\;C:\Windows\System32\OpenSSH\;C:\Program Files (x86)\NVIDIA Corporation\PhysX\Common;C:\Program Files\NVIDIA Corporation\NVIDIA NvDLISR;C:\WINDOWS\system32;C:\WINDOWS;C:\WINDOWS\System32\Wbem;C:\WINDOWS\System32\WindowsPowerShell\v1.0\;C:\WINDOWS\System32\OpenSSH\;C:\Program Files\Microsoft SQL Server\150\Tools\Binn\;C:\Program Files\Microsoft SQL Server\Client SDK\ODBC\170\Tools\Binn\;C:\Program Files\dotnet\;C:\Program Files (x86)\Windows Kits\10\Windows Performance Toolkit\;C:\Program Files\Git\cmd;C:\Program Files\MySQL\MySQL Shell 8.0\bin\;C:\Users\yarde\AppData\Local\Microsoft\WindowsApps;C:\Users\yarde\AppData\Local\Programs\Microsoft VS Code\bin;C:\Users\yarde\.dotnet\tools;C:\Users\yarde\OneDrive\שולחן העבודה;
USERNAME=yarde
OS=Windows_NT
PROCESSOR_IDENTIFIER=Intel64 Family 6 Model 154 Stepping 3, GenuineIntel
TMP=C:\Users\yarde\AppData\Local\Temp
TEMP=C:\Users\yarde\AppData\Local\Temp




Compilation memory statistics disabled.

Periodic native trim disabled

---------------  S Y S T E M  ---------------

OS:
 Windows 11 , 64 bit Build 26100 (10.0.26100.7309)
OS uptime: 6 days 2:26 hours
Hyper-V role detected

CPU: total 20 (initial active 20) (10 cores per cpu, 2 threads per core) family 6 model 154 stepping 3 microcode 0x41b, cx8, cmov, fxsr, ht, mmx, 3dnowpref, sse, sse2, sse3, ssse3, sse4.1, sse4.2, popcnt, lzcnt, tsc, tscinvbit, avx, avx2, aes, erms, clmul, bmi1, bmi2, adx, sha, fma, vzeroupper, clflush, clflushopt, clwb, hv, serialize, rdtscp, rdpid, fsrm, gfni, f16c, cet_ibt, cet_ss
Processor Information for processor 0
  Max Mhz: 2300, Current Mhz: 2300, Mhz Limit: 2300
Processor Information for processor 1
  Max Mhz: 2300, Current Mhz: 2300, Mhz Limit: 2300
Processor Information for processor 2
  Max Mhz: 2300, Current Mhz: 2300, Mhz Limit: 2300
Processor Information for processor 3
  Max Mhz: 2300, Current Mhz: 2300, Mhz Limit: 2300
Processor Information for processor 4
  Max Mhz: 2300, Current Mhz: 2300, Mhz Limit: 2300
Processor Information for processor 5
  Max Mhz: 2300, Current Mhz: 2300, Mhz Limit: 2300
Processor Information for processor 6
  Max Mhz: 2300, Current Mhz: 2300, Mhz Limit: 2300
Processor Information for processor 7
  Max Mhz: 2300, Current Mhz: 2300, Mhz Limit: 2300
Processor Information for processor 8
  Max Mhz: 2300, Current Mhz: 2300, Mhz Limit: 2300
Processor Information for processor 9
  Max Mhz: 2300, Current Mhz: 2300, Mhz Limit: 2300
Processor Information for processor 10
  Max Mhz: 2300, Current Mhz: 2300, Mhz Limit: 2300
Processor Information for processor 11
  Max Mhz: 2300, Current Mhz: 2300, Mhz Limit: 2300
Processor Information for processor 12
  Max Mhz: 1700, Current Mhz: 1500, Mhz Limit: 1700
Processor Information for processor 13
  Max Mhz: 1700, Current Mhz: 1700, Mhz Limit: 1700
Processor Information for processor 14
  Max Mhz: 1700, Current Mhz: 1700, Mhz Limit: 1700
Processor Information for processor 15
  Max Mhz: 1700, Current Mhz: 1500, Mhz Limit: 1700
Processor Information for processor 16
  Max Mhz: 1700, Current Mhz: 1700, Mhz Limit: 1700
Processor Information for processor 17
  Max Mhz: 1700, Current Mhz: 1500, Mhz Limit: 1700
Processor Information for processor 18
  Max Mhz: 1700, Current Mhz: 1700, Mhz Limit: 1700
Processor Information for processor 19
  Max Mhz: 1700, Current Mhz: 1700, Mhz Limit: 1700

Memory: 4k page, system-wide physical 16108M (1711M free)
TotalPageFile size 65260M (AvailPageFile size 7M)
current process WorkingSet (physical memory assigned to process): 356M, peak: 399M
current process commit charge ("private bytes"): 463M, peak: 629M

vm_info: Java HotSpot(TM) 64-Bit Server VM (25.0.1+8-LTS-27) for windows-amd64 JRE (25.0.1+8-LTS-27), built on 2025-09-25T16:41:16Z with unknown MS VC++:1943

END.
