#
# There is insufficient memory for the Java Runtime Environment to continue.
# Native memory allocation (malloc) failed to allocate 2890984 bytes. Error detail: Chunk::new
# Possible reasons:
#   The system is out of physical RAM or swap space
#   This process is running with CompressedOops enabled, and the Java Heap may be blocking the growth of the native heap
# Possible solutions:
#   Reduce memory load on the system
#   Increase physical memory or swap space
#   Check if swap backing store is full
#   Decrease Java heap size (-Xmx/-Xms)
#   Decrease number of Java threads
#   Decrease Java thread stack sizes (-Xss)
#   Set larger code cache with -XX:ReservedCodeCacheSize=
#   JVM is running with Zero Based Compressed Oops mode in which the Java heap is
#     placed in the first 32GB address space. The Java Heap base address is the
#     maximum limit for the native heap growth. Please use -XX:HeapBaseMinAddress
#     to set the Java Heap base and to place the Java Heap above 32GB virtual address.
# This output file may be truncated or incomplete.
#
#  Out of Memory Error (arena.cpp:186), pid=47480, tid=15748
#
# JRE version: Java(TM) SE Runtime Environment (25.0.1+8) (build 25.0.1+8-LTS-27)
# Java VM: Java HotSpot(TM) 64-Bit Server VM (25.0.1+8-LTS-27, mixed mode, sharing, tiered, compressed oops, compressed class ptrs, g1 gc, windows-amd64)
# No core dump will be written. Minidumps are not enabled by default on client versions of Windows
#

---------------  S U M M A R Y ------------

Command Line: --module-path=C:\Users\yarde\OneDrive\שולחן העבודה\שיטות\Ex-06_ClientServerGUI_FX\javafx-sdk-25.0.1\lib --add-modules=javafx.controls,javafx.fxml --enable-native-access=javafx.graphics -Dfile.encoding=UTF-8 -Dstdout.encoding=UTF-8 -Dstderr.encoding=UTF-8 -XX:+ShowCodeDetailsInExceptionMessages ClientGUI.controller.ClientUI

Host: 12th Gen Intel(R) Core(TM) i7-12700H, 20 cores, 15G,  Windows 11 , 64 bit Build 26100 (10.0.26100.7309)
Time: Fri Jan 16 20:35:31 2026 elapsed time: 2.093788 seconds (0d 0h 0m 2s)

---------------  T H R E A D  ---------------

Current thread (0x000002b67f096920):  JavaThread "C2 CompilerThread1" daemon [_thread_in_native, id=15748, stack(0x000000beee700000,0x000000beee800000) (1024K)]


Current CompileTask:
C2:2093 1214       4       java.util.Locale::forLanguageTag (82 bytes)

Stack: [0x000000beee700000,0x000000beee800000]
Native frames: (J=compiled Java code, j=interpreted, Vv=VM code, C=native code)
V  [jvm.dll+0x7a6b59]  (no source info available)
V  [jvm.dll+0x77290d]  (no source info available)
V  [jvm.dll+0x966153]  (no source info available)
V  [jvm.dll+0x968751]  (no source info available)
V  [jvm.dll+0x968e53]  (no source info available)
V  [jvm.dll+0x2fc756]  (no source info available)
V  [jvm.dll+0x111b26]  (no source info available)
V  [jvm.dll+0x111e4e]  (no source info available)
V  [jvm.dll+0x381801]  (no source info available)
V  [jvm.dll+0x6b8bd9]  (no source info available)
V  [jvm.dll+0x2c9bfa]  (no source info available)
V  [jvm.dll+0x2c9fef]  (no source info available)
V  [jvm.dll+0x2c2519]  (no source info available)
V  [jvm.dll+0x2bf995]  (no source info available)
V  [jvm.dll+0x237b60]  (no source info available)
V  [jvm.dll+0x2cfb56]  (no source info available)
V  [jvm.dll+0x2cddd5]  (no source info available)
V  [jvm.dll+0x48e6d1]  (no source info available)
V  [jvm.dll+0x906a0d]  (no source info available)
V  [jvm.dll+0x7a5135]  (no source info available)
C  [ucrtbase.dll+0x37b0]  (no source info available)
C  [KERNEL32.DLL+0x2e8d7]  (no source info available)
C  [ntdll.dll+0x8c53c]  (no source info available)

Lock stack of current Java thread (top to bottom):


---------------  P R O C E S S  ---------------

Threads class SMR info:
_java_thread_list=0x000002b60ed93230, length=25, elements={
0x000002b65bbbcdb0, 0x000002b67bea8e60, 0x000002b67beac1a0, 0x000002b67beb4590,
0x000002b67beb5380, 0x000002b67beb8a80, 0x000002b67beb9870, 0x000002b67bec1820,
0x000002b67bec3040, 0x000002b67ef766c0, 0x000002b67f028a90, 0x000002b67f4b3a90,
0x000002b604741790, 0x000002b604490a20, 0x000002b60449dbf0, 0x000002b604ccbf10,
0x000002b67f096920, 0x000002b604ca0620, 0x000002b67f097940, 0x000002b604e41170,
0x000002b604e40150, 0x000002b604e40960, 0x000002b604e431b0, 0x000002b604e439c0,
0x000002b604e41980
}

Java Threads: ( => current thread )
  0x000002b65bbbcdb0 JavaThread "main"                              [_thread_blocked, id=50864, stack(0x000000beec200000,0x000000beec300000) (1024K)]
  0x000002b67bea8e60 JavaThread "Reference Handler"          daemon [_thread_blocked, id=41532, stack(0x000000beecb00000,0x000000beecc00000) (1024K)]
  0x000002b67beac1a0 JavaThread "Finalizer"                  daemon [_thread_blocked, id=41324, stack(0x000000beecc00000,0x000000beecd00000) (1024K)]
  0x000002b67beb4590 JavaThread "Signal Dispatcher"          daemon [_thread_blocked, id=31324, stack(0x000000beecd00000,0x000000beece00000) (1024K)]
  0x000002b67beb5380 JavaThread "Attach Listener"            daemon [_thread_blocked, id=18312, stack(0x000000beece00000,0x000000beecf00000) (1024K)]
  0x000002b67beb8a80 JavaThread "Service Thread"             daemon [_thread_blocked, id=1864, stack(0x000000beecf00000,0x000000beed000000) (1024K)]
  0x000002b67beb9870 JavaThread "Monitor Deflation Thread"   daemon [_thread_blocked, id=22852, stack(0x000000beed000000,0x000000beed100000) (1024K)]
  0x000002b67bec1820 JavaThread "C2 CompilerThread0"         daemon [_thread_blocked, id=21556, stack(0x000000beed100000,0x000000beed200000) (1024K)]
  0x000002b67bec3040 JavaThread "C1 CompilerThread0"         daemon [_thread_blocked, id=50656, stack(0x000000beed200000,0x000000beed300000) (1024K)]
  0x000002b67ef766c0 JavaThread "C1 CompilerThread1"         daemon [_thread_blocked, id=33072, stack(0x000000beed300000,0x000000beed400000) (1024K)]
  0x000002b67f028a90 JavaThread "Common-Cleaner"             daemon [_thread_blocked, id=39836, stack(0x000000beed400000,0x000000beed500000) (1024K)]
  0x000002b67f4b3a90 JavaThread "Notification Thread"        daemon [_thread_blocked, id=35856, stack(0x000000beedb00000,0x000000beedc00000) (1024K)]
  0x000002b604741790 JavaThread "QuantumRenderer-0"          daemon [_thread_blocked, id=50232, stack(0x000000beedc00000,0x000000beedd00000) (1024K)]
  0x000002b604490a20 JavaThread "InvokeLaterDispatcher"      daemon [_thread_blocked, id=35824, stack(0x000000beed700000,0x000000beed800000) (1024K)]
  0x000002b60449dbf0 JavaThread "JavaFX Application Thread"         [_thread_in_vm, id=14120, stack(0x000000beed800000,0x000000beed900000) (1024K)]
  0x000002b604ccbf10 JavaThread "JavaFX-Launcher"                   [_thread_blocked, id=39504, stack(0x000000beee600000,0x000000beee700000) (1024K)]
=>0x000002b67f096920 JavaThread "C2 CompilerThread1"         daemon [_thread_in_native, id=15748, stack(0x000000beee700000,0x000000beee800000) (1024K)]
  0x000002b604ca0620 JavaThread "Thread-2"                   daemon [_thread_in_native, id=8432, stack(0x000000beee500000,0x000000beee600000) (1024K)]
  0x000002b67f097940 JavaThread "C2 CompilerThread2"         daemon [_thread_blocked, id=19680, stack(0x000000beee800000,0x000000beee900000) (1024K)]
  0x000002b604e41170 JavaThread "C2 CompilerThread3"         daemon [_thread_in_native, id=6360, stack(0x000000beee900000,0x000000beeea00000) (1024K)]
  0x000002b604e40150 JavaThread "C2 CompilerThread4"         daemon [_thread_in_native, id=16832, stack(0x000000beeea00000,0x000000beeeb00000) (1024K)]
  0x000002b604e40960 JavaThread "C2 CompilerThread5"         daemon [_thread_in_native, id=25884, stack(0x000000beeeb00000,0x000000beeec00000) (1024K)]
  0x000002b604e431b0 JavaThread "C2 CompilerThread6"         daemon [_thread_blocked, id=20288, stack(0x000000beeec00000,0x000000beeed00000) (1024K)]
  0x000002b604e439c0 JavaThread "C1 CompilerThread2"         daemon [_thread_blocked, id=34444, stack(0x000000beed500000,0x000000beed600000) (1024K)]
  0x000002b604e41980 JavaThread "C1 CompilerThread3"         daemon [_thread_blocked, id=47356, stack(0x000000beed600000,0x000000beed700000) (1024K)]
Total: 25

Other Threads:
  0x000002b67be93350 VMThread "VM Thread"                           [id=34132, stack(0x000000beeca00000,0x000000beecb00000) (1024K)]
  0x000002b67be80490 WatcherThread "VM Periodic Task Thread"        [id=50300, stack(0x000000beec900000,0x000000beeca00000) (1024K)]
  0x000002b65e203cb0 WorkerThread "GC Thread#0"                     [id=41936, stack(0x000000beec400000,0x000000beec500000) (1024K)]
  0x000002b604932d10 WorkerThread "GC Thread#1"                     [id=37436, stack(0x000000beeed00000,0x000000beeee00000) (1024K)]
  0x000002b604932470 WorkerThread "GC Thread#2"                     [id=27452, stack(0x000000beeee00000,0x000000beeef00000) (1024K)]
  0x000002b604933160 WorkerThread "GC Thread#3"                     [id=26704, stack(0x000000beeef00000,0x000000beef000000) (1024K)]
  0x000002b6049335b0 WorkerThread "GC Thread#4"                     [id=30436, stack(0x000000beef000000,0x000000beef100000) (1024K)]
  0x000002b604933a00 WorkerThread "GC Thread#5"                     [id=34452, stack(0x000000beef100000,0x000000beef200000) (1024K)]
  0x000002b65e21eb40 ConcurrentGCThread "G1 Main Marker"            [id=41376, stack(0x000000beec500000,0x000000beec600000) (1024K)]
  0x000002b67bcd2190 WorkerThread "G1 Conc#0"                       [id=45832, stack(0x000000beec600000,0x000000beec700000) (1024K)]
  0x000002b67bd4fc70 ConcurrentGCThread "G1 Refine#0"               [id=40284, stack(0x000000beec700000,0x000000beec800000) (1024K)]
  0x000002b67bd50330 ConcurrentGCThread "G1 Service"                [id=22192, stack(0x000000beec800000,0x000000beec900000) (1024K)]
Total: 12

Threads with active compile tasks:
C2 CompilerThread1  7580 1214       4       java.util.Locale::forLanguageTag (82 bytes)
C2 CompilerThread3  7580 1215       4       sun.util.locale.LanguageTag::parse (258 bytes)
C2 CompilerThread4  7580 1460       4       sun.util.locale.LocaleUtils::caseIgnoreMatch (73 bytes)
C2 CompilerThread5  7580 1452 % !   4       java.util.concurrent.ConcurrentHashMap::transfer @ 96 (849 bytes)
Total: 4

VM state: not at safepoint (normal execution)

VM Mutex/Monitor currently owned by a thread: None

Heap address: 0x0000000704400000, size: 4028 MB, Compressed Oops mode: Zero based, Oop shift amount: 3

CDS archive(s) mapped at: [0x000000008e000000-0x000000008edd0000-0x000000008edd0000), size 14483456, SharedBaseAddress: 0x000000008e000000, ArchiveRelocationMode: 1.
Compressed class space mapped at: 0x000000008f000000-0x00000000cf000000, reserved size: 1073741824
UseCompressedClassPointers 1, UseCompactObjectHeaders 0
Narrow klass pointer bits 32, Max shift 3
Narrow klass base: 0x000000008e000000, Narrow klass shift: 0
Encoding Range: [0x000000008e000000 - 0x000000018e000000), (4294967296 bytes)
Klass Range:    [0x000000008e010000 - 0x00000000cf000000), (1090453504 bytes)
Klass ID Range:  [65536 - 1090519033) (1090453497)
Protection zone: [0x000000008e000000 - 0x000000008e010000), (65536 bytes)

GC Precious Log:
 CardTable entry size: 512
 Card Set container configuration: InlinePtr #cards 4 size 8 Array Of Cards #cards 16 size 48 Howl #buckets 8 coarsen threshold 3686 Howl Bitmap #cards 512 size 80 coarsen threshold 460 Card regions per heap region 1 cards per card region 4096
 CPUs: 20 total, 20 available
 Memory: 16108M
 Large Page Support: Disabled
 NUMA Support: Disabled
 Compressed Oops: Enabled (Zero based)
 Heap Region Size: 2M
 Heap Min Capacity: 8M
 Heap Initial Capacity: 252M
 Heap Max Capacity: 4028M
 Pre-touch: Disabled
 Parallel Workers: 15
 Concurrent Workers: 4
 Concurrent Refinement Workers: 15
 Periodic GC: Disabled

Heap:
 garbage-first heap   total reserved 4124672K, committed 260096K, used 8037K [0x0000000704400000, 0x0000000800000000)
  region size 2048K, 5 young (10240K), 3 survivors (6144K)

Heap Regions: E=young(eden), S=young(survivor), O=old, HS=humongous(starts), HC=humongous(continues), CS=collection set, F=free, TAMS=top-at-mark-start, PB=parsable bottom
|   0|0x0000000704400000, 0x0000000704400000, 0x0000000704600000|  0%| F|  |TAMS 0x0000000704400000| PB 0x0000000704400000| Untracked |  0
|   1|0x0000000704600000, 0x0000000704600000, 0x0000000704800000|  0%| F|  |TAMS 0x0000000704600000| PB 0x0000000704600000| Untracked |  0
|   2|0x0000000704800000, 0x0000000704800000, 0x0000000704a00000|  0%| F|  |TAMS 0x0000000704800000| PB 0x0000000704800000| Untracked |  0
|   3|0x0000000704a00000, 0x0000000704a00000, 0x0000000704c00000|  0%| F|  |TAMS 0x0000000704a00000| PB 0x0000000704a00000| Untracked |  0
|   4|0x0000000704c00000, 0x0000000704c00000, 0x0000000704e00000|  0%| F|  |TAMS 0x0000000704c00000| PB 0x0000000704c00000| Untracked |  0
|   5|0x0000000704e00000, 0x0000000704e00000, 0x0000000705000000|  0%| F|  |TAMS 0x0000000704e00000| PB 0x0000000704e00000| Untracked |  0
|   6|0x0000000705000000, 0x0000000705000000, 0x0000000705200000|  0%| F|  |TAMS 0x0000000705000000| PB 0x0000000705000000| Untracked |  0
|   7|0x0000000705200000, 0x0000000705200000, 0x0000000705400000|  0%| F|  |TAMS 0x0000000705200000| PB 0x0000000705200000| Untracked |  0
|   8|0x0000000705400000, 0x0000000705400000, 0x0000000705600000|  0%| F|  |TAMS 0x0000000705400000| PB 0x0000000705400000| Untracked |  0
|   9|0x0000000705600000, 0x0000000705600000, 0x0000000705800000|  0%| F|  |TAMS 0x0000000705600000| PB 0x0000000705600000| Untracked |  0
|  10|0x0000000705800000, 0x0000000705800000, 0x0000000705a00000|  0%| F|  |TAMS 0x0000000705800000| PB 0x0000000705800000| Untracked |  0
|  11|0x0000000705a00000, 0x0000000705a00000, 0x0000000705c00000|  0%| F|  |TAMS 0x0000000705a00000| PB 0x0000000705a00000| Untracked |  0
|  12|0x0000000705c00000, 0x0000000705c00000, 0x0000000705e00000|  0%| F|  |TAMS 0x0000000705c00000| PB 0x0000000705c00000| Untracked |  0
|  13|0x0000000705e00000, 0x0000000705e00000, 0x0000000706000000|  0%| F|  |TAMS 0x0000000705e00000| PB 0x0000000705e00000| Untracked |  0
|  14|0x0000000706000000, 0x0000000706000000, 0x0000000706200000|  0%| F|  |TAMS 0x0000000706000000| PB 0x0000000706000000| Untracked |  0
|  15|0x0000000706200000, 0x0000000706200000, 0x0000000706400000|  0%| F|  |TAMS 0x0000000706200000| PB 0x0000000706200000| Untracked |  0
|  16|0x0000000706400000, 0x0000000706400000, 0x0000000706600000|  0%| F|  |TAMS 0x0000000706400000| PB 0x0000000706400000| Untracked |  0
|  17|0x0000000706600000, 0x0000000706600000, 0x0000000706800000|  0%| F|  |TAMS 0x0000000706600000| PB 0x0000000706600000| Untracked |  0
|  18|0x0000000706800000, 0x0000000706800000, 0x0000000706a00000|  0%| F|  |TAMS 0x0000000706800000| PB 0x0000000706800000| Untracked |  0
|  19|0x0000000706a00000, 0x0000000706a00000, 0x0000000706c00000|  0%| F|  |TAMS 0x0000000706a00000| PB 0x0000000706a00000| Untracked |  0
|  20|0x0000000706c00000, 0x0000000706c00000, 0x0000000706e00000|  0%| F|  |TAMS 0x0000000706c00000| PB 0x0000000706c00000| Untracked |  0
|  21|0x0000000706e00000, 0x0000000706e00000, 0x0000000707000000|  0%| F|  |TAMS 0x0000000706e00000| PB 0x0000000706e00000| Untracked |  0
|  22|0x0000000707000000, 0x0000000707000000, 0x0000000707200000|  0%| F|  |TAMS 0x0000000707000000| PB 0x0000000707000000| Untracked |  0
|  23|0x0000000707200000, 0x0000000707200000, 0x0000000707400000|  0%| F|  |TAMS 0x0000000707200000| PB 0x0000000707200000| Untracked |  0
|  24|0x0000000707400000, 0x0000000707400000, 0x0000000707600000|  0%| F|  |TAMS 0x0000000707400000| PB 0x0000000707400000| Untracked |  0
|  25|0x0000000707600000, 0x0000000707600000, 0x0000000707800000|  0%| F|  |TAMS 0x0000000707600000| PB 0x0000000707600000| Untracked |  0
|  26|0x0000000707800000, 0x0000000707800000, 0x0000000707a00000|  0%| F|  |TAMS 0x0000000707800000| PB 0x0000000707800000| Untracked |  0
|  27|0x0000000707a00000, 0x0000000707a00000, 0x0000000707c00000|  0%| F|  |TAMS 0x0000000707a00000| PB 0x0000000707a00000| Untracked |  0
|  28|0x0000000707c00000, 0x0000000707c00000, 0x0000000707e00000|  0%| F|  |TAMS 0x0000000707c00000| PB 0x0000000707c00000| Untracked |  0
|  29|0x0000000707e00000, 0x0000000707e00000, 0x0000000708000000|  0%| F|  |TAMS 0x0000000707e00000| PB 0x0000000707e00000| Untracked |  0
|  30|0x0000000708000000, 0x0000000708000000, 0x0000000708200000|  0%| F|  |TAMS 0x0000000708000000| PB 0x0000000708000000| Untracked |  0
|  31|0x0000000708200000, 0x0000000708200000, 0x0000000708400000|  0%| F|  |TAMS 0x0000000708200000| PB 0x0000000708200000| Untracked |  0
|  32|0x0000000708400000, 0x0000000708400000, 0x0000000708600000|  0%| F|  |TAMS 0x0000000708400000| PB 0x0000000708400000| Untracked |  0
|  33|0x0000000708600000, 0x0000000708600000, 0x0000000708800000|  0%| F|  |TAMS 0x0000000708600000| PB 0x0000000708600000| Untracked |  0
|  34|0x0000000708800000, 0x0000000708800000, 0x0000000708a00000|  0%| F|  |TAMS 0x0000000708800000| PB 0x0000000708800000| Untracked |  0
|  35|0x0000000708a00000, 0x0000000708a00000, 0x0000000708c00000|  0%| F|  |TAMS 0x0000000708a00000| PB 0x0000000708a00000| Untracked |  0
|  36|0x0000000708c00000, 0x0000000708c00000, 0x0000000708e00000|  0%| F|  |TAMS 0x0000000708c00000| PB 0x0000000708c00000| Untracked |  0
|  37|0x0000000708e00000, 0x0000000708e00000, 0x0000000709000000|  0%| F|  |TAMS 0x0000000708e00000| PB 0x0000000708e00000| Untracked |  0
|  38|0x0000000709000000, 0x0000000709000000, 0x0000000709200000|  0%| F|  |TAMS 0x0000000709000000| PB 0x0000000709000000| Untracked |  0
|  39|0x0000000709200000, 0x0000000709200000, 0x0000000709400000|  0%| F|  |TAMS 0x0000000709200000| PB 0x0000000709200000| Untracked |  0
|  40|0x0000000709400000, 0x0000000709400000, 0x0000000709600000|  0%| F|  |TAMS 0x0000000709400000| PB 0x0000000709400000| Untracked |  0
|  41|0x0000000709600000, 0x0000000709600000, 0x0000000709800000|  0%| F|  |TAMS 0x0000000709600000| PB 0x0000000709600000| Untracked |  0
|  42|0x0000000709800000, 0x0000000709800000, 0x0000000709a00000|  0%| F|  |TAMS 0x0000000709800000| PB 0x0000000709800000| Untracked |  0
|  43|0x0000000709a00000, 0x0000000709a00000, 0x0000000709c00000|  0%| F|  |TAMS 0x0000000709a00000| PB 0x0000000709a00000| Untracked |  0
|  44|0x0000000709c00000, 0x0000000709c00000, 0x0000000709e00000|  0%| F|  |TAMS 0x0000000709c00000| PB 0x0000000709c00000| Untracked |  0
|  45|0x0000000709e00000, 0x0000000709e00000, 0x000000070a000000|  0%| F|  |TAMS 0x0000000709e00000| PB 0x0000000709e00000| Untracked |  0
|  46|0x000000070a000000, 0x000000070a000000, 0x000000070a200000|  0%| F|  |TAMS 0x000000070a000000| PB 0x000000070a000000| Untracked |  0
|  47|0x000000070a200000, 0x000000070a200000, 0x000000070a400000|  0%| F|  |TAMS 0x000000070a200000| PB 0x000000070a200000| Untracked |  0
|  48|0x000000070a400000, 0x000000070a400000, 0x000000070a600000|  0%| F|  |TAMS 0x000000070a400000| PB 0x000000070a400000| Untracked |  0
|  49|0x000000070a600000, 0x000000070a600000, 0x000000070a800000|  0%| F|  |TAMS 0x000000070a600000| PB 0x000000070a600000| Untracked |  0
|  50|0x000000070a800000, 0x000000070a800000, 0x000000070aa00000|  0%| F|  |TAMS 0x000000070a800000| PB 0x000000070a800000| Untracked |  0
|  51|0x000000070aa00000, 0x000000070aa00000, 0x000000070ac00000|  0%| F|  |TAMS 0x000000070aa00000| PB 0x000000070aa00000| Untracked |  0
|  52|0x000000070ac00000, 0x000000070ac00000, 0x000000070ae00000|  0%| F|  |TAMS 0x000000070ac00000| PB 0x000000070ac00000| Untracked |  0
|  53|0x000000070ae00000, 0x000000070ae00000, 0x000000070b000000|  0%| F|  |TAMS 0x000000070ae00000| PB 0x000000070ae00000| Untracked |  0
|  54|0x000000070b000000, 0x000000070b000000, 0x000000070b200000|  0%| F|  |TAMS 0x000000070b000000| PB 0x000000070b000000| Untracked |  0
|  55|0x000000070b200000, 0x000000070b200000, 0x000000070b400000|  0%| F|  |TAMS 0x000000070b200000| PB 0x000000070b200000| Untracked |  0
|  56|0x000000070b400000, 0x000000070b400000, 0x000000070b600000|  0%| F|  |TAMS 0x000000070b400000| PB 0x000000070b400000| Untracked |  0
|  57|0x000000070b600000, 0x000000070b600000, 0x000000070b800000|  0%| F|  |TAMS 0x000000070b600000| PB 0x000000070b600000| Untracked |  0
|  58|0x000000070b800000, 0x000000070b800000, 0x000000070ba00000|  0%| F|  |TAMS 0x000000070b800000| PB 0x000000070b800000| Untracked |  0
|  59|0x000000070ba00000, 0x000000070ba00000, 0x000000070bc00000|  0%| F|  |TAMS 0x000000070ba00000| PB 0x000000070ba00000| Untracked |  0
|  60|0x000000070bc00000, 0x000000070bc00000, 0x000000070be00000|  0%| F|  |TAMS 0x000000070bc00000| PB 0x000000070bc00000| Untracked |  0
|  61|0x000000070be00000, 0x000000070be00000, 0x000000070c000000|  0%| F|  |TAMS 0x000000070be00000| PB 0x000000070be00000| Untracked |  0
|  62|0x000000070c000000, 0x000000070c000000, 0x000000070c200000|  0%| F|  |TAMS 0x000000070c000000| PB 0x000000070c000000| Untracked |  0
|  63|0x000000070c200000, 0x000000070c200000, 0x000000070c400000|  0%| F|  |TAMS 0x000000070c200000| PB 0x000000070c200000| Untracked |  0
|  64|0x000000070c400000, 0x000000070c400000, 0x000000070c600000|  0%| F|  |TAMS 0x000000070c400000| PB 0x000000070c400000| Untracked |  0
|  65|0x000000070c600000, 0x000000070c600000, 0x000000070c800000|  0%| F|  |TAMS 0x000000070c600000| PB 0x000000070c600000| Untracked |  0
|  66|0x000000070c800000, 0x000000070c800000, 0x000000070ca00000|  0%| F|  |TAMS 0x000000070c800000| PB 0x000000070c800000| Untracked |  0
|  67|0x000000070ca00000, 0x000000070ca00000, 0x000000070cc00000|  0%| F|  |TAMS 0x000000070ca00000| PB 0x000000070ca00000| Untracked |  0
|  68|0x000000070cc00000, 0x000000070cc00000, 0x000000070ce00000|  0%| F|  |TAMS 0x000000070cc00000| PB 0x000000070cc00000| Untracked |  0
|  69|0x000000070ce00000, 0x000000070ce00000, 0x000000070d000000|  0%| F|  |TAMS 0x000000070ce00000| PB 0x000000070ce00000| Untracked |  0
|  70|0x000000070d000000, 0x000000070d000000, 0x000000070d200000|  0%| F|  |TAMS 0x000000070d000000| PB 0x000000070d000000| Untracked |  0
|  71|0x000000070d200000, 0x000000070d200000, 0x000000070d400000|  0%| F|  |TAMS 0x000000070d200000| PB 0x000000070d200000| Untracked |  0
|  72|0x000000070d400000, 0x000000070d400000, 0x000000070d600000|  0%| F|  |TAMS 0x000000070d400000| PB 0x000000070d400000| Untracked |  0
|  73|0x000000070d600000, 0x000000070d600000, 0x000000070d800000|  0%| F|  |TAMS 0x000000070d600000| PB 0x000000070d600000| Untracked |  0
|  74|0x000000070d800000, 0x000000070d800000, 0x000000070da00000|  0%| F|  |TAMS 0x000000070d800000| PB 0x000000070d800000| Untracked |  0
|  75|0x000000070da00000, 0x000000070da00000, 0x000000070dc00000|  0%| F|  |TAMS 0x000000070da00000| PB 0x000000070da00000| Untracked |  0
|  76|0x000000070dc00000, 0x000000070dc00000, 0x000000070de00000|  0%| F|  |TAMS 0x000000070dc00000| PB 0x000000070dc00000| Untracked |  0
|  77|0x000000070de00000, 0x000000070de00000, 0x000000070e000000|  0%| F|  |TAMS 0x000000070de00000| PB 0x000000070de00000| Untracked |  0
|  78|0x000000070e000000, 0x000000070e000000, 0x000000070e200000|  0%| F|  |TAMS 0x000000070e000000| PB 0x000000070e000000| Untracked |  0
|  79|0x000000070e200000, 0x000000070e200000, 0x000000070e400000|  0%| F|  |TAMS 0x000000070e200000| PB 0x000000070e200000| Untracked |  0
|  80|0x000000070e400000, 0x000000070e400000, 0x000000070e600000|  0%| F|  |TAMS 0x000000070e400000| PB 0x000000070e400000| Untracked |  0
|  81|0x000000070e600000, 0x000000070e600000, 0x000000070e800000|  0%| F|  |TAMS 0x000000070e600000| PB 0x000000070e600000| Untracked |  0
|  82|0x000000070e800000, 0x000000070e800000, 0x000000070ea00000|  0%| F|  |TAMS 0x000000070e800000| PB 0x000000070e800000| Untracked |  0
|  83|0x000000070ea00000, 0x000000070ea00000, 0x000000070ec00000|  0%| F|  |TAMS 0x000000070ea00000| PB 0x000000070ea00000| Untracked |  0
|  84|0x000000070ec00000, 0x000000070ec00000, 0x000000070ee00000|  0%| F|  |TAMS 0x000000070ec00000| PB 0x000000070ec00000| Untracked |  0
|  85|0x000000070ee00000, 0x000000070ee00000, 0x000000070f000000|  0%| F|  |TAMS 0x000000070ee00000| PB 0x000000070ee00000| Untracked |  0
|  86|0x000000070f000000, 0x000000070f000000, 0x000000070f200000|  0%| F|  |TAMS 0x000000070f000000| PB 0x000000070f000000| Untracked |  0
|  87|0x000000070f200000, 0x000000070f200000, 0x000000070f400000|  0%| F|  |TAMS 0x000000070f200000| PB 0x000000070f200000| Untracked |  0
|  88|0x000000070f400000, 0x000000070f400000, 0x000000070f600000|  0%| F|  |TAMS 0x000000070f400000| PB 0x000000070f400000| Untracked |  0
|  89|0x000000070f600000, 0x000000070f600000, 0x000000070f800000|  0%| F|  |TAMS 0x000000070f600000| PB 0x000000070f600000| Untracked |  0
|  90|0x000000070f800000, 0x000000070f800000, 0x000000070fa00000|  0%| F|  |TAMS 0x000000070f800000| PB 0x000000070f800000| Untracked |  0
|  91|0x000000070fa00000, 0x000000070fa00000, 0x000000070fc00000|  0%| F|  |TAMS 0x000000070fa00000| PB 0x000000070fa00000| Untracked |  0
|  92|0x000000070fc00000, 0x000000070fc00000, 0x000000070fe00000|  0%| F|  |TAMS 0x000000070fc00000| PB 0x000000070fc00000| Untracked |  0
|  93|0x000000070fe00000, 0x000000070fe00000, 0x0000000710000000|  0%| F|  |TAMS 0x000000070fe00000| PB 0x000000070fe00000| Untracked |  0
|  94|0x0000000710000000, 0x0000000710000000, 0x0000000710200000|  0%| F|  |TAMS 0x0000000710000000| PB 0x0000000710000000| Untracked |  0
|  95|0x0000000710200000, 0x0000000710200000, 0x0000000710400000|  0%| F|  |TAMS 0x0000000710200000| PB 0x0000000710200000| Untracked |  0
|  96|0x0000000710400000, 0x0000000710400000, 0x0000000710600000|  0%| F|  |TAMS 0x0000000710400000| PB 0x0000000710400000| Untracked |  0
|  97|0x0000000710600000, 0x0000000710600000, 0x0000000710800000|  0%| F|  |TAMS 0x0000000710600000| PB 0x0000000710600000| Untracked |  0
|  98|0x0000000710800000, 0x0000000710800000, 0x0000000710a00000|  0%| F|  |TAMS 0x0000000710800000| PB 0x0000000710800000| Untracked |  0
|  99|0x0000000710a00000, 0x0000000710ab4000, 0x0000000710c00000| 35%| S|CS|TAMS 0x0000000710a00000| PB 0x0000000710a00000| Complete |  0
| 100|0x0000000710c00000, 0x0000000710e00000, 0x0000000710e00000|100%| S|CS|TAMS 0x0000000710c00000| PB 0x0000000710c00000| Complete |  0
| 101|0x0000000710e00000, 0x0000000711000000, 0x0000000711000000|100%| S|CS|TAMS 0x0000000710e00000| PB 0x0000000710e00000| Complete |  0
| 102|0x0000000711000000, 0x0000000711000000, 0x0000000711200000|  0%| F|  |TAMS 0x0000000711000000| PB 0x0000000711000000| Untracked |  0
| 103|0x0000000711200000, 0x0000000711200000, 0x0000000711400000|  0%| F|  |TAMS 0x0000000711200000| PB 0x0000000711200000| Untracked |  0
| 104|0x0000000711400000, 0x0000000711400000, 0x0000000711600000|  0%| F|  |TAMS 0x0000000711400000| PB 0x0000000711400000| Untracked |  0
| 105|0x0000000711600000, 0x0000000711600000, 0x0000000711800000|  0%| F|  |TAMS 0x0000000711600000| PB 0x0000000711600000| Untracked |  0
| 106|0x0000000711800000, 0x0000000711800000, 0x0000000711a00000|  0%| F|  |TAMS 0x0000000711800000| PB 0x0000000711800000| Untracked |  0
| 107|0x0000000711a00000, 0x0000000711a00000, 0x0000000711c00000|  0%| F|  |TAMS 0x0000000711a00000| PB 0x0000000711a00000| Untracked |  0
| 108|0x0000000711c00000, 0x0000000711c00000, 0x0000000711e00000|  0%| F|  |TAMS 0x0000000711c00000| PB 0x0000000711c00000| Untracked |  0
| 109|0x0000000711e00000, 0x0000000711e00000, 0x0000000712000000|  0%| F|  |TAMS 0x0000000711e00000| PB 0x0000000711e00000| Untracked |  0
| 110|0x0000000712000000, 0x0000000712000000, 0x0000000712200000|  0%| F|  |TAMS 0x0000000712000000| PB 0x0000000712000000| Untracked |  0
| 111|0x0000000712200000, 0x0000000712200000, 0x0000000712400000|  0%| F|  |TAMS 0x0000000712200000| PB 0x0000000712200000| Untracked |  0
| 112|0x0000000712400000, 0x0000000712400000, 0x0000000712600000|  0%| F|  |TAMS 0x0000000712400000| PB 0x0000000712400000| Untracked |  0
| 113|0x0000000712600000, 0x0000000712600000, 0x0000000712800000|  0%| F|  |TAMS 0x0000000712600000| PB 0x0000000712600000| Untracked |  0
| 114|0x0000000712800000, 0x0000000712800000, 0x0000000712a00000|  0%| F|  |TAMS 0x0000000712800000| PB 0x0000000712800000| Untracked |  0
| 115|0x0000000712a00000, 0x0000000712a00000, 0x0000000712c00000|  0%| F|  |TAMS 0x0000000712a00000| PB 0x0000000712a00000| Untracked |  0
| 116|0x0000000712c00000, 0x0000000712c00000, 0x0000000712e00000|  0%| F|  |TAMS 0x0000000712c00000| PB 0x0000000712c00000| Untracked |  0
| 117|0x0000000712e00000, 0x0000000712e00000, 0x0000000713000000|  0%| F|  |TAMS 0x0000000712e00000| PB 0x0000000712e00000| Untracked |  0
| 118|0x0000000713000000, 0x0000000713000000, 0x0000000713200000|  0%| F|  |TAMS 0x0000000713000000| PB 0x0000000713000000| Untracked |  0
| 119|0x0000000713200000, 0x0000000713200000, 0x0000000713400000|  0%| F|  |TAMS 0x0000000713200000| PB 0x0000000713200000| Untracked |  0
| 120|0x0000000713400000, 0x0000000713400000, 0x0000000713600000|  0%| F|  |TAMS 0x0000000713400000| PB 0x0000000713400000| Untracked |  0
| 121|0x0000000713600000, 0x0000000713600000, 0x0000000713800000|  0%| F|  |TAMS 0x0000000713600000| PB 0x0000000713600000| Untracked |  0
| 122|0x0000000713800000, 0x0000000713800000, 0x0000000713a00000|  0%| F|  |TAMS 0x0000000713800000| PB 0x0000000713800000| Untracked |  0
| 123|0x0000000713a00000, 0x0000000713a00000, 0x0000000713c00000|  0%| F|  |TAMS 0x0000000713a00000| PB 0x0000000713a00000| Untracked |  0
| 124|0x0000000713c00000, 0x0000000713dfd968, 0x0000000713e00000| 99%| E|  |TAMS 0x0000000713c00000| PB 0x0000000713c00000| Complete |  0
| 125|0x0000000713e00000, 0x0000000714000000, 0x0000000714000000|100%| E|CS|TAMS 0x0000000713e00000| PB 0x0000000713e00000| Complete |  0
|2013|0x00000007ffe00000, 0x00000007fff256a0, 0x0000000800000000| 57%| O|  |TAMS 0x00000007ffe00000| PB 0x00000007ffe00000| Untracked |  0

Card table byte_map: [0x000002b677500000,0x000002b677ce0000] _byte_map_base: 0x000002b673cde000

Marking Bits: (CMBitMap*) 0x000002b65e2042f0
 Bits: [0x000002b677ce0000, 0x000002b67bbd0000)

Polling page: 0x000002b65c130000

Metaspace:
Metaspace        used 8106K, committed 8320K, reserved 1114112K
 class space     used 755K, committed 832K, reserved 1048576K

Usage:
  Non-class:      7.18 MB used.
      Class:    755.64 KB used.
       Both:      7.92 MB used.

Virtual space:
  Non-class space:       64.00 MB reserved,       7.31 MB ( 11%) committed,  1 nodes.
      Class space:        1.00 GB reserved,     832.00 KB ( <1%) committed,  1 nodes.
             Both:        1.06 GB reserved,       8.12 MB ( <1%) committed. 

Chunk freelists:
   Non-Class:  7.79 MB
       Class:  15.20 MB
        Both:  22.99 MB

MaxMetaspaceSize: unlimited
CompressedClassSpaceSize: 1.00 GB
Initial GC threshold: 21.00 MB
Current GC threshold: 21.00 MB
CDS: on
 - commit_granule_bytes: 65536.
 - commit_granule_words: 8192.
 - virtual_space_node_default_size: 8388608.
 - enlarge_chunks_in_place: 1.
UseCompressedClassPointers 1, UseCompactObjectHeaders 0
Narrow klass pointer bits 32, Max shift 3
Narrow klass base: 0x000000008e000000, Narrow klass shift: 0
Encoding Range: [0x000000008e000000 - 0x000000018e000000), (4294967296 bytes)
Klass Range:    [0x000000008e010000 - 0x00000000cf000000), (1090453504 bytes)
Klass ID Range:  [65536 - 1090519033) (1090453497)
Protection zone: [0x000000008e000000 - 0x000000008e010000), (65536 bytes)


Internal statistics:

num_allocs_failed_limit: 0.
num_arena_births: 128.
num_arena_deaths: 0.
num_vsnodes_births: 2.
num_vsnodes_deaths: 0.
num_space_committed: 130.
num_space_uncommitted: 0.
num_chunks_returned_to_freelist: 0.
num_chunks_taken_from_freelist: 339.
num_chunk_merges: 0.
num_chunk_splits: 241.
num_chunks_enlarged: 182.
num_inconsistent_stats: 0.

CodeHeap 'non-profiled nmethods': size=119232Kb used=571Kb max_used=571Kb free=118660Kb
 bounds [0x000002b66e6e0000, 0x000002b66e950000, 0x000002b675b50000]
CodeHeap 'profiled nmethods': size=119104Kb used=2364Kb max_used=2364Kb free=116739Kb
 bounds [0x000002b666b50000, 0x000002b666dc0000, 0x000002b66dfa0000]
CodeHeap 'non-nmethods': size=7424Kb used=3164Kb max_used=3169Kb free=4259Kb
 bounds [0x000002b66dfa0000, 0x000002b66e2c0000, 0x000002b66e6e0000]
CodeCache: size=245760Kb, used=6099Kb, max_used=6104Kb, free=239658Kb
 total_blobs=2246, nmethods=1657, adapters=487, full_count=0
Compilation: enabled, stopped_count=0, restarted_count=0

Compilation events (20 events):
Event: 1.042 Thread 0x000002b67ef766c0 nmethod 1436 0x000002b666d46508 code [0x000002b666d46600, 0x000002b666d491e0]
Event: 1.042 Thread 0x000002b67f053150 nmethod 1435 0x000002b666d49208 code [0x000002b666d49300, 0x000002b666d4c240]
Event: 1.042 Thread 0x000002b67f053150 1445       3       java.util.ResourceBundle$CacheKey::<init> (73 bytes)
Event: 1.042 Thread 0x000002b67f096110 nmethod 1442 0x000002b666d4c288 code [0x000002b666d4c380, 0x000002b666d4c7e8]
Event: 1.042 Thread 0x000002b67ef766c0 1446       3       java.util.ResourceBundle$Control::getFormats (16 bytes)
Event: 1.043 Thread 0x000002b67bec3040 nmethod 1443 0x000002b666d4c808 code [0x000002b666d4c900, 0x000002b666d4d0a0]
Event: 1.043 Thread 0x000002b67ef766c0 nmethod 1446 0x000002b666d4d108 code [0x000002b666d4d200, 0x000002b666d4d400]
Event: 1.043 Thread 0x000002b604e429a0 nmethod 1448 0x000002b66e75eb08 code [0x000002b66e75ec00, 0x000002b66e75ee20]
Event: 1.043 Thread 0x000002b67f053150 nmethod 1445 0x000002b666d4d408 code [0x000002b666d4d500, 0x000002b666d4e2a8]
Event: 1.044 Thread 0x000002b604e40150 nmethod 1447 0x000002b66e75ee88 code [0x000002b66e75ef80, 0x000002b66e75f1d8]
Event: 1.052 Thread 0x000002b67f097940 1449       4       java.util.ArrayList::get (15 bytes)
Event: 1.054 Thread 0x000002b67f097940 nmethod 1449 0x000002b66e75f208 code [0x000002b66e75f300, 0x000002b66e75f410]
Event: 1.070 Thread 0x000002b604e429a0 1450       4       java.lang.ref.Reference::<init> (25 bytes)
Event: 1.070 Thread 0x000002b604e429a0 nmethod 1450 0x000002b66e75f508 code [0x000002b66e75f600, 0x000002b66e75f8e0]
Event: 1.076 Thread 0x000002b604e40150 1451       4       java.lang.StringBuilder::append (8 bytes)
Event: 1.077 Thread 0x000002b604e40960 1452 % !   4       java.util.concurrent.ConcurrentHashMap::transfer @ 96 (849 bytes)
Event: 1.078 Thread 0x000002b604e40150 nmethod 1451 0x000002b66e75f908 code [0x000002b66e75fa00, 0x000002b66e75fd28]
Event: 1.092 Thread 0x000002b604e429a0 1453       4       java.lang.String::getChars (55 bytes)
Event: 1.092 Thread 0x000002b604e431b0 1454       4       java.lang.StringLatin1::getChars (12 bytes)
Event: 1.258 Thread 0x000002b67f053150 1455       1       com.sun.javafx.tk.quantum.QuantumToolkit$PulseTask::get (5 bytes)

GC Heap Usage History (0 events):
No events

Metaspace Usage History (0 events):
No events

Dll operation events (20 events):
Event: 0.334 Loaded shared library C:\Users\yarde\OneDrive\שולחן העבודה\שיטות\Ex-06_ClientServerGUI_FX\javafx-sdk-25.0.1\bin\api-ms-win-crt-heap-l1-1-0.dll
Event: 0.337 Loaded shared library C:\Users\yarde\OneDrive\שולחן העבודה\שיטות\Ex-06_ClientServerGUI_FX\javafx-sdk-25.0.1\bin\api-ms-win-crt-locale-l1-1-0.dll
Event: 0.340 Loaded shared library C:\Users\yarde\OneDrive\שולחן העבודה\שיטות\Ex-06_ClientServerGUI_FX\javafx-sdk-25.0.1\bin\api-ms-win-crt-math-l1-1-0.dll
Event: 0.343 Loaded shared library C:\Users\yarde\OneDrive\שולחן העבודה\שיטות\Ex-06_ClientServerGUI_FX\javafx-sdk-25.0.1\bin\api-ms-win-crt-multibyte-l1-1-0.dll
Event: 0.346 Loaded shared library C:\Users\yarde\OneDrive\שולחן העבודה\שיטות\Ex-06_ClientServerGUI_FX\javafx-sdk-25.0.1\bin\api-ms-win-crt-private-l1-1-0.dll
Event: 0.349 Loaded shared library C:\Users\yarde\OneDrive\שולחן העבודה\שיטות\Ex-06_ClientServerGUI_FX\javafx-sdk-25.0.1\bin\api-ms-win-crt-process-l1-1-0.dll
Event: 0.352 Loaded shared library C:\Users\yarde\OneDrive\שולחן העבודה\שיטות\Ex-06_ClientServerGUI_FX\javafx-sdk-25.0.1\bin\api-ms-win-crt-runtime-l1-1-0.dll
Event: 0.355 Loaded shared library C:\Users\yarde\OneDrive\שולחן העבודה\שיטות\Ex-06_ClientServerGUI_FX\javafx-sdk-25.0.1\bin\api-ms-win-crt-stdio-l1-1-0.dll
Event: 0.358 Loaded shared library C:\Users\yarde\OneDrive\שולחן העבודה\שיטות\Ex-06_ClientServerGUI_FX\javafx-sdk-25.0.1\bin\api-ms-win-crt-string-l1-1-0.dll
Event: 0.360 Loaded shared library C:\Users\yarde\OneDrive\שולחן העבודה\שיטות\Ex-06_ClientServerGUI_FX\javafx-sdk-25.0.1\bin\api-ms-win-crt-time-l1-1-0.dll
Event: 0.363 Loaded shared library C:\Users\yarde\OneDrive\שולחן העבודה\שיטות\Ex-06_ClientServerGUI_FX\javafx-sdk-25.0.1\bin\api-ms-win-crt-utility-l1-1-0.dll
Event: 0.367 Loaded shared library C:\Users\yarde\OneDrive\שולחן העבודה\שיטות\Ex-06_ClientServerGUI_FX\javafx-sdk-25.0.1\bin\ucrtbase.dll
Event: 0.370 Loaded shared library C:\Users\yarde\OneDrive\שולחן העבודה\שיטות\Ex-06_ClientServerGUI_FX\javafx-sdk-25.0.1\bin\vcruntime140.dll
Event: 0.373 Loaded shared library C:\Users\yarde\OneDrive\שולחן העבודה\שיטות\Ex-06_ClientServerGUI_FX\javafx-sdk-25.0.1\bin\vcruntime140_1.dll
Event: 0.376 Loaded shared library C:\Users\yarde\OneDrive\שולחן העבודה\שיטות\Ex-06_ClientServerGUI_FX\javafx-sdk-25.0.1\bin\msvcp140.dll
Event: 0.379 Loaded shared library C:\Users\yarde\OneDrive\שולחן העבודה\שיטות\Ex-06_ClientServerGUI_FX\javafx-sdk-25.0.1\bin\msvcp140_1.dll
Event: 0.383 Loaded shared library C:\Users\yarde\OneDrive\שולחן העבודה\שיטות\Ex-06_ClientServerGUI_FX\javafx-sdk-25.0.1\bin\msvcp140_2.dll
Event: 0.427 Loaded shared library C:\Users\yarde\OneDrive\שולחן העבודה\שיטות\Ex-06_ClientServerGUI_FX\javafx-sdk-25.0.1\bin\prism_d3d.dll
Event: 0.590 Loaded shared library C:\Users\yarde\OneDrive\שולחן העבודה\שיטות\Ex-06_ClientServerGUI_FX\javafx-sdk-25.0.1\bin\glass.dll
Event: 0.783 Loaded shared library C:\Program Files\Java\jdk-25\bin\jimage.dll

Deoptimization events (20 events):
Event: 0.991 Thread 0x000002b60449dbf0 Uncommon trap: trap_request=0xffffffbe fr.pc=0x000002b66e756dac relative=0x00000000000004ac
Event: 0.991 Thread 0x000002b60449dbf0 Uncommon trap: reason=profile_predicate action=maybe_recompile pc=0x000002b66e756dac method=java.io.WinNTFileSystem.normalize(Ljava/lang/String;)Ljava/lang/String; @ 30 c2
Event: 0.991 Thread 0x000002b60449dbf0 DEOPT PACKING pc=0x000002b66e756dac sp=0x000000beed8fb980
Event: 0.991 Thread 0x000002b60449dbf0 DEOPT UNPACKING pc=0x000002b66e0c0002 sp=0x000000beed8fb8f8 mode 2
Event: 0.991 Thread 0x000002b60449dbf0 Uncommon trap: trap_request=0xffffffbe fr.pc=0x000002b66e756dac relative=0x00000000000004ac
Event: 0.991 Thread 0x000002b60449dbf0 Uncommon trap: reason=profile_predicate action=maybe_recompile pc=0x000002b66e756dac method=java.io.WinNTFileSystem.normalize(Ljava/lang/String;)Ljava/lang/String; @ 30 c2
Event: 0.991 Thread 0x000002b60449dbf0 DEOPT PACKING pc=0x000002b66e756dac sp=0x000000beed8fb980
Event: 0.991 Thread 0x000002b60449dbf0 DEOPT UNPACKING pc=0x000002b66e0c0002 sp=0x000000beed8fb8f8 mode 2
Event: 0.991 Thread 0x000002b60449dbf0 Uncommon trap: trap_request=0xffffffbe fr.pc=0x000002b66e756dac relative=0x00000000000004ac
Event: 0.991 Thread 0x000002b60449dbf0 Uncommon trap: reason=profile_predicate action=maybe_recompile pc=0x000002b66e756dac method=java.io.WinNTFileSystem.normalize(Ljava/lang/String;)Ljava/lang/String; @ 30 c2
Event: 0.991 Thread 0x000002b60449dbf0 DEOPT PACKING pc=0x000002b66e756dac sp=0x000000beed8fb980
Event: 0.991 Thread 0x000002b60449dbf0 DEOPT UNPACKING pc=0x000002b66e0c0002 sp=0x000000beed8fb8f8 mode 2
Event: 0.991 Thread 0x000002b60449dbf0 Uncommon trap: trap_request=0xffffffbe fr.pc=0x000002b66e756dac relative=0x00000000000004ac
Event: 0.991 Thread 0x000002b60449dbf0 Uncommon trap: reason=profile_predicate action=maybe_recompile pc=0x000002b66e756dac method=java.io.WinNTFileSystem.normalize(Ljava/lang/String;)Ljava/lang/String; @ 30 c2
Event: 0.991 Thread 0x000002b60449dbf0 DEOPT PACKING pc=0x000002b66e756dac sp=0x000000beed8fb870
Event: 0.991 Thread 0x000002b60449dbf0 DEOPT UNPACKING pc=0x000002b66e0c0002 sp=0x000000beed8fb7e8 mode 2
Event: 1.094 Thread 0x000002b60449dbf0 Uncommon trap: trap_request=0xffffff45 fr.pc=0x000002b66e7591d4 relative=0x0000000000000ad4
Event: 2.090 Thread 0x000002b60449dbf0 Uncommon trap: reason=unstable_if action=reinterpret pc=0x000002b66e7591d4 method=sun.util.locale.BaseLocale.equals(Ljava/lang/Object;)Z @ 2 c2
Event: 2.090 Thread 0x000002b60449dbf0 DEOPT PACKING pc=0x000002b66e7591d4 sp=0x000000beed8fbb50
Event: 2.090 Thread 0x000002b60449dbf0 DEOPT UNPACKING pc=0x000002b66e0c0002 sp=0x000000beed8fbaf0 mode 2

Classes loaded (20 events):
Event: 0.843 Loading class sun/util/cldr/CLDRTimeZoneNameProviderImpl
Event: 0.843 Loading class sun/util/locale/provider/TimeZoneNameProviderImpl
Event: 0.843 Loading class sun/util/locale/provider/TimeZoneNameProviderImpl done
Event: 0.843 Loading class sun/util/cldr/CLDRTimeZoneNameProviderImpl done
Event: 0.859 Loading class java/util/ResourceBundle$CacheKey
Event: 0.859 Loading class java/util/ResourceBundle$CacheKey done
Event: 0.859 Loading class java/util/ResourceBundle$KeyElementReference
Event: 0.859 Loading class java/util/ResourceBundle$CacheKeyReference
Event: 0.859 Loading class java/util/ResourceBundle$CacheKeyReference done
Event: 0.859 Loading class java/util/ResourceBundle$KeyElementReference done
Event: 0.860 Loading class java/util/PropertyResourceBundle
Event: 0.860 Loading class java/util/PropertyResourceBundle done
Event: 0.861 Loading class sun/util/PropertyResourceBundleCharset
Event: 0.861 Loading class sun/util/PropertyResourceBundleCharset done
Event: 0.861 Loading class sun/util/PropertyResourceBundleCharset$PropertiesFileDecoder
Event: 0.861 Loading class sun/util/PropertyResourceBundleCharset$PropertiesFileDecoder done
Event: 0.861 Loading class sun/nio/cs/StreamDecoder
Event: 0.861 Loading class sun/nio/cs/StreamDecoder done
Event: 0.862 Loading class java/util/ResourceBundle$BundleReference
Event: 0.862 Loading class java/util/ResourceBundle$BundleReference done

Classes unloaded (0 events):
No events

Classes redefined (0 events):
No events

Internal exceptions (20 events):
Event: 1.090 Thread 0x000002b60449dbf0 Exception <a 'java/lang/ClassNotFoundException'{0x000000071187c338}: com/sun/glass/ui/win/themes_mer_Latn> (0x000000071187c338) 
thrown [s\open\src\hotspot\share\prims\jni.cpp, line 534]
Event: 1.090 Thread 0x000002b60449dbf0 Exception <a 'java/lang/ClassNotFoundException'{0x000000071187d890}: com/sun/glass/ui/win/themes_mer_Latn_KE> (0x000000071187d890) 
thrown [s\open\src\hotspot\share\prims\jni.cpp, line 534]
Event: 1.090 Thread 0x000002b60449dbf0 Exception <a 'java/lang/ClassNotFoundException'{0x000000071187f580}: com/sun/glass/ui/win/themes_en_NR> (0x000000071187f580) 
thrown [s\open\src\hotspot\share\prims\jni.cpp, line 534]
Event: 1.091 Thread 0x000002b60449dbf0 Exception <a 'java/lang/ClassNotFoundException'{0x0000000711880e00}: com/sun/glass/ui/win/themes_en_NO> (0x0000000711880e00) 
thrown [s\open\src\hotspot\share\prims\jni.cpp, line 534]
Event: 1.091 Thread 0x000002b60449dbf0 Exception <a 'java/lang/ClassNotFoundException'{0x0000000711882680}: com/sun/glass/ui/win/themes_en_NL> (0x0000000711882680) 
thrown [s\open\src\hotspot\share\prims\jni.cpp, line 534]
Event: 1.091 Thread 0x000002b60449dbf0 Exception <a 'java/lang/ClassNotFoundException'{0x0000000711883d30}: com/sun/glass/ui/win/themes_fil> (0x0000000711883d30) 
thrown [s\open\src\hotspot\share\prims\jni.cpp, line 534]
Event: 1.091 Thread 0x000002b60449dbf0 Exception <a 'java/lang/ClassNotFoundException'{0x0000000711885540}: com/sun/glass/ui/win/themes_lu_Latn> (0x0000000711885540) 
thrown [s\open\src\hotspot\share\prims\jni.cpp, line 534]
Event: 1.091 Thread 0x000002b60449dbf0 Exception <a 'java/lang/ClassNotFoundException'{0x0000000711886a98}: com/sun/glass/ui/win/themes_lu_Latn_CD> (0x0000000711886a98) 
thrown [s\open\src\hotspot\share\prims\jni.cpp, line 534]
Event: 1.091 Thread 0x000002b60449dbf0 Exception <a 'java/lang/ClassNotFoundException'{0x0000000711888320}: com/sun/glass/ui/win/themes_mfe> (0x0000000711888320) 
thrown [s\open\src\hotspot\share\prims\jni.cpp, line 534]
Event: 1.091 Thread 0x000002b60449dbf0 Exception <a 'java/lang/ClassNotFoundException'{0x0000000711889828}: com/sun/glass/ui/win/themes_mfe_MU> (0x0000000711889828) 
thrown [s\open\src\hotspot\share\prims\jni.cpp, line 534]
Event: 1.092 Thread 0x000002b60449dbf0 Exception <a 'java/lang/ClassNotFoundException'{0x000000071188ad70}: com/sun/glass/ui/win/themes_mfe_Latn> (0x000000071188ad70) 
thrown [s\open\src\hotspot\share\prims\jni.cpp, line 534]
Event: 1.092 Thread 0x000002b60449dbf0 Exception <a 'java/lang/ClassNotFoundException'{0x000000071188c2c8}: com/sun/glass/ui/win/themes_mfe_Latn_MU> (0x000000071188c2c8) 
thrown [s\open\src\hotspot\share\prims\jni.cpp, line 534]
Event: 1.092 Thread 0x000002b60449dbf0 Exception <a 'java/lang/ClassNotFoundException'{0x000000071188db58}: com/sun/glass/ui/win/themes_vi> (0x000000071188db58) 
thrown [s\open\src\hotspot\share\prims\jni.cpp, line 534]
Event: 1.092 Thread 0x000002b60449dbf0 Exception <a 'java/lang/ClassNotFoundException'{0x000000071188f058}: com/sun/glass/ui/win/themes_vi_VN> (0x000000071188f058) 
thrown [s\open\src\hotspot\share\prims\jni.cpp, line 534]
Event: 1.093 Thread 0x000002b60449dbf0 Exception <a 'java/lang/ClassNotFoundException'{0x0000000711890598}: com/sun/glass/ui/win/themes_vi_Latn> (0x0000000711890598) 
thrown [s\open\src\hotspot\share\prims\jni.cpp, line 534]
Event: 1.093 Thread 0x000002b60449dbf0 Exception <a 'java/lang/ClassNotFoundException'{0x0000000711891af0}: com/sun/glass/ui/win/themes_vi_Latn_VN> (0x0000000711891af0) 
thrown [s\open\src\hotspot\share\prims\jni.cpp, line 534]
Event: 1.093 Thread 0x000002b60449dbf0 Exception <a 'java/lang/ClassNotFoundException'{0x0000000711893240}: com/sun/glass/ui/win/themes_en_NG> (0x0000000711893240) 
thrown [s\open\src\hotspot\share\prims\jni.cpp, line 534]
Event: 1.093 Thread 0x000002b60449dbf0 Exception <a 'java/lang/ClassNotFoundException'{0x0000000711894908}: com/sun/glass/ui/win/themes_en_NF> (0x0000000711894908) 
thrown [s\open\src\hotspot\share\prims\jni.cpp, line 534]
Event: 1.093 Thread 0x000002b60449dbf0 Exception <a 'java/lang/ClassNotFoundException'{0x0000000711896000}: com/sun/glass/ui/win/themes_jmc_TZ> (0x0000000711896000) 
thrown [s\open\src\hotspot\share\prims\jni.cpp, line 534]
Event: 1.093 Thread 0x000002b60449dbf0 Exception <a 'java/lang/ClassNotFoundException'{0x0000000711897738}: com/sun/glass/ui/win/themes_sd_Arab> (0x0000000711897738) 
thrown [s\open\src\hotspot\share\prims\jni.cpp, line 534]

VM Operations (8 events):
Event: 0.076 Executing non-safepoint VM operation: HandshakeAllThreads (Deoptimize)
Event: 0.076 Executing non-safepoint VM operation: HandshakeAllThreads (Deoptimize) done
Event: 0.141 Executing non-safepoint VM operation: HandshakeAllThreads (Deoptimize)
Event: 0.141 Executing non-safepoint VM operation: HandshakeAllThreads (Deoptimize) done
Event: 0.585 Executing non-safepoint VM operation: HandshakeAllThreads (Deoptimize)
Event: 0.585 Executing non-safepoint VM operation: HandshakeAllThreads (Deoptimize) done
Event: 0.797 Executing non-safepoint VM operation: HandshakeAllThreads (Deoptimize)
Event: 0.797 Executing non-safepoint VM operation: HandshakeAllThreads (Deoptimize) done

Memory protections (0 events):
No events

Nmethod flushes (0 events):
No events

Events (20 events):
Event: 0.105 Thread 0x000002b67f096920 Thread added: 0x000002b67f095900
Event: 0.105 Thread 0x000002b67f096920 Thread added: 0x000002b67f097130
Event: 0.105 Thread 0x000002b67f096920 Thread added: 0x000002b67f097940
Event: 0.154 Thread 0x000002b65bbbcdb0 Thread added: 0x000002b67f4b3a90
Event: 0.414 Thread 0x000002b65bbbcdb0 Thread added: 0x000002b604741790
Event: 0.574 Thread 0x000002b67f097940 Thread exited: 0x000002b67f097940
Event: 0.574 Thread 0x000002b67f097130 Thread exited: 0x000002b67f097130
Event: 0.575 Thread 0x000002b67f096920 Thread exited: 0x000002b67f096920
Event: 0.575 Thread 0x000002b67f095900 Thread exited: 0x000002b67f095900
Event: 0.592 Thread 0x000002b65bbbcdb0 Thread added: 0x000002b604490a20
Event: 0.595 Thread 0x000002b65bbbcdb0 Thread added: 0x000002b60449dbf0
Event: 0.751 Thread 0x000002b65bbbcdb0 Thread added: 0x000002b604ccbf10
Event: 0.751 Thread 0x000002b67bec3040 Thread added: 0x000002b67f096920
Event: 0.761 Thread 0x000002b604ca0620 Thread added: 0x000002b604ca0620
Event: 0.820 Thread 0x000002b67bec1820 Thread added: 0x000002b67f097940
Event: 0.820 Thread 0x000002b67bec1820 Thread added: 0x000002b604e41170
Event: 0.820 Thread 0x000002b67bec1820 Thread added: 0x000002b604e40150
Event: 0.825 Thread 0x000002b67f097940 Thread added: 0x000002b604e40960
Event: 0.855 Thread 0x000002b604e40960 Thread added: 0x000002b604e431b0
Event: 0.855 Thread 0x000002b604e40960 Thread added: 0x000002b604e429a0


Dynamic libraries:
0x00007ff70c2b0000 - 0x00007ff70c2c0000 	C:\Program Files\Java\jdk-25\bin\javaw.exe
0x00007fff5db00000 - 0x00007fff5dd67000 	C:\WINDOWS\SYSTEM32\ntdll.dll
0x00007fff1dc40000 - 0x00007fff1dc60000 	C:\Program Files\Avast Software\Avast\aswhook.dll
0x00007fff5d280000 - 0x00007fff5d349000 	C:\WINDOWS\System32\KERNEL32.DLL
0x00007fff5af30000 - 0x00007fff5b31f000 	C:\WINDOWS\System32\KERNELBASE.dll
0x00007fff5b330000 - 0x00007fff5b47b000 	C:\WINDOWS\System32\ucrtbase.dll
0x00007fff55620000 - 0x00007fff55637000 	C:\Program Files\Java\jdk-25\bin\jli.dll
0x00007fff5c740000 - 0x00007fff5c905000 	C:\WINDOWS\System32\USER32.dll
0x00007fff5ace0000 - 0x00007fff5ad07000 	C:\WINDOWS\System32\win32u.dll
0x00007fff5d510000 - 0x00007fff5d53b000 	C:\WINDOWS\System32\GDI32.dll
0x00007fff5b770000 - 0x00007fff5b89c000 	C:\WINDOWS\System32\gdi32full.dll
0x00007fff5b6c0000 - 0x00007fff5b763000 	C:\WINDOWS\System32\msvcp_win.dll
0x00007fff4d130000 - 0x00007fff4d14e000 	C:\Program Files\Java\jdk-25\bin\VCRUNTIME140.dll
0x00007fff2f740000 - 0x00007fff2f9d3000 	C:\WINDOWS\WinSxS\amd64_microsoft.windows.common-controls_6595b64144ccf1df_6.0.26100.7309_none_3e05feeae336a044\COMCTL32.dll
0x00007fff5b8a0000 - 0x00007fff5b949000 	C:\WINDOWS\System32\msvcrt.dll
0x00007fff5c080000 - 0x00007fff5c0b1000 	C:\WINDOWS\System32\IMM32.DLL
0x00007fff22ba0000 - 0x00007fff22cfc000 	C:\Program Files (x86)\Citrix\ICA Client\ctxapclient64.dll
0x00007fff5c0d0000 - 0x00007fff5c455000 	C:\WINDOWS\System32\combase.dll
0x00007fff5d670000 - 0x00007fff5d788000 	C:\WINDOWS\System32\RPCRT4.dll
0x00007fff4f150000 - 0x00007fff4f15b000 	C:\WINDOWS\SYSTEM32\VERSION.dll
0x00007fff5ab40000 - 0x00007fff5ab6a000 	C:\WINDOWS\SYSTEM32\bcrypt.dll
0x00007fff5b950000 - 0x00007fff5b9f6000 	C:\WINDOWS\System32\sechost.dll
0x00007fff5d980000 - 0x00007fff5da34000 	C:\WINDOWS\System32\ADVAPI32.dll
0x00007fff59b20000 - 0x00007fff59b56000 	C:\WINDOWS\SYSTEM32\ntmarta.dll
0x000002b65d870000 - 0x000002b65d915000 	C:\WINDOWS\System32\bcryptprimitives.dll
0x00007fff55610000 - 0x00007fff5561c000 	C:\Program Files\Java\jdk-25\bin\vcruntime140_1.dll
0x00007fff165c0000 - 0x00007fff1664d000 	C:\Program Files\Java\jdk-25\bin\msvcp140.dll
0x00007ffeab660000 - 0x00007ffeac4bf000 	C:\Program Files\Java\jdk-25\bin\server\jvm.dll
0x00007fff5da40000 - 0x00007fff5dab4000 	C:\WINDOWS\System32\WS2_32.dll
0x00007fff5aab0000 - 0x00007fff5ab0e000 	C:\WINDOWS\SYSTEM32\POWRPROF.dll
0x00007fff4d1a0000 - 0x00007fff4d1d5000 	C:\WINDOWS\SYSTEM32\WINMM.dll
0x00007fff5aa90000 - 0x00007fff5aaa4000 	C:\WINDOWS\SYSTEM32\UMPDC.dll
0x00007fff59a00000 - 0x00007fff59a1b000 	C:\WINDOWS\SYSTEM32\kernel.appcore.dll
0x00007fff50480000 - 0x00007fff5048a000 	C:\Program Files\Java\jdk-25\bin\jimage.dll
0x00007fff58160000 - 0x00007fff583a2000 	C:\WINDOWS\SYSTEM32\DBGHELP.DLL
0x00007fff5c5e0000 - 0x00007fff5c6b6000 	C:\WINDOWS\System32\OLEAUT32.dll
0x00007fff467c0000 - 0x00007fff467fc000 	C:\WINDOWS\SYSTEM32\dbgcore.DLL
0x00007fff42b80000 - 0x00007fff42b9f000 	C:\Program Files\Java\jdk-25\bin\java.dll
0x00007fff5d7e0000 - 0x00007fff5d977000 	C:\WINDOWS\System32\ole32.dll
0x000002b65d920000 - 0x000002b65e073000 	C:\WINDOWS\System32\SHELL32.dll
0x000002b6669e0000 - 0x000002b666b4a000 	C:\WINDOWS\System32\wintypes.dll
0x00007fff58820000 - 0x00007fff5907e000 	C:\WINDOWS\SYSTEM32\windows.storage.dll
0x00007fff5bf20000 - 0x00007fff5c015000 	C:\WINDOWS\System32\SHCORE.dll
0x00007fff5d600000 - 0x00007fff5d666000 	C:\WINDOWS\System32\shlwapi.dll
0x00007fff5ab70000 - 0x00007fff5ab99000 	C:\WINDOWS\SYSTEM32\profapi.dll
0x00007fff42860000 - 0x00007fff42872000 	C:\Program Files\Java\jdk-25\bin\net.dll
0x00007fff59f70000 - 0x00007fff59fdb000 	C:\WINDOWS\system32\mswsock.dll
0x00007fff42840000 - 0x00007fff42856000 	C:\Program Files\Java\jdk-25\bin\nio.dll
0x00007fff42550000 - 0x00007fff42567000 	C:\Program Files\Java\jdk-25\bin\zip.dll
0x000002b604fd0000 - 0x000002b604fd4000 	C:\Users\yarde\OneDrive\שולחן העבודה\שיטות\Ex-06_ClientServerGUI_FX\javafx-sdk-25.0.1\bin\api-ms-win-core-console-l1-1-0.dll
0x000002b604fe0000 - 0x000002b604fe4000 	C:\Users\yarde\OneDrive\שולחן העבודה\שיטות\Ex-06_ClientServerGUI_FX\javafx-sdk-25.0.1\bin\api-ms-win-core-console-l1-2-0.dll
0x000002b604ff0000 - 0x000002b604ff4000 	C:\Users\yarde\OneDrive\שולחן העבודה\שיטות\Ex-06_ClientServerGUI_FX\javafx-sdk-25.0.1\bin\api-ms-win-core-datetime-l1-1-0.dll
0x000002b605000000 - 0x000002b605004000 	C:\Users\yarde\OneDrive\שולחן העבודה\שיטות\Ex-06_ClientServerGUI_FX\javafx-sdk-25.0.1\bin\api-ms-win-core-debug-l1-1-0.dll
0x000002b605010000 - 0x000002b605014000 	C:\Users\yarde\OneDrive\שולחן העבודה\שיטות\Ex-06_ClientServerGUI_FX\javafx-sdk-25.0.1\bin\api-ms-win-core-errorhandling-l1-1-0.dll
0x000002b605190000 - 0x000002b605195000 	C:\Users\yarde\OneDrive\שולחן העבודה\שיטות\Ex-06_ClientServerGUI_FX\javafx-sdk-25.0.1\bin\api-ms-win-core-file-l1-1-0.dll
0x000002b605020000 - 0x000002b605024000 	C:\Users\yarde\OneDrive\שולחן העבודה\שיטות\Ex-06_ClientServerGUI_FX\javafx-sdk-25.0.1\bin\api-ms-win-core-file-l1-2-0.dll
0x000002b605030000 - 0x000002b605034000 	C:\Users\yarde\OneDrive\שולחן העבודה\שיטות\Ex-06_ClientServerGUI_FX\javafx-sdk-25.0.1\bin\api-ms-win-core-file-l2-1-0.dll
0x000002b605040000 - 0x000002b605044000 	C:\Users\yarde\OneDrive\שולחן העבודה\שיטות\Ex-06_ClientServerGUI_FX\javafx-sdk-25.0.1\bin\api-ms-win-core-handle-l1-1-0.dll
0x000002b605050000 - 0x000002b605054000 	C:\Users\yarde\OneDrive\שולחן העבודה\שיטות\Ex-06_ClientServerGUI_FX\javafx-sdk-25.0.1\bin\api-ms-win-core-heap-l1-1-0.dll
0x000002b605060000 - 0x000002b605064000 	C:\Users\yarde\OneDrive\שולחן העבודה\שיטות\Ex-06_ClientServerGUI_FX\javafx-sdk-25.0.1\bin\api-ms-win-core-interlocked-l1-1-0.dll
0x000002b605070000 - 0x000002b605074000 	C:\Users\yarde\OneDrive\שולחן העבודה\שיטות\Ex-06_ClientServerGUI_FX\javafx-sdk-25.0.1\bin\api-ms-win-core-libraryloader-l1-1-0.dll
0x000002b605080000 - 0x000002b605084000 	C:\Users\yarde\OneDrive\שולחן העבודה\שיטות\Ex-06_ClientServerGUI_FX\javafx-sdk-25.0.1\bin\api-ms-win-core-localization-l1-2-0.dll
0x000002b605090000 - 0x000002b605094000 	C:\Users\yarde\OneDrive\שולחן העבודה\שיטות\Ex-06_ClientServerGUI_FX\javafx-sdk-25.0.1\bin\api-ms-win-core-memory-l1-1-0.dll
0x000002b6050a0000 - 0x000002b6050a4000 	C:\Users\yarde\OneDrive\שולחן העבודה\שיטות\Ex-06_ClientServerGUI_FX\javafx-sdk-25.0.1\bin\api-ms-win-core-namedpipe-l1-1-0.dll
0x000002b6050b0000 - 0x000002b6050b4000 	C:\Users\yarde\OneDrive\שולחן העבודה\שיטות\Ex-06_ClientServerGUI_FX\javafx-sdk-25.0.1\bin\api-ms-win-core-processenvironment-l1-1-0.dll
0x000002b6050c0000 - 0x000002b6050c4000 	C:\Users\yarde\OneDrive\שולחן העבודה\שיטות\Ex-06_ClientServerGUI_FX\javafx-sdk-25.0.1\bin\api-ms-win-core-processthreads-l1-1-0.dll
0x000002b6050d0000 - 0x000002b6050d4000 	C:\Users\yarde\OneDrive\שולחן העבודה\שיטות\Ex-06_ClientServerGUI_FX\javafx-sdk-25.0.1\bin\api-ms-win-core-processthreads-l1-1-1.dll
0x000002b6050e0000 - 0x000002b6050e4000 	C:\Users\yarde\OneDrive\שולחן העבודה\שיטות\Ex-06_ClientServerGUI_FX\javafx-sdk-25.0.1\bin\api-ms-win-core-profile-l1-1-0.dll
0x000002b6050f0000 - 0x000002b6050f4000 	C:\Users\yarde\OneDrive\שולחן העבודה\שיטות\Ex-06_ClientServerGUI_FX\javafx-sdk-25.0.1\bin\api-ms-win-core-rtlsupport-l1-1-0.dll
0x000002b605100000 - 0x000002b605104000 	C:\Users\yarde\OneDrive\שולחן העבודה\שיטות\Ex-06_ClientServerGUI_FX\javafx-sdk-25.0.1\bin\api-ms-win-core-string-l1-1-0.dll
0x000002b605110000 - 0x000002b605114000 	C:\Users\yarde\OneDrive\שולחן העבודה\שיטות\Ex-06_ClientServerGUI_FX\javafx-sdk-25.0.1\bin\api-ms-win-core-synch-l1-1-0.dll
0x000002b605120000 - 0x000002b605124000 	C:\Users\yarde\OneDrive\שולחן העבודה\שיטות\Ex-06_ClientServerGUI_FX\javafx-sdk-25.0.1\bin\api-ms-win-core-synch-l1-2-0.dll
0x000002b605130000 - 0x000002b605134000 	C:\Users\yarde\OneDrive\שולחן העבודה\שיטות\Ex-06_ClientServerGUI_FX\javafx-sdk-25.0.1\bin\api-ms-win-core-sysinfo-l1-1-0.dll
0x000002b605140000 - 0x000002b605144000 	C:\Users\yarde\OneDrive\שולחן העבודה\שיטות\Ex-06_ClientServerGUI_FX\javafx-sdk-25.0.1\bin\api-ms-win-core-timezone-l1-1-0.dll
0x000002b605150000 - 0x000002b605154000 	C:\Users\yarde\OneDrive\שולחן העבודה\שיטות\Ex-06_ClientServerGUI_FX\javafx-sdk-25.0.1\bin\api-ms-win-core-util-l1-1-0.dll
0x000002b605160000 - 0x000002b605164000 	C:\Users\yarde\OneDrive\שולחן העבודה\שיטות\Ex-06_ClientServerGUI_FX\javafx-sdk-25.0.1\bin\api-ms-win-crt-conio-l1-1-0.dll
0x000002b605170000 - 0x000002b605175000 	C:\Users\yarde\OneDrive\שולחן העבודה\שיטות\Ex-06_ClientServerGUI_FX\javafx-sdk-25.0.1\bin\api-ms-win-crt-convert-l1-1-0.dll
0x000002b605180000 - 0x000002b605184000 	C:\Users\yarde\OneDrive\שולחן העבודה\שיטות\Ex-06_ClientServerGUI_FX\javafx-sdk-25.0.1\bin\api-ms-win-crt-environment-l1-1-0.dll
0x000002b6051a0000 - 0x000002b6051a4000 	C:\Users\yarde\OneDrive\שולחן העבודה\שיטות\Ex-06_ClientServerGUI_FX\javafx-sdk-25.0.1\bin\api-ms-win-crt-filesystem-l1-1-0.dll
0x000002b6051b0000 - 0x000002b6051b4000 	C:\Users\yarde\OneDrive\שולחן העבודה\שיטות\Ex-06_ClientServerGUI_FX\javafx-sdk-25.0.1\bin\api-ms-win-crt-heap-l1-1-0.dll
0x000002b6051c0000 - 0x000002b6051c4000 	C:\Users\yarde\OneDrive\שולחן העבודה\שיטות\Ex-06_ClientServerGUI_FX\javafx-sdk-25.0.1\bin\api-ms-win-crt-locale-l1-1-0.dll
0x000002b6051d0000 - 0x000002b6051d6000 	C:\Users\yarde\OneDrive\שולחן העבודה\שיטות\Ex-06_ClientServerGUI_FX\javafx-sdk-25.0.1\bin\api-ms-win-crt-math-l1-1-0.dll
0x000002b605450000 - 0x000002b605456000 	C:\Users\yarde\OneDrive\שולחן העבודה\שיטות\Ex-06_ClientServerGUI_FX\javafx-sdk-25.0.1\bin\api-ms-win-crt-multibyte-l1-1-0.dll
0x000002b605460000 - 0x000002b605471000 	C:\Users\yarde\OneDrive\שולחן העבודה\שיטות\Ex-06_ClientServerGUI_FX\javafx-sdk-25.0.1\bin\api-ms-win-crt-private-l1-1-0.dll
0x000002b605480000 - 0x000002b605484000 	C:\Users\yarde\OneDrive\שולחן העבודה\שיטות\Ex-06_ClientServerGUI_FX\javafx-sdk-25.0.1\bin\api-ms-win-crt-process-l1-1-0.dll
0x000002b605490000 - 0x000002b605495000 	C:\Users\yarde\OneDrive\שולחן העבודה\שיטות\Ex-06_ClientServerGUI_FX\javafx-sdk-25.0.1\bin\api-ms-win-crt-runtime-l1-1-0.dll
0x000002b6054a0000 - 0x000002b6054a5000 	C:\Users\yarde\OneDrive\שולחן העבודה\שיטות\Ex-06_ClientServerGUI_FX\javafx-sdk-25.0.1\bin\api-ms-win-crt-stdio-l1-1-0.dll
0x000002b6054b0000 - 0x000002b6054b5000 	C:\Users\yarde\OneDrive\שולחן העבודה\שיטות\Ex-06_ClientServerGUI_FX\javafx-sdk-25.0.1\bin\api-ms-win-crt-string-l1-1-0.dll
0x000002b605310000 - 0x000002b605314000 	C:\Users\yarde\OneDrive\שולחן העבודה\שיטות\Ex-06_ClientServerGUI_FX\javafx-sdk-25.0.1\bin\api-ms-win-crt-time-l1-1-0.dll
0x000002b605320000 - 0x000002b605324000 	C:\Users\yarde\OneDrive\שולחן העבודה\שיטות\Ex-06_ClientServerGUI_FX\javafx-sdk-25.0.1\bin\api-ms-win-crt-utility-l1-1-0.dll
0x00007fff0f180000 - 0x00007fff0f291000 	C:\Users\yarde\OneDrive\שולחן העבודה\שיטות\Ex-06_ClientServerGUI_FX\javafx-sdk-25.0.1\bin\ucrtbase.dll
0x00007fff407d0000 - 0x00007fff407ee000 	C:\Users\yarde\OneDrive\שולחן העבודה\שיטות\Ex-06_ClientServerGUI_FX\javafx-sdk-25.0.1\bin\vcruntime140.dll
0x00007fff4ef80000 - 0x00007fff4ef8c000 	C:\Users\yarde\OneDrive\שולחן העבודה\שיטות\Ex-06_ClientServerGUI_FX\javafx-sdk-25.0.1\bin\vcruntime140_1.dll
0x00007fff16530000 - 0x00007fff165bd000 	C:\Users\yarde\OneDrive\שולחן העבודה\שיטות\Ex-06_ClientServerGUI_FX\javafx-sdk-25.0.1\bin\msvcp140.dll
0x00007fff4ee10000 - 0x00007fff4ee19000 	C:\Users\yarde\OneDrive\שולחן העבודה\שיטות\Ex-06_ClientServerGUI_FX\javafx-sdk-25.0.1\bin\msvcp140_1.dll
0x00007fff19f00000 - 0x00007fff19f41000 	C:\Users\yarde\OneDrive\שולחן העבודה\שיטות\Ex-06_ClientServerGUI_FX\javafx-sdk-25.0.1\bin\msvcp140_2.dll
0x00007fff3fcf0000 - 0x00007fff3fd20000 	C:\Users\yarde\OneDrive\שולחן העבודה\שיטות\Ex-06_ClientServerGUI_FX\javafx-sdk-25.0.1\bin\prism_d3d.dll
0x00007ffedd840000 - 0x00007ffedd9f3000 	C:\WINDOWS\system32\d3d9.dll
0x00007fff57d50000 - 0x00007fff57d80000 	C:\WINDOWS\SYSTEM32\dwmapi.dll
0x00007fff57b80000 - 0x00007fff57bc4000 	C:\WINDOWS\SYSTEM32\dxcore.dll
0x00007fff57840000 - 0x00007fff578eb000 	C:\WINDOWS\system32\uxtheme.dll
0x00007fff06ce0000 - 0x00007fff06da3000 	C:\WINDOWS\SYSTEM32\d3d9on12.dll
0x00007fff57bd0000 - 0x00007fff57d0b000 	C:\WINDOWS\SYSTEM32\dxgi.dll
0x00007fff20b00000 - 0x00007fff20b23000 	C:\WINDOWS\SYSTEM32\d3d12.dll
0x00007fff5a7c0000 - 0x00007fff5a817000 	C:\WINDOWS\SYSTEM32\cfgmgr32.dll
0x00007ffeab300000 - 0x00007ffeab658000 	C:\WINDOWS\SYSTEM32\D3D12Core.dll
0x00007ffefb9b0000 - 0x00007ffefbab7000 	C:\WINDOWS\System32\DriverStore\FileRepository\iigd_dch.inf_amd64_e7f98e080747a9ea\igd12umd64.dll
0x00007ffeaa3f0000 - 0x00007ffeab2f5000 	C:\WINDOWS\System32\DriverStore\FileRepository\iigd_dch.inf_amd64_e7f98e080747a9ea\igd12um64xel.dll
0x00007fff5b540000 - 0x00007fff5b6b7000 	C:\WINDOWS\System32\CRYPT32.dll
0x00007fff20cc0000 - 0x00007fff20d04000 	C:\WINDOWS\SYSTEM32\ControlLib.dll
0x00007fff5ba00000 - 0x00007fff5be8a000 	C:\WINDOWS\System32\SETUPAPI.dll
0x00007fff5a790000 - 0x00007fff5a7bd000 	C:\WINDOWS\SYSTEM32\DEVOBJ.dll
0x00007fff4ceb0000 - 0x00007fff4cf3b000 	C:\WINDOWS\System32\DriverStore\FileRepository\iigd_dch.inf_amd64_e7f98e080747a9ea\IntelControlLib.dll
0x00007fff5ac50000 - 0x00007fff5acd0000 	C:\WINDOWS\System32\WINTRUST.dll
0x00007fff5a360000 - 0x00007fff5a373000 	C:\WINDOWS\SYSTEM32\MSASN1.dll
0x00007fff54530000 - 0x00007fff54593000 	C:\WINDOWS\SYSTEM32\directxdatabasehelper.dll
0x00007fff4c790000 - 0x00007fff4cbc8000 	C:\WINDOWS\System32\DriverStore\FileRepository\iigd_dch.inf_amd64_e7f98e080747a9ea\igdgmm64.dll
0x00007fff46a40000 - 0x00007fff4a8ed000 	C:\WINDOWS\System32\DriverStore\FileRepository\iigd_dch.inf_amd64_e7f98e080747a9ea\igc64.dll
0x00007ffee8760000 - 0x00007ffee8845000 	C:\WINDOWS\SYSTEM32\D3DSCache.dll
0x00007fff5a020000 - 0x00007fff5a04b000 	C:\WINDOWS\SYSTEM32\USERENV.dll
0x00007ffeaa0f0000 - 0x00007ffeaa3ec000 	C:\WINDOWS\System32\DriverStore\FileRepository\iigd_dch.inf_amd64_e7f98e080747a9ea\igd12dxva64.dll
0x00007fff03270000 - 0x00007fff04453000 	C:\WINDOWS\System32\DriverStore\FileRepository\iigd_dch.inf_amd64_e7f98e080747a9ea\igddxvacommon64.dll
0x00007fff00ee0000 - 0x00007fff02c01000 	C:\WINDOWS\System32\DriverStore\FileRepository\iigd_dch.inf_amd64_e7f98e080747a9ea\media_bin_64.dll
0x00007fff15bd0000 - 0x00007fff15bf7000 	C:\WINDOWS\System32\DriverStore\FileRepository\iigd_dch.inf_amd64_e7f98e080747a9ea\igdinfo64.dll
0x00007fff5a240000 - 0x00007fff5a25b000 	C:\WINDOWS\SYSTEM32\CRYPTSP.dll
0x00007fff59960000 - 0x00007fff5999a000 	C:\WINDOWS\system32\rsaenh.dll
0x00007fff5a230000 - 0x00007fff5a23c000 	C:\WINDOWS\SYSTEM32\CRYPTBASE.dll
0x00007fff16420000 - 0x00007fff16469000 	C:\Users\yarde\OneDrive\שולחן העבודה\שיטות\Ex-06_ClientServerGUI_FX\javafx-sdk-25.0.1\bin\glass.dll

JVMTI agents: none

dbghelp: loaded successfully - version: 4.0.5 - missing functions: none
symbol engine: initialized successfully - sym options: 0x614 - pdb path: .;C:\Program Files\Java\jdk-25\bin;C:\WINDOWS\SYSTEM32;C:\Program Files\Avast Software\Avast;C:\WINDOWS\WinSxS\amd64_microsoft.windows.common-controls_6595b64144ccf1df_6.0.26100.7309_none_3e05feeae336a044;C:\Program Files (x86)\Citrix\ICA Client;C:\Program Files\Java\jdk-25\bin\server;C:\Users\yarde\OneDrive\שולחן העבודה\שיטות\Ex-06_ClientServerGUI_FX\javafx-sdk-25.0.1\bin;C:\WINDOWS\System32\DriverStore\FileRepository\iigd_dch.inf_amd64_e7f98e080747a9ea

VM Arguments:
jvm_args: --module-path=C:\Users\yarde\OneDrive\שולחן העבודה\שיטות\Ex-06_ClientServerGUI_FX\javafx-sdk-25.0.1\lib --add-modules=javafx.controls,javafx.fxml --enable-native-access=javafx.graphics -Dfile.encoding=UTF-8 -Dstdout.encoding=UTF-8 -Dstderr.encoding=UTF-8 -XX:+ShowCodeDetailsInExceptionMessages 
java_command: ClientGUI.controller.ClientUI
java_class_path (initial): C:\Users\yarde\git\Bistro-Project\Assignment2Files\Bistro_Client\bin;C:\Users\yarde\git\Bistro-Project\Assignment2Files\Bistro_Ocsf\bin;C:\Users\yarde\OneDrive\שולחן העבודה\שיטות\Ex-06_ClientServerGUI_FX\javafx-sdk-25.0.1\lib\javafx.base.jar;C:\Users\yarde\OneDrive\שולחן העבודה\שיטות\Ex-06_ClientServerGUI_FX\javafx-sdk-25.0.1\lib\javafx.controls.jar;C:\Users\yarde\OneDrive\שולחן העבודה\שיטות\Ex-06_ClientServerGUI_FX\javafx-sdk-25.0.1\lib\javafx.fxml.jar;C:\Users\yarde\OneDrive\שולחן העבודה\שיטות\Ex-06_ClientServerGUI_FX\javafx-sdk-25.0.1\lib\javafx.graphics.jar;C:\Users\yarde\OneDrive\שולחן העבודה\שיטות\Ex-06_ClientServerGUI_FX\javafx-sdk-25.0.1\lib\javafx.media.jar;C:\Users\yarde\OneDrive\שולחן העבודה\שיטות\Ex-06_ClientServerGUI_FX\javafx-sdk-25.0.1\lib\javafx.swing.jar;C:\Users\yarde\OneDrive\שולחן העבודה\שיטות\Ex-06_ClientServerGUI_FX\javafx-sdk-25.0.1\lib\javafx.web.jar;C:\Users\yarde\OneDrive\שולחן העבודה\שיטות\Ex-06_ClientServerGUI_FX\javafx-sdk-25.0.1\lib\javafx-swt.jar;C:\Users\yarde\OneDrive\שולחן העבודה\שיטות\Ex-06_ClientServerGUI_FX\javafx-sdk-25.0.1\lib\jdk.jsobject.jar;C:\Users\yarde\OneDrive\שולחן העבודה\שיטות\Ex-06_ClientServerGUI_FX\javafx-sdk-25.0.1\lib\jfx.incubator.input.jar;C:\Users\yarde\OneDrive\שולחן העבודה\שיטות\Ex-06_ClientServerGUI_FX\javafx-sdk-25.0.1\lib\jfx.incubator.richtext.jar;C:\Users\yarde\git\Bistro-Project\Assignment2Files\Bistro_Common\bin
Launcher Type: SUN_STANDARD

[Global flags]
     intx CICompilerCount                          = 12                                        {product} {ergonomic}
     uint ConcGCThreads                            = 4                                         {product} {ergonomic}
     uint G1ConcRefinementThreads                  = 15                                        {product} {ergonomic}
   size_t G1HeapRegionSize                         = 2097152                                   {product} {ergonomic}
   size_t InitialHeapSize                          = 264241152                                 {product} {ergonomic}
   size_t MarkStackSize                            = 4194304                                   {product} {ergonomic}
   size_t MarkStackSizeMax                         = 536870912                                 {product} {ergonomic}
   size_t MaxHeapSize                              = 4223664128                                {product} {ergonomic}
   size_t MaxNewSize                               = 2533359616                                {product} {ergonomic}
   size_t MinHeapDeltaBytes                        = 2097152                                   {product} {ergonomic}
   size_t MinHeapSize                              = 8388608                                   {product} {ergonomic}
    uintx NonNMethodCodeHeapSize                   = 7602176                                {pd product} {ergonomic}
    uintx NonProfiledCodeHeapSize                  = 122093568                              {pd product} {ergonomic}
    uintx ProfiledCodeHeapSize                     = 121962496                              {pd product} {ergonomic}
    uintx ReservedCodeCacheSize                    = 251658240                              {pd product} {ergonomic}
     bool SegmentedCodeCache                       = true                                      {product} {ergonomic}
     bool ShowCodeDetailsInExceptionMessages       = true                                   {manageable} {command line}
   size_t SoftMaxHeapSize                          = 4223664128                             {manageable} {ergonomic}
     bool UseCompressedOops                        = true                           {product lp64_product} {ergonomic}
     bool UseG1GC                                  = true                                      {product} {ergonomic}
     bool UseLargePagesIndividualAllocation        = false                                  {pd product} {ergonomic}

Logging:
Log output configuration:
 #0: stdout all=warning uptime,level,tags foldmultilines=false
 #1: stderr all=off uptime,level,tags foldmultilines=false

Release file:
IMPLEMENTOR="Oracle Corporation" 
JAVA_RUNTIME_VERSION="25.0.1+8-LTS-27" 
JAVA_VERSION="25.0.1" 
JAVA_VERSION_DATE="2025-10-21" 
LIBC="default" 
MODULES="java.base java.compiler java.datatransfer java.xml java.prefs java.desktop java.instrument java.logging java.management java.security.sasl java.naming java.rmi java.management.rmi java.net.http java.scripting java.security.jgss java.transaction.xa java.sql java.sql.rowset java.xml.crypto java.se java.smartcardio jdk.accessibility jdk.internal.jvmstat jdk.attach jdk.charsets jdk.internal.opt jdk.zipfs jdk.compiler jdk.crypto.cryptoki jdk.crypto.ec jdk.crypto.mscapi jdk.dynalink jdk.internal.ed jdk.editpad jdk.internal.vm.ci jdk.graal.compiler jdk.graal.compiler.management jdk.hotspot.agent jdk.httpserver jdk.incubator.vector jdk.internal.le jdk.internal.md jdk.jartool jdk.javadoc jdk.jcmd jdk.management jdk.management.agent jdk.jconsole jdk.jdeps jdk.jdwp.agent jdk.jdi jdk.jfr jdk.jlink jdk.jpackage jdk.jshell jdk.jsobject jdk.jstatd jdk.localedata jdk.management.jfr jdk.naming.dns jdk.naming.rmi jdk.net jdk.nio.mapmode jdk.sctp jdk.security.auth jdk.security.jgss jdk.unsupported jdk.unsupported.desktop jdk.xml.dom" 
OS_ARCH="x86_64" 
OS_NAME="Windows" 
SOURCE=".:git:862c85bc42b7 open:git:78770bfaefd2" 

Environment Variables:
JAVA_HOME=C:\Program Files\BellSoft\LibericaJDK-17-Full\
PATH=C:/Users/yarde/.p2/pool/plugins/org.eclipse.justj.openjdk.hotspot.jre.full.win32.x86_64_21.0.6.v20250130-0529/jre/bin/server;C:/Users/yarde/.p2/pool/plugins/org.eclipse.justj.openjdk.hotspot.jre.full.win32.x86_64_21.0.6.v20250130-0529/jre/bin;C:\Program Files\Common Files\Oracle\Java\javapath;C:\Program Files\BellSoft\LibericaJDK-17-Full\bin\;C:\Program Files (x86)\Common Files\Oracle\Java\java8path;C:\Program Files (x86)\Common Files\Oracle\Java\javapath;C:\Windows\system32;C:\Windows;C:\Windows\System32\Wbem;C:\Windows\System32\WindowsPowerShell\v1.0\;C:\Windows\System32\OpenSSH\;C:\Program Files (x86)\NVIDIA Corporation\PhysX\Common;C:\Program Files\NVIDIA Corporation\NVIDIA NvDLISR;C:\WINDOWS\system32;C:\WINDOWS;C:\WINDOWS\System32\Wbem;C:\WINDOWS\System32\WindowsPowerShell\v1.0\;C:\WINDOWS\System32\OpenSSH\;C:\Program Files\Microsoft SQL Server\150\Tools\Binn\;C:\Program Files\Microsoft SQL Server\Client SDK\ODBC\170\Tools\Binn\;C:\Program Files\dotnet\;C:\Program Files (x86)\Windows Kits\10\Windows Performance Toolkit\;C:\Program Files\Git\cmd;C:\Program Files\MySQL\MySQL Shell 8.0\bin\;C:\Users\yarde\AppData\Local\Microsoft\WindowsApps;C:\Users\yarde\AppData\Local\Programs\Microsoft VS Code\bin;C:\Users\yarde\.dotnet\tools;C:\Users\yarde\OneDrive\שולחן העבודה;
USERNAME=yarde
OS=Windows_NT
PROCESSOR_IDENTIFIER=Intel64 Family 6 Model 154 Stepping 3, GenuineIntel
TMP=C:\Users\yarde\AppData\Local\Temp
TEMP=C:\Users\yarde\AppData\Local\Temp




Compilation memory statistics disabled.

Periodic native trim disabled

---------------  S Y S T E M  ---------------

OS:
 Windows 11 , 64 bit Build 26100 (10.0.26100.7309)
OS uptime: 6 days 2:26 hours
Hyper-V role detected

CPU: total 20 (initial active 20) (10 cores per cpu, 2 threads per core) family 6 model 154 stepping 3 microcode 0x41b, cx8, cmov, fxsr, ht, mmx, 3dnowpref, sse, sse2, sse3, ssse3, sse4.1, sse4.2, popcnt, lzcnt, tsc, tscinvbit, avx, avx2, aes, erms, clmul, bmi1, bmi2, adx, sha, fma, vzeroupper, clflush, clflushopt, clwb, hv, serialize, rdtscp, rdpid, fsrm, gfni, f16c, cet_ibt, cet_ss
Processor Information for processor 0
  Max Mhz: 2300, Current Mhz: 2300, Mhz Limit: 2300
Processor Information for processor 1
  Max Mhz: 2300, Current Mhz: 2300, Mhz Limit: 2300
Processor Information for processor 2
  Max Mhz: 2300, Current Mhz: 2300, Mhz Limit: 2300
Processor Information for processor 3
  Max Mhz: 2300, Current Mhz: 2300, Mhz Limit: 2300
Processor Information for processor 4
  Max Mhz: 2300, Current Mhz: 2300, Mhz Limit: 2300
Processor Information for processor 5
  Max Mhz: 2300, Current Mhz: 2300, Mhz Limit: 2300
Processor Information for processor 6
  Max Mhz: 2300, Current Mhz: 2300, Mhz Limit: 2300
Processor Information for processor 7
  Max Mhz: 2300, Current Mhz: 2300, Mhz Limit: 2300
Processor Information for processor 8
  Max Mhz: 2300, Current Mhz: 2300, Mhz Limit: 2300
Processor Information for processor 9
  Max Mhz: 2300, Current Mhz: 2300, Mhz Limit: 2300
Processor Information for processor 10
  Max Mhz: 2300, Current Mhz: 2300, Mhz Limit: 2300
Processor Information for processor 11
  Max Mhz: 2300, Current Mhz: 2300, Mhz Limit: 2300
Processor Information for processor 12
  Max Mhz: 1700, Current Mhz: 1700, Mhz Limit: 1700
Processor Information for processor 13
  Max Mhz: 1700, Current Mhz: 1700, Mhz Limit: 1700
Processor Information for processor 14
  Max Mhz: 1700, Current Mhz: 1700, Mhz Limit: 1700
Processor Information for processor 15
  Max Mhz: 1700, Current Mhz: 1700, Mhz Limit: 1700
Processor Information for processor 16
  Max Mhz: 1700, Current Mhz: 1700, Mhz Limit: 1700
Processor Information for processor 17
  Max Mhz: 1700, Current Mhz: 1700, Mhz Limit: 1700
Processor Information for processor 18
  Max Mhz: 1700, Current Mhz: 1700, Mhz Limit: 1700
Processor Information for processor 19
  Max Mhz: 1700, Current Mhz: 1700, Mhz Limit: 1700

Memory: 4k page, system-wide physical 16108M (2020M free)
TotalPageFile size 65260M (AvailPageFile size 480M)
current process WorkingSet (physical memory assigned to process): 256M, peak: 256M
current process commit charge ("private bytes"): 537M, peak: 544M

vm_info: Java HotSpot(TM) 64-Bit Server VM (25.0.1+8-LTS-27) for windows-amd64 JRE (25.0.1+8-LTS-27), built on 2025-09-25T16:41:16Z with unknown MS VC++:1943

END.
