#
# There is insufficient memory for the Java Runtime Environment to continue.
# Native memory allocation (malloc) failed to allocate 1589976 bytes. Error detail: Chunk::new
# Possible reasons:
#   The system is out of physical RAM or swap space
#   This process is running with CompressedOops enabled, and the Java Heap may be blocking the growth of the native heap
# Possible solutions:
#   Reduce memory load on the system
#   Increase physical memory or swap space
#   Check if swap backing store is full
#   Decrease Java heap size (-Xmx/-Xms)
#   Decrease number of Java threads
#   Decrease Java thread stack sizes (-Xss)
#   Set larger code cache with -XX:ReservedCodeCacheSize=
#   JVM is running with Zero Based Compressed Oops mode in which the Java heap is
#     placed in the first 32GB address space. The Java Heap base address is the
#     maximum limit for the native heap growth. Please use -XX:HeapBaseMinAddress
#     to set the Java Heap base and to place the Java Heap above 32GB virtual address.
# This output file may be truncated or incomplete.
#
#  Out of Memory Error (arena.cpp:186), pid=48572, tid=34780
#
# JRE version: Java(TM) SE Runtime Environment (25.0.1+8) (build 25.0.1+8-LTS-27)
# Java VM: Java HotSpot(TM) 64-Bit Server VM (25.0.1+8-LTS-27, mixed mode, sharing, tiered, compressed oops, compressed class ptrs, g1 gc, windows-amd64)
# No core dump will be written. Minidumps are not enabled by default on client versions of Windows
#

---------------  S U M M A R Y ------------

Command Line: --module-path=C:\Users\yarde\OneDrive\שולחן העבודה\שיטות\Ex-06_ClientServerGUI_FX\javafx-sdk-25.0.1\lib --add-modules=javafx.controls,javafx.fxml --enable-native-access=javafx.graphics -Dfile.encoding=UTF-8 -Dstdout.encoding=UTF-8 -Dstderr.encoding=UTF-8 -XX:+ShowCodeDetailsInExceptionMessages ClientGUI.controller.ClientUI

Host: 12th Gen Intel(R) Core(TM) i7-12700H, 20 cores, 15G,  Windows 11 , 64 bit Build 26100 (10.0.26100.7309)
Time: Fri Jan 16 20:36:21 2026 elapsed time: 5.844065 seconds (0d 0h 0m 5s)

---------------  T H R E A D  ---------------

Current thread (0x00000297a36dbb40):  JavaThread "C2 CompilerThread5" daemon [_thread_in_native, id=34780, stack(0x000000e312400000,0x000000e312500000) (1024K)]


Current CompileTask:
C2:5844 1225       4       sun.util.locale.StringTokenIterator::setStart (62 bytes)

Stack: [0x000000e312400000,0x000000e312500000]
Native frames: (J=compiled Java code, j=interpreted, Vv=VM code, C=native code)
V  [jvm.dll+0x7a6b59]  (no source info available)
V  [jvm.dll+0x77290d]  (no source info available)
V  [jvm.dll+0x966153]  (no source info available)
V  [jvm.dll+0x968751]  (no source info available)
V  [jvm.dll+0x968e53]  (no source info available)
V  [jvm.dll+0x2fc756]  (no source info available)
V  [jvm.dll+0x111b26]  (no source info available)
V  [jvm.dll+0x111e4e]  (no source info available)
V  [jvm.dll+0x1a0a22]  (no source info available)
V  [jvm.dll+0x3b53c2]  (no source info available)
V  [jvm.dll+0x7ac4ef]  (no source info available)
V  [jvm.dll+0x2c0ac7]  (no source info available)
V  [jvm.dll+0x2bfa8f]  (no source info available)
V  [jvm.dll+0x237b60]  (no source info available)
V  [jvm.dll+0x2cfb56]  (no source info available)
V  [jvm.dll+0x2cddd5]  (no source info available)
V  [jvm.dll+0x48e6d1]  (no source info available)
V  [jvm.dll+0x906a0d]  (no source info available)
V  [jvm.dll+0x7a5135]  (no source info available)
C  [ucrtbase.dll+0x37b0]  (no source info available)
C  [KERNEL32.DLL+0x2e8d7]  (no source info available)
C  [ntdll.dll+0x8c53c]  (no source info available)

Lock stack of current Java thread (top to bottom):


---------------  P R O C E S S  ---------------

Threads class SMR info:
_java_thread_list=0x00000297a81f4fd0, length=26, elements={
0x00000297f94af530, 0x00000297fe0ee760, 0x00000297fe0eef20, 0x00000297fe0f1f40,
0x00000297fe0f2eb0, 0x00000297fe0fa710, 0x00000297fe0fc3f0, 0x00000297fe10c790,
0x00000297fe10f3c0, 0x00000297ff303950, 0x00000297a2872150, 0x00000297ff4e6770,
0x00000297a3115630, 0x00000297a3117ec0, 0x00000297a35ea440, 0x00000297a35fa720,
0x00000297a36da310, 0x00000297a36dab20, 0x00000297a36dd370, 0x00000297a36db330,
0x00000297a36dbb40, 0x00000297a36dc350, 0x00000297a36dcb60, 0x00000297a36d9b00,
0x00000297a36df3b0, 0x00000297a36e13f0
}

Java Threads: ( => current thread )
  0x00000297f94af530 JavaThread "main"                              [_thread_blocked, id=18752, stack(0x000000e30fc00000,0x000000e30fd00000) (1024K)]
  0x00000297fe0ee760 JavaThread "Reference Handler"          daemon [_thread_blocked, id=36308, stack(0x000000e310500000,0x000000e310600000) (1024K)]
  0x00000297fe0eef20 JavaThread "Finalizer"                  daemon [_thread_blocked, id=15292, stack(0x000000e310600000,0x000000e310700000) (1024K)]
  0x00000297fe0f1f40 JavaThread "Signal Dispatcher"          daemon [_thread_blocked, id=24384, stack(0x000000e310700000,0x000000e310800000) (1024K)]
  0x00000297fe0f2eb0 JavaThread "Attach Listener"            daemon [_thread_blocked, id=39264, stack(0x000000e310800000,0x000000e310900000) (1024K)]
  0x00000297fe0fa710 JavaThread "Service Thread"             daemon [_thread_blocked, id=12700, stack(0x000000e310900000,0x000000e310a00000) (1024K)]
  0x00000297fe0fc3f0 JavaThread "Monitor Deflation Thread"   daemon [_thread_blocked, id=33568, stack(0x000000e310a00000,0x000000e310b00000) (1024K)]
  0x00000297fe10c790 JavaThread "C2 CompilerThread0"         daemon [_thread_in_native, id=35584, stack(0x000000e310b00000,0x000000e310c00000) (1024K)]
  0x00000297fe10f3c0 JavaThread "C1 CompilerThread0"         daemon [_thread_blocked, id=12612, stack(0x000000e310c00000,0x000000e310d00000) (1024K)]
  0x00000297ff303950 JavaThread "Common-Cleaner"             daemon [_thread_blocked, id=36320, stack(0x000000e310e00000,0x000000e310f00000) (1024K)]
  0x00000297a2872150 JavaThread "Notification Thread"        daemon [_thread_blocked, id=37600, stack(0x000000e311500000,0x000000e311600000) (1024K)]
  0x00000297ff4e6770 JavaThread "QuantumRenderer-0"          daemon [_thread_blocked, id=36928, stack(0x000000e311600000,0x000000e311700000) (1024K)]
  0x00000297a3115630 JavaThread "InvokeLaterDispatcher"      daemon [_thread_blocked, id=16788, stack(0x000000e311100000,0x000000e311200000) (1024K)]
  0x00000297a3117ec0 JavaThread "JavaFX Application Thread"         [_thread_in_Java, id=34648, stack(0x000000e311200000,0x000000e311300000) (1024K)]
  0x00000297a35ea440 JavaThread "JavaFX-Launcher"                   [_thread_blocked, id=22152, stack(0x000000e311f00000,0x000000e312000000) (1024K)]
  0x00000297a35fa720 JavaThread "Thread-2"                   daemon [_thread_in_native, id=20700, stack(0x000000e311e00000,0x000000e311f00000) (1024K)]
  0x00000297a36da310 JavaThread "C2 CompilerThread1"         daemon [_thread_blocked, id=50008, stack(0x000000e312000000,0x000000e312100000) (1024K)]
  0x00000297a36dab20 JavaThread "C2 CompilerThread2"         daemon [_thread_in_native, id=37860, stack(0x000000e312100000,0x000000e312200000) (1024K)]
  0x00000297a36dd370 JavaThread "C2 CompilerThread3"         daemon [_thread_in_native, id=30708, stack(0x000000e312200000,0x000000e312300000) (1024K)]
  0x00000297a36db330 JavaThread "C2 CompilerThread4"         daemon [_thread_in_native, id=26956, stack(0x000000e312300000,0x000000e312400000) (1024K)]
=>0x00000297a36dbb40 JavaThread "C2 CompilerThread5"         daemon [_thread_in_native, id=34780, stack(0x000000e312400000,0x000000e312500000) (1024K)]
  0x00000297a36dc350 JavaThread "C2 CompilerThread6"         daemon [_thread_blocked, id=7860, stack(0x000000e312500000,0x000000e312600000) (1024K)]
  0x00000297a36dcb60 JavaThread "C2 CompilerThread7"         daemon [_thread_blocked, id=16052, stack(0x000000e312600000,0x000000e312700000) (1024K)]
  0x00000297a36d9b00 JavaThread "C1 CompilerThread1"         daemon [_thread_blocked, id=16744, stack(0x000000e310d00000,0x000000e310e00000) (1024K)]
  0x00000297a36df3b0 JavaThread "C1 CompilerThread2"         daemon [_thread_blocked, id=41836, stack(0x000000e310f00000,0x000000e311000000) (1024K)]
  0x00000297a36e13f0 JavaThread "C1 CompilerThread3"         daemon [_thread_blocked, id=48772, stack(0x000000e311000000,0x000000e311100000) (1024K)]
Total: 26

Other Threads:
  0x00000297fe0dd5f0 VMThread "VM Thread"                           [id=27588, stack(0x000000e310400000,0x000000e310500000) (1024K)]
  0x00000297fe0ca960 WatcherThread "VM Periodic Task Thread"        [id=44508, stack(0x000000e310300000,0x000000e310400000) (1024K)]
  0x00000297fbb24d40 WorkerThread "GC Thread#0"                     [id=46888, stack(0x000000e30fe00000,0x000000e30ff00000) (1024K)]
  0x00000297fbb2eaa0 ConcurrentGCThread "G1 Main Marker"            [id=49748, stack(0x000000e30ff00000,0x000000e310000000) (1024K)]
  0x00000297fdf90180 WorkerThread "G1 Conc#0"                       [id=19420, stack(0x000000e310000000,0x000000e310100000) (1024K)]
  0x00000297fe00d010 ConcurrentGCThread "G1 Refine#0"               [id=49576, stack(0x000000e310100000,0x000000e310200000) (1024K)]
  0x00000297fe00dad0 ConcurrentGCThread "G1 Service"                [id=8908, stack(0x000000e310200000,0x000000e310300000) (1024K)]
Total: 7

Threads with active compile tasks:
C2 CompilerThread0  8946 1185       4       sun.util.locale.BaseLocale::getInstance (160 bytes)
C2 CompilerThread3  8946 1219       4       sun.util.locale.LanguageTag::parse (258 bytes)
C2 CompilerThread4  8946 1218       4       java.util.Locale::forLanguageTag (82 bytes)
C2 CompilerThread5  8946 1225       4       sun.util.locale.StringTokenIterator::setStart (62 bytes)
Total: 4

VM state: not at safepoint (normal execution)

VM Mutex/Monitor currently owned by a thread: None

Heap address: 0x0000000704400000, size: 4028 MB, Compressed Oops mode: Zero based, Oop shift amount: 3

CDS archive(s) mapped at: [0x0000000014000000-0x0000000014dd0000-0x0000000014dd0000), size 14483456, SharedBaseAddress: 0x0000000014000000, ArchiveRelocationMode: 1.
Compressed class space mapped at: 0x0000000015000000-0x0000000055000000, reserved size: 1073741824
UseCompressedClassPointers 1, UseCompactObjectHeaders 0
Narrow klass pointer bits 32, Max shift 3
Narrow klass base: 0x0000000014000000, Narrow klass shift: 0
Encoding Range: [0x0000000014000000 - 0x0000000114000000), (4294967296 bytes)
Klass Range:    [0x0000000014010000 - 0x0000000055000000), (1090453504 bytes)
Klass ID Range:  [65536 - 1090519033) (1090453497)
Protection zone: [0x0000000014000000 - 0x0000000014010000), (65536 bytes)

GC Precious Log:
 CardTable entry size: 512
 Card Set container configuration: InlinePtr #cards 4 size 8 Array Of Cards #cards 16 size 48 Howl #buckets 8 coarsen threshold 3686 Howl Bitmap #cards 512 size 80 coarsen threshold 460 Card regions per heap region 1 cards per card region 4096
 CPUs: 20 total, 20 available
 Memory: 16108M
 Large Page Support: Disabled
 NUMA Support: Disabled
 Compressed Oops: Enabled (Zero based)
 Heap Region Size: 2M
 Heap Min Capacity: 8M
 Heap Initial Capacity: 252M
 Heap Max Capacity: 4028M
 Pre-touch: Disabled
 Parallel Workers: 15
 Concurrent Workers: 4
 Concurrent Refinement Workers: 15
 Periodic GC: Disabled

Heap:
 garbage-first heap   total reserved 4124672K, committed 260096K, used 35989K [0x0000000704400000, 0x0000000800000000)
  region size 2048K, 19 young (38912K), 0 survivors (0K)

Heap Regions: E=young(eden), S=young(survivor), O=old, HS=humongous(starts), HC=humongous(continues), CS=collection set, F=free, TAMS=top-at-mark-start, PB=parsable bottom
|   0|0x0000000704400000, 0x0000000704400000, 0x0000000704600000|  0%| F|  |TAMS 0x0000000704400000| PB 0x0000000704400000| Untracked |  0
|   1|0x0000000704600000, 0x0000000704600000, 0x0000000704800000|  0%| F|  |TAMS 0x0000000704600000| PB 0x0000000704600000| Untracked |  0
|   2|0x0000000704800000, 0x0000000704800000, 0x0000000704a00000|  0%| F|  |TAMS 0x0000000704800000| PB 0x0000000704800000| Untracked |  0
|   3|0x0000000704a00000, 0x0000000704a00000, 0x0000000704c00000|  0%| F|  |TAMS 0x0000000704a00000| PB 0x0000000704a00000| Untracked |  0
|   4|0x0000000704c00000, 0x0000000704c00000, 0x0000000704e00000|  0%| F|  |TAMS 0x0000000704c00000| PB 0x0000000704c00000| Untracked |  0
|   5|0x0000000704e00000, 0x0000000704e00000, 0x0000000705000000|  0%| F|  |TAMS 0x0000000704e00000| PB 0x0000000704e00000| Untracked |  0
|   6|0x0000000705000000, 0x0000000705000000, 0x0000000705200000|  0%| F|  |TAMS 0x0000000705000000| PB 0x0000000705000000| Untracked |  0
|   7|0x0000000705200000, 0x0000000705200000, 0x0000000705400000|  0%| F|  |TAMS 0x0000000705200000| PB 0x0000000705200000| Untracked |  0
|   8|0x0000000705400000, 0x0000000705400000, 0x0000000705600000|  0%| F|  |TAMS 0x0000000705400000| PB 0x0000000705400000| Untracked |  0
|   9|0x0000000705600000, 0x0000000705600000, 0x0000000705800000|  0%| F|  |TAMS 0x0000000705600000| PB 0x0000000705600000| Untracked |  0
|  10|0x0000000705800000, 0x0000000705800000, 0x0000000705a00000|  0%| F|  |TAMS 0x0000000705800000| PB 0x0000000705800000| Untracked |  0
|  11|0x0000000705a00000, 0x0000000705a00000, 0x0000000705c00000|  0%| F|  |TAMS 0x0000000705a00000| PB 0x0000000705a00000| Untracked |  0
|  12|0x0000000705c00000, 0x0000000705c00000, 0x0000000705e00000|  0%| F|  |TAMS 0x0000000705c00000| PB 0x0000000705c00000| Untracked |  0
|  13|0x0000000705e00000, 0x0000000705e00000, 0x0000000706000000|  0%| F|  |TAMS 0x0000000705e00000| PB 0x0000000705e00000| Untracked |  0
|  14|0x0000000706000000, 0x0000000706000000, 0x0000000706200000|  0%| F|  |TAMS 0x0000000706000000| PB 0x0000000706000000| Untracked |  0
|  15|0x0000000706200000, 0x0000000706200000, 0x0000000706400000|  0%| F|  |TAMS 0x0000000706200000| PB 0x0000000706200000| Untracked |  0
|  16|0x0000000706400000, 0x0000000706400000, 0x0000000706600000|  0%| F|  |TAMS 0x0000000706400000| PB 0x0000000706400000| Untracked |  0
|  17|0x0000000706600000, 0x0000000706600000, 0x0000000706800000|  0%| F|  |TAMS 0x0000000706600000| PB 0x0000000706600000| Untracked |  0
|  18|0x0000000706800000, 0x0000000706800000, 0x0000000706a00000|  0%| F|  |TAMS 0x0000000706800000| PB 0x0000000706800000| Untracked |  0
|  19|0x0000000706a00000, 0x0000000706a00000, 0x0000000706c00000|  0%| F|  |TAMS 0x0000000706a00000| PB 0x0000000706a00000| Untracked |  0
|  20|0x0000000706c00000, 0x0000000706c00000, 0x0000000706e00000|  0%| F|  |TAMS 0x0000000706c00000| PB 0x0000000706c00000| Untracked |  0
|  21|0x0000000706e00000, 0x0000000706e00000, 0x0000000707000000|  0%| F|  |TAMS 0x0000000706e00000| PB 0x0000000706e00000| Untracked |  0
|  22|0x0000000707000000, 0x0000000707000000, 0x0000000707200000|  0%| F|  |TAMS 0x0000000707000000| PB 0x0000000707000000| Untracked |  0
|  23|0x0000000707200000, 0x0000000707200000, 0x0000000707400000|  0%| F|  |TAMS 0x0000000707200000| PB 0x0000000707200000| Untracked |  0
|  24|0x0000000707400000, 0x0000000707400000, 0x0000000707600000|  0%| F|  |TAMS 0x0000000707400000| PB 0x0000000707400000| Untracked |  0
|  25|0x0000000707600000, 0x0000000707600000, 0x0000000707800000|  0%| F|  |TAMS 0x0000000707600000| PB 0x0000000707600000| Untracked |  0
|  26|0x0000000707800000, 0x0000000707800000, 0x0000000707a00000|  0%| F|  |TAMS 0x0000000707800000| PB 0x0000000707800000| Untracked |  0
|  27|0x0000000707a00000, 0x0000000707a00000, 0x0000000707c00000|  0%| F|  |TAMS 0x0000000707a00000| PB 0x0000000707a00000| Untracked |  0
|  28|0x0000000707c00000, 0x0000000707c00000, 0x0000000707e00000|  0%| F|  |TAMS 0x0000000707c00000| PB 0x0000000707c00000| Untracked |  0
|  29|0x0000000707e00000, 0x0000000707e00000, 0x0000000708000000|  0%| F|  |TAMS 0x0000000707e00000| PB 0x0000000707e00000| Untracked |  0
|  30|0x0000000708000000, 0x0000000708000000, 0x0000000708200000|  0%| F|  |TAMS 0x0000000708000000| PB 0x0000000708000000| Untracked |  0
|  31|0x0000000708200000, 0x0000000708200000, 0x0000000708400000|  0%| F|  |TAMS 0x0000000708200000| PB 0x0000000708200000| Untracked |  0
|  32|0x0000000708400000, 0x0000000708400000, 0x0000000708600000|  0%| F|  |TAMS 0x0000000708400000| PB 0x0000000708400000| Untracked |  0
|  33|0x0000000708600000, 0x0000000708600000, 0x0000000708800000|  0%| F|  |TAMS 0x0000000708600000| PB 0x0000000708600000| Untracked |  0
|  34|0x0000000708800000, 0x0000000708800000, 0x0000000708a00000|  0%| F|  |TAMS 0x0000000708800000| PB 0x0000000708800000| Untracked |  0
|  35|0x0000000708a00000, 0x0000000708a00000, 0x0000000708c00000|  0%| F|  |TAMS 0x0000000708a00000| PB 0x0000000708a00000| Untracked |  0
|  36|0x0000000708c00000, 0x0000000708c00000, 0x0000000708e00000|  0%| F|  |TAMS 0x0000000708c00000| PB 0x0000000708c00000| Untracked |  0
|  37|0x0000000708e00000, 0x0000000708e00000, 0x0000000709000000|  0%| F|  |TAMS 0x0000000708e00000| PB 0x0000000708e00000| Untracked |  0
|  38|0x0000000709000000, 0x0000000709000000, 0x0000000709200000|  0%| F|  |TAMS 0x0000000709000000| PB 0x0000000709000000| Untracked |  0
|  39|0x0000000709200000, 0x0000000709200000, 0x0000000709400000|  0%| F|  |TAMS 0x0000000709200000| PB 0x0000000709200000| Untracked |  0
|  40|0x0000000709400000, 0x0000000709400000, 0x0000000709600000|  0%| F|  |TAMS 0x0000000709400000| PB 0x0000000709400000| Untracked |  0
|  41|0x0000000709600000, 0x0000000709600000, 0x0000000709800000|  0%| F|  |TAMS 0x0000000709600000| PB 0x0000000709600000| Untracked |  0
|  42|0x0000000709800000, 0x0000000709800000, 0x0000000709a00000|  0%| F|  |TAMS 0x0000000709800000| PB 0x0000000709800000| Untracked |  0
|  43|0x0000000709a00000, 0x0000000709a00000, 0x0000000709c00000|  0%| F|  |TAMS 0x0000000709a00000| PB 0x0000000709a00000| Untracked |  0
|  44|0x0000000709c00000, 0x0000000709c00000, 0x0000000709e00000|  0%| F|  |TAMS 0x0000000709c00000| PB 0x0000000709c00000| Untracked |  0
|  45|0x0000000709e00000, 0x0000000709e00000, 0x000000070a000000|  0%| F|  |TAMS 0x0000000709e00000| PB 0x0000000709e00000| Untracked |  0
|  46|0x000000070a000000, 0x000000070a000000, 0x000000070a200000|  0%| F|  |TAMS 0x000000070a000000| PB 0x000000070a000000| Untracked |  0
|  47|0x000000070a200000, 0x000000070a200000, 0x000000070a400000|  0%| F|  |TAMS 0x000000070a200000| PB 0x000000070a200000| Untracked |  0
|  48|0x000000070a400000, 0x000000070a400000, 0x000000070a600000|  0%| F|  |TAMS 0x000000070a400000| PB 0x000000070a400000| Untracked |  0
|  49|0x000000070a600000, 0x000000070a600000, 0x000000070a800000|  0%| F|  |TAMS 0x000000070a600000| PB 0x000000070a600000| Untracked |  0
|  50|0x000000070a800000, 0x000000070a800000, 0x000000070aa00000|  0%| F|  |TAMS 0x000000070a800000| PB 0x000000070a800000| Untracked |  0
|  51|0x000000070aa00000, 0x000000070aa00000, 0x000000070ac00000|  0%| F|  |TAMS 0x000000070aa00000| PB 0x000000070aa00000| Untracked |  0
|  52|0x000000070ac00000, 0x000000070ac00000, 0x000000070ae00000|  0%| F|  |TAMS 0x000000070ac00000| PB 0x000000070ac00000| Untracked |  0
|  53|0x000000070ae00000, 0x000000070ae00000, 0x000000070b000000|  0%| F|  |TAMS 0x000000070ae00000| PB 0x000000070ae00000| Untracked |  0
|  54|0x000000070b000000, 0x000000070b000000, 0x000000070b200000|  0%| F|  |TAMS 0x000000070b000000| PB 0x000000070b000000| Untracked |  0
|  55|0x000000070b200000, 0x000000070b200000, 0x000000070b400000|  0%| F|  |TAMS 0x000000070b200000| PB 0x000000070b200000| Untracked |  0
|  56|0x000000070b400000, 0x000000070b400000, 0x000000070b600000|  0%| F|  |TAMS 0x000000070b400000| PB 0x000000070b400000| Untracked |  0
|  57|0x000000070b600000, 0x000000070b600000, 0x000000070b800000|  0%| F|  |TAMS 0x000000070b600000| PB 0x000000070b600000| Untracked |  0
|  58|0x000000070b800000, 0x000000070b800000, 0x000000070ba00000|  0%| F|  |TAMS 0x000000070b800000| PB 0x000000070b800000| Untracked |  0
|  59|0x000000070ba00000, 0x000000070ba00000, 0x000000070bc00000|  0%| F|  |TAMS 0x000000070ba00000| PB 0x000000070ba00000| Untracked |  0
|  60|0x000000070bc00000, 0x000000070bc00000, 0x000000070be00000|  0%| F|  |TAMS 0x000000070bc00000| PB 0x000000070bc00000| Untracked |  0
|  61|0x000000070be00000, 0x000000070be00000, 0x000000070c000000|  0%| F|  |TAMS 0x000000070be00000| PB 0x000000070be00000| Untracked |  0
|  62|0x000000070c000000, 0x000000070c000000, 0x000000070c200000|  0%| F|  |TAMS 0x000000070c000000| PB 0x000000070c000000| Untracked |  0
|  63|0x000000070c200000, 0x000000070c200000, 0x000000070c400000|  0%| F|  |TAMS 0x000000070c200000| PB 0x000000070c200000| Untracked |  0
|  64|0x000000070c400000, 0x000000070c400000, 0x000000070c600000|  0%| F|  |TAMS 0x000000070c400000| PB 0x000000070c400000| Untracked |  0
|  65|0x000000070c600000, 0x000000070c600000, 0x000000070c800000|  0%| F|  |TAMS 0x000000070c600000| PB 0x000000070c600000| Untracked |  0
|  66|0x000000070c800000, 0x000000070c800000, 0x000000070ca00000|  0%| F|  |TAMS 0x000000070c800000| PB 0x000000070c800000| Untracked |  0
|  67|0x000000070ca00000, 0x000000070ca00000, 0x000000070cc00000|  0%| F|  |TAMS 0x000000070ca00000| PB 0x000000070ca00000| Untracked |  0
|  68|0x000000070cc00000, 0x000000070cc00000, 0x000000070ce00000|  0%| F|  |TAMS 0x000000070cc00000| PB 0x000000070cc00000| Untracked |  0
|  69|0x000000070ce00000, 0x000000070ce00000, 0x000000070d000000|  0%| F|  |TAMS 0x000000070ce00000| PB 0x000000070ce00000| Untracked |  0
|  70|0x000000070d000000, 0x000000070d000000, 0x000000070d200000|  0%| F|  |TAMS 0x000000070d000000| PB 0x000000070d000000| Untracked |  0
|  71|0x000000070d200000, 0x000000070d200000, 0x000000070d400000|  0%| F|  |TAMS 0x000000070d200000| PB 0x000000070d200000| Untracked |  0
|  72|0x000000070d400000, 0x000000070d400000, 0x000000070d600000|  0%| F|  |TAMS 0x000000070d400000| PB 0x000000070d400000| Untracked |  0
|  73|0x000000070d600000, 0x000000070d600000, 0x000000070d800000|  0%| F|  |TAMS 0x000000070d600000| PB 0x000000070d600000| Untracked |  0
|  74|0x000000070d800000, 0x000000070d800000, 0x000000070da00000|  0%| F|  |TAMS 0x000000070d800000| PB 0x000000070d800000| Untracked |  0
|  75|0x000000070da00000, 0x000000070da00000, 0x000000070dc00000|  0%| F|  |TAMS 0x000000070da00000| PB 0x000000070da00000| Untracked |  0
|  76|0x000000070dc00000, 0x000000070dc00000, 0x000000070de00000|  0%| F|  |TAMS 0x000000070dc00000| PB 0x000000070dc00000| Untracked |  0
|  77|0x000000070de00000, 0x000000070de00000, 0x000000070e000000|  0%| F|  |TAMS 0x000000070de00000| PB 0x000000070de00000| Untracked |  0
|  78|0x000000070e000000, 0x000000070e000000, 0x000000070e200000|  0%| F|  |TAMS 0x000000070e000000| PB 0x000000070e000000| Untracked |  0
|  79|0x000000070e200000, 0x000000070e200000, 0x000000070e400000|  0%| F|  |TAMS 0x000000070e200000| PB 0x000000070e200000| Untracked |  0
|  80|0x000000070e400000, 0x000000070e400000, 0x000000070e600000|  0%| F|  |TAMS 0x000000070e400000| PB 0x000000070e400000| Untracked |  0
|  81|0x000000070e600000, 0x000000070e600000, 0x000000070e800000|  0%| F|  |TAMS 0x000000070e600000| PB 0x000000070e600000| Untracked |  0
|  82|0x000000070e800000, 0x000000070e800000, 0x000000070ea00000|  0%| F|  |TAMS 0x000000070e800000| PB 0x000000070e800000| Untracked |  0
|  83|0x000000070ea00000, 0x000000070ea00000, 0x000000070ec00000|  0%| F|  |TAMS 0x000000070ea00000| PB 0x000000070ea00000| Untracked |  0
|  84|0x000000070ec00000, 0x000000070ec00000, 0x000000070ee00000|  0%| F|  |TAMS 0x000000070ec00000| PB 0x000000070ec00000| Untracked |  0
|  85|0x000000070ee00000, 0x000000070ee00000, 0x000000070f000000|  0%| F|  |TAMS 0x000000070ee00000| PB 0x000000070ee00000| Untracked |  0
|  86|0x000000070f000000, 0x000000070f000000, 0x000000070f200000|  0%| F|  |TAMS 0x000000070f000000| PB 0x000000070f000000| Untracked |  0
|  87|0x000000070f200000, 0x000000070f200000, 0x000000070f400000|  0%| F|  |TAMS 0x000000070f200000| PB 0x000000070f200000| Untracked |  0
|  88|0x000000070f400000, 0x000000070f400000, 0x000000070f600000|  0%| F|  |TAMS 0x000000070f400000| PB 0x000000070f400000| Untracked |  0
|  89|0x000000070f600000, 0x000000070f600000, 0x000000070f800000|  0%| F|  |TAMS 0x000000070f600000| PB 0x000000070f600000| Untracked |  0
|  90|0x000000070f800000, 0x000000070f800000, 0x000000070fa00000|  0%| F|  |TAMS 0x000000070f800000| PB 0x000000070f800000| Untracked |  0
|  91|0x000000070fa00000, 0x000000070fa00000, 0x000000070fc00000|  0%| F|  |TAMS 0x000000070fa00000| PB 0x000000070fa00000| Untracked |  0
|  92|0x000000070fc00000, 0x000000070fc00000, 0x000000070fe00000|  0%| F|  |TAMS 0x000000070fc00000| PB 0x000000070fc00000| Untracked |  0
|  93|0x000000070fe00000, 0x000000070fe00000, 0x0000000710000000|  0%| F|  |TAMS 0x000000070fe00000| PB 0x000000070fe00000| Untracked |  0
|  94|0x0000000710000000, 0x0000000710000000, 0x0000000710200000|  0%| F|  |TAMS 0x0000000710000000| PB 0x0000000710000000| Untracked |  0
|  95|0x0000000710200000, 0x0000000710200000, 0x0000000710400000|  0%| F|  |TAMS 0x0000000710200000| PB 0x0000000710200000| Untracked |  0
|  96|0x0000000710400000, 0x0000000710400000, 0x0000000710600000|  0%| F|  |TAMS 0x0000000710400000| PB 0x0000000710400000| Untracked |  0
|  97|0x0000000710600000, 0x0000000710600000, 0x0000000710800000|  0%| F|  |TAMS 0x0000000710600000| PB 0x0000000710600000| Untracked |  0
|  98|0x0000000710800000, 0x0000000710800000, 0x0000000710a00000|  0%| F|  |TAMS 0x0000000710800000| PB 0x0000000710800000| Untracked |  0
|  99|0x0000000710a00000, 0x0000000710a00000, 0x0000000710c00000|  0%| F|  |TAMS 0x0000000710a00000| PB 0x0000000710a00000| Untracked |  0
| 100|0x0000000710c00000, 0x0000000710c00000, 0x0000000710e00000|  0%| F|  |TAMS 0x0000000710c00000| PB 0x0000000710c00000| Untracked |  0
| 101|0x0000000710e00000, 0x0000000710e00000, 0x0000000711000000|  0%| F|  |TAMS 0x0000000710e00000| PB 0x0000000710e00000| Untracked |  0
| 102|0x0000000711000000, 0x0000000711000000, 0x0000000711200000|  0%| F|  |TAMS 0x0000000711000000| PB 0x0000000711000000| Untracked |  0
| 103|0x0000000711200000, 0x0000000711200000, 0x0000000711400000|  0%| F|  |TAMS 0x0000000711200000| PB 0x0000000711200000| Untracked |  0
| 104|0x0000000711400000, 0x0000000711400000, 0x0000000711600000|  0%| F|  |TAMS 0x0000000711400000| PB 0x0000000711400000| Untracked |  0
| 105|0x0000000711600000, 0x0000000711600000, 0x0000000711800000|  0%| F|  |TAMS 0x0000000711600000| PB 0x0000000711600000| Untracked |  0
| 106|0x0000000711800000, 0x0000000711800000, 0x0000000711a00000|  0%| F|  |TAMS 0x0000000711800000| PB 0x0000000711800000| Untracked |  0
| 107|0x0000000711a00000, 0x0000000711af5cb8, 0x0000000711c00000| 48%| E|  |TAMS 0x0000000711a00000| PB 0x0000000711a00000| Complete |  0
| 108|0x0000000711c00000, 0x0000000711e00000, 0x0000000711e00000|100%| E|CS|TAMS 0x0000000711c00000| PB 0x0000000711c00000| Complete |  0
| 109|0x0000000711e00000, 0x0000000712000000, 0x0000000712000000|100%| E|CS|TAMS 0x0000000711e00000| PB 0x0000000711e00000| Complete |  0
| 110|0x0000000712000000, 0x0000000712200000, 0x0000000712200000|100%| E|CS|TAMS 0x0000000712000000| PB 0x0000000712000000| Complete |  0
| 111|0x0000000712200000, 0x0000000712400000, 0x0000000712400000|100%| E|CS|TAMS 0x0000000712200000| PB 0x0000000712200000| Complete |  0
| 112|0x0000000712400000, 0x0000000712600000, 0x0000000712600000|100%| E|CS|TAMS 0x0000000712400000| PB 0x0000000712400000| Complete |  0
| 113|0x0000000712600000, 0x0000000712800000, 0x0000000712800000|100%| E|CS|TAMS 0x0000000712600000| PB 0x0000000712600000| Complete |  0
| 114|0x0000000712800000, 0x0000000712a00000, 0x0000000712a00000|100%| E|CS|TAMS 0x0000000712800000| PB 0x0000000712800000| Complete |  0
| 115|0x0000000712a00000, 0x0000000712c00000, 0x0000000712c00000|100%| E|  |TAMS 0x0000000712a00000| PB 0x0000000712a00000| Complete |  0
| 116|0x0000000712c00000, 0x0000000712e00000, 0x0000000712e00000|100%| E|CS|TAMS 0x0000000712c00000| PB 0x0000000712c00000| Complete |  0
| 117|0x0000000712e00000, 0x0000000713000000, 0x0000000713000000|100%| E|CS|TAMS 0x0000000712e00000| PB 0x0000000712e00000| Complete |  0
| 118|0x0000000713000000, 0x0000000713200000, 0x0000000713200000|100%| E|CS|TAMS 0x0000000713000000| PB 0x0000000713000000| Complete |  0
| 119|0x0000000713200000, 0x0000000713400000, 0x0000000713400000|100%| E|CS|TAMS 0x0000000713200000| PB 0x0000000713200000| Complete |  0
| 120|0x0000000713400000, 0x0000000713600000, 0x0000000713600000|100%| E|CS|TAMS 0x0000000713400000| PB 0x0000000713400000| Complete |  0
| 121|0x0000000713600000, 0x0000000713800000, 0x0000000713800000|100%| E|CS|TAMS 0x0000000713600000| PB 0x0000000713600000| Complete |  0
| 122|0x0000000713800000, 0x0000000713a00000, 0x0000000713a00000|100%| E|CS|TAMS 0x0000000713800000| PB 0x0000000713800000| Complete |  0
| 123|0x0000000713a00000, 0x0000000713c00000, 0x0000000713c00000|100%| E|CS|TAMS 0x0000000713a00000| PB 0x0000000713a00000| Complete |  0
| 124|0x0000000713c00000, 0x0000000713e00000, 0x0000000713e00000|100%| E|CS|TAMS 0x0000000713c00000| PB 0x0000000713c00000| Complete |  0
| 125|0x0000000713e00000, 0x0000000714000000, 0x0000000714000000|100%| E|CS|TAMS 0x0000000713e00000| PB 0x0000000713e00000| Complete |  0
|2013|0x00000007ffe00000, 0x00000007fff256a0, 0x0000000800000000| 57%| O|  |TAMS 0x00000007ffe00000| PB 0x00000007ffe00000| Untracked |  0

Card table byte_map: [0x00000297fd660000,0x00000297fde40000] _byte_map_base: 0x00000297f9e3e000

Marking Bits: (CMBitMap*) 0x00000297fbb25380
 Bits: [0x00000297977c0000, 0x000002979b6b0000)

Polling page: 0x00000297f9a60000

Metaspace:
Metaspace        used 4553K, committed 4672K, reserved 1114112K
 class space     used 368K, committed 448K, reserved 1048576K

Usage:
  Non-class:      4.09 MB used.
      Class:    368.65 KB used.
       Both:      4.45 MB used.

Virtual space:
  Non-class space:       64.00 MB reserved,       4.12 MB (  6%) committed,  1 nodes.
      Class space:        1.00 GB reserved,     448.00 KB ( <1%) committed,  1 nodes.
             Both:        1.06 GB reserved,       4.56 MB ( <1%) committed. 

Chunk freelists:
   Non-Class:  9.94 MB
       Class:  15.51 MB
        Both:  25.45 MB

MaxMetaspaceSize: unlimited
CompressedClassSpaceSize: 1.00 GB
Initial GC threshold: 21.00 MB
Current GC threshold: 21.00 MB
CDS: on
 - commit_granule_bytes: 65536.
 - commit_granule_words: 8192.
 - virtual_space_node_default_size: 8388608.
 - enlarge_chunks_in_place: 1.
UseCompressedClassPointers 1, UseCompactObjectHeaders 0
Narrow klass pointer bits 32, Max shift 3
Narrow klass base: 0x0000000014000000, Narrow klass shift: 0
Encoding Range: [0x0000000014000000 - 0x0000000114000000), (4294967296 bytes)
Klass Range:    [0x0000000014010000 - 0x0000000055000000), (1090453504 bytes)
Klass ID Range:  [65536 - 1090519033) (1090453497)
Protection zone: [0x0000000014000000 - 0x0000000014010000), (65536 bytes)


Internal statistics:

num_allocs_failed_limit: 0.
num_arena_births: 64.
num_arena_deaths: 0.
num_vsnodes_births: 2.
num_vsnodes_deaths: 0.
num_space_committed: 73.
num_space_uncommitted: 0.
num_chunks_returned_to_freelist: 0.
num_chunks_taken_from_freelist: 179.
num_chunk_merges: 0.
num_chunk_splits: 119.
num_chunks_enlarged: 85.
num_inconsistent_stats: 0.

CodeHeap 'non-profiled nmethods': size=119232Kb used=488Kb max_used=488Kb free=118743Kb
 bounds [0x0000029790350000, 0x00000297905c0000, 0x00000297977c0000]
CodeHeap 'profiled nmethods': size=119104Kb used=2050Kb max_used=2050Kb free=117053Kb
 bounds [0x00000297887c0000, 0x0000029788a30000, 0x000002978fc10000]
CodeHeap 'non-nmethods': size=7424Kb used=3053Kb max_used=3124Kb free=4370Kb
 bounds [0x000002978fc10000, 0x000002978ff30000, 0x0000029790350000]
CodeCache: size=245760Kb, used=5591Kb, max_used=5662Kb, free=240166Kb
 total_blobs=1947, nmethods=1458, adapters=389, full_count=0
Compilation: enabled, stopped_count=0, restarted_count=0

Compilation events (20 events):
Event: 4.821 Thread 0x00000297fe10f3c0 1238       3       java.lang.invoke.DirectMethodHandle::preparedLambdaForm (31 bytes)
Event: 4.822 Thread 0x00000297ff320bb0 1239       3       java.util.Spliterator::getExactSizeIfKnown (25 bytes)
Event: 4.822 Thread 0x00000297a36dbb40 nmethod 1223 0x00000297903a8208 code [0x00000297903a8300, 0x00000297903a83d8]
Event: 4.822 Thread 0x00000297a36dbb40 1225       4       sun.util.locale.StringTokenIterator::setStart (62 bytes)
Event: 4.822 Thread 0x00000297ff320bb0 nmethod 1239 0x0000029788946188 code [0x0000029788946280, 0x0000029788946558]
Event: 4.822 Thread 0x00000297fe10f3c0 nmethod 1238 0x0000029788946588 code [0x0000029788946680, 0x0000029788946cf0]
Event: 4.822 Thread 0x00000297ff320bb0 1240       3       java.lang.invoke.MethodHandleNatives::refKindIsMethod (19 bytes)
Event: 4.822 Thread 0x00000297ff320bb0 nmethod 1240 0x0000029788946d08 code [0x0000029788946e00, 0x0000029788947018]
Event: 4.823 Thread 0x00000297ff320bb0 1241       3       java.lang.invoke.MethodHandles$Lookup::in (283 bytes)
Event: 4.826 Thread 0x00000297ff320bb0 nmethod 1241 0x0000029788947088 code [0x0000029788947180, 0x0000029788949460]
Event: 4.827 Thread 0x00000297ff320bb0 1242       3       java.io.WinNTFileSystem::isSlash (18 bytes)
Event: 4.828 Thread 0x00000297ff320bb0 nmethod 1242 0x0000029788949488 code [0x0000029788949580, 0x0000029788949708]
Event: 4.830 Thread 0x00000297a36dc350 nmethod 1220 0x00000297903a8508 code [0x00000297903a8600, 0x00000297903a9c20]
Event: 4.830 Thread 0x00000297a36dc350 1226       4       sun.util.locale.LanguageTag::parseLanguage (48 bytes)
Event: 4.837 Thread 0x00000297ff320bb0 1244       3       java.lang.Character::digit (6 bytes)
Event: 4.837 Thread 0x00000297ff1c0640 1245       3       java.lang.Character::digit (10 bytes)
Event: 4.837 Thread 0x00000297ff3b5bf0 1246       3       java.lang.CharacterDataLatin1::digit (32 bytes)
Event: 4.838 Thread 0x00000297ff320bb0 nmethod 1244 0x0000029788949788 code [0x0000029788949880, 0x0000029788949ad0]
Event: 4.838 Thread 0x00000297ff1c0640 nmethod 1245 0x0000029788949b08 code [0x0000029788949c00, 0x0000029788949df8]
Event: 4.838 Thread 0x00000297ff3b5bf0 nmethod 1246 0x0000029788949e08 code [0x0000029788949f00, 0x000002978894a120]

GC Heap Usage History (0 events):
No events

Metaspace Usage History (0 events):
No events

Dll operation events (20 events):
Event: 0.325 Loaded shared library C:\Users\yarde\OneDrive\שולחן העבודה\שיטות\Ex-06_ClientServerGUI_FX\javafx-sdk-25.0.1\bin\api-ms-win-crt-heap-l1-1-0.dll
Event: 0.328 Loaded shared library C:\Users\yarde\OneDrive\שולחן העבודה\שיטות\Ex-06_ClientServerGUI_FX\javafx-sdk-25.0.1\bin\api-ms-win-crt-locale-l1-1-0.dll
Event: 0.331 Loaded shared library C:\Users\yarde\OneDrive\שולחן העבודה\שיטות\Ex-06_ClientServerGUI_FX\javafx-sdk-25.0.1\bin\api-ms-win-crt-math-l1-1-0.dll
Event: 0.335 Loaded shared library C:\Users\yarde\OneDrive\שולחן העבודה\שיטות\Ex-06_ClientServerGUI_FX\javafx-sdk-25.0.1\bin\api-ms-win-crt-multibyte-l1-1-0.dll
Event: 0.338 Loaded shared library C:\Users\yarde\OneDrive\שולחן העבודה\שיטות\Ex-06_ClientServerGUI_FX\javafx-sdk-25.0.1\bin\api-ms-win-crt-private-l1-1-0.dll
Event: 0.341 Loaded shared library C:\Users\yarde\OneDrive\שולחן העבודה\שיטות\Ex-06_ClientServerGUI_FX\javafx-sdk-25.0.1\bin\api-ms-win-crt-process-l1-1-0.dll
Event: 0.343 Loaded shared library C:\Users\yarde\OneDrive\שולחן העבודה\שיטות\Ex-06_ClientServerGUI_FX\javafx-sdk-25.0.1\bin\api-ms-win-crt-runtime-l1-1-0.dll
Event: 0.347 Loaded shared library C:\Users\yarde\OneDrive\שולחן העבודה\שיטות\Ex-06_ClientServerGUI_FX\javafx-sdk-25.0.1\bin\api-ms-win-crt-stdio-l1-1-0.dll
Event: 0.350 Loaded shared library C:\Users\yarde\OneDrive\שולחן העבודה\שיטות\Ex-06_ClientServerGUI_FX\javafx-sdk-25.0.1\bin\api-ms-win-crt-string-l1-1-0.dll
Event: 0.352 Loaded shared library C:\Users\yarde\OneDrive\שולחן העבודה\שיטות\Ex-06_ClientServerGUI_FX\javafx-sdk-25.0.1\bin\api-ms-win-crt-time-l1-1-0.dll
Event: 0.355 Loaded shared library C:\Users\yarde\OneDrive\שולחן העבודה\שיטות\Ex-06_ClientServerGUI_FX\javafx-sdk-25.0.1\bin\api-ms-win-crt-utility-l1-1-0.dll
Event: 0.359 Loaded shared library C:\Users\yarde\OneDrive\שולחן העבודה\שיטות\Ex-06_ClientServerGUI_FX\javafx-sdk-25.0.1\bin\ucrtbase.dll
Event: 0.361 Loaded shared library C:\Users\yarde\OneDrive\שולחן העבודה\שיטות\Ex-06_ClientServerGUI_FX\javafx-sdk-25.0.1\bin\vcruntime140.dll
Event: 0.364 Loaded shared library C:\Users\yarde\OneDrive\שולחן העבודה\שיטות\Ex-06_ClientServerGUI_FX\javafx-sdk-25.0.1\bin\vcruntime140_1.dll
Event: 0.368 Loaded shared library C:\Users\yarde\OneDrive\שולחן העבודה\שיטות\Ex-06_ClientServerGUI_FX\javafx-sdk-25.0.1\bin\msvcp140.dll
Event: 0.371 Loaded shared library C:\Users\yarde\OneDrive\שולחן העבודה\שיטות\Ex-06_ClientServerGUI_FX\javafx-sdk-25.0.1\bin\msvcp140_1.dll
Event: 0.375 Loaded shared library C:\Users\yarde\OneDrive\שולחן העבודה\שיטות\Ex-06_ClientServerGUI_FX\javafx-sdk-25.0.1\bin\msvcp140_2.dll
Event: 0.413 Loaded shared library C:\Users\yarde\OneDrive\שולחן העבודה\שיטות\Ex-06_ClientServerGUI_FX\javafx-sdk-25.0.1\bin\prism_d3d.dll
Event: 0.572 Loaded shared library C:\Users\yarde\OneDrive\שולחן העבודה\שיטות\Ex-06_ClientServerGUI_FX\javafx-sdk-25.0.1\bin\glass.dll
Event: 4.738 Loaded shared library C:\Program Files\Java\jdk-25\bin\jimage.dll

Deoptimization events (20 events):
Event: 4.832 Thread 0x00000297a3117ec0 Uncommon trap: trap_request=0xffffff45 fr.pc=0x00000297903a0774 relative=0x00000000000001f4
Event: 4.832 Thread 0x00000297a3117ec0 Uncommon trap: reason=unstable_if action=reinterpret pc=0x00000297903a0774 method=java.lang.StringUTF16.compress([CI[BII)I @ 20 c2
Event: 4.832 Thread 0x00000297a3117ec0 DEOPT PACKING pc=0x00000297903a0774 sp=0x000000e3112fbc20
Event: 4.832 Thread 0x00000297a3117ec0 DEOPT UNPACKING pc=0x000002978fd30002 sp=0x000000e3112fbb90 mode 2
Event: 4.833 Thread 0x00000297a3117ec0 Uncommon trap: trap_request=0xffffffde fr.pc=0x000002979039df10 relative=0x0000000000000290
Event: 4.833 Thread 0x00000297a3117ec0 Uncommon trap: reason=class_check action=maybe_recompile pc=0x000002979039df10 method=java.util.HashMap.getNode(Ljava/lang/Object;)Ljava/util/HashMap$Node; @ 63 c2
Event: 4.833 Thread 0x00000297a3117ec0 DEOPT PACKING pc=0x000002979039df10 sp=0x000000e3112fbcd0
Event: 4.833 Thread 0x00000297a3117ec0 DEOPT UNPACKING pc=0x000002978fd30002 sp=0x000000e3112fbc38 mode 2
Event: 4.835 Thread 0x00000297a3117ec0 Uncommon trap: trap_request=0xffffffde fr.pc=0x000002979039df10 relative=0x0000000000000290
Event: 4.835 Thread 0x00000297a3117ec0 Uncommon trap: reason=class_check action=maybe_recompile pc=0x000002979039df10 method=java.util.HashMap.getNode(Ljava/lang/Object;)Ljava/util/HashMap$Node; @ 63 c2
Event: 4.835 Thread 0x00000297a3117ec0 DEOPT PACKING pc=0x000002979039df10 sp=0x000000e3112fbcd0
Event: 4.835 Thread 0x00000297a3117ec0 DEOPT UNPACKING pc=0x000002978fd30002 sp=0x000000e3112fbc38 mode 2
Event: 4.836 Thread 0x00000297a3117ec0 Uncommon trap: trap_request=0xffffffde fr.pc=0x000002979039df10 relative=0x0000000000000290
Event: 4.836 Thread 0x00000297a3117ec0 Uncommon trap: reason=class_check action=maybe_recompile pc=0x000002979039df10 method=java.util.HashMap.getNode(Ljava/lang/Object;)Ljava/util/HashMap$Node; @ 63 c2
Event: 4.836 Thread 0x00000297a3117ec0 DEOPT PACKING pc=0x000002979039df10 sp=0x000000e3112fbcd0
Event: 4.837 Thread 0x00000297a3117ec0 DEOPT UNPACKING pc=0x000002978fd30002 sp=0x000000e3112fbc38 mode 2
Event: 4.838 Thread 0x00000297a3117ec0 Uncommon trap: trap_request=0xffffffde fr.pc=0x000002979039df10 relative=0x0000000000000290
Event: 4.838 Thread 0x00000297a3117ec0 Uncommon trap: reason=class_check action=maybe_recompile pc=0x000002979039df10 method=java.util.HashMap.getNode(Ljava/lang/Object;)Ljava/util/HashMap$Node; @ 63 c2
Event: 4.838 Thread 0x00000297a3117ec0 DEOPT PACKING pc=0x000002979039df10 sp=0x000000e3112fbcd0
Event: 4.838 Thread 0x00000297a3117ec0 DEOPT UNPACKING pc=0x000002978fd30002 sp=0x000000e3112fbc38 mode 2

Classes loaded (20 events):
Event: 4.806 Loading class sun/util/cldr/CLDRTimeZoneNameProviderImpl
Event: 4.806 Loading class sun/util/locale/provider/TimeZoneNameProviderImpl
Event: 4.807 Loading class sun/util/locale/provider/TimeZoneNameProviderImpl done
Event: 4.807 Loading class sun/util/cldr/CLDRTimeZoneNameProviderImpl done
Event: 4.822 Loading class java/util/ResourceBundle$CacheKey
Event: 4.823 Loading class java/util/ResourceBundle$CacheKey done
Event: 4.823 Loading class java/util/ResourceBundle$KeyElementReference
Event: 4.823 Loading class java/util/ResourceBundle$CacheKeyReference
Event: 4.823 Loading class java/util/ResourceBundle$CacheKeyReference done
Event: 4.823 Loading class java/util/ResourceBundle$KeyElementReference done
Event: 4.824 Loading class java/util/PropertyResourceBundle
Event: 4.824 Loading class java/util/PropertyResourceBundle done
Event: 4.824 Loading class sun/util/PropertyResourceBundleCharset
Event: 4.824 Loading class sun/util/PropertyResourceBundleCharset done
Event: 4.824 Loading class sun/util/PropertyResourceBundleCharset$PropertiesFileDecoder
Event: 4.824 Loading class sun/util/PropertyResourceBundleCharset$PropertiesFileDecoder done
Event: 4.824 Loading class sun/nio/cs/StreamDecoder
Event: 4.824 Loading class sun/nio/cs/StreamDecoder done
Event: 4.826 Loading class java/util/ResourceBundle$BundleReference
Event: 4.826 Loading class java/util/ResourceBundle$BundleReference done

Classes unloaded (0 events):
No events

Classes redefined (0 events):
No events

Internal exceptions (16 events):
Event: 0.068 Thread 0x00000297f94af530 Exception <a 'sun/nio/fs/WindowsException'{0x0000000713ecec98}> (0x0000000713ecec98) 
thrown [s\open\src\hotspot\share\prims\jni.cpp, line 516]
Event: 0.145 Thread 0x00000297f94af530 Implicit null exception at 0x0000029790362fb3 to 0x0000029790363150
Event: 0.179 Thread 0x00000297f94af530 Exception <a 'java/lang/NoSuchMethodError'{0x00000007134f4820}: 'void java.lang.invoke.DirectMethodHandle$Holder.invokeSpecial(java.lang.Object, java.lang.Object, java.lang.Object)'> (0x00000007134f4820) 
thrown [s\open\src\hotspot\share\interpreter\linkResolver.cpp, line 804]
Event: 0.198 Thread 0x00000297f94af530 Exception <a 'java/lang/NoSuchMethodError'{0x000000071357b670}: 'void java.lang.invoke.DirectMethodHandle$Holder.invokeStatic(java.lang.Object, java.lang.Object, java.lang.Object, java.lang.Object)'> (0x000000071357b670) 
thrown [s\open\src\hotspot\share\interpreter\linkResolver.cpp, line 804]
Event: 0.199 Thread 0x00000297f94af530 Exception <a 'java/lang/NoSuchMethodError'{0x0000000713583ba8}: 'void java.lang.invoke.DirectMethodHandle$Holder.invokeSpecial(java.lang.Object, java.lang.Object, java.lang.Object, java.lang.Object, java.lang.Object)'> (0x0000000713583ba8) 
thrown [s\open\src\hotspot\share\interpreter\linkResolver.cpp, line 804]
Event: 0.204 Thread 0x00000297f94af530 Exception <a 'java/lang/NoSuchMethodError'{0x00000007135af170}: 'java.lang.Object java.lang.invoke.Invokers$Holder.invokeExact_MT(java.lang.Object, java.lang.Object, java.lang.Object, java.lang.Object, java.lang.Object, java.lang.Object)'> (0x00000007135af170) 
thrown [s\open\src\hotspot\share\interpreter\linkResolver.cpp, line 804]
Event: 0.205 Thread 0x00000297f94af530 Exception <a 'java/lang/NoSuchMethodError'{0x00000007135b86d0}: 'void java.lang.invoke.DirectMethodHandle$Holder.invokeStatic(java.lang.Object, java.lang.Object)'> (0x00000007135b86d0) 
thrown [s\open\src\hotspot\share\interpreter\linkResolver.cpp, line 804]
Event: 0.384 Thread 0x00000297f94af530 Exception <a 'java/lang/NoSuchMethodError'{0x00000007130d3c78}: 'java.lang.Object java.lang.invoke.DirectMethodHandle$Holder.invokeStaticInit(java.lang.Object)'> (0x00000007130d3c78) 
thrown [s\open\src\hotspot\share\interpreter\linkResolver.cpp, line 804]
Event: 0.400 Thread 0x00000297f94af530 Exception <a 'java/lang/NoSuchMethodError'{0x00000007131c57f8}: 'void java.lang.invoke.DirectMethodHandle$Holder.invokeStatic(java.lang.Object, java.lang.Object, java.lang.Object)'> (0x00000007131c57f8) 
thrown [s\open\src\hotspot\share\interpreter\linkResolver.cpp, line 804]
Event: 0.576 Thread 0x00000297f94af530 Exception <a 'java/lang/NoSuchMethodError'{0x0000000712fd7cc0}: 'java.lang.Object java.lang.invoke.DirectMethodHandle$Holder.newInvokeSpecial(java.lang.Object, java.lang.Object, int, java.lang.Object)'> (0x0000000712fd7cc0) 
thrown [s\open\src\hotspot\share\interpreter\linkResolver.cpp, line 804]
Event: 0.576 Thread 0x00000297f94af530 Exception <a 'java/lang/NoSuchMethodError'{0x0000000712fe0b38}: 'java.lang.Object java.lang.invoke.Invokers$Holder.linkToTargetMethod(java.lang.Object, int, java.lang.Object, java.lang.Object)'> (0x0000000712fe0b38) 
thrown [s\open\src\hotspot\share\interpreter\linkResolver.cpp, line 804]
Event: 4.694 Thread 0x00000297a3117ec0 Exception <a 'java/lang/NoSuchMethodError'{0x0000000712d166e0}: 'void java.lang.invoke.DirectMethodHandle$Holder.invokeStaticInit(java.lang.Object)'> (0x0000000712d166e0) 
thrown [s\open\src\hotspot\share\interpreter\linkResolver.cpp, line 804]
Event: 4.698 Thread 0x00000297f94af530 Exception <a 'java/lang/NoSuchMethodError'{0x0000000712df9318}: 'java.lang.Object java.lang.invoke.DirectMethodHandle$Holder.newInvokeSpecial(java.lang.Object, java.lang.Object, java.lang.Object, java.lang.Object, java.lang.Object, java.lang.Object)'> (0x0000000712df9318) 
thrown [s\open\src\hotspot\share\interpreter\linkResolver.cpp, line 804]
Event: 4.705 Thread 0x00000297f94af530 Exception <a 'java/lang/NoSuchMethodError'{0x0000000712a4f510}: 'java.lang.Object java.lang.invoke.DirectMethodHandle$Holder.newInvokeSpecial(java.lang.Object, java.lang.Object, java.lang.Object, java.lang.Object, java.lang.Object)'> (0x0000000712a4f510) 
thrown [s\open\src\hotspot\share\interpreter\linkResolver.cpp, line 804]
Event: 4.823 Thread 0x00000297a3117ec0 Exception <a 'java/lang/ClassNotFoundException'{0x00000007121443b8}: com/sun/glass/ui/win/themes> (0x00000007121443b8) 
thrown [s\open\src\hotspot\share\prims\jni.cpp, line 534]
Event: 4.826 Thread 0x00000297a3117ec0 Exception <a 'java/lang/ClassNotFoundException'{0x000000071214c780}: com/sun/glass/ui/win/themes_sr> (0x000000071214c780) 
thrown [s\open\src\hotspot\share\prims\jni.cpp, line 534]

VM Operations (8 events):
Event: 0.073 Executing non-safepoint VM operation: HandshakeAllThreads (Deoptimize)
Event: 0.073 Executing non-safepoint VM operation: HandshakeAllThreads (Deoptimize) done
Event: 0.137 Executing non-safepoint VM operation: HandshakeAllThreads (Deoptimize)
Event: 0.137 Executing non-safepoint VM operation: HandshakeAllThreads (Deoptimize) done
Event: 0.566 Executing non-safepoint VM operation: HandshakeAllThreads (Deoptimize)
Event: 0.567 Executing non-safepoint VM operation: HandshakeAllThreads (Deoptimize) done
Event: 4.753 Executing non-safepoint VM operation: HandshakeAllThreads (Deoptimize)
Event: 4.753 Executing non-safepoint VM operation: HandshakeAllThreads (Deoptimize) done

Memory protections (0 events):
No events

Nmethod flushes (0 events):
No events

Events (20 events):
Event: 0.098 Thread 0x00000297fe10c790 Thread added: 0x00000297ff3e7bf0
Event: 0.098 Thread 0x00000297fe10c790 Thread added: 0x00000297ff3e8400
Event: 0.098 Thread 0x00000297fe10c790 Thread added: 0x00000297ff3e63c0
Event: 0.152 Thread 0x00000297f94af530 Thread added: 0x00000297a2872150
Event: 0.402 Thread 0x00000297f94af530 Thread added: 0x00000297ff4e6770
Event: 0.555 Thread 0x00000297ff3e63c0 Thread exited: 0x00000297ff3e63c0
Event: 0.556 Thread 0x00000297ff3e8400 Thread exited: 0x00000297ff3e8400
Event: 0.556 Thread 0x00000297ff3e7bf0 Thread exited: 0x00000297ff3e7bf0
Event: 0.559 Thread 0x00000297ff3e4b90 Thread exited: 0x00000297ff3e4b90
Event: 0.573 Thread 0x00000297f94af530 Thread added: 0x00000297a3115630
Event: 0.578 Thread 0x00000297f94af530 Thread added: 0x00000297a3117ec0
Event: 4.705 Thread 0x00000297f94af530 Thread added: 0x00000297a35ea440
Event: 4.716 Thread 0x00000297a35fa720 Thread added: 0x00000297a35fa720
Event: 4.779 Thread 0x00000297ff1c0640 Thread added: 0x00000297a36da310
Event: 4.779 Thread 0x00000297ff1c0640 Thread added: 0x00000297a36dab20
Event: 4.779 Thread 0x00000297ff1c0640 Thread added: 0x00000297a36dd370
Event: 4.779 Thread 0x00000297ff1c0640 Thread added: 0x00000297a36db330
Event: 4.815 Thread 0x00000297a36dab20 Thread added: 0x00000297a36dbb40
Event: 4.815 Thread 0x00000297a36dab20 Thread added: 0x00000297a36dc350
Event: 4.815 Thread 0x00000297a36dab20 Thread added: 0x00000297a36dcb60


Dynamic libraries:
0x00007ff70c2b0000 - 0x00007ff70c2c0000 	C:\Program Files\Java\jdk-25\bin\javaw.exe
0x00007fff5db00000 - 0x00007fff5dd67000 	C:\WINDOWS\SYSTEM32\ntdll.dll
0x00007fff1dc40000 - 0x00007fff1dc60000 	C:\Program Files\Avast Software\Avast\aswhook.dll
0x00007fff5d280000 - 0x00007fff5d349000 	C:\WINDOWS\System32\KERNEL32.DLL
0x00007fff5af30000 - 0x00007fff5b31f000 	C:\WINDOWS\System32\KERNELBASE.dll
0x00007fff5b330000 - 0x00007fff5b47b000 	C:\WINDOWS\System32\ucrtbase.dll
0x00007fff4d130000 - 0x00007fff4d147000 	C:\Program Files\Java\jdk-25\bin\jli.dll
0x00007fff5c740000 - 0x00007fff5c905000 	C:\WINDOWS\System32\USER32.dll
0x00007fff5ace0000 - 0x00007fff5ad07000 	C:\WINDOWS\System32\win32u.dll
0x00007fff5d510000 - 0x00007fff5d53b000 	C:\WINDOWS\System32\GDI32.dll
0x00007fff5b770000 - 0x00007fff5b89c000 	C:\WINDOWS\System32\gdi32full.dll
0x00007fff5b6c0000 - 0x00007fff5b763000 	C:\WINDOWS\System32\msvcp_win.dll
0x00007fff42b80000 - 0x00007fff42b9e000 	C:\Program Files\Java\jdk-25\bin\VCRUNTIME140.dll
0x00007fff2f740000 - 0x00007fff2f9d3000 	C:\WINDOWS\WinSxS\amd64_microsoft.windows.common-controls_6595b64144ccf1df_6.0.26100.7309_none_3e05feeae336a044\COMCTL32.dll
0x00007fff5b8a0000 - 0x00007fff5b949000 	C:\WINDOWS\System32\msvcrt.dll
0x00007fff5c080000 - 0x00007fff5c0b1000 	C:\WINDOWS\System32\IMM32.DLL
0x00007fff22ba0000 - 0x00007fff22cfc000 	C:\Program Files (x86)\Citrix\ICA Client\ctxapclient64.dll
0x00007fff5c0d0000 - 0x00007fff5c455000 	C:\WINDOWS\System32\combase.dll
0x00007fff5d670000 - 0x00007fff5d788000 	C:\WINDOWS\System32\RPCRT4.dll
0x00007fff4f150000 - 0x00007fff4f15b000 	C:\WINDOWS\SYSTEM32\VERSION.dll
0x00007fff5ab40000 - 0x00007fff5ab6a000 	C:\WINDOWS\SYSTEM32\bcrypt.dll
0x00007fff5b950000 - 0x00007fff5b9f6000 	C:\WINDOWS\System32\sechost.dll
0x00007fff5d980000 - 0x00007fff5da34000 	C:\WINDOWS\System32\ADVAPI32.dll
0x00007fff59b20000 - 0x00007fff59b56000 	C:\WINDOWS\SYSTEM32\ntmarta.dll
0x00000297fb180000 - 0x00000297fb225000 	C:\WINDOWS\System32\bcryptprimitives.dll
0x00007fff50480000 - 0x00007fff5048c000 	C:\Program Files\Java\jdk-25\bin\vcruntime140_1.dll
0x00007fff16580000 - 0x00007fff1660d000 	C:\Program Files\Java\jdk-25\bin\msvcp140.dll
0x00007ffeab660000 - 0x00007ffeac4bf000 	C:\Program Files\Java\jdk-25\bin\server\jvm.dll
0x00007fff5da40000 - 0x00007fff5dab4000 	C:\WINDOWS\System32\WS2_32.dll
0x00007fff5aab0000 - 0x00007fff5ab0e000 	C:\WINDOWS\SYSTEM32\POWRPROF.dll
0x00007fff4d1a0000 - 0x00007fff4d1d5000 	C:\WINDOWS\SYSTEM32\WINMM.dll
0x00007fff5aa90000 - 0x00007fff5aaa4000 	C:\WINDOWS\SYSTEM32\UMPDC.dll
0x00007fff59a00000 - 0x00007fff59a1b000 	C:\WINDOWS\SYSTEM32\kernel.appcore.dll
0x00007fff4ef80000 - 0x00007fff4ef8a000 	C:\Program Files\Java\jdk-25\bin\jimage.dll
0x00007fff58160000 - 0x00007fff583a2000 	C:\WINDOWS\SYSTEM32\DBGHELP.DLL
0x00007fff5c5e0000 - 0x00007fff5c6b6000 	C:\WINDOWS\System32\OLEAUT32.dll
0x00007fff467c0000 - 0x00007fff467fc000 	C:\WINDOWS\SYSTEM32\dbgcore.DLL
0x00007fff42860000 - 0x00007fff4287f000 	C:\Program Files\Java\jdk-25\bin\java.dll
0x00007fff5d7e0000 - 0x00007fff5d977000 	C:\WINDOWS\System32\ole32.dll
0x00000297fb230000 - 0x00000297fb983000 	C:\WINDOWS\System32\SHELL32.dll
0x00000297fbb30000 - 0x00000297fbc9a000 	C:\WINDOWS\System32\wintypes.dll
0x00007fff58820000 - 0x00007fff5907e000 	C:\WINDOWS\SYSTEM32\windows.storage.dll
0x00007fff5bf20000 - 0x00007fff5c015000 	C:\WINDOWS\System32\SHCORE.dll
0x00007fff5d600000 - 0x00007fff5d666000 	C:\WINDOWS\System32\shlwapi.dll
0x00007fff5ab70000 - 0x00007fff5ab99000 	C:\WINDOWS\SYSTEM32\profapi.dll
0x00007fff42840000 - 0x00007fff42852000 	C:\Program Files\Java\jdk-25\bin\net.dll
0x00007fff59f70000 - 0x00007fff59fdb000 	C:\WINDOWS\system32\mswsock.dll
0x00007fff42550000 - 0x00007fff42566000 	C:\Program Files\Java\jdk-25\bin\nio.dll
0x00007fff407d0000 - 0x00007fff407e7000 	C:\Program Files\Java\jdk-25\bin\zip.dll
0x000002979d820000 - 0x000002979d824000 	C:\Users\yarde\OneDrive\שולחן העבודה\שיטות\Ex-06_ClientServerGUI_FX\javafx-sdk-25.0.1\bin\api-ms-win-core-console-l1-1-0.dll
0x000002979d830000 - 0x000002979d834000 	C:\Users\yarde\OneDrive\שולחן העבודה\שיטות\Ex-06_ClientServerGUI_FX\javafx-sdk-25.0.1\bin\api-ms-win-core-console-l1-2-0.dll
0x000002979d840000 - 0x000002979d844000 	C:\Users\yarde\OneDrive\שולחן העבודה\שיטות\Ex-06_ClientServerGUI_FX\javafx-sdk-25.0.1\bin\api-ms-win-core-datetime-l1-1-0.dll
0x000002979d850000 - 0x000002979d854000 	C:\Users\yarde\OneDrive\שולחן העבודה\שיטות\Ex-06_ClientServerGUI_FX\javafx-sdk-25.0.1\bin\api-ms-win-core-debug-l1-1-0.dll
0x000002979d860000 - 0x000002979d864000 	C:\Users\yarde\OneDrive\שולחן העבודה\שיטות\Ex-06_ClientServerGUI_FX\javafx-sdk-25.0.1\bin\api-ms-win-core-errorhandling-l1-1-0.dll
0x000002979d870000 - 0x000002979d875000 	C:\Users\yarde\OneDrive\שולחן העבודה\שיטות\Ex-06_ClientServerGUI_FX\javafx-sdk-25.0.1\bin\api-ms-win-core-file-l1-1-0.dll
0x000002979d880000 - 0x000002979d884000 	C:\Users\yarde\OneDrive\שולחן העבודה\שיטות\Ex-06_ClientServerGUI_FX\javafx-sdk-25.0.1\bin\api-ms-win-core-file-l1-2-0.dll
0x000002979d890000 - 0x000002979d894000 	C:\Users\yarde\OneDrive\שולחן העבודה\שיטות\Ex-06_ClientServerGUI_FX\javafx-sdk-25.0.1\bin\api-ms-win-core-file-l2-1-0.dll
0x000002979d8a0000 - 0x000002979d8a4000 	C:\Users\yarde\OneDrive\שולחן העבודה\שיטות\Ex-06_ClientServerGUI_FX\javafx-sdk-25.0.1\bin\api-ms-win-core-handle-l1-1-0.dll
0x000002979dc40000 - 0x000002979dc44000 	C:\Users\yarde\OneDrive\שולחן העבודה\שיטות\Ex-06_ClientServerGUI_FX\javafx-sdk-25.0.1\bin\api-ms-win-core-heap-l1-1-0.dll
0x000002979dc50000 - 0x000002979dc54000 	C:\Users\yarde\OneDrive\שולחן העבודה\שיטות\Ex-06_ClientServerGUI_FX\javafx-sdk-25.0.1\bin\api-ms-win-core-interlocked-l1-1-0.dll
0x000002979d8b0000 - 0x000002979d8b4000 	C:\Users\yarde\OneDrive\שולחן העבודה\שיטות\Ex-06_ClientServerGUI_FX\javafx-sdk-25.0.1\bin\api-ms-win-core-libraryloader-l1-1-0.dll
0x000002979d8c0000 - 0x000002979d8c4000 	C:\Users\yarde\OneDrive\שולחן העבודה\שיטות\Ex-06_ClientServerGUI_FX\javafx-sdk-25.0.1\bin\api-ms-win-core-localization-l1-2-0.dll
0x000002979d8d0000 - 0x000002979d8d4000 	C:\Users\yarde\OneDrive\שולחן העבודה\שיטות\Ex-06_ClientServerGUI_FX\javafx-sdk-25.0.1\bin\api-ms-win-core-memory-l1-1-0.dll
0x000002979d8e0000 - 0x000002979d8e4000 	C:\Users\yarde\OneDrive\שולחן העבודה\שיטות\Ex-06_ClientServerGUI_FX\javafx-sdk-25.0.1\bin\api-ms-win-core-namedpipe-l1-1-0.dll
0x000002979d8f0000 - 0x000002979d8f4000 	C:\Users\yarde\OneDrive\שולחן העבודה\שיטות\Ex-06_ClientServerGUI_FX\javafx-sdk-25.0.1\bin\api-ms-win-core-processenvironment-l1-1-0.dll
0x000002979d900000 - 0x000002979d904000 	C:\Users\yarde\OneDrive\שולחן העבודה\שיטות\Ex-06_ClientServerGUI_FX\javafx-sdk-25.0.1\bin\api-ms-win-core-processthreads-l1-1-0.dll
0x000002979d910000 - 0x000002979d914000 	C:\Users\yarde\OneDrive\שולחן העבודה\שיטות\Ex-06_ClientServerGUI_FX\javafx-sdk-25.0.1\bin\api-ms-win-core-processthreads-l1-1-1.dll
0x000002979d920000 - 0x000002979d924000 	C:\Users\yarde\OneDrive\שולחן העבודה\שיטות\Ex-06_ClientServerGUI_FX\javafx-sdk-25.0.1\bin\api-ms-win-core-profile-l1-1-0.dll
0x000002979d930000 - 0x000002979d934000 	C:\Users\yarde\OneDrive\שולחן העבודה\שיטות\Ex-06_ClientServerGUI_FX\javafx-sdk-25.0.1\bin\api-ms-win-core-rtlsupport-l1-1-0.dll
0x000002979d940000 - 0x000002979d944000 	C:\Users\yarde\OneDrive\שולחן העבודה\שיטות\Ex-06_ClientServerGUI_FX\javafx-sdk-25.0.1\bin\api-ms-win-core-string-l1-1-0.dll
0x000002979d950000 - 0x000002979d954000 	C:\Users\yarde\OneDrive\שולחן העבודה\שיטות\Ex-06_ClientServerGUI_FX\javafx-sdk-25.0.1\bin\api-ms-win-core-synch-l1-1-0.dll
0x000002979dbd0000 - 0x000002979dbd4000 	C:\Users\yarde\OneDrive\שולחן העבודה\שיטות\Ex-06_ClientServerGUI_FX\javafx-sdk-25.0.1\bin\api-ms-win-core-synch-l1-2-0.dll
0x000002979dbe0000 - 0x000002979dbe4000 	C:\Users\yarde\OneDrive\שולחן העבודה\שיטות\Ex-06_ClientServerGUI_FX\javafx-sdk-25.0.1\bin\api-ms-win-core-sysinfo-l1-1-0.dll
0x000002979dbf0000 - 0x000002979dbf4000 	C:\Users\yarde\OneDrive\שולחן העבודה\שיטות\Ex-06_ClientServerGUI_FX\javafx-sdk-25.0.1\bin\api-ms-win-core-timezone-l1-1-0.dll
0x000002979dc00000 - 0x000002979dc04000 	C:\Users\yarde\OneDrive\שולחן העבודה\שיטות\Ex-06_ClientServerGUI_FX\javafx-sdk-25.0.1\bin\api-ms-win-core-util-l1-1-0.dll
0x000002979da90000 - 0x000002979da94000 	C:\Users\yarde\OneDrive\שולחן העבודה\שיטות\Ex-06_ClientServerGUI_FX\javafx-sdk-25.0.1\bin\api-ms-win-crt-conio-l1-1-0.dll
0x000002979daa0000 - 0x000002979daa5000 	C:\Users\yarde\OneDrive\שולחן העבודה\שיטות\Ex-06_ClientServerGUI_FX\javafx-sdk-25.0.1\bin\api-ms-win-crt-convert-l1-1-0.dll
0x000002979dab0000 - 0x000002979dab4000 	C:\Users\yarde\OneDrive\שולחן העבודה\שיטות\Ex-06_ClientServerGUI_FX\javafx-sdk-25.0.1\bin\api-ms-win-crt-environment-l1-1-0.dll
0x000002979dac0000 - 0x000002979dac4000 	C:\Users\yarde\OneDrive\שולחן העבודה\שיטות\Ex-06_ClientServerGUI_FX\javafx-sdk-25.0.1\bin\api-ms-win-crt-filesystem-l1-1-0.dll
0x000002979dad0000 - 0x000002979dad4000 	C:\Users\yarde\OneDrive\שולחן העבודה\שיטות\Ex-06_ClientServerGUI_FX\javafx-sdk-25.0.1\bin\api-ms-win-crt-heap-l1-1-0.dll
0x000002979d960000 - 0x000002979d964000 	C:\Users\yarde\OneDrive\שולחן העבודה\שיטות\Ex-06_ClientServerGUI_FX\javafx-sdk-25.0.1\bin\api-ms-win-crt-locale-l1-1-0.dll
0x000002979d970000 - 0x000002979d976000 	C:\Users\yarde\OneDrive\שולחן העבודה\שיטות\Ex-06_ClientServerGUI_FX\javafx-sdk-25.0.1\bin\api-ms-win-crt-math-l1-1-0.dll
0x000002979d980000 - 0x000002979d986000 	C:\Users\yarde\OneDrive\שולחן העבודה\שיטות\Ex-06_ClientServerGUI_FX\javafx-sdk-25.0.1\bin\api-ms-win-crt-multibyte-l1-1-0.dll
0x000002979d990000 - 0x000002979d9a1000 	C:\Users\yarde\OneDrive\שולחן העבודה\שיטות\Ex-06_ClientServerGUI_FX\javafx-sdk-25.0.1\bin\api-ms-win-crt-private-l1-1-0.dll
0x000002979d9b0000 - 0x000002979d9b4000 	C:\Users\yarde\OneDrive\שולחן העבודה\שיטות\Ex-06_ClientServerGUI_FX\javafx-sdk-25.0.1\bin\api-ms-win-crt-process-l1-1-0.dll
0x000002979d9c0000 - 0x000002979d9c5000 	C:\Users\yarde\OneDrive\שולחן העבודה\שיטות\Ex-06_ClientServerGUI_FX\javafx-sdk-25.0.1\bin\api-ms-win-crt-runtime-l1-1-0.dll
0x000002979d9d0000 - 0x000002979d9d5000 	C:\Users\yarde\OneDrive\שולחן העבודה\שיטות\Ex-06_ClientServerGUI_FX\javafx-sdk-25.0.1\bin\api-ms-win-crt-stdio-l1-1-0.dll
0x000002979d9e0000 - 0x000002979d9e5000 	C:\Users\yarde\OneDrive\שולחן העבודה\שיטות\Ex-06_ClientServerGUI_FX\javafx-sdk-25.0.1\bin\api-ms-win-crt-string-l1-1-0.dll
0x000002979d9f0000 - 0x000002979d9f4000 	C:\Users\yarde\OneDrive\שולחן העבודה\שיטות\Ex-06_ClientServerGUI_FX\javafx-sdk-25.0.1\bin\api-ms-win-crt-time-l1-1-0.dll
0x000002979da00000 - 0x000002979da04000 	C:\Users\yarde\OneDrive\שולחן העבודה\שיטות\Ex-06_ClientServerGUI_FX\javafx-sdk-25.0.1\bin\api-ms-win-crt-utility-l1-1-0.dll
0x00007fff0f180000 - 0x00007fff0f291000 	C:\Users\yarde\OneDrive\שולחן העבודה\שיטות\Ex-06_ClientServerGUI_FX\javafx-sdk-25.0.1\bin\ucrtbase.dll
0x00007fff3fd00000 - 0x00007fff3fd1e000 	C:\Users\yarde\OneDrive\שולחן העבודה\שיטות\Ex-06_ClientServerGUI_FX\javafx-sdk-25.0.1\bin\vcruntime140.dll
0x00007fff4ee10000 - 0x00007fff4ee1c000 	C:\Users\yarde\OneDrive\שולחן העבודה\שיטות\Ex-06_ClientServerGUI_FX\javafx-sdk-25.0.1\bin\vcruntime140_1.dll
0x00007fff163e0000 - 0x00007fff1646d000 	C:\Users\yarde\OneDrive\שולחן העבודה\שיטות\Ex-06_ClientServerGUI_FX\javafx-sdk-25.0.1\bin\msvcp140.dll
0x00007fff42c60000 - 0x00007fff42c69000 	C:\Users\yarde\OneDrive\שולחן העבודה\שיטות\Ex-06_ClientServerGUI_FX\javafx-sdk-25.0.1\bin\msvcp140_1.dll
0x00007fff16530000 - 0x00007fff16571000 	C:\Users\yarde\OneDrive\שולחן העבודה\שיטות\Ex-06_ClientServerGUI_FX\javafx-sdk-25.0.1\bin\msvcp140_2.dll
0x00007fff1b8e0000 - 0x00007fff1b910000 	C:\Users\yarde\OneDrive\שולחן העבודה\שיטות\Ex-06_ClientServerGUI_FX\javafx-sdk-25.0.1\bin\prism_d3d.dll
0x00007ffedd840000 - 0x00007ffedd9f3000 	C:\WINDOWS\system32\d3d9.dll
0x00007fff57d50000 - 0x00007fff57d80000 	C:\WINDOWS\SYSTEM32\dwmapi.dll
0x00007fff57b80000 - 0x00007fff57bc4000 	C:\WINDOWS\SYSTEM32\dxcore.dll
0x00007fff57840000 - 0x00007fff578eb000 	C:\WINDOWS\system32\uxtheme.dll
0x00007fff06ce0000 - 0x00007fff06da3000 	C:\WINDOWS\SYSTEM32\d3d9on12.dll
0x00007fff57bd0000 - 0x00007fff57d0b000 	C:\WINDOWS\SYSTEM32\dxgi.dll
0x00007fff20b00000 - 0x00007fff20b23000 	C:\WINDOWS\SYSTEM32\d3d12.dll
0x00007fff5a7c0000 - 0x00007fff5a817000 	C:\WINDOWS\SYSTEM32\cfgmgr32.dll
0x00007ffeab300000 - 0x00007ffeab658000 	C:\WINDOWS\SYSTEM32\D3D12Core.dll
0x00007ffefb9b0000 - 0x00007ffefbab7000 	C:\WINDOWS\System32\DriverStore\FileRepository\iigd_dch.inf_amd64_e7f98e080747a9ea\igd12umd64.dll
0x00007ffeaa3f0000 - 0x00007ffeab2f5000 	C:\WINDOWS\System32\DriverStore\FileRepository\iigd_dch.inf_amd64_e7f98e080747a9ea\igd12um64xel.dll
0x00007fff5b540000 - 0x00007fff5b6b7000 	C:\WINDOWS\System32\CRYPT32.dll
0x00007fff20cc0000 - 0x00007fff20d04000 	C:\WINDOWS\SYSTEM32\ControlLib.dll
0x00007fff5ba00000 - 0x00007fff5be8a000 	C:\WINDOWS\System32\SETUPAPI.dll
0x00007fff5a790000 - 0x00007fff5a7bd000 	C:\WINDOWS\SYSTEM32\DEVOBJ.dll
0x00007fff4ceb0000 - 0x00007fff4cf3b000 	C:\WINDOWS\System32\DriverStore\FileRepository\iigd_dch.inf_amd64_e7f98e080747a9ea\IntelControlLib.dll
0x00007fff5ac50000 - 0x00007fff5acd0000 	C:\WINDOWS\System32\WINTRUST.dll
0x00007fff5a360000 - 0x00007fff5a373000 	C:\WINDOWS\SYSTEM32\MSASN1.dll
0x00007fff54530000 - 0x00007fff54593000 	C:\WINDOWS\SYSTEM32\directxdatabasehelper.dll
0x00007fff4c790000 - 0x00007fff4cbc8000 	C:\WINDOWS\System32\DriverStore\FileRepository\iigd_dch.inf_amd64_e7f98e080747a9ea\igdgmm64.dll
0x00007fff46a40000 - 0x00007fff4a8ed000 	C:\WINDOWS\System32\DriverStore\FileRepository\iigd_dch.inf_amd64_e7f98e080747a9ea\igc64.dll
0x00007ffee8760000 - 0x00007ffee8845000 	C:\WINDOWS\SYSTEM32\D3DSCache.dll
0x00007fff5a020000 - 0x00007fff5a04b000 	C:\WINDOWS\SYSTEM32\USERENV.dll
0x00007ffeaa0f0000 - 0x00007ffeaa3ec000 	C:\WINDOWS\System32\DriverStore\FileRepository\iigd_dch.inf_amd64_e7f98e080747a9ea\igd12dxva64.dll
0x00007fff03270000 - 0x00007fff04453000 	C:\WINDOWS\System32\DriverStore\FileRepository\iigd_dch.inf_amd64_e7f98e080747a9ea\igddxvacommon64.dll
0x00007fff00ee0000 - 0x00007fff02c01000 	C:\WINDOWS\System32\DriverStore\FileRepository\iigd_dch.inf_amd64_e7f98e080747a9ea\media_bin_64.dll
0x00007fff15bd0000 - 0x00007fff15bf7000 	C:\WINDOWS\System32\DriverStore\FileRepository\iigd_dch.inf_amd64_e7f98e080747a9ea\igdinfo64.dll
0x00007fff5a240000 - 0x00007fff5a25b000 	C:\WINDOWS\SYSTEM32\CRYPTSP.dll
0x00007fff59960000 - 0x00007fff5999a000 	C:\WINDOWS\system32\rsaenh.dll
0x00007fff5a230000 - 0x00007fff5a23c000 	C:\WINDOWS\SYSTEM32\CRYPTBASE.dll
0x00007fff086d0000 - 0x00007fff08719000 	C:\Users\yarde\OneDrive\שולחן העבודה\שיטות\Ex-06_ClientServerGUI_FX\javafx-sdk-25.0.1\bin\glass.dll

JVMTI agents: none

dbghelp: loaded successfully - version: 4.0.5 - missing functions: none
symbol engine: initialized successfully - sym options: 0x614 - pdb path: .;C:\Program Files\Java\jdk-25\bin;C:\WINDOWS\SYSTEM32;C:\Program Files\Avast Software\Avast;C:\WINDOWS\WinSxS\amd64_microsoft.windows.common-controls_6595b64144ccf1df_6.0.26100.7309_none_3e05feeae336a044;C:\Program Files (x86)\Citrix\ICA Client;C:\Program Files\Java\jdk-25\bin\server;C:\Users\yarde\OneDrive\שולחן העבודה\שיטות\Ex-06_ClientServerGUI_FX\javafx-sdk-25.0.1\bin;C:\WINDOWS\System32\DriverStore\FileRepository\iigd_dch.inf_amd64_e7f98e080747a9ea

VM Arguments:
jvm_args: --module-path=C:\Users\yarde\OneDrive\שולחן העבודה\שיטות\Ex-06_ClientServerGUI_FX\javafx-sdk-25.0.1\lib --add-modules=javafx.controls,javafx.fxml --enable-native-access=javafx.graphics -Dfile.encoding=UTF-8 -Dstdout.encoding=UTF-8 -Dstderr.encoding=UTF-8 -XX:+ShowCodeDetailsInExceptionMessages 
java_command: ClientGUI.controller.ClientUI
java_class_path (initial): C:\Users\yarde\git\Bistro-Project\Assignment2Files\Bistro_Client\bin;C:\Users\yarde\git\Bistro-Project\Assignment2Files\Bistro_Ocsf\bin;C:\Users\yarde\OneDrive\שולחן העבודה\שיטות\Ex-06_ClientServerGUI_FX\javafx-sdk-25.0.1\lib\javafx.base.jar;C:\Users\yarde\OneDrive\שולחן העבודה\שיטות\Ex-06_ClientServerGUI_FX\javafx-sdk-25.0.1\lib\javafx.controls.jar;C:\Users\yarde\OneDrive\שולחן העבודה\שיטות\Ex-06_ClientServerGUI_FX\javafx-sdk-25.0.1\lib\javafx.fxml.jar;C:\Users\yarde\OneDrive\שולחן העבודה\שיטות\Ex-06_ClientServerGUI_FX\javafx-sdk-25.0.1\lib\javafx.graphics.jar;C:\Users\yarde\OneDrive\שולחן העבודה\שיטות\Ex-06_ClientServerGUI_FX\javafx-sdk-25.0.1\lib\javafx.media.jar;C:\Users\yarde\OneDrive\שולחן העבודה\שיטות\Ex-06_ClientServerGUI_FX\javafx-sdk-25.0.1\lib\javafx.swing.jar;C:\Users\yarde\OneDrive\שולחן העבודה\שיטות\Ex-06_ClientServerGUI_FX\javafx-sdk-25.0.1\lib\javafx.web.jar;C:\Users\yarde\OneDrive\שולחן העבודה\שיטות\Ex-06_ClientServerGUI_FX\javafx-sdk-25.0.1\lib\javafx-swt.jar;C:\Users\yarde\OneDrive\שולחן העבודה\שיטות\Ex-06_ClientServerGUI_FX\javafx-sdk-25.0.1\lib\jdk.jsobject.jar;C:\Users\yarde\OneDrive\שולחן העבודה\שיטות\Ex-06_ClientServerGUI_FX\javafx-sdk-25.0.1\lib\jfx.incubator.input.jar;C:\Users\yarde\OneDrive\שולחן העבודה\שיטות\Ex-06_ClientServerGUI_FX\javafx-sdk-25.0.1\lib\jfx.incubator.richtext.jar;C:\Users\yarde\git\Bistro-Project\Assignment2Files\Bistro_Common\bin
Launcher Type: SUN_STANDARD

[Global flags]
     intx CICompilerCount                          = 12                                        {product} {ergonomic}
     uint ConcGCThreads                            = 4                                         {product} {ergonomic}
     uint G1ConcRefinementThreads                  = 15                                        {product} {ergonomic}
   size_t G1HeapRegionSize                         = 2097152                                   {product} {ergonomic}
   size_t InitialHeapSize                          = 264241152                                 {product} {ergonomic}
   size_t MarkStackSize                            = 4194304                                   {product} {ergonomic}
   size_t MarkStackSizeMax                         = 536870912                                 {product} {ergonomic}
   size_t MaxHeapSize                              = 4223664128                                {product} {ergonomic}
   size_t MaxNewSize                               = 2533359616                                {product} {ergonomic}
   size_t MinHeapDeltaBytes                        = 2097152                                   {product} {ergonomic}
   size_t MinHeapSize                              = 8388608                                   {product} {ergonomic}
    uintx NonNMethodCodeHeapSize                   = 7602176                                {pd product} {ergonomic}
    uintx NonProfiledCodeHeapSize                  = 122093568                              {pd product} {ergonomic}
    uintx ProfiledCodeHeapSize                     = 121962496                              {pd product} {ergonomic}
    uintx ReservedCodeCacheSize                    = 251658240                              {pd product} {ergonomic}
     bool SegmentedCodeCache                       = true                                      {product} {ergonomic}
     bool ShowCodeDetailsInExceptionMessages       = true                                   {manageable} {command line}
   size_t SoftMaxHeapSize                          = 4223664128                             {manageable} {ergonomic}
     bool UseCompressedOops                        = true                           {product lp64_product} {ergonomic}
     bool UseG1GC                                  = true                                      {product} {ergonomic}
     bool UseLargePagesIndividualAllocation        = false                                  {pd product} {ergonomic}

Logging:
Log output configuration:
 #0: stdout all=warning uptime,level,tags foldmultilines=false
 #1: stderr all=off uptime,level,tags foldmultilines=false

Release file:
IMPLEMENTOR="Oracle Corporation" 
JAVA_RUNTIME_VERSION="25.0.1+8-LTS-27" 
JAVA_VERSION="25.0.1" 
JAVA_VERSION_DATE="2025-10-21" 
LIBC="default" 
MODULES="java.base java.compiler java.datatransfer java.xml java.prefs java.desktop java.instrument java.logging java.management java.security.sasl java.naming java.rmi java.management.rmi java.net.http java.scripting java.security.jgss java.transaction.xa java.sql java.sql.rowset java.xml.crypto java.se java.smartcardio jdk.accessibility jdk.internal.jvmstat jdk.attach jdk.charsets jdk.internal.opt jdk.zipfs jdk.compiler jdk.crypto.cryptoki jdk.crypto.ec jdk.crypto.mscapi jdk.dynalink jdk.internal.ed jdk.editpad jdk.internal.vm.ci jdk.graal.compiler jdk.graal.compiler.management jdk.hotspot.agent jdk.httpserver jdk.incubator.vector jdk.internal.le jdk.internal.md jdk.jartool jdk.javadoc jdk.jcmd jdk.management jdk.management.agent jdk.jconsole jdk.jdeps jdk.jdwp.agent jdk.jdi jdk.jfr jdk.jlink jdk.jpackage jdk.jshell jdk.jsobject jdk.jstatd jdk.localedata jdk.management.jfr jdk.naming.dns jdk.naming.rmi jdk.net jdk.nio.mapmode jdk.sctp jdk.security.auth jdk.security.jgss jdk.unsupported jdk.unsupported.desktop jdk.xml.dom" 
OS_ARCH="x86_64" 
OS_NAME="Windows" 
SOURCE=".:git:862c85bc42b7 open:git:78770bfaefd2" 

Environment Variables:
JAVA_HOME=C:\Program Files\BellSoft\LibericaJDK-17-Full\
PATH=C:/Users/yarde/.p2/pool/plugins/org.eclipse.justj.openjdk.hotspot.jre.full.win32.x86_64_21.0.6.v20250130-0529/jre/bin/server;C:/Users/yarde/.p2/pool/plugins/org.eclipse.justj.openjdk.hotspot.jre.full.win32.x86_64_21.0.6.v20250130-0529/jre/bin;C:\Program Files\Common Files\Oracle\Java\javapath;C:\Program Files\BellSoft\LibericaJDK-17-Full\bin\;C:\Program Files (x86)\Common Files\Oracle\Java\java8path;C:\Program Files (x86)\Common Files\Oracle\Java\javapath;C:\Windows\system32;C:\Windows;C:\Windows\System32\Wbem;C:\Windows\System32\WindowsPowerShell\v1.0\;C:\Windows\System32\OpenSSH\;C:\Program Files (x86)\NVIDIA Corporation\PhysX\Common;C:\Program Files\NVIDIA Corporation\NVIDIA NvDLISR;C:\WINDOWS\system32;C:\WINDOWS;C:\WINDOWS\System32\Wbem;C:\WINDOWS\System32\WindowsPowerShell\v1.0\;C:\WINDOWS\System32\OpenSSH\;C:\Program Files\Microsoft SQL Server\150\Tools\Binn\;C:\Program Files\Microsoft SQL Server\Client SDK\ODBC\170\Tools\Binn\;C:\Program Files\dotnet\;C:\Program Files (x86)\Windows Kits\10\Windows Performance Toolkit\;C:\Program Files\Git\cmd;C:\Program Files\MySQL\MySQL Shell 8.0\bin\;C:\Users\yarde\AppData\Local\Microsoft\WindowsApps;C:\Users\yarde\AppData\Local\Programs\Microsoft VS Code\bin;C:\Users\yarde\.dotnet\tools;C:\Users\yarde\OneDrive\שולחן העבודה;
USERNAME=yarde
OS=Windows_NT
PROCESSOR_IDENTIFIER=Intel64 Family 6 Model 154 Stepping 3, GenuineIntel
TMP=C:\Users\yarde\AppData\Local\Temp
TEMP=C:\Users\yarde\AppData\Local\Temp




Compilation memory statistics disabled.

Periodic native trim disabled

---------------  S Y S T E M  ---------------

OS:
 Windows 11 , 64 bit Build 26100 (10.0.26100.7309)
OS uptime: 6 days 2:27 hours
Hyper-V role detected

CPU: total 20 (initial active 20) (10 cores per cpu, 2 threads per core) family 6 model 154 stepping 3 microcode 0x41b, cx8, cmov, fxsr, ht, mmx, 3dnowpref, sse, sse2, sse3, ssse3, sse4.1, sse4.2, popcnt, lzcnt, tsc, tscinvbit, avx, avx2, aes, erms, clmul, bmi1, bmi2, adx, sha, fma, vzeroupper, clflush, clflushopt, clwb, hv, serialize, rdtscp, rdpid, fsrm, gfni, f16c, cet_ibt, cet_ss
Processor Information for processor 0
  Max Mhz: 2300, Current Mhz: 2300, Mhz Limit: 2300
Processor Information for processor 1
  Max Mhz: 2300, Current Mhz: 2300, Mhz Limit: 2300
Processor Information for processor 2
  Max Mhz: 2300, Current Mhz: 2300, Mhz Limit: 2300
Processor Information for processor 3
  Max Mhz: 2300, Current Mhz: 2300, Mhz Limit: 2300
Processor Information for processor 4
  Max Mhz: 2300, Current Mhz: 2300, Mhz Limit: 2300
Processor Information for processor 5
  Max Mhz: 2300, Current Mhz: 2300, Mhz Limit: 2300
Processor Information for processor 6
  Max Mhz: 2300, Current Mhz: 2300, Mhz Limit: 2300
Processor Information for processor 7
  Max Mhz: 2300, Current Mhz: 2300, Mhz Limit: 2300
Processor Information for processor 8
  Max Mhz: 2300, Current Mhz: 2300, Mhz Limit: 2300
Processor Information for processor 9
  Max Mhz: 2300, Current Mhz: 2300, Mhz Limit: 2300
Processor Information for processor 10
  Max Mhz: 2300, Current Mhz: 2300, Mhz Limit: 2300
Processor Information for processor 11
  Max Mhz: 2300, Current Mhz: 2300, Mhz Limit: 2300
Processor Information for processor 12
  Max Mhz: 1700, Current Mhz: 1700, Mhz Limit: 1700
Processor Information for processor 13
  Max Mhz: 1700, Current Mhz: 1700, Mhz Limit: 1700
Processor Information for processor 14
  Max Mhz: 1700, Current Mhz: 1500, Mhz Limit: 1700
Processor Information for processor 15
  Max Mhz: 1700, Current Mhz: 1700, Mhz Limit: 1700
Processor Information for processor 16
  Max Mhz: 1700, Current Mhz: 1700, Mhz Limit: 1700
Processor Information for processor 17
  Max Mhz: 1700, Current Mhz: 1700, Mhz Limit: 1700
Processor Information for processor 18
  Max Mhz: 1700, Current Mhz: 1500, Mhz Limit: 1700
Processor Information for processor 19
  Max Mhz: 1700, Current Mhz: 1700, Mhz Limit: 1700

Memory: 4k page, system-wide physical 16108M (2020M free)
TotalPageFile size 65260M (AvailPageFile size 459M)
current process WorkingSet (physical memory assigned to process): 167M, peak: 173M
current process commit charge ("private bytes"): 445M, peak: 465M

vm_info: Java HotSpot(TM) 64-Bit Server VM (25.0.1+8-LTS-27) for windows-amd64 JRE (25.0.1+8-LTS-27), built on 2025-09-25T16:41:16Z with unknown MS VC++:1943

END.
